#
# There is insufficient memory for the Java Runtime Environment to continue.
# Native memory allocation (mmap) failed to map 134217728 bytes for G1 virtual space
# Possible reasons:
#   The system is out of physical RAM or swap space
#   The process is running with CompressedOops enabled, and the Java Heap may be blocking the growth of the native heap
# Possible solutions:
#   Reduce memory load on the system
#   Increase physical memory or swap space
#   Check if swap backing store is full
#   Decrease Java heap size (-Xmx/-Xms)
#   Decrease number of Java threads
#   Decrease Java thread stack sizes (-Xss)
#   Set larger code cache with -XX:ReservedCodeCacheSize=
#   JVM is running with Unscaled Compressed Oops mode in which the Java heap is
#     placed in the first 4GB address space. The Java Heap base address is the
#     maximum limit for the native heap growth. Please use -XX:HeapBaseMinAddress
#     to set the Java Heap base and to place the Java Heap above 4GB virtual address.
# This output file may be truncated or incomplete.
#
#  Out of Memory Error (os_windows.cpp:3548), pid=9796, tid=9444
#
# JRE version:  (17.0.10+11) (build )
# Java VM: Java HotSpot(TM) 64-Bit Server VM (17.0.10+11-LTS-240, mixed mode, sharing, tiered, compressed oops, compressed class ptrs, g1 gc, windows-amd64)
# No core dump will be written. Minidumps are not enabled by default on client versions of Windows
#

---------------  S U M M A R Y ------------

Command Line: -javaagent:C:\Program Files\JetBrains\IntelliJ IDEA Community Edition 2024.1.1\lib\idea_rt.jar=54005:C:\Program Files\JetBrains\IntelliJ IDEA Community Edition 2024.1.1\bin -Dfile.encoding=UTF-8 com.ims.app.InventoryManagementSystemApplication

Host: Intel(R) Core(TM) i7-6600U CPU @ 2.60GHz, 4 cores, 7G,  Windows 10 , 64 bit Build 19041 (10.0.19041.3636)
Time: Thu May 16 10:57:36 2024 E. Africa Standard Time elapsed time: 0.028678 seconds (0d 0h 0m 0s)

---------------  T H R E A D  ---------------

Current thread (0x0000022b9bbb1ac0):  JavaThread "Unknown thread" [_thread_in_vm, id=9444, stack(0x000000b0cd300000,0x000000b0cd400000)]

Stack: [0x000000b0cd300000,0x000000b0cd400000]
Native frames: (J=compiled Java code, j=interpreted, Vv=VM code, C=native code)
V  [jvm.dll+0x677a5a]
V  [jvm.dll+0x7d8b2d]
V  [jvm.dll+0x7da48e]
V  [jvm.dll+0x7daaf3]
V  [jvm.dll+0x2455ff]
V  [jvm.dll+0x6749b9]
V  [jvm.dll+0x669382]
V  [jvm.dll+0x302e96]
V  [jvm.dll+0x30a416]
V  [jvm.dll+0x359cbe]
V  [jvm.dll+0x359eef]
V  [jvm.dll+0x2d9e88]
V  [jvm.dll+0x2dadf4]
V  [jvm.dll+0x7aa551]
V  [jvm.dll+0x367911]
V  [jvm.dll+0x789639]
V  [jvm.dll+0x3eb30f]
V  [jvm.dll+0x3ecd91]
C  [jli.dll+0x5297]
C  [ucrtbase.dll+0x21bb2]
C  [KERNEL32.DLL+0x17344]
C  [ntdll.dll+0x526b1]


---------------  P R O C E S S  ---------------

Threads class SMR info:
_java_thread_list=0x00007ffd13c56a18, length=0, elements={
}

Java Threads: ( => current thread )

Other Threads:
  0x0000022b9bc099a0 GCTaskThread "GC Thread#0" [stack: 0x000000b0cd400000,0x000000b0cd500000] [id=2660]
  0x0000022b9bc1b450 ConcurrentGCThread "G1 Main Marker" [stack: 0x000000b0cd500000,0x000000b0cd600000] [id=9900]
  0x0000022b9bc1bd70 ConcurrentGCThread "G1 Conc#0" [stack: 0x000000b0cd600000,0x000000b0cd700000] [id=9812]

[error occurred during error reporting (printing all threads), id 0xc0000005, EXCEPTION_ACCESS_VIOLATION (0xc0000005) at pc=0x00007ffd1348aae7]

VM state: not at safepoint (not fully initialized)

VM Mutex/Monitor currently owned by a thread:  ([mutex/lock_event])
[0x0000022b9bbab380] Heap_lock - owner thread: 0x0000022b9bbb1ac0

Heap address: 0x0000000081e00000, size: 2018 MB, Compressed Oops mode: 32-bit

CDS archive(s) mapped at: [0x0000000000000000-0x0000000000000000-0x0000000000000000), size 0, SharedBaseAddress: 0x0000000800000000, ArchiveRelocationMode: 1.
Narrow klass base: 0x0000000000000000, Narrow klass shift: 0, Narrow klass range: 0x0

GC Precious Log:
<Empty>

Heap:
 garbage-first heap   total 0K, used 0K [0x0000000081e00000, 0x0000000100000000)
  region size 1024K, 0 young (0K), 0 survivors (0K)

[error occurred during error reporting (printing heap information), id 0xc0000005, EXCEPTION_ACCESS_VIOLATION (0xc0000005) at pc=0x00007ffd13871249]

GC Heap History (0 events):
No events

Deoptimization events (0 events):
No events

Classes unloaded (0 events):
No events

Classes redefined (0 events):
No events

Internal exceptions (0 events):
No events

VM Operations (0 events):
No events

Events (1 events):
Event: 0.021 Loaded shared library C:\Program Files\Java\jdk-17\bin\java.dll


Dynamic libraries:
0x00007ff7a40c0000 - 0x00007ff7a40d0000 	C:\Program Files\Java\jdk-17\bin\java.exe
0x00007ffd5c030000 - 0x00007ffd5c228000 	C:\Windows\SYSTEM32\ntdll.dll
0x00007ffd5b440000 - 0x00007ffd5b4fd000 	C:\Windows\System32\KERNEL32.DLL
0x00007ffd598f0000 - 0x00007ffd59be6000 	C:\Windows\System32\KERNELBASE.dll
0x00007ffd597c0000 - 0x00007ffd598c0000 	C:\Windows\System32\ucrtbase.dll
0x00007ffd53a60000 - 0x00007ffd53a7b000 	C:\Program Files\Java\jdk-17\bin\VCRUNTIME140.dll
0x00007ffd54ed0000 - 0x00007ffd54ee9000 	C:\Program Files\Java\jdk-17\bin\jli.dll
0x00007ffd5bd00000 - 0x00007ffd5bdb0000 	C:\Windows\System32\ADVAPI32.dll
0x00007ffd5a0c0000 - 0x00007ffd5a15e000 	C:\Windows\System32\msvcrt.dll
0x00007ffd5a500000 - 0x00007ffd5a5a0000 	C:\Windows\System32\sechost.dll
0x00007ffd5a160000 - 0x00007ffd5a283000 	C:\Windows\System32\RPCRT4.dll
0x00007ffd598c0000 - 0x00007ffd598e7000 	C:\Windows\System32\bcrypt.dll
0x00007ffd5a360000 - 0x00007ffd5a4ff000 	C:\Windows\System32\USER32.dll
0x00007ffd59bf0000 - 0x00007ffd59c12000 	C:\Windows\System32\win32u.dll
0x00007ffd5b500000 - 0x00007ffd5b52b000 	C:\Windows\System32\GDI32.dll
0x00007ffd59cd0000 - 0x00007ffd59de7000 	C:\Windows\System32\gdi32full.dll
0x00007ffd59fc0000 - 0x00007ffd5a05d000 	C:\Windows\System32\msvcp_win.dll
0x00007ffd449a0000 - 0x00007ffd44c3a000 	C:\Windows\WinSxS\amd64_microsoft.windows.common-controls_6595b64144ccf1df_6.0.19041.3636_none_60b6a03d71f818d5\COMCTL32.dll
0x00007ffd50700000 - 0x00007ffd5070a000 	C:\Windows\SYSTEM32\VERSION.dll
0x00007ffd5ab70000 - 0x00007ffd5aba2000 	C:\Windows\System32\IMM32.DLL
0x00007ffd54ec0000 - 0x00007ffd54ecc000 	C:\Program Files\Java\jdk-17\bin\vcruntime140_1.dll
0x00007ffd52db0000 - 0x00007ffd52e3e000 	C:\Program Files\Java\jdk-17\bin\msvcp140.dll
0x00007ffd131a0000 - 0x00007ffd13d7f000 	C:\Program Files\Java\jdk-17\bin\server\jvm.dll
0x00007ffd5a700000 - 0x00007ffd5a708000 	C:\Windows\System32\PSAPI.DLL
0x00007ffd3aa50000 - 0x00007ffd3aa59000 	C:\Windows\SYSTEM32\WSOCK32.dll
0x00007ffd44710000 - 0x00007ffd44737000 	C:\Windows\SYSTEM32\WINMM.dll
0x00007ffd5ab00000 - 0x00007ffd5ab6b000 	C:\Windows\System32\ws2_32.DLL
0x00007ffd57f00000 - 0x00007ffd57f12000 	C:\Windows\SYSTEM32\kernel.appcore.dll
0x00007ffd54e90000 - 0x00007ffd54e9a000 	C:\Program Files\Java\jdk-17\bin\jimage.dll
0x00007ffd572c0000 - 0x00007ffd574a4000 	C:\Windows\SYSTEM32\DBGHELP.DLL
0x00007ffd2ccc0000 - 0x00007ffd2ccf4000 	C:\Windows\SYSTEM32\dbgcore.DLL
0x00007ffd59730000 - 0x00007ffd597b2000 	C:\Windows\System32\bcryptPrimitives.dll
0x00007ffd53920000 - 0x00007ffd5392e000 	C:\Program Files\Java\jdk-17\bin\instrument.dll
0x00007ffd53290000 - 0x00007ffd532b5000 	C:\Program Files\Java\jdk-17\bin\java.dll

dbghelp: loaded successfully - version: 4.0.5 - missing functions: none
symbol engine: initialized successfully - sym options: 0x614 - pdb path: .;C:\Program Files\Java\jdk-17\bin;C:\Windows\SYSTEM32;C:\Windows\WinSxS\amd64_microsoft.windows.common-controls_6595b64144ccf1df_6.0.19041.3636_none_60b6a03d71f818d5;C:\Program Files\Java\jdk-17\bin\server

VM Arguments:
jvm_args: -javaagent:C:\Program Files\JetBrains\IntelliJ IDEA Community Edition 2024.1.1\lib\idea_rt.jar=54005:C:\Program Files\JetBrains\IntelliJ IDEA Community Edition 2024.1.1\bin -Dfile.encoding=UTF-8 
java_command: com.ims.app.InventoryManagementSystemApplication
java_class_path (initial): C:\Users\ELITEBOOK\Desktop\SamTech\InventoryManagementSystem\target\classes;C:\Users\ELITEBOOK\.m2\repository\org\springframework\boot\spring-boot-starter-data-jpa\3.2.5\spring-boot-starter-data-jpa-3.2.5.jar;C:\Users\ELITEBOOK\.m2\repository\org\springframework\boot\spring-boot-starter-aop\3.2.5\spring-boot-starter-aop-3.2.5.jar;C:\Users\ELITEBOOK\.m2\repository\org\springframework\spring-aop\6.1.6\spring-aop-6.1.6.jar;C:\Users\ELITEBOOK\.m2\repository\org\aspectj\aspectjweaver\1.9.22\aspectjweaver-1.9.22.jar;C:\Users\ELITEBOOK\.m2\repository\org\springframework\boot\spring-boot-starter-jdbc\3.2.5\spring-boot-starter-jdbc-3.2.5.jar;C:\Users\ELITEBOOK\.m2\repository\com\zaxxer\HikariCP\5.0.1\HikariCP-5.0.1.jar;C:\Users\ELITEBOOK\.m2\repository\org\springframework\spring-jdbc\6.1.6\spring-jdbc-6.1.6.jar;C:\Users\ELITEBOOK\.m2\repository\org\hibernate\orm\hibernate-core\6.4.4.Final\hibernate-core-6.4.4.Final.jar;C:\Users\ELITEBOOK\.m2\repository\jakarta\persistence\jakarta.persistence-api\3.1.0\jakarta.persistence-api-3.1.0.jar;C:\Users\ELITEBOOK\.m2\repository\jakarta\transaction\jakarta.transaction-api\2.0.1\jakarta.transaction-api-2.0.1.jar;C:\Users\ELITEBOOK\.m2\repository\org\jboss\logging\jboss-logging\3.5.3.Final\jboss-logging-3.5.3.Final.jar;C:\Users\ELITEBOOK\.m2\repository\org\hibernate\common\hibernate-commons-annotations\6.0.6.Final\hibernate-commons-annotations-6.0.6.Final.jar;C:\Users\ELITEBOOK\.m2\repository\io\smallrye\jandex\3.1.2\jandex-3.1.2.jar;C:\Users\ELITEBOOK\.m2\repository\com\fasterxml\classmate\1.6.0\classmate-1.6.0.jar;C:\Users\ELITEBOOK\.m2\repository\net\bytebuddy\byte-buddy\1.14.13\byte-buddy-1.14.13.jar;C:\Users\ELITEBOOK\.m2\repository\org\glassfish\jaxb\jaxb-runtime\4.0.5\jaxb-runtime-4.0.5.jar;C:\Users\ELITEBOOK\.m2\repository\org\glassfish\jaxb\jaxb-core\4.0.5\jaxb-core-4.0.5.jar;C:\Users\ELITEBOOK\.m2\repository\org\eclipse\angus\angus-activation\2.0.2\angus-activation-2.0.2.jar;C:\Users\ELITEBOOK\.m2\r
Launcher Type: SUN_STANDARD

[Global flags]
     intx CICompilerCount                          = 3                                         {product} {ergonomic}
     uint ConcGCThreads                            = 1                                         {product} {ergonomic}
     uint G1ConcRefinementThreads                  = 4                                         {product} {ergonomic}
   size_t G1HeapRegionSize                         = 1048576                                   {product} {ergonomic}
    uintx GCDrainStackTargetSize                   = 64                                        {product} {ergonomic}
   size_t InitialHeapSize                          = 134217728                                 {product} {ergonomic}
   size_t MarkStackSize                            = 4194304                                   {product} {ergonomic}
   size_t MaxHeapSize                              = 2116026368                                {product} {ergonomic}
   size_t MinHeapDeltaBytes                        = 1048576                                   {product} {ergonomic}
   size_t MinHeapSize                              = 8388608                                   {product} {ergonomic}
    uintx NonNMethodCodeHeapSize                   = 5832780                                {pd product} {ergonomic}
    uintx NonProfiledCodeHeapSize                  = 122912730                              {pd product} {ergonomic}
    uintx ProfiledCodeHeapSize                     = 122912730                              {pd product} {ergonomic}
    uintx ReservedCodeCacheSize                    = 251658240                              {pd product} {ergonomic}
     bool SegmentedCodeCache                       = true                                      {product} {ergonomic}
   size_t SoftMaxHeapSize                          = 2116026368                             {manageable} {ergonomic}
     bool UseCompressedClassPointers               = true                           {product lp64_product} {ergonomic}
     bool UseCompressedOops                        = true                           {product lp64_product} {ergonomic}
     bool UseG1GC                                  = true                                      {product} {ergonomic}
     bool UseLargePagesIndividualAllocation        = false                                  {pd product} {ergonomic}

Logging:
Log output configuration:
 #0: stdout all=warning uptime,level,tags
 #1: stderr all=off uptime,level,tags

Environment Variables:
PATH=C:\OraHome_1\bin;C:\OraHome_1\jre\1.4.2\bin\client;C:\OraHome_1\jre\1.4.2\bin;C:\DevSuiteHome_1\jdk\jre\bin\classic;C:\DevSuiteHome_1\jdk\jre\bin;C:\DevSuiteHome_1\jdk\jre\bin\client;C:\DevSuiteHome_1\jlib;C:\DevSuiteHome_1\bin;C:\DevSuiteHome_1\jre\1.4.2\bin\client;C:\DevSuiteHome_1\jre\1.4.2\bin;C:\app\ELITEBOOK\product\21c\dbhomeXE\bin;C:\Program Files\Common Files\Oracle\Java\javapath;C:\Program Files (x86)\Common Files\Oracle\Java\javapath;C:\Windows\system32;C:\Windows;C:\Windows\System32\Wbem;C:\Windows\System32\WindowsPowerShell\v1.0\;C:\Windows\System32\OpenSSH\;C:\Program Files (x86)\apache-maven-3.9.6\bin;C:\Program Files (x86)\gradle-8.5\bin;C:\Program Files\PuTTY\;C:\Program Files\Git\cmd;C:\Users\ELITEBOOK\AppData\Local\Programs\Python\Python39\Scripts\;C:\Users\ELITEBOOK\AppData\Local\Programs\Python\Python39\;C:\Users\ELITEBOOK\AppData\Local\Microsoft\WindowsApps;C:\Program Files\JetBrains\IntelliJ IDEA 2023.3.3\bin;;C:\Users\ELITEBOOK\AppData\Local\GitHubDesktop\bin;C:\Users\ELITEBOOK\AppData\Local\Programs\Microsoft VS Code\bin;C:\Program Files\JetBrains\IntelliJ IDEA Community Edition 2024.1.1\bin;;C:\xampp\mysql\bin;
USERNAME=ELITEBOOK
OS=Windows_NT
PROCESSOR_IDENTIFIER=Intel64 Family 6 Model 78 Stepping 3, GenuineIntel



---------------  S Y S T E M  ---------------

OS:
 Windows 10 , 64 bit Build 19041 (10.0.19041.3636)
OS uptime: 0 days 20:42 hours

CPU: total 4 (initial active 4) (2 cores per cpu, 2 threads per core) family 6 model 78 stepping 3 microcode 0xdc, cx8, cmov, fxsr, ht, mmx, 3dnowpref, sse, sse2, sse3, ssse3, sse4.1, sse4.2, popcnt, lzcnt, tsc, tscinvbit, avx, avx2, aes, erms, clmul, bmi1, bmi2, rtm, adx, fma, vzeroupper, clflush, clflushopt

Memory: 4k page, system-wide physical 8067M (1664M free)
TotalPageFile size 9602M (AvailPageFile size 35M)
current process WorkingSet (physical memory assigned to process): 10M, peak: 10M
current process commit charge ("private bytes"): 51M, peak: 179M

vm_info: Java HotSpot(TM) 64-Bit Server VM (17.0.10+11-LTS-240) for windows-amd64 JRE (17.0.10+11-LTS-240), built on Dec 19 2023 21:47:25 by "mach5one" with MS VC++ 17.1 (VS2022)

END.
