#
# There is insufficient memory for the Java Runtime Environment to continue.
# Native memory allocation (malloc) failed to allocate 32744 bytes for ChunkPool::allocate
# Possible reasons:
#   The system is out of physical RAM or swap space
#   The process is running with CompressedOops enabled, and the Java Heap may be blocking the growth of the native heap
# Possible solutions:
#   Reduce memory load on the system
#   Increase physical memory or swap space
#   Check if swap backing store is full
#   Decrease Java heap size (-Xmx/-Xms)
#   Decrease number of Java threads
#   Decrease Java thread stack sizes (-Xss)
#   Set larger code cache with -XX:ReservedCodeCacheSize=
#   JVM is running with Unscaled Compressed Oops mode in which the Java heap is
#     placed in the first 4GB address space. The Java Heap base address is the
#     maximum limit for the native heap growth. Please use -XX:HeapBaseMinAddress
#     to set the Java Heap base and to place the Java Heap above 4GB virtual address.
# This output file may be truncated or incomplete.
#
#  Out of Memory Error (arena.cpp:78), pid=12232, tid=4860
#
# JRE version: Java(TM) SE Runtime Environment (17.0.10+11) (build 17.0.10+11-LTS-240)
# Java VM: Java HotSpot(TM) 64-Bit Server VM (17.0.10+11-LTS-240, mixed mode, sharing, tiered, compressed oops, compressed class ptrs, g1 gc, windows-amd64)
# No core dump will be written. Minidumps are not enabled by default on client versions of Windows
#

---------------  S U M M A R Y ------------

Command Line: -javaagent:C:\Program Files\JetBrains\IntelliJ IDEA Community Edition 2024.1.1\lib\idea_rt.jar=54702:C:\Program Files\JetBrains\IntelliJ IDEA Community Edition 2024.1.1\bin -Dfile.encoding=UTF-8 com.ims.app.InventoryManagementSystemApplication

Host: Intel(R) Core(TM) i7-6600U CPU @ 2.60GHz, 4 cores, 7G,  Windows 10 , 64 bit Build 19041 (10.0.19041.3636)
Time: Thu May 16 11:25:53 2024 E. Africa Standard Time elapsed time: 9.107748 seconds (0d 0h 0m 9s)

---------------  T H R E A D  ---------------

Current thread (0x00000277afbf7af0):  JavaThread "C2 CompilerThread1" daemon [_thread_in_native, id=4860, stack(0x0000007c64000000,0x0000007c64100000)]


Current CompileTask:
C2:   9107 4791   !   4       org.springframework.core.annotation.AnnotationsScanner::processMethodHierarchy (276 bytes)

Stack: [0x0000007c64000000,0x0000007c64100000]
Native frames: (J=compiled Java code, j=interpreted, Vv=VM code, C=native code)
V  [jvm.dll+0x677a5a]
V  [jvm.dll+0x7d8b2d]
V  [jvm.dll+0x7da48e]
V  [jvm.dll+0x7daaf3]
V  [jvm.dll+0x2455ff]
V  [jvm.dll+0xaad50]
V  [jvm.dll+0xab09c]
V  [jvm.dll+0x11d4f5]
V  [jvm.dll+0x6a1558]
V  [jvm.dll+0x1bb497]
V  [jvm.dll+0x217aa7]
V  [jvm.dll+0x216d81]
V  [jvm.dll+0x1a3410]
V  [jvm.dll+0x226aeb]
V  [jvm.dll+0x224cab]
V  [jvm.dll+0x78e45c]
V  [jvm.dll+0x78888a]
V  [jvm.dll+0x676935]
C  [ucrtbase.dll+0x21bb2]
C  [KERNEL32.DLL+0x17344]
C  [ntdll.dll+0x526b1]


---------------  P R O C E S S  ---------------

Threads class SMR info:
_java_thread_list=0x00000277f9485aa0, length=34, elements={
0x00000277af844790, 0x00000277af845610, 0x00000277af856890, 0x00000277af858460,
0x00000277af85ae30, 0x00000277af85b7f0, 0x00000277af85c4e0, 0x00000277af8c5af0,
0x00000277af8d2130, 0x00000277af828ac0, 0x00000277afbd6230, 0x00000277afbd6710,
0x00000277f5be6570, 0x00000277f5be9810, 0x00000277f5be74a0, 0x00000277f5be6060,
0x00000277f5be6f90, 0x00000277f5be6a80, 0x00000277afbf7af0, 0x00000277f5be88e0,
0x00000277f88e8160, 0x00000277f88e4ec0, 0x00000277f88e6300, 0x00000277f88e6810,
0x00000277f88e6d20, 0x00000277f88e8670, 0x00000277f88e53d0, 0x00000277f88e3570,
0x00000277f88e49b0, 0x00000277f88e58e0, 0x00000277f88e7c50, 0x00000277f88e5df0,
0x00000277f88e7230, 0x00000277f88e7740
}

Java Threads: ( => current thread )
  0x00000277af844790 JavaThread "Reference Handler" daemon [_thread_blocked, id=14616, stack(0x0000007c63600000,0x0000007c63700000)]
  0x00000277af845610 JavaThread "Finalizer" daemon [_thread_blocked, id=2744, stack(0x0000007c63700000,0x0000007c63800000)]
  0x00000277af856890 JavaThread "Signal Dispatcher" daemon [_thread_blocked, id=12760, stack(0x0000007c63800000,0x0000007c63900000)]
  0x00000277af858460 JavaThread "Attach Listener" daemon [_thread_blocked, id=2332, stack(0x0000007c63900000,0x0000007c63a00000)]
  0x00000277af85ae30 JavaThread "Service Thread" daemon [_thread_blocked, id=14004, stack(0x0000007c63a00000,0x0000007c63b00000)]
  0x00000277af85b7f0 JavaThread "Monitor Deflation Thread" daemon [_thread_blocked, id=15188, stack(0x0000007c63b00000,0x0000007c63c00000)]
  0x00000277af85c4e0 JavaThread "C2 CompilerThread0" daemon [_thread_in_native, id=10224, stack(0x0000007c63c00000,0x0000007c63d00000)]
  0x00000277af8c5af0 JavaThread "C1 CompilerThread0" daemon [_thread_blocked, id=13096, stack(0x0000007c63d00000,0x0000007c63e00000)]
  0x00000277af8d2130 JavaThread "Sweeper thread" daemon [_thread_blocked, id=13264, stack(0x0000007c63e00000,0x0000007c63f00000)]
  0x00000277af828ac0 JavaThread "Common-Cleaner" daemon [_thread_blocked, id=15068, stack(0x0000007c63f00000,0x0000007c64000000)]
  0x00000277afbd6230 JavaThread "Monitor Ctrl-Break" daemon [_thread_in_native, id=15160, stack(0x0000007c64100000,0x0000007c64200000)]
  0x00000277afbd6710 JavaThread "Notification Thread" daemon [_thread_blocked, id=5464, stack(0x0000007c64200000,0x0000007c64300000)]
  0x00000277f5be6570 JavaThread "Catalina-utility-1" [_thread_blocked, id=9328, stack(0x0000007c64b00000,0x0000007c64c00000)]
  0x00000277f5be9810 JavaThread "Catalina-utility-2" [_thread_blocked, id=4568, stack(0x0000007c64c00000,0x0000007c64d00000)]
  0x00000277f5be74a0 JavaThread "container-0" [_thread_blocked, id=4304, stack(0x0000007c64d00000,0x0000007c64e00000)]
  0x00000277f5be6060 JavaThread "mysql-cj-abandoned-connection-cleanup" daemon [_thread_blocked, id=14500, stack(0x0000007c64e00000,0x0000007c64f00000)]
  0x00000277f5be6f90 JavaThread "HikariPool-1 housekeeper" daemon [_thread_blocked, id=11708, stack(0x0000007c65000000,0x0000007c65100000)]
  0x00000277f5be6a80 JavaThread "HikariPool-1 connection adder" daemon [_thread_blocked, id=14276, stack(0x0000007c65100000,0x0000007c65200000)]
=>0x00000277afbf7af0 JavaThread "C2 CompilerThread1" daemon [_thread_in_native, id=4860, stack(0x0000007c64000000,0x0000007c64100000)]
  0x00000277f5be88e0 JavaThread "File Watcher" daemon [_thread_blocked, id=3320, stack(0x0000007c65200000,0x0000007c65300000)]
  0x00000277f88e8160 JavaThread "Live Reload Server" daemon [_thread_in_native, id=11468, stack(0x0000007c65400000,0x0000007c65500000)]
  0x00000277f88e4ec0 JavaThread "http-nio-8081-exec-1" daemon [_thread_blocked, id=13428, stack(0x0000007c65300000,0x0000007c65400000)]
  0x00000277f88e6300 JavaThread "http-nio-8081-exec-2" daemon [_thread_blocked, id=8812, stack(0x0000007c65500000,0x0000007c65600000)]
  0x00000277f88e6810 JavaThread "http-nio-8081-exec-3" daemon [_thread_blocked, id=10536, stack(0x0000007c65600000,0x0000007c65700000)]
  0x00000277f88e6d20 JavaThread "http-nio-8081-exec-4" daemon [_thread_blocked, id=9844, stack(0x0000007c65700000,0x0000007c65800000)]
  0x00000277f88e8670 JavaThread "http-nio-8081-exec-5" daemon [_thread_blocked, id=7848, stack(0x0000007c65800000,0x0000007c65900000)]
  0x00000277f88e53d0 JavaThread "http-nio-8081-exec-6" daemon [_thread_blocked, id=1056, stack(0x0000007c65900000,0x0000007c65a00000)]
  0x00000277f88e3570 JavaThread "http-nio-8081-exec-7" daemon [_thread_blocked, id=12196, stack(0x0000007c65a00000,0x0000007c65b00000)]
  0x00000277f88e49b0 JavaThread "http-nio-8081-exec-8" daemon [_thread_blocked, id=12616, stack(0x0000007c65b00000,0x0000007c65c00000)]
  0x00000277f88e58e0 JavaThread "http-nio-8081-exec-9" daemon [_thread_blocked, id=11148, stack(0x0000007c65c00000,0x0000007c65d00000)]
  0x00000277f88e7c50 JavaThread "http-nio-8081-exec-10" daemon [_thread_blocked, id=14380, stack(0x0000007c65d00000,0x0000007c65e00000)]
  0x00000277f88e5df0 JavaThread "http-nio-8081-Poller" daemon [_thread_in_native, id=13824, stack(0x0000007c65e00000,0x0000007c65f00000)]
  0x00000277f88e7230 JavaThread "http-nio-8081-Acceptor" daemon [_thread_in_native, id=10924, stack(0x0000007c65f00000,0x0000007c66000000)]
  0x00000277f88e7740 JavaThread "DestroyJavaVM" [_thread_blocked, id=8168, stack(0x0000007c62f00000,0x0000007c63000000)]

Other Threads:
  0x00000277af83aeb0 VMThread "VM Thread" [stack: 0x0000007c63500000,0x0000007c63600000] [id=3216]
  0x00000277afce76f0 WatcherThread [stack: 0x0000007c64300000,0x0000007c64400000] [id=14952]
  0x0000027792039820 GCTaskThread "GC Thread#0" [stack: 0x0000007c63000000,0x0000007c63100000] [id=9696]
  0x00000277f5576d00 GCTaskThread "GC Thread#1" [stack: 0x0000007c64400000,0x0000007c64500000] [id=6284]
  0x00000277f59b94b0 GCTaskThread "GC Thread#2" [stack: 0x0000007c64500000,0x0000007c64600000] [id=8416]
  0x00000277f56209a0 GCTaskThread "GC Thread#3" [stack: 0x0000007c64600000,0x0000007c64700000] [id=14556]
  0x000002779204a3b0 ConcurrentGCThread "G1 Main Marker" [stack: 0x0000007c63100000,0x0000007c63200000] [id=14676]
  0x000002779204adc0 ConcurrentGCThread "G1 Conc#0" [stack: 0x0000007c63200000,0x0000007c63300000] [id=13828]
  0x00000277920a2bd0 ConcurrentGCThread "G1 Refine#0" [stack: 0x0000007c63300000,0x0000007c63400000] [id=8596]
  0x00000277f595ea30 ConcurrentGCThread "G1 Refine#1" [stack: 0x0000007c64900000,0x0000007c64a00000] [id=8520]
  0x00000277f595f300 ConcurrentGCThread "G1 Refine#2" [stack: 0x0000007c64a00000,0x0000007c64b00000] [id=9168]
  0x00000277af701700 ConcurrentGCThread "G1 Service" [stack: 0x0000007c63400000,0x0000007c63500000] [id=12484]

Threads with active compile tasks:
C2 CompilerThread0     9190 4592       4       org.springframework.core.annotation.TypeMappedAnnotations::get (52 bytes)
C2 CompilerThread1     9191 4791   !   4       org.springframework.core.annotation.AnnotationsScanner::processMethodHierarchy (276 bytes)

VM state: not at safepoint (normal execution)

VM Mutex/Monitor currently owned by a thread: None

Heap address: 0x0000000081e00000, size: 2018 MB, Compressed Oops mode: 32-bit

CDS archive(s) mapped at: [0x00000277b0000000-0x00000277b0bd0000-0x00000277b0bd0000), size 12386304, SharedBaseAddress: 0x00000277b0000000, ArchiveRelocationMode: 1.
Compressed class space mapped at: 0x00000277b1000000-0x00000277f1000000, reserved size: 1073741824
Narrow klass base: 0x00000277b0000000, Narrow klass shift: 0, Narrow klass range: 0x100000000

GC Precious Log:
 CPUs: 4 total, 4 available
 Memory: 8067M
 Large Page Support: Disabled
 NUMA Support: Disabled
 Compressed Oops: Enabled (32-bit)
 Heap Region Size: 1M
 Heap Min Capacity: 8M
 Heap Initial Capacity: 128M
 Heap Max Capacity: 2018M
 Pre-touch: Disabled
 Parallel Workers: 4
 Concurrent Workers: 1
 Concurrent Refinement Workers: 4
 Periodic GC: Disabled

Heap:
 garbage-first heap   total 78848K, used 46835K [0x0000000081e00000, 0x0000000100000000)
  region size 1024K, 24 young (24576K), 1 survivors (1024K)
 Metaspace       used 57628K, committed 58240K, reserved 1114112K
  class space    used 7855K, committed 8128K, reserved 1048576K

Heap Regions: E=young(eden), S=young(survivor), O=old, HS=humongous(starts), HC=humongous(continues), CS=collection set, F=free, OA=open archive, CA=closed archive, TAMS=top-at-mark-start (previous, next)
|   0|0x0000000081e00000, 0x0000000081f00000, 0x0000000081f00000|100%|HS|  |TAMS 0x0000000081f00000, 0x0000000081e00000| Complete 
|   1|0x0000000081f00000, 0x0000000082000000, 0x0000000082000000|100%| O|  |TAMS 0x0000000082000000, 0x0000000081f00000| Untracked 
|   2|0x0000000082000000, 0x0000000082100000, 0x0000000082100000|100%| O|  |TAMS 0x0000000082100000, 0x0000000082000000| Untracked 
|   3|0x0000000082100000, 0x0000000082200000, 0x0000000082200000|100%| O|  |TAMS 0x0000000082200000, 0x0000000082100000| Untracked 
|   4|0x0000000082200000, 0x0000000082300000, 0x0000000082300000|100%| O|  |TAMS 0x0000000082300000, 0x0000000082200000| Untracked 
|   5|0x0000000082300000, 0x0000000082400000, 0x0000000082400000|100%| O|  |TAMS 0x0000000082400000, 0x0000000082300000| Untracked 
|   6|0x0000000082400000, 0x0000000082500000, 0x0000000082500000|100%| O|  |TAMS 0x0000000082500000, 0x0000000082400000| Untracked 
|   7|0x0000000082500000, 0x0000000082600000, 0x0000000082600000|100%| O|  |TAMS 0x0000000082600000, 0x0000000082500000| Untracked 
|   8|0x0000000082600000, 0x0000000082700000, 0x0000000082700000|100%| O|  |TAMS 0x0000000082700000, 0x0000000082600000| Untracked 
|   9|0x0000000082700000, 0x0000000082800000, 0x0000000082800000|100%| O|  |TAMS 0x0000000082800000, 0x0000000082700000| Untracked 
|  10|0x0000000082800000, 0x0000000082900000, 0x0000000082900000|100%| O|  |TAMS 0x0000000082900000, 0x0000000082800000| Untracked 
|  11|0x0000000082900000, 0x0000000082a00000, 0x0000000082a00000|100%| O|  |TAMS 0x0000000082a00000, 0x0000000082900000| Untracked 
|  12|0x0000000082a00000, 0x0000000082b00000, 0x0000000082b00000|100%| O|  |TAMS 0x0000000082b00000, 0x0000000082a00000| Untracked 
|  13|0x0000000082b00000, 0x0000000082c00000, 0x0000000082c00000|100%| O|  |TAMS 0x0000000082c00000, 0x0000000082b00000| Untracked 
|  14|0x0000000082c00000, 0x0000000082d00000, 0x0000000082d00000|100%| O|  |TAMS 0x0000000082d00000, 0x0000000082c00000| Untracked 
|  15|0x0000000082d00000, 0x0000000082e00000, 0x0000000082e00000|100%| O|  |TAMS 0x0000000082d00000, 0x0000000082d00000| Untracked 
|  16|0x0000000082e00000, 0x0000000082f00000, 0x0000000082f00000|100%| O|  |TAMS 0x0000000082f00000, 0x0000000082e00000| Untracked 
|  17|0x0000000082f00000, 0x0000000083000000, 0x0000000083000000|100%| O|  |TAMS 0x0000000083000000, 0x0000000082f00000| Untracked 
|  18|0x0000000083000000, 0x0000000083100000, 0x0000000083100000|100%| O|  |TAMS 0x0000000083100000, 0x0000000083000000| Untracked 
|  19|0x0000000083100000, 0x0000000083200000, 0x0000000083200000|100%| O|  |TAMS 0x0000000083200000, 0x0000000083100000| Untracked 
|  20|0x0000000083200000, 0x0000000083200000, 0x0000000083300000|  0%| F|  |TAMS 0x0000000083200000, 0x0000000083200000| Untracked 
|  21|0x0000000083300000, 0x0000000083400000, 0x0000000083400000|100%| O|  |TAMS 0x0000000083300000, 0x0000000083300000| Untracked 
|  22|0x0000000083400000, 0x0000000083500000, 0x0000000083500000|100%| O|  |TAMS 0x0000000083400000, 0x0000000083400000| Untracked 
|  23|0x0000000083500000, 0x0000000083600000, 0x0000000083600000|100%| O|  |TAMS 0x0000000083500000, 0x0000000083500000| Untracked 
|  24|0x0000000083600000, 0x0000000083625000, 0x0000000083700000| 14%| O|  |TAMS 0x0000000083600000, 0x0000000083600000| Untracked 
|  25|0x0000000083700000, 0x0000000083700000, 0x0000000083800000|  0%| F|  |TAMS 0x0000000083700000, 0x0000000083700000| Untracked 
|  26|0x0000000083800000, 0x0000000083800000, 0x0000000083900000|  0%| F|  |TAMS 0x0000000083800000, 0x0000000083800000| Untracked 
|  27|0x0000000083900000, 0x0000000083900000, 0x0000000083a00000|  0%| F|  |TAMS 0x0000000083900000, 0x0000000083900000| Untracked 
|  28|0x0000000083a00000, 0x0000000083a00000, 0x0000000083b00000|  0%| F|  |TAMS 0x0000000083a00000, 0x0000000083a00000| Untracked 
|  29|0x0000000083b00000, 0x0000000083b00000, 0x0000000083c00000|  0%| F|  |TAMS 0x0000000083b00000, 0x0000000083b00000| Untracked 
|  30|0x0000000083c00000, 0x0000000083c00000, 0x0000000083d00000|  0%| F|  |TAMS 0x0000000083c00000, 0x0000000083c00000| Untracked 
|  31|0x0000000083d00000, 0x0000000083d00000, 0x0000000083e00000|  0%| F|  |TAMS 0x0000000083d00000, 0x0000000083d00000| Untracked 
|  32|0x0000000083e00000, 0x0000000083e00000, 0x0000000083f00000|  0%| F|  |TAMS 0x0000000083e00000, 0x0000000083e00000| Untracked 
|  33|0x0000000083f00000, 0x0000000083f00000, 0x0000000084000000|  0%| F|  |TAMS 0x0000000083f00000, 0x0000000083f00000| Untracked 
|  34|0x0000000084000000, 0x0000000084000000, 0x0000000084100000|  0%| F|  |TAMS 0x0000000084000000, 0x0000000084000000| Untracked 
|  35|0x0000000084100000, 0x0000000084100000, 0x0000000084200000|  0%| F|  |TAMS 0x0000000084100000, 0x0000000084100000| Untracked 
|  36|0x0000000084200000, 0x0000000084200000, 0x0000000084300000|  0%| F|  |TAMS 0x0000000084200000, 0x0000000084200000| Untracked 
|  37|0x0000000084300000, 0x0000000084300000, 0x0000000084400000|  0%| F|  |TAMS 0x0000000084300000, 0x0000000084300000| Untracked 
|  38|0x0000000084400000, 0x0000000084400000, 0x0000000084500000|  0%| F|  |TAMS 0x0000000084400000, 0x0000000084400000| Untracked 
|  39|0x0000000084500000, 0x0000000084500000, 0x0000000084600000|  0%| F|  |TAMS 0x0000000084500000, 0x0000000084500000| Untracked 
|  40|0x0000000084600000, 0x0000000084600000, 0x0000000084700000|  0%| F|  |TAMS 0x0000000084600000, 0x0000000084600000| Untracked 
|  41|0x0000000084700000, 0x0000000084700000, 0x0000000084800000|  0%| F|  |TAMS 0x0000000084700000, 0x0000000084700000| Untracked 
|  42|0x0000000084800000, 0x0000000084800000, 0x0000000084900000|  0%| F|  |TAMS 0x0000000084800000, 0x0000000084800000| Untracked 
|  43|0x0000000084900000, 0x0000000084900000, 0x0000000084a00000|  0%| F|  |TAMS 0x0000000084900000, 0x0000000084900000| Untracked 
|  44|0x0000000084a00000, 0x0000000084a00000, 0x0000000084b00000|  0%| F|  |TAMS 0x0000000084a00000, 0x0000000084a00000| Untracked 
|  45|0x0000000084b00000, 0x0000000084b00000, 0x0000000084c00000|  0%| F|  |TAMS 0x0000000084b00000, 0x0000000084b00000| Untracked 
|  46|0x0000000084c00000, 0x0000000084c00000, 0x0000000084d00000|  0%| F|  |TAMS 0x0000000084c00000, 0x0000000084c00000| Untracked 
|  47|0x0000000084d00000, 0x0000000084d00000, 0x0000000084e00000|  0%| F|  |TAMS 0x0000000084d00000, 0x0000000084d00000| Untracked 
|  48|0x0000000084e00000, 0x0000000084e00000, 0x0000000084f00000|  0%| F|  |TAMS 0x0000000084e00000, 0x0000000084e00000| Untracked 
|  49|0x0000000084f00000, 0x0000000084f00000, 0x0000000085000000|  0%| F|  |TAMS 0x0000000084f00000, 0x0000000084f00000| Untracked 
|  50|0x0000000085000000, 0x0000000085000000, 0x0000000085100000|  0%| F|  |TAMS 0x0000000085000000, 0x0000000085000000| Untracked 
|  51|0x0000000085100000, 0x0000000085100000, 0x0000000085200000|  0%| F|  |TAMS 0x0000000085100000, 0x0000000085100000| Untracked 
|  52|0x0000000085200000, 0x0000000085200000, 0x0000000085300000|  0%| F|  |TAMS 0x0000000085200000, 0x0000000085200000| Untracked 
|  53|0x0000000085300000, 0x00000000853d19f0, 0x0000000085400000| 81%| E|  |TAMS 0x0000000085300000, 0x0000000085300000| Complete 
|  54|0x0000000085400000, 0x0000000085500000, 0x0000000085500000|100%| E|CS|TAMS 0x0000000085400000, 0x0000000085400000| Complete 
|  55|0x0000000085500000, 0x0000000085600000, 0x0000000085600000|100%| E|CS|TAMS 0x0000000085500000, 0x0000000085500000| Complete 
|  56|0x0000000085600000, 0x0000000085700000, 0x0000000085700000|100%| E|CS|TAMS 0x0000000085600000, 0x0000000085600000| Complete 
|  57|0x0000000085700000, 0x0000000085800000, 0x0000000085800000|100%| E|CS|TAMS 0x0000000085700000, 0x0000000085700000| Complete 
|  58|0x0000000085800000, 0x0000000085900000, 0x0000000085900000|100%| E|CS|TAMS 0x0000000085800000, 0x0000000085800000| Complete 
|  59|0x0000000085900000, 0x0000000085a00000, 0x0000000085a00000|100%| E|CS|TAMS 0x0000000085900000, 0x0000000085900000| Complete 
|  60|0x0000000085a00000, 0x0000000085b00000, 0x0000000085b00000|100%| E|CS|TAMS 0x0000000085a00000, 0x0000000085a00000| Complete 
|  61|0x0000000085b00000, 0x0000000085c00000, 0x0000000085c00000|100%| E|CS|TAMS 0x0000000085b00000, 0x0000000085b00000| Complete 
|  62|0x0000000085c00000, 0x0000000085d00000, 0x0000000085d00000|100%| E|CS|TAMS 0x0000000085c00000, 0x0000000085c00000| Complete 
|  63|0x0000000085d00000, 0x0000000085e00000, 0x0000000085e00000|100%| E|CS|TAMS 0x0000000085d00000, 0x0000000085d00000| Complete 
|  64|0x0000000085e00000, 0x0000000085f00000, 0x0000000085f00000|100%| E|CS|TAMS 0x0000000085e00000, 0x0000000085e00000| Complete 
|  65|0x0000000085f00000, 0x0000000086000000, 0x0000000086000000|100%| E|CS|TAMS 0x0000000085f00000, 0x0000000085f00000| Complete 
|  66|0x0000000086000000, 0x0000000086100000, 0x0000000086100000|100%| E|CS|TAMS 0x0000000086000000, 0x0000000086000000| Complete 
|  67|0x0000000086100000, 0x0000000086200000, 0x0000000086200000|100%| E|CS|TAMS 0x0000000086100000, 0x0000000086100000| Complete 
|  68|0x0000000086200000, 0x0000000086300000, 0x0000000086300000|100%| E|CS|TAMS 0x0000000086200000, 0x0000000086200000| Complete 
|  69|0x0000000086300000, 0x0000000086400000, 0x0000000086400000|100%| E|CS|TAMS 0x0000000086300000, 0x0000000086300000| Complete 
|  70|0x0000000086400000, 0x0000000086500000, 0x0000000086500000|100%| E|CS|TAMS 0x0000000086400000, 0x0000000086400000| Complete 
|  71|0x0000000086500000, 0x0000000086600000, 0x0000000086600000|100%| E|CS|TAMS 0x0000000086500000, 0x0000000086500000| Complete 
|  72|0x0000000086600000, 0x0000000086700000, 0x0000000086700000|100%| E|CS|TAMS 0x0000000086600000, 0x0000000086600000| Complete 
|  73|0x0000000086700000, 0x0000000086800000, 0x0000000086800000|100%| E|CS|TAMS 0x0000000086700000, 0x0000000086700000| Complete 
|  74|0x0000000086800000, 0x0000000086900000, 0x0000000086900000|100%| E|CS|TAMS 0x0000000086800000, 0x0000000086800000| Complete 
|  92|0x0000000087a00000, 0x0000000087a97fc0, 0x0000000087b00000| 59%| S|CS|TAMS 0x0000000087a00000, 0x0000000087a00000| Complete 
| 127|0x0000000089d00000, 0x0000000089e00000, 0x0000000089e00000|100%| E|CS|TAMS 0x0000000089d00000, 0x0000000089d00000| Complete 

Card table byte_map: [0x00000277a8c90000,0x00000277a9090000] _byte_map_base: 0x00000277a8881000

Marking Bits (Prev, Next): (CMBitMap*) 0x0000027792039e80, (CMBitMap*) 0x0000027792039e40
 Prev Bits: [0x00000277ab420000, 0x00000277ad3a8000)
 Next Bits: [0x00000277a9490000, 0x00000277ab418000)

Polling page: 0x000002778fe80000

Metaspace:

Usage:
  Non-class:     48.61 MB used.
      Class:      7.67 MB used.
       Both:     56.28 MB used.

Virtual space:
  Non-class space:       64.00 MB reserved,      48.94 MB ( 76%) committed,  1 nodes.
      Class space:        1.00 GB reserved,       7.94 MB ( <1%) committed,  1 nodes.
             Both:        1.06 GB reserved,      56.88 MB (  5%) committed. 

Chunk freelists:
   Non-Class:  14.23 MB
       Class:  8.03 MB
        Both:  22.27 MB

MaxMetaspaceSize: unlimited
CompressedClassSpaceSize: 1.00 GB
Initial GC threshold: 21.00 MB
Current GC threshold: 74.69 MB
CDS: on
MetaspaceReclaimPolicy: balanced
 - commit_granule_bytes: 65536.
 - commit_granule_words: 8192.
 - virtual_space_node_default_size: 8388608.
 - enlarge_chunks_in_place: 1.
 - new_chunks_are_fully_committed: 0.
 - uncommit_free_chunks: 1.
 - use_allocation_guard: 0.
 - handle_deallocations: 1.


Internal statistics:

num_allocs_failed_limit: 9.
num_arena_births: 684.
num_arena_deaths: 0.
num_vsnodes_births: 2.
num_vsnodes_deaths: 0.
num_space_committed: 910.
num_space_uncommitted: 0.
num_chunks_returned_to_freelist: 9.
num_chunks_taken_from_freelist: 2791.
num_chunk_merges: 9.
num_chunk_splits: 2029.
num_chunks_enlarged: 1595.
num_inconsistent_stats: 0.

CodeHeap 'non-profiled nmethods': size=120000Kb used=2970Kb max_used=2970Kb free=117029Kb
 bounds [0x00000277a1360000, 0x00000277a1650000, 0x00000277a8890000]
CodeHeap 'profiled nmethods': size=120000Kb used=10323Kb max_used=10323Kb free=109676Kb
 bounds [0x0000027799890000, 0x000002779a2b0000, 0x00000277a0dc0000]
CodeHeap 'non-nmethods': size=5760Kb used=1307Kb max_used=1373Kb free=4452Kb
 bounds [0x00000277a0dc0000, 0x00000277a1030000, 0x00000277a1360000]
 total_blobs=5636 nmethods=4999 adapters=549
 compilation: enabled
              stopped_count=0, restarted_count=0
 full_count=0

Compilation events (20 events):
Event: 8.991 Thread 0x00000277af8c5af0 5023       3       org.springframework.boot.autoconfigure.condition.ConditionEvaluationReport::lambda$addNoMatchOutcomeToAncestors$2 (41 bytes)
Event: 8.993 Thread 0x00000277af8c5af0 nmethod 5023 0x000002779a29bd10 code [0x000002779a29c080, 0x000002779a29d478]
Event: 8.994 Thread 0x00000277af8c5af0 5024       1       org.springframework.boot.autoconfigure.condition.ConditionEvaluationReport$ConditionAndOutcome::getOutcome (5 bytes)
Event: 8.995 Thread 0x00000277af8c5af0 nmethod 5024 0x00000277a1646810 code [0x00000277a16469a0, 0x00000277a1646a78]
Event: 8.996 Thread 0x00000277af8c5af0 5026       2       java.util.TreeMap::forEach (58 bytes)
Event: 8.996 Thread 0x00000277af8c5af0 nmethod 5026 0x000002779a29dc90 code [0x000002779a29de80, 0x000002779a29e258]
Event: 8.997 Thread 0x00000277af8c5af0 5028 %     3       java.util.TreeMap::forEach @ 15 (58 bytes)
Event: 8.998 Thread 0x00000277af8c5af0 nmethod 5028% 0x000002779a29e490 code [0x000002779a29e6a0, 0x000002779a29edd8]
Event: 8.999 Thread 0x00000277af8c5af0 5030       2       org.springframework.boot.autoconfigure.condition.ConditionEvaluationReport$$Lambda$1341/0x00000277b17f7170::accept (16 bytes)
Event: 9.000 Thread 0x00000277af8c5af0 nmethod 5030 0x000002779a29f090 code [0x000002779a29f300, 0x000002779a29f948]
Event: 9.000 Thread 0x00000277af8c5af0 5032       3       java.util.TreeMap::forEach (58 bytes)
Event: 9.000 Thread 0x00000277af8c5af0 nmethod 5032 0x000002779a29fe10 code [0x000002779a2a0020, 0x000002779a2a06b8]
Event: 9.000 Thread 0x00000277af8c5af0 5031       2       org.springframework.boot.autoconfigure.condition.ConditionEvaluationReport::lambda$getConditionAndOutcomesBySource$1 (13 bytes)
Event: 9.001 Thread 0x00000277af8c5af0 nmethod 5031 0x000002779a2a0990 code [0x000002779a2a0be0, 0x000002779a2a11a8]
Event: 9.002 Thread 0x00000277af8c5af0 5033   !   3       org.springframework.util.ConcurrentReferenceHashMap$Segment::doTask (179 bytes)
Event: 9.004 Thread 0x00000277af8c5af0 nmethod 5033 0x000002779a2a1610 code [0x000002779a2a19c0, 0x000002779a2a3388]
Event: 9.004 Thread 0x00000277af8c5af0 5034       2       java.lang.Long::stringSize (55 bytes)
Event: 9.004 Thread 0x00000277af8c5af0 nmethod 5034 0x000002779a2a3f10 code [0x000002779a2a40a0, 0x000002779a2a4278]
Event: 9.004 Thread 0x00000277af8c5af0 5035       2       java.lang.Long::getChars (208 bytes)
Event: 9.004 Thread 0x00000277af8c5af0 nmethod 5035 0x000002779a2a4390 code [0x000002779a2a4560, 0x000002779a2a4a18]

GC Heap History (20 events):
Event: 4.165 GC heap before
{Heap before GC invocations=5 (full 0):
 garbage-first heap   total 48128K, used 34748K [0x0000000081e00000, 0x0000000100000000)
  region size 1024K, 28 young (28672K), 7 survivors (7168K)
 Metaspace       used 24851K, committed 25216K, reserved 1114112K
  class space    used 3157K, committed 3328K, reserved 1048576K
}
Event: 4.177 GC heap after
{Heap after GC invocations=6 (full 0):
 garbage-first heap   total 48128K, used 15657K [0x0000000081e00000, 0x0000000100000000)
  region size 1024K, 3 young (3072K), 3 survivors (3072K)
 Metaspace       used 24851K, committed 25216K, reserved 1114112K
  class space    used 3157K, committed 3328K, reserved 1048576K
}
Event: 4.211 GC heap before
{Heap before GC invocations=6 (full 0):
 garbage-first heap   total 48128K, used 16681K [0x0000000081e00000, 0x0000000100000000)
  region size 1024K, 4 young (4096K), 3 survivors (3072K)
 Metaspace       used 24987K, committed 25344K, reserved 1114112K
  class space    used 3191K, committed 3328K, reserved 1048576K
}
Event: 4.218 GC heap after
{Heap after GC invocations=7 (full 0):
 garbage-first heap   total 48128K, used 15757K [0x0000000081e00000, 0x0000000100000000)
  region size 1024K, 1 young (1024K), 1 survivors (1024K)
 Metaspace       used 24987K, committed 25344K, reserved 1114112K
  class space    used 3191K, committed 3328K, reserved 1048576K
}
Event: 4.774 GC heap before
{Heap before GC invocations=7 (full 0):
 garbage-first heap   total 48128K, used 33165K [0x0000000081e00000, 0x0000000100000000)
  region size 1024K, 18 young (18432K), 1 survivors (1024K)
 Metaspace       used 28155K, committed 28608K, reserved 1114112K
  class space    used 3581K, committed 3776K, reserved 1048576K
}
Event: 4.779 GC heap after
{Heap after GC invocations=8 (full 0):
 garbage-first heap   total 48128K, used 16642K [0x0000000081e00000, 0x0000000100000000)
  region size 1024K, 2 young (2048K), 2 survivors (2048K)
 Metaspace       used 28155K, committed 28608K, reserved 1114112K
  class space    used 3581K, committed 3776K, reserved 1048576K
}
Event: 5.510 GC heap before
{Heap before GC invocations=8 (full 0):
 garbage-first heap   total 48128K, used 34050K [0x0000000081e00000, 0x0000000100000000)
  region size 1024K, 19 young (19456K), 2 survivors (2048K)
 Metaspace       used 31677K, committed 32128K, reserved 1114112K
  class space    used 4075K, committed 4288K, reserved 1048576K
}
Event: 5.515 GC heap after
{Heap after GC invocations=9 (full 0):
 garbage-first heap   total 48128K, used 17572K [0x0000000081e00000, 0x0000000100000000)
  region size 1024K, 3 young (3072K), 3 survivors (3072K)
 Metaspace       used 31677K, committed 32128K, reserved 1114112K
  class space    used 4075K, committed 4288K, reserved 1048576K
}
Event: 6.054 GC heap before
{Heap before GC invocations=9 (full 0):
 garbage-first heap   total 48128K, used 30884K [0x0000000081e00000, 0x0000000100000000)
  region size 1024K, 18 young (18432K), 3 survivors (3072K)
 Metaspace       used 35723K, committed 36096K, reserved 1114112K
  class space    used 4685K, committed 4864K, reserved 1048576K
}
Event: 6.060 GC heap after
{Heap after GC invocations=10 (full 0):
 garbage-first heap   total 48128K, used 18463K [0x0000000081e00000, 0x0000000100000000)
  region size 1024K, 2 young (2048K), 2 survivors (2048K)
 Metaspace       used 35723K, committed 36096K, reserved 1114112K
  class space    used 4685K, committed 4864K, reserved 1048576K
}
Event: 6.696 GC heap before
{Heap before GC invocations=11 (full 0):
 garbage-first heap   total 48128K, used 34847K [0x0000000081e00000, 0x0000000100000000)
  region size 1024K, 19 young (19456K), 2 survivors (2048K)
 Metaspace       used 40425K, committed 40960K, reserved 1114112K
  class space    used 5323K, committed 5568K, reserved 1048576K
}
Event: 6.703 GC heap after
{Heap after GC invocations=12 (full 0):
 garbage-first heap   total 48128K, used 20362K [0x0000000081e00000, 0x0000000100000000)
  region size 1024K, 3 young (3072K), 3 survivors (3072K)
 Metaspace       used 40425K, committed 40960K, reserved 1114112K
  class space    used 5323K, committed 5568K, reserved 1048576K
}
Event: 6.726 GC heap before
{Heap before GC invocations=12 (full 0):
 garbage-first heap   total 48128K, used 20362K [0x0000000081e00000, 0x0000000100000000)
  region size 1024K, 4 young (4096K), 3 survivors (3072K)
 Metaspace       used 40653K, committed 41152K, reserved 1114112K
  class space    used 5352K, committed 5568K, reserved 1048576K
}
Event: 6.731 GC heap after
{Heap after GC invocations=13 (full 0):
 garbage-first heap   total 48128K, used 20224K [0x0000000081e00000, 0x0000000100000000)
  region size 1024K, 1 young (1024K), 1 survivors (1024K)
 Metaspace       used 40653K, committed 41152K, reserved 1114112K
  class space    used 5352K, committed 5568K, reserved 1048576K
}
Event: 7.163 GC heap before
{Heap before GC invocations=13 (full 0):
 garbage-first heap   total 48128K, used 35584K [0x0000000081e00000, 0x0000000100000000)
  region size 1024K, 16 young (16384K), 1 survivors (1024K)
 Metaspace       used 44651K, committed 45184K, reserved 1114112K
  class space    used 5797K, committed 6016K, reserved 1048576K
}
Event: 7.167 GC heap after
{Heap after GC invocations=14 (full 0):
 garbage-first heap   total 96256K, used 20794K [0x0000000081e00000, 0x0000000100000000)
  region size 1024K, 1 young (1024K), 1 survivors (1024K)
 Metaspace       used 44651K, committed 45184K, reserved 1114112K
  class space    used 5797K, committed 6016K, reserved 1048576K
}
Event: 8.440 GC heap before
{Heap before GC invocations=15 (full 0):
 garbage-first heap   total 78848K, used 66874K [0x0000000081e00000, 0x0000000100000000)
  region size 1024K, 46 young (47104K), 1 survivors (1024K)
 Metaspace       used 54136K, committed 54656K, reserved 1114112K
  class space    used 7411K, committed 7616K, reserved 1048576K
}
Event: 8.448 GC heap after
{Heap after GC invocations=16 (full 0):
 garbage-first heap   total 78848K, used 23911K [0x0000000081e00000, 0x0000000100000000)
  region size 1024K, 4 young (4096K), 4 survivors (4096K)
 Metaspace       used 54136K, committed 54656K, reserved 1114112K
  class space    used 7411K, committed 7616K, reserved 1048576K
}
Event: 8.479 GC heap before
{Heap before GC invocations=16 (full 0):
 garbage-first heap   total 78848K, used 24935K [0x0000000081e00000, 0x0000000100000000)
  region size 1024K, 5 young (5120K), 4 survivors (4096K)
 Metaspace       used 54259K, committed 54784K, reserved 1114112K
  class space    used 7427K, committed 7680K, reserved 1048576K
}
Event: 8.485 GC heap after
{Heap after GC invocations=17 (full 0):
 garbage-first heap   total 78848K, used 24307K [0x0000000081e00000, 0x0000000100000000)
  region size 1024K, 1 young (1024K), 1 survivors (1024K)
 Metaspace       used 54259K, committed 54784K, reserved 1114112K
  class space    used 7427K, committed 7680K, reserved 1048576K
}

Deoptimization events (20 events):
Event: 8.752 Thread 0x00000277f55ab830 DEOPT PACKING pc=0x00000277a153a848 sp=0x0000007c648fd280
Event: 8.752 Thread 0x00000277f55ab830 DEOPT UNPACKING pc=0x00000277a0e123a3 sp=0x0000007c648fd1c8 mode 2
Event: 8.754 Thread 0x00000277f55ab830 Uncommon trap: trap_request=0xffffffde fr.pc=0x00000277a151d0d4 relative=0x0000000000000514
Event: 8.754 Thread 0x00000277f55ab830 Uncommon trap: reason=class_check action=maybe_recompile pc=0x00000277a151d0d4 method=org.springframework.util.ConcurrentReferenceHashMap$Segment.findInChain(Lorg/springframework/util/ConcurrentReferenceHashMap$Reference;Ljava/lang/Object;I)Lorg/springfra
Event: 8.754 Thread 0x00000277f55ab830 DEOPT PACKING pc=0x00000277a151d0d4 sp=0x0000007c648fd260
Event: 8.754 Thread 0x00000277f55ab830 DEOPT UNPACKING pc=0x00000277a0e123a3 sp=0x0000007c648fd208 mode 2
Event: 8.816 Thread 0x00000277f55ab830 Uncommon trap: trap_request=0xffffff45 fr.pc=0x00000277a159dffc relative=0x000000000000081c
Event: 8.816 Thread 0x00000277f55ab830 Uncommon trap: reason=unstable_if action=reinterpret pc=0x00000277a159dffc method=java.util.HashMap.putVal(ILjava/lang/Object;Ljava/lang/Object;ZZ)Ljava/lang/Object; @ 206 c2
Event: 8.816 Thread 0x00000277f55ab830 DEOPT PACKING pc=0x00000277a159dffc sp=0x0000007c648fd560
Event: 8.816 Thread 0x00000277f55ab830 DEOPT UNPACKING pc=0x00000277a0e123a3 sp=0x0000007c648fd4f8 mode 2
Event: 8.952 Thread 0x00000277f55ab830 Uncommon trap: trap_request=0xffffff45 fr.pc=0x00000277a13d7f60 relative=0x0000000000000060
Event: 8.952 Thread 0x00000277f55ab830 Uncommon trap: reason=unstable_if action=reinterpret pc=0x00000277a13d7f60 method=org.springframework.util.ConcurrentReferenceHashMap$Segment.clear()V @ 7 c2
Event: 8.952 Thread 0x00000277f55ab830 DEOPT PACKING pc=0x00000277a13d7f60 sp=0x0000007c648fe430
Event: 8.952 Thread 0x00000277f55ab830 DEOPT UNPACKING pc=0x00000277a0e123a3 sp=0x0000007c648fe3c0 mode 2
Event: 8.954 Thread 0x00000277f55ab830 Uncommon trap: trap_request=0xffffff54 fr.pc=0x00000277a13f2c24 relative=0x0000000000000364
Event: 8.954 Thread 0x00000277f55ab830 Uncommon trap: reason=speculate_null_assert action=make_not_entrant pc=0x00000277a13f2c24 method=org.springframework.util.ConcurrentReferenceHashMap$Segment.restructureIfNecessary(Z)V @ 41 c2
Event: 8.954 Thread 0x00000277f55ab830 DEOPT PACKING pc=0x00000277a13f2c24 sp=0x0000007c648fe130
Event: 8.954 Thread 0x00000277f55ab830 DEOPT UNPACKING pc=0x00000277a0e123a3 sp=0x0000007c648fe0f8 mode 2
Event: 8.999 Thread 0x00000277f55ab830 DEOPT PACKING pc=0x000002779a29e146 sp=0x0000007c648fdf30
Event: 8.999 Thread 0x00000277f55ab830 DEOPT UNPACKING pc=0x00000277a0e12b43 sp=0x0000007c648fd408 mode 0

Classes unloaded (0 events):
No events

Classes redefined (0 events):
No events

Internal exceptions (20 events):
Event: 7.686 Thread 0x00000277f55ab830 Exception <a 'java/lang/NoSuchMethodError'{0x00000000858b68e8}: 'java.lang.Object java.lang.invoke.Invokers$Holder.linkToTargetMethod(java.lang.Object, java.lang.Object, java.lang.Object, java.lang.Object, java.lang.Object, java.lang.Object, java.lang.Object, java.lang.Object, java.lang.Object, java.lang.Object, java.lang.Object, java.lang.Object)'> (0x00000000858b68e8) 
thrown [s\open\src\hotspot\share\interpreter\linkResolver.cpp, line 759]
Event: 7.725 Thread 0x00000277f55ab830 Exception <a 'java/lang/NoSuchMethodError'{0x00000000856606b8}: 'java.lang.Object java.lang.invoke.DirectMethodHandle$Holder.newInvokeSpecial(java.lang.Object, java.lang.Object, java.lang.Object, java.lang.Object, java.lang.Object, java.lang.Object)'> (0x00000000856606b8) 
thrown [s\open\src\hotspot\share\interpreter\linkResolver.cpp, line 759]
Event: 7.737 Thread 0x00000277f55ab830 Exception <a 'java/lang/NoSuchMethodError'{0x00000000856ce000}: 'java.lang.Object java.lang.invoke.DirectMethodHandle$Holder.newInvokeSpecial(java.lang.Object, java.lang.Object, java.lang.Object, java.lang.Object, java.lang.Object, java.lang.Object, java.lang.Object, int)'> (0x00000000856ce000) 
thrown [s\open\src\hotspot\share\interpreter\linkResolver.cpp, line 759]
Event: 7.737 Thread 0x00000277f55ab830 Exception <a 'java/lang/NoSuchMethodError'{0x00000000856d32a0}: 'java.lang.Object java.lang.invoke.DirectMethodHandle$Holder.invokeSpecial(java.lang.Object, java.lang.Object, java.lang.Object, java.lang.Object, java.lang.Object, java.lang.Object, java.lang.Object, java.lang.Object, int)'> (0x00000000856d32a0) 
thrown [s\open\src\hotspot\share\interpreter\linkResolver.cpp, line 759]
Event: 7.738 Thread 0x00000277f55ab830 Exception <a 'java/lang/NoSuchMethodError'{0x00000000856d7d68}: 'java.lang.Object java.lang.invoke.Invokers$Holder.linkToTargetMethod(java.lang.Object, java.lang.Object, java.lang.Object, java.lang.Object, java.lang.Object, java.lang.Object, int, java.lang.Object)'> (0x00000000856d7d68) 
thrown [s\open\src\hotspot\share\interpreter\linkResolver.cpp, line 759]
Event: 7.770 Thread 0x00000277f55ab830 Exception <a 'java/lang/NoSuchMethodError'{0x00000000855ac958}: 'void java.lang.invoke.DirectMethodHandle$Holder.invokeInterface(java.lang.Object, java.lang.Object)'> (0x00000000855ac958) 
thrown [s\open\src\hotspot\share\interpreter\linkResolver.cpp, line 759]
Event: 8.203 Thread 0x00000277f55ab830 Exception <a 'sun/nio/fs/WindowsException'{0x0000000084744ea0}> (0x0000000084744ea0) 
thrown [s\open\src\hotspot\share\prims\jni.cpp, line 516]
Event: 8.247 Thread 0x00000277f55ab830 Exception <a 'java/lang/IncompatibleClassChangeError'{0x00000000846e8d80}: Found class java.lang.Object, but interface was expected> (0x00000000846e8d80) 
thrown [s\open\src\hotspot\share\interpreter\linkResolver.cpp, line 826]
Event: 8.275 Thread 0x00000277f55ab830 Exception <a 'java/lang/IncompatibleClassChangeError'{0x00000000844a9d20}: Found class java.lang.Object, but interface was expected> (0x00000000844a9d20) 
thrown [s\open\src\hotspot\share\interpreter\linkResolver.cpp, line 826]
Event: 8.334 Thread 0x00000277f55ab830 Exception <a 'java/lang/NoSuchMethodError'{0x0000000084260620}: 'void java.lang.invoke.DirectMethodHandle$Holder.invokeVirtual(java.lang.Object, java.lang.Object, long)'> (0x0000000084260620) 
thrown [s\open\src\hotspot\share\interpreter\linkResolver.cpp, line 759]
Event: 8.410 Thread 0x00000277f55ab830 Exception <a 'java/lang/NoSuchMethodError'{0x0000000083fd4f60}: 'int java.lang.invoke.DirectMethodHandle$Holder.invokeStaticInit(java.lang.Object, java.lang.Object, java.lang.Object, java.lang.Object)'> (0x0000000083fd4f60) 
thrown [s\open\src\hotspot\share\interpreter\linkResolver.cpp, line 759]
Event: 8.500 Thread 0x00000277f55ab830 Exception <a 'java/lang/IncompatibleClassChangeError'{0x0000000089d52df8}: Found class java.lang.Object, but interface was expected> (0x0000000089d52df8) 
thrown [s\open\src\hotspot\share\interpreter\linkResolver.cpp, line 826]
Event: 8.560 Thread 0x00000277f55ab830 Implicit null exception at 0x00000277a148e440 to 0x00000277a148e644
Event: 8.584 Thread 0x00000277f55ab830 Exception <a 'java/lang/IncompatibleClassChangeError'{0x000000008655df30}: Found class java.lang.Object, but interface was expected> (0x000000008655df30) 
thrown [s\open\src\hotspot\share\interpreter\linkResolver.cpp, line 826]
Event: 8.625 Thread 0x00000277f55ab830 Exception <a 'java/lang/IncompatibleClassChangeError'{0x00000000864c2be8}: Found class java.lang.Object, but interface was expected> (0x00000000864c2be8) 
thrown [s\open\src\hotspot\share\interpreter\linkResolver.cpp, line 826]
Event: 8.802 Thread 0x00000277f55ab830 Exception <a 'java/lang/IncompatibleClassChangeError'{0x0000000085d22090}: Found class java.lang.Object, but interface was expected> (0x0000000085d22090) 
thrown [s\open\src\hotspot\share\interpreter\linkResolver.cpp, line 826]
Event: 8.955 Thread 0x00000277f55ab830 Exception <a 'java/lang/NoSuchMethodError'{0x000000008579d438}: 'java.lang.Object java.lang.invoke.DirectMethodHandle$Holder.newInvokeSpecial(java.lang.Object, java.lang.Object, int, java.lang.Object, java.lang.Object)'> (0x000000008579d438) 
thrown [s\open\src\hotspot\share\interpreter\linkResolver.cpp, line 759]
Event: 8.956 Thread 0x00000277f55ab830 Exception <a 'java/lang/NoSuchMethodError'{0x00000000857a8ab0}: 'java.lang.Object java.lang.invoke.DirectMethodHandle$Holder.invokeSpecial(java.lang.Object, java.lang.Object, int, java.lang.Object, int, java.lang.Object)'> (0x00000000857a8ab0) 
thrown [s\open\src\hotspot\share\interpreter\linkResolver.cpp, line 759]
Event: 8.956 Thread 0x00000277f55ab830 Exception <a 'java/lang/NoSuchMethodError'{0x00000000857b0b60}: 'java.lang.Object java.lang.invoke.DirectMethodHandle$Holder.newInvokeSpecial(java.lang.Object, java.lang.Object, int, java.lang.Object, int)'> (0x00000000857b0b60) 
thrown [s\open\src\hotspot\share\interpreter\linkResolver.cpp, line 759]
Event: 8.957 Thread 0x00000277f55ab830 Exception <a 'java/lang/NoSuchMethodError'{0x00000000857b4c60}: 'java.lang.Object java.lang.invoke.DirectMethodHandle$Holder.invokeSpecial(java.lang.Object, java.lang.Object, java.lang.Object, int, java.lang.Object, int)'> (0x00000000857b4c60) 
thrown [s\open\src\hotspot\share\interpreter\linkResolver.cpp, line 759]

VM Operations (20 events):
Event: 8.097 Executing VM operation: HandshakeAllThreads
Event: 8.097 Executing VM operation: HandshakeAllThreads done
Event: 8.141 Executing VM operation: HandshakeAllThreads
Event: 8.142 Executing VM operation: HandshakeAllThreads done
Event: 8.248 Executing VM operation: ICBufferFull
Event: 8.248 Executing VM operation: ICBufferFull done
Event: 8.357 Executing VM operation: HandshakeAllThreads
Event: 8.357 Executing VM operation: HandshakeAllThreads done
Event: 8.440 Executing VM operation: G1CollectForAllocation
Event: 8.448 Executing VM operation: G1CollectForAllocation done
Event: 8.479 Executing VM operation: G1CollectForAllocation
Event: 8.485 Executing VM operation: G1CollectForAllocation done
Event: 8.742 Executing VM operation: HandshakeAllThreads
Event: 8.742 Executing VM operation: HandshakeAllThreads done
Event: 8.819 Executing VM operation: HandshakeAllThreads
Event: 8.819 Executing VM operation: HandshakeAllThreads done
Event: 8.819 Executing VM operation: HandshakeAllThreads
Event: 8.819 Executing VM operation: HandshakeAllThreads done
Event: 8.954 Executing VM operation: HandshakeAllThreads
Event: 8.954 Executing VM operation: HandshakeAllThreads done

Events (20 events):
Event: 9.011 loading class com/sun/beans/introspect/ClassInfo$1
Event: 9.011 loading class com/sun/beans/util/Cache
Event: 9.012 loading class com/sun/beans/util/Cache done
Event: 9.012 loading class com/sun/beans/introspect/ClassInfo$1 done
Event: 9.012 loading class com/sun/beans/util/Cache$Kind
Event: 9.012 loading class com/sun/beans/util/Cache$Kind done
Event: 9.012 loading class com/sun/beans/util/Cache$Kind$1
Event: 9.012 loading class com/sun/beans/util/Cache$Kind$1 done
Event: 9.012 loading class com/sun/beans/util/Cache$Kind$2
Event: 9.012 loading class com/sun/beans/util/Cache$Kind$2 done
Event: 9.012 loading class com/sun/beans/util/Cache$Kind$3
Event: 9.012 loading class com/sun/beans/util/Cache$Kind$3 done
Event: 9.012 loading class com/sun/beans/util/Cache$CacheEntry
Event: 9.012 loading class com/sun/beans/util/Cache$CacheEntry done
Event: 9.013 Thread 0x00000277f5477cc0 Thread exited: 0x00000277f5477cc0
Event: 9.013 Thread 0x0000027791fe1940 Thread exited: 0x0000027791fe1940
Event: 9.013 Thread 0x00000277f55ab830 Thread exited: 0x00000277f55ab830
Event: 9.013 Thread 0x00000277f88e7740 Thread added: 0x00000277f88e7740
Event: 9.014 loading class java/nio/channels/spi/AbstractSelector$1
Event: 9.014 loading class java/nio/channels/spi/AbstractSelector$1 done


Dynamic libraries:
0x00007ff7a40c0000 - 0x00007ff7a40d0000 	C:\Program Files\Java\jdk-17\bin\java.exe
0x00007ffd5c030000 - 0x00007ffd5c228000 	C:\Windows\SYSTEM32\ntdll.dll
0x00007ffd5b440000 - 0x00007ffd5b4fd000 	C:\Windows\System32\KERNEL32.DLL
0x00007ffd598f0000 - 0x00007ffd59be6000 	C:\Windows\System32\KERNELBASE.dll
0x00007ffd597c0000 - 0x00007ffd598c0000 	C:\Windows\System32\ucrtbase.dll
0x00007ffd52d60000 - 0x00007ffd52d7b000 	C:\Program Files\Java\jdk-17\bin\VCRUNTIME140.dll
0x00007ffd52f70000 - 0x00007ffd52f89000 	C:\Program Files\Java\jdk-17\bin\jli.dll
0x00007ffd5bd00000 - 0x00007ffd5bdb0000 	C:\Windows\System32\ADVAPI32.dll
0x00007ffd5a0c0000 - 0x00007ffd5a15e000 	C:\Windows\System32\msvcrt.dll
0x00007ffd5a500000 - 0x00007ffd5a5a0000 	C:\Windows\System32\sechost.dll
0x00007ffd5a160000 - 0x00007ffd5a283000 	C:\Windows\System32\RPCRT4.dll
0x00007ffd598c0000 - 0x00007ffd598e7000 	C:\Windows\System32\bcrypt.dll
0x00007ffd5a360000 - 0x00007ffd5a4ff000 	C:\Windows\System32\USER32.dll
0x00007ffd59bf0000 - 0x00007ffd59c12000 	C:\Windows\System32\win32u.dll
0x00007ffd5b500000 - 0x00007ffd5b52b000 	C:\Windows\System32\GDI32.dll
0x00007ffd59cd0000 - 0x00007ffd59de7000 	C:\Windows\System32\gdi32full.dll
0x00007ffd59fc0000 - 0x00007ffd5a05d000 	C:\Windows\System32\msvcp_win.dll
0x00007ffd449a0000 - 0x00007ffd44c3a000 	C:\Windows\WinSxS\amd64_microsoft.windows.common-controls_6595b64144ccf1df_6.0.19041.3636_none_60b6a03d71f818d5\COMCTL32.dll
0x00007ffd50700000 - 0x00007ffd5070a000 	C:\Windows\SYSTEM32\VERSION.dll
0x00007ffd5ab70000 - 0x00007ffd5aba2000 	C:\Windows\System32\IMM32.DLL
0x00007ffd54d90000 - 0x00007ffd54d9c000 	C:\Program Files\Java\jdk-17\bin\vcruntime140_1.dll
0x00007ffd4f080000 - 0x00007ffd4f10e000 	C:\Program Files\Java\jdk-17\bin\msvcp140.dll
0x00007ffd13290000 - 0x00007ffd13e6f000 	C:\Program Files\Java\jdk-17\bin\server\jvm.dll
0x00007ffd5a700000 - 0x00007ffd5a708000 	C:\Windows\System32\PSAPI.DLL
0x00007ffd3aa50000 - 0x00007ffd3aa59000 	C:\Windows\SYSTEM32\WSOCK32.dll
0x00007ffd5ab00000 - 0x00007ffd5ab6b000 	C:\Windows\System32\WS2_32.dll
0x00007ffd44710000 - 0x00007ffd44737000 	C:\Windows\SYSTEM32\WINMM.dll
0x00007ffd57f00000 - 0x00007ffd57f12000 	C:\Windows\SYSTEM32\kernel.appcore.dll
0x00007ffd532d0000 - 0x00007ffd532da000 	C:\Program Files\Java\jdk-17\bin\jimage.dll
0x00007ffd572c0000 - 0x00007ffd574a4000 	C:\Windows\SYSTEM32\DBGHELP.DLL
0x00007ffd2ccc0000 - 0x00007ffd2ccf4000 	C:\Windows\SYSTEM32\dbgcore.DLL
0x00007ffd59730000 - 0x00007ffd597b2000 	C:\Windows\System32\bcryptPrimitives.dll
0x00007ffd53260000 - 0x00007ffd5326e000 	C:\Program Files\Java\jdk-17\bin\instrument.dll
0x00007ffd52d30000 - 0x00007ffd52d55000 	C:\Program Files\Java\jdk-17\bin\java.dll
0x00007ffd2def0000 - 0x00007ffd2dfc7000 	C:\Program Files\Java\jdk-17\bin\jsvml.dll
0x00007ffd5acd0000 - 0x00007ffd5b43b000 	C:\Windows\System32\SHELL32.dll
0x00007ffd57750000 - 0x00007ffd57eee000 	C:\Windows\SYSTEM32\windows.storage.dll
0x00007ffd5b9a0000 - 0x00007ffd5bcf3000 	C:\Windows\System32\combase.dll
0x00007ffd59110000 - 0x00007ffd5913e000 	C:\Windows\SYSTEM32\Wldp.dll
0x00007ffd5a290000 - 0x00007ffd5a35d000 	C:\Windows\System32\OLEAUT32.dll
0x00007ffd5a5a0000 - 0x00007ffd5a64d000 	C:\Windows\System32\SHCORE.dll
0x00007ffd5a710000 - 0x00007ffd5a765000 	C:\Windows\System32\shlwapi.dll
0x00007ffd59610000 - 0x00007ffd59633000 	C:\Windows\SYSTEM32\profapi.dll
0x00007ffd52010000 - 0x00007ffd52028000 	C:\Program Files\Java\jdk-17\bin\zip.dll
0x00007ffd51ff0000 - 0x00007ffd52009000 	C:\Program Files\Java\jdk-17\bin\net.dll
0x00007ffd4ebd0000 - 0x00007ffd4ecda000 	C:\Windows\SYSTEM32\WINHTTP.dll
0x00007ffd58e70000 - 0x00007ffd58eda000 	C:\Windows\system32\mswsock.dll
0x00007ffd512d0000 - 0x00007ffd512e6000 	C:\Program Files\Java\jdk-17\bin\nio.dll
0x00007ffd51240000 - 0x00007ffd5125a000 	C:\Program Files\JetBrains\IntelliJ IDEA Community Edition 2024.1.1\bin\breakgen64.dll
0x00007ffd52d20000 - 0x00007ffd52d2a000 	C:\Program Files\Java\jdk-17\bin\management.dll
0x00007ffd52b70000 - 0x00007ffd52b7b000 	C:\Program Files\Java\jdk-17\bin\management_ext.dll
0x00007ffd52aa0000 - 0x00007ffd52aae000 	C:\Program Files\Java\jdk-17\bin\sunmscapi.dll
0x00007ffd59df0000 - 0x00007ffd59f4e000 	C:\Windows\System32\CRYPT32.dll
0x00007ffd59180000 - 0x00007ffd591a8000 	C:\Windows\SYSTEM32\ncrypt.dll
0x00007ffd59140000 - 0x00007ffd5917b000 	C:\Windows\SYSTEM32\NTASN1.dll
0x00007ffd59070000 - 0x00007ffd59088000 	C:\Windows\SYSTEM32\CRYPTSP.dll
0x00007ffd58720000 - 0x00007ffd58754000 	C:\Windows\system32\rsaenh.dll
0x00007ffd595d0000 - 0x00007ffd595fe000 	C:\Windows\SYSTEM32\USERENV.dll
0x00007ffd59060000 - 0x00007ffd5906c000 	C:\Windows\SYSTEM32\CRYPTBASE.dll
0x00007ffd58b00000 - 0x00007ffd58b3b000 	C:\Windows\SYSTEM32\IPHLPAPI.DLL
0x00007ffd5bfe0000 - 0x00007ffd5bfe8000 	C:\Windows\System32\NSI.dll
0x00007ffd4ef90000 - 0x00007ffd4efa7000 	C:\Windows\SYSTEM32\dhcpcsvc6.DLL
0x00007ffd4fdb0000 - 0x00007ffd4fdcd000 	C:\Windows\SYSTEM32\dhcpcsvc.DLL
0x00007ffd58b50000 - 0x00007ffd58c1b000 	C:\Windows\SYSTEM32\DNSAPI.dll
0x00007ffd51eb0000 - 0x00007ffd51ec0000 	C:\Program Files\Java\jdk-17\bin\verify.dll
0x00007ffd509b0000 - 0x00007ffd509ba000 	C:\Windows\System32\rasadhlp.dll
0x00007ffd45d50000 - 0x00007ffd45dd0000 	C:\Windows\System32\fwpuclnt.dll
0x00007ffd51ea0000 - 0x00007ffd51ea7000 	C:\Windows\system32\wshunix.dll

dbghelp: loaded successfully - version: 4.0.5 - missing functions: none
symbol engine: initialized successfully - sym options: 0x614 - pdb path: .;C:\Program Files\Java\jdk-17\bin;C:\Windows\SYSTEM32;C:\Windows\WinSxS\amd64_microsoft.windows.common-controls_6595b64144ccf1df_6.0.19041.3636_none_60b6a03d71f818d5;C:\Program Files\Java\jdk-17\bin\server;C:\Program Files\JetBrains\IntelliJ IDEA Community Edition 2024.1.1\bin

VM Arguments:
jvm_args: -javaagent:C:\Program Files\JetBrains\IntelliJ IDEA Community Edition 2024.1.1\lib\idea_rt.jar=54702:C:\Program Files\JetBrains\IntelliJ IDEA Community Edition 2024.1.1\bin -Dfile.encoding=UTF-8 
java_command: com.ims.app.InventoryManagementSystemApplication
java_class_path (initial): C:\Users\ELITEBOOK\Desktop\SamTech\InventoryManagementSystem\target\classes;C:\Users\ELITEBOOK\.m2\repository\org\springframework\boot\spring-boot-starter-data-jpa\3.2.5\spring-boot-starter-data-jpa-3.2.5.jar;C:\Users\ELITEBOOK\.m2\repository\org\springframework\boot\spring-boot-starter-aop\3.2.5\spring-boot-starter-aop-3.2.5.jar;C:\Users\ELITEBOOK\.m2\repository\org\springframework\spring-aop\6.1.6\spring-aop-6.1.6.jar;C:\Users\ELITEBOOK\.m2\repository\org\aspectj\aspectjweaver\1.9.22\aspectjweaver-1.9.22.jar;C:\Users\ELITEBOOK\.m2\repository\org\springframework\boot\spring-boot-starter-jdbc\3.2.5\spring-boot-starter-jdbc-3.2.5.jar;C:\Users\ELITEBOOK\.m2\repository\com\zaxxer\HikariCP\5.0.1\HikariCP-5.0.1.jar;C:\Users\ELITEBOOK\.m2\repository\org\springframework\spring-jdbc\6.1.6\spring-jdbc-6.1.6.jar;C:\Users\ELITEBOOK\.m2\repository\org\hibernate\orm\hibernate-core\6.4.4.Final\hibernate-core-6.4.4.Final.jar;C:\Users\ELITEBOOK\.m2\repository\jakarta\persistence\jakarta.persistence-api\3.1.0\jakarta.persistence-api-3.1.0.jar;C:\Users\ELITEBOOK\.m2\repository\jakarta\transaction\jakarta.transaction-api\2.0.1\jakarta.transaction-api-2.0.1.jar;C:\Users\ELITEBOOK\.m2\repository\org\jboss\logging\jboss-logging\3.5.3.Final\jboss-logging-3.5.3.Final.jar;C:\Users\ELITEBOOK\.m2\repository\org\hibernate\common\hibernate-commons-annotations\6.0.6.Final\hibernate-commons-annotations-6.0.6.Final.jar;C:\Users\ELITEBOOK\.m2\repository\io\smallrye\jandex\3.1.2\jandex-3.1.2.jar;C:\Users\ELITEBOOK\.m2\repository\com\fasterxml\classmate\1.6.0\classmate-1.6.0.jar;C:\Users\ELITEBOOK\.m2\repository\net\bytebuddy\byte-buddy\1.14.13\byte-buddy-1.14.13.jar;C:\Users\ELITEBOOK\.m2\repository\org\glassfish\jaxb\jaxb-runtime\4.0.5\jaxb-runtime-4.0.5.jar;C:\Users\ELITEBOOK\.m2\repository\org\glassfish\jaxb\jaxb-core\4.0.5\jaxb-core-4.0.5.jar;C:\Users\ELITEBOOK\.m2\repository\org\eclipse\angus\angus-activation\2.0.2\angus-activation-2.0.2.jar;C:\Users\ELITEBOOK\.m2\r
Launcher Type: SUN_STANDARD

[Global flags]
     intx CICompilerCount                          = 3                                         {product} {ergonomic}
     uint ConcGCThreads                            = 1                                         {product} {ergonomic}
     uint G1ConcRefinementThreads                  = 4                                         {product} {ergonomic}
   size_t G1HeapRegionSize                         = 1048576                                   {product} {ergonomic}
    uintx GCDrainStackTargetSize                   = 64                                        {product} {ergonomic}
   size_t InitialHeapSize                          = 134217728                                 {product} {ergonomic}
   size_t MarkStackSize                            = 4194304                                   {product} {ergonomic}
   size_t MaxHeapSize                              = 2116026368                                {product} {ergonomic}
   size_t MaxNewSize                               = 1268776960                                {product} {ergonomic}
   size_t MinHeapDeltaBytes                        = 1048576                                   {product} {ergonomic}
   size_t MinHeapSize                              = 8388608                                   {product} {ergonomic}
    uintx NonNMethodCodeHeapSize                   = 5832780                                {pd product} {ergonomic}
    uintx NonProfiledCodeHeapSize                  = 122912730                              {pd product} {ergonomic}
    uintx ProfiledCodeHeapSize                     = 122912730                              {pd product} {ergonomic}
    uintx ReservedCodeCacheSize                    = 251658240                              {pd product} {ergonomic}
     bool SegmentedCodeCache                       = true                                      {product} {ergonomic}
   size_t SoftMaxHeapSize                          = 2116026368                             {manageable} {ergonomic}
     bool UseCompressedClassPointers               = true                           {product lp64_product} {ergonomic}
     bool UseCompressedOops                        = true                           {product lp64_product} {ergonomic}
     bool UseG1GC                                  = true                                      {product} {ergonomic}
     bool UseLargePagesIndividualAllocation        = false                                  {pd product} {ergonomic}

Logging:
Log output configuration:
 #0: stdout all=warning uptime,level,tags
 #1: stderr all=off uptime,level,tags

Environment Variables:
PATH=C:\OraHome_1\bin;C:\OraHome_1\jre\1.4.2\bin\client;C:\OraHome_1\jre\1.4.2\bin;C:\DevSuiteHome_1\jdk\jre\bin\classic;C:\DevSuiteHome_1\jdk\jre\bin;C:\DevSuiteHome_1\jdk\jre\bin\client;C:\DevSuiteHome_1\jlib;C:\DevSuiteHome_1\bin;C:\DevSuiteHome_1\jre\1.4.2\bin\client;C:\DevSuiteHome_1\jre\1.4.2\bin;C:\app\ELITEBOOK\product\21c\dbhomeXE\bin;C:\Program Files\Common Files\Oracle\Java\javapath;C:\Program Files (x86)\Common Files\Oracle\Java\javapath;C:\Windows\system32;C:\Windows;C:\Windows\System32\Wbem;C:\Windows\System32\WindowsPowerShell\v1.0\;C:\Windows\System32\OpenSSH\;C:\Program Files (x86)\apache-maven-3.9.6\bin;C:\Program Files (x86)\gradle-8.5\bin;C:\Program Files\PuTTY\;C:\Program Files\Git\cmd;C:\Users\ELITEBOOK\AppData\Local\Programs\Python\Python39\Scripts\;C:\Users\ELITEBOOK\AppData\Local\Programs\Python\Python39\;C:\Users\ELITEBOOK\AppData\Local\Microsoft\WindowsApps;C:\Program Files\JetBrains\IntelliJ IDEA 2023.3.3\bin;;C:\Users\ELITEBOOK\AppData\Local\GitHubDesktop\bin;C:\Users\ELITEBOOK\AppData\Local\Programs\Microsoft VS Code\bin;C:\Program Files\JetBrains\IntelliJ IDEA Community Edition 2024.1.1\bin;;C:\xampp\mysql\bin;
USERNAME=ELITEBOOK
OS=Windows_NT
PROCESSOR_IDENTIFIER=Intel64 Family 6 Model 78 Stepping 3, GenuineIntel



---------------  S Y S T E M  ---------------

OS:
 Windows 10 , 64 bit Build 19041 (10.0.19041.3636)
OS uptime: 0 days 21:11 hours

CPU: total 4 (initial active 4) (2 cores per cpu, 2 threads per core) family 6 model 78 stepping 3 microcode 0xdc, cx8, cmov, fxsr, ht, mmx, 3dnowpref, sse, sse2, sse3, ssse3, sse4.1, sse4.2, popcnt, lzcnt, tsc, tscinvbit, avx, avx2, aes, erms, clmul, bmi1, bmi2, rtm, adx, fma, vzeroupper, clflush, clflushopt

Memory: 4k page, system-wide physical 8067M (859M free)
TotalPageFile size 9602M (AvailPageFile size 4M)
current process WorkingSet (physical memory assigned to process): 280M, peak: 280M
current process commit charge ("private bytes"): 311M, peak: 311M

vm_info: Java HotSpot(TM) 64-Bit Server VM (17.0.10+11-LTS-240) for windows-amd64 JRE (17.0.10+11-LTS-240), built on Dec 19 2023 21:47:25 by "mach5one" with MS VC++ 17.1 (VS2022)

END.
