#
# There is insufficient memory for the Java Runtime Environment to continue.
# Native memory allocation (mmap) failed to map 178257920 bytes for G1 virtual space
# Possible reasons:
#   The system is out of physical RAM or swap space
#   The process is running with CompressedOops enabled, and the Java Heap may be blocking the growth of the native heap
# Possible solutions:
#   Reduce memory load on the system
#   Increase physical memory or swap space
#   Check if swap backing store is full
#   Decrease Java heap size (-Xmx/-Xms)
#   Decrease number of Java threads
#   Decrease Java thread stack sizes (-Xss)
#   Set larger code cache with -XX:ReservedCodeCacheSize=
#   JVM is running with Unscaled Compressed Oops mode in which the Java heap is
#     placed in the first 4GB address space. The Java Heap base address is the
#     maximum limit for the native heap growth. Please use -XX:HeapBaseMinAddress
#     to set the Java Heap base and to place the Java Heap above 4GB virtual address.
# This output file may be truncated or incomplete.
#
#  Out of Memory Error (os_windows.cpp:3548), pid=11244, tid=8436
#
# JRE version: Java(TM) SE Runtime Environment (17.0.10+11) (build 17.0.10+11-LTS-240)
# Java VM: Java HotSpot(TM) 64-Bit Server VM (17.0.10+11-LTS-240, mixed mode, sharing, tiered, compressed oops, compressed class ptrs, g1 gc, windows-amd64)
# No core dump will be written. Minidumps are not enabled by default on client versions of Windows
#

---------------  S U M M A R Y ------------

Command Line: -javaagent:C:\Program Files\JetBrains\IntelliJ IDEA Community Edition 2024.1.1\lib\idea_rt.jar=55528:C:\Program Files\JetBrains\IntelliJ IDEA Community Edition 2024.1.1\bin -Dfile.encoding=UTF-8 com.ims.app.InventoryManagementSystemApplication

Host: Intel(R) Core(TM) i7-6600U CPU @ 2.60GHz, 4 cores, 7G,  Windows 10 , 64 bit Build 19041 (10.0.19041.3636)
Time: Thu May 23 16:26:02 2024 E. Africa Standard Time elapsed time: 6228.867345 seconds (0d 1h 43m 48s)

---------------  T H R E A D  ---------------

Current thread (0x00000211f24522c0):  VMThread "VM Thread" [stack: 0x0000004194c00000,0x0000004194d00000] [id=8436]

Stack: [0x0000004194c00000,0x0000004194d00000]
Native frames: (J=compiled Java code, j=interpreted, Vv=VM code, C=native code)
V  [jvm.dll+0x677a5a]
V  [jvm.dll+0x7d8b2d]
V  [jvm.dll+0x7da48e]
V  [jvm.dll+0x7daaf3]
V  [jvm.dll+0x2455ff]
V  [jvm.dll+0x6749b9]
V  [jvm.dll+0x669382]
V  [jvm.dll+0x302e96]
V  [jvm.dll+0x30a416]
V  [jvm.dll+0x359cbe]
V  [jvm.dll+0x359eef]
V  [jvm.dll+0x2d9e88]
V  [jvm.dll+0x2d8295]
V  [jvm.dll+0x2d789c]
V  [jvm.dll+0x31b18b]
V  [jvm.dll+0x7df30b]
V  [jvm.dll+0x7e0044]
V  [jvm.dll+0x7e055d]
V  [jvm.dll+0x7e0934]
V  [jvm.dll+0x7e0a00]
V  [jvm.dll+0x78888a]
V  [jvm.dll+0x676935]
C  [ucrtbase.dll+0x21bb2]
C  [KERNEL32.DLL+0x17344]
C  [ntdll.dll+0x526b1]

VM_Operation (0x0000004196efe3a0): G1CollectForAllocation, mode: safepoint, requested by thread 0x00000211fc3f6ad0


---------------  P R O C E S S  ---------------

Threads class SMR info:
_java_thread_list=0x00000211f7890dc0, length=40, elements={
0x00000211f2458330, 0x00000211f2459950, 0x00000211f246a150, 0x00000211f246c530,
0x00000211f246f7a0, 0x00000211f2470160, 0x00000211f2471f10, 0x00000211f2476db0,
0x00000211f24bbf00, 0x00000211f2695fb0, 0x00000211f2693220, 0x00000211f2693730,
0x00000211f9b81c90, 0x00000211f9b83af0, 0x00000211f9b835e0, 0x00000211f9b84000,
0x00000211f9b7fe30, 0x00000211f9b84a20, 0x00000211f9b84f30, 0x00000211f9b7f410,
0x00000211f2694150, 0x00000211f9b80d60, 0x00000211f2694660, 0x00000211f9b80850,
0x00000211f2694b70, 0x00000211fc3f9860, 0x00000211fc3faca0, 0x00000211fc3fa280,
0x00000211fc3f6fe0, 0x00000211fc3f7f10, 0x00000211fc3f9d70, 0x00000211fc3f8420,
0x00000211fc3f6ad0, 0x00000211fc3f3d40, 0x00000211fc3fb6c0, 0x00000211fc3fb1b0,
0x00000211fc3f4250, 0x00000211fc3f74f0, 0x00000211fc3f4760, 0x00000211fc3f4c70
}

Java Threads: ( => current thread )
  0x00000211f2458330 JavaThread "Reference Handler" daemon [_thread_blocked, id=8004, stack(0x0000004194d00000,0x0000004194e00000)]
  0x00000211f2459950 JavaThread "Finalizer" daemon [_thread_blocked, id=2776, stack(0x0000004194e00000,0x0000004194f00000)]
  0x00000211f246a150 JavaThread "Signal Dispatcher" daemon [_thread_blocked, id=4120, stack(0x0000004194f00000,0x0000004195000000)]
  0x00000211f246c530 JavaThread "Attach Listener" daemon [_thread_blocked, id=12152, stack(0x0000004195000000,0x0000004195100000)]
  0x00000211f246f7a0 JavaThread "Service Thread" daemon [_thread_blocked, id=10720, stack(0x0000004195100000,0x0000004195200000)]
  0x00000211f2470160 JavaThread "Monitor Deflation Thread" daemon [_thread_blocked, id=11972, stack(0x0000004195200000,0x0000004195300000)]
  0x00000211f2471f10 JavaThread "C2 CompilerThread0" daemon [_thread_blocked, id=12812, stack(0x0000004195300000,0x0000004195400000)]
  0x00000211f2476db0 JavaThread "C1 CompilerThread0" daemon [_thread_blocked, id=14448, stack(0x0000004195400000,0x0000004195500000)]
  0x00000211f24bbf00 JavaThread "Sweeper thread" daemon [_thread_blocked, id=1620, stack(0x0000004195500000,0x0000004195600000)]
  0x00000211f2695fb0 JavaThread "Common-Cleaner" daemon [_thread_blocked, id=10160, stack(0x0000004195600000,0x0000004195700000)]
  0x00000211f2693220 JavaThread "Notification Thread" daemon [_thread_blocked, id=13288, stack(0x0000004195900000,0x0000004195a00000)]
  0x00000211f2693730 JavaThread "mysql-cj-abandoned-connection-cleanup" daemon [_thread_blocked, id=12784, stack(0x0000004196400000,0x0000004196500000)]
  0x00000211f9b81c90 JavaThread "Live Reload Server" daemon [_thread_in_native, id=776, stack(0x0000004196900000,0x0000004196a00000)]
  0x00000211f9b83af0 JavaThread "DestroyJavaVM" [_thread_blocked, id=13992, stack(0x0000004194600000,0x0000004194700000)]
  0x00000211f9b835e0 JavaThread "File Watcher" daemon [_thread_blocked, id=12024, stack(0x0000004195700000,0x0000004195800000)]
  0x00000211f9b84000 JavaThread "File Watcher" daemon [_thread_blocked, id=5152, stack(0x0000004195800000,0x0000004195900000)]
  0x00000211f9b7fe30 JavaThread "File Watcher" daemon [_thread_blocked, id=14756, stack(0x0000004194400000,0x0000004194500000)]
  0x00000211f9b84a20 JavaThread "File Watcher" daemon [_thread_blocked, id=10912, stack(0x0000004196200000,0x0000004196300000)]
  0x00000211f9b84f30 JavaThread "File Watcher" daemon [_thread_blocked, id=11420, stack(0x0000004194500000,0x0000004194600000)]
  0x00000211f9b7f410 JavaThread "File Watcher" daemon [_thread_blocked, id=6232, stack(0x0000004196000000,0x0000004196100000)]
  0x00000211f2694150 JavaThread "File Watcher" daemon [_thread_blocked, id=14576, stack(0x0000004195f00000,0x0000004196000000)]
  0x00000211f9b80d60 JavaThread "File Watcher" daemon [_thread_blocked, id=13908, stack(0x0000004196100000,0x0000004196200000)]
  0x00000211f2694660 JavaThread "File Watcher" daemon [_thread_blocked, id=8100, stack(0x0000004196500000,0x0000004196600000)]
  0x00000211f9b80850 JavaThread "File Watcher" daemon [_thread_blocked, id=8488, stack(0x0000004196600000,0x0000004196700000)]
  0x00000211f2694b70 JavaThread "File Watcher" daemon [_thread_blocked, id=10804, stack(0x0000004196700000,0x0000004196800000)]
  0x00000211fc3f9860 JavaThread "Thread-11" [_thread_blocked, id=7336, stack(0x0000004194300000,0x0000004194400000)]
  0x00000211fc3faca0 JavaThread "restartedMain" [_thread_blocked, id=880, stack(0x0000004196800000,0x0000004196900000)]
  0x00000211fc3fa280 JavaThread "Catalina-utility-1" [_thread_blocked, id=756, stack(0x0000004196a00000,0x0000004196b00000)]
  0x00000211fc3f6fe0 JavaThread "Catalina-utility-2" [_thread_blocked, id=2492, stack(0x0000004196b00000,0x0000004196c00000)]
  0x00000211fc3f7f10 JavaThread "container-9" [_thread_blocked, id=10964, stack(0x0000004196c00000,0x0000004196d00000)]
  0x00000211fc3f9d70 JavaThread "HikariPool-13 housekeeper" daemon [_thread_blocked, id=12116, stack(0x0000004196d00000,0x0000004196e00000)]
  0x00000211fc3f8420 JavaThread "HikariPool-13 connection adder" daemon [_thread_blocked, id=11160, stack(0x0000004196f00000,0x0000004197000000)]
  0x00000211fc3f6ad0 JavaThread "ClassGraph-worker-240" daemon [_thread_blocked, id=13848, stack(0x0000004196e00000,0x0000004196f00000)]
  0x00000211fc3f3d40 JavaThread "ClassGraph-worker-241" daemon [_thread_blocked, id=4184, stack(0x0000004197000000,0x0000004197100000)]
  0x00000211fc3fb6c0 JavaThread "ClassGraph-worker-242" daemon [_thread_blocked, id=12304, stack(0x0000004197100000,0x0000004197200000)]
  0x00000211fc3fb1b0 JavaThread "ClassGraph-worker-243" daemon [_thread_blocked, id=12364, stack(0x0000004197200000,0x0000004197300000)]
  0x00000211fc3f4250 JavaThread "ClassGraph-worker-244" daemon [_thread_blocked, id=10188, stack(0x0000004197300000,0x0000004197400000)]
  0x00000211fc3f74f0 JavaThread "ClassGraph-worker-245" daemon [_thread_blocked, id=7976, stack(0x0000004197400000,0x0000004197500000)]
  0x00000211fc3f4760 JavaThread "ClassGraph-worker-246" daemon [_thread_blocked, id=14432, stack(0x0000004197500000,0x0000004197600000)]
  0x00000211fc3f4c70 JavaThread "ClassGraph-worker-247" daemon [_thread_blocked, id=14300, stack(0x0000004197600000,0x0000004197700000)]

Other Threads:
=>0x00000211f24522c0 VMThread "VM Thread" [stack: 0x0000004194c00000,0x0000004194d00000] [id=8436]
  0x00000211d2c6a2d0 WatcherThread [stack: 0x0000004195a00000,0x0000004195b00000] [id=2156]
  0x00000211d2cc0f20 GCTaskThread "GC Thread#0" [stack: 0x0000004194700000,0x0000004194800000] [id=11100]
  0x00000211f76e0330 GCTaskThread "GC Thread#1" [stack: 0x0000004195b00000,0x0000004195c00000] [id=14012]
  0x00000211f79ea270 GCTaskThread "GC Thread#2" [stack: 0x0000004195c00000,0x0000004195d00000] [id=5612]
  0x00000211f7c1dcd0 GCTaskThread "GC Thread#3" [stack: 0x0000004195d00000,0x0000004195e00000] [id=13936]
  0x00000211d2cd1ab0 ConcurrentGCThread "G1 Main Marker" [stack: 0x0000004194800000,0x0000004194900000] [id=12776]
  0x00000211d2cd24c0 ConcurrentGCThread "G1 Conc#0" [stack: 0x0000004194900000,0x0000004194a00000] [id=7108]
  0x00000211f23100a0 ConcurrentGCThread "G1 Refine#0" [stack: 0x0000004194a00000,0x0000004194b00000] [id=7952]
  0x00000211f74b5790 ConcurrentGCThread "G1 Refine#1" [stack: 0x0000004195e00000,0x0000004195f00000] [id=7220]
  0x00000211f2311ae0 ConcurrentGCThread "G1 Service" [stack: 0x0000004194b00000,0x0000004194c00000] [id=8936]

Threads with active compile tasks:

VM state: at safepoint (normal execution)

VM Mutex/Monitor currently owned by a thread:  ([mutex/lock_event])
[0x00000211d2c63810] Threads_lock - owner thread: 0x00000211f24522c0
[0x00000211d2c63f60] Heap_lock - owner thread: 0x00000211fc3f6ad0

Heap address: 0x0000000081e00000, size: 2018 MB, Compressed Oops mode: 32-bit

CDS archive(s) mapped at: [0x0000021180000000-0x0000021180bd0000-0x0000021180bd0000), size 12386304, SharedBaseAddress: 0x0000021180000000, ArchiveRelocationMode: 1.
Compressed class space mapped at: 0x0000021181000000-0x00000211c1000000, reserved size: 1073741824
Narrow klass base: 0x0000021180000000, Narrow klass shift: 0, Narrow klass range: 0x100000000

GC Precious Log:
 CPUs: 4 total, 4 available
 Memory: 8067M
 Large Page Support: Disabled
 NUMA Support: Disabled
 Compressed Oops: Enabled (32-bit)
 Heap Region Size: 1M
 Heap Min Capacity: 8M
 Heap Initial Capacity: 128M
 Heap Max Capacity: 2018M
 Pre-touch: Disabled
 Parallel Workers: 4
 Concurrent Workers: 1
 Concurrent Refinement Workers: 4
 Periodic GC: Disabled

Heap:
 garbage-first heap   total 109568K, used 58449K [0x0000000081e00000, 0x0000000100000000)
  region size 1024K, 5 young (5120K), 5 survivors (5120K)
 Metaspace       used 75520K, committed 76288K, reserved 1179648K
  class space    used 9656K, committed 10048K, reserved 1048576K

Heap Regions: E=young(eden), S=young(survivor), O=old, HS=humongous(starts), HC=humongous(continues), CS=collection set, F=free, OA=open archive, CA=closed archive, TAMS=top-at-mark-start (previous, next)
|   0|0x0000000081e00000, 0x0000000081f00000, 0x0000000081f00000|100%|HS|  |TAMS 0x0000000081f00000, 0x0000000081e00000| Complete 
|   1|0x0000000081f00000, 0x0000000081ffffe8, 0x0000000082000000| 99%| O|  |TAMS 0x0000000081ffffe8, 0x0000000081f00000| Untracked 
|   2|0x0000000082000000, 0x0000000082100000, 0x0000000082100000|100%| O|  |TAMS 0x0000000082100000, 0x0000000082000000| Untracked 
|   3|0x0000000082100000, 0x00000000821ffff0, 0x0000000082200000| 99%| O|  |TAMS 0x00000000821ffff0, 0x0000000082100000| Untracked 
|   4|0x0000000082200000, 0x00000000822ffff8, 0x0000000082300000| 99%| O|  |TAMS 0x00000000822ffff8, 0x0000000082200000| Untracked 
|   5|0x0000000082300000, 0x00000000823ffff0, 0x0000000082400000| 99%| O|  |TAMS 0x00000000823ffff0, 0x0000000082300000| Untracked 
|   6|0x0000000082400000, 0x00000000824fffe0, 0x0000000082500000| 99%| O|  |TAMS 0x00000000824fffe0, 0x0000000082400000| Untracked 
|   7|0x0000000082500000, 0x00000000825ffb90, 0x0000000082600000| 99%| O|  |TAMS 0x00000000825ffb90, 0x0000000082500000| Untracked 
|   8|0x0000000082600000, 0x00000000826ffff0, 0x0000000082700000| 99%| O|  |TAMS 0x00000000826ffff0, 0x0000000082600000| Untracked 
|   9|0x0000000082700000, 0x00000000827fffd0, 0x0000000082800000| 99%| O|  |TAMS 0x00000000827fffd0, 0x0000000082700000| Untracked 
|  10|0x0000000082800000, 0x00000000828ffff8, 0x0000000082900000| 99%| O|  |TAMS 0x00000000828ffff8, 0x0000000082800000| Untracked 
|  11|0x0000000082900000, 0x00000000829ffff0, 0x0000000082a00000| 99%| O|  |TAMS 0x00000000829ffff0, 0x0000000082900000| Untracked 
|  12|0x0000000082a00000, 0x0000000082affff8, 0x0000000082b00000| 99%| O|  |TAMS 0x0000000082affff8, 0x0000000082a00000| Untracked 
|  13|0x0000000082b00000, 0x0000000082bfffd8, 0x0000000082c00000| 99%| O|  |TAMS 0x0000000082bfffd8, 0x0000000082b00000| Untracked 
|  14|0x0000000082c00000, 0x0000000082cffff0, 0x0000000082d00000| 99%| O|  |TAMS 0x0000000082cffff0, 0x0000000082c00000| Untracked 
|  15|0x0000000082d00000, 0x0000000082dfffe8, 0x0000000082e00000| 99%| O|  |TAMS 0x0000000082dfffe8, 0x0000000082d00000| Untracked 
|  16|0x0000000082e00000, 0x0000000082effff8, 0x0000000082f00000| 99%| O|  |TAMS 0x0000000082effff8, 0x0000000082e00000| Untracked 
|  17|0x0000000082f00000, 0x0000000082fffd48, 0x0000000083000000| 99%| O|  |TAMS 0x0000000082fffd48, 0x0000000082f00000| Untracked 
|  18|0x0000000083000000, 0x00000000830fffd0, 0x0000000083100000| 99%| O|  |TAMS 0x00000000830fffd0, 0x0000000083000000| Untracked 
|  19|0x0000000083100000, 0x00000000831fffc8, 0x0000000083200000| 99%| O|  |TAMS 0x00000000831fffc8, 0x0000000083100000| Untracked 
|  20|0x0000000083200000, 0x00000000832fffd8, 0x0000000083300000| 99%| O|  |TAMS 0x00000000832fffd8, 0x0000000083200000| Untracked 
|  21|0x0000000083300000, 0x0000000083347d90, 0x0000000083400000| 28%| O|  |TAMS 0x0000000083347d90, 0x0000000083300000| Untracked 
|  22|0x0000000083400000, 0x00000000834fffe8, 0x0000000083500000| 99%| O|  |TAMS 0x00000000834fffe8, 0x0000000083400000| Untracked 
|  23|0x0000000083500000, 0x0000000083600000, 0x0000000083600000|100%| O|  |TAMS 0x0000000083600000, 0x0000000083500000| Untracked 
|  24|0x0000000083600000, 0x00000000836fffe8, 0x0000000083700000| 99%| O|  |TAMS 0x00000000836fffe8, 0x0000000083600000| Untracked 
|  25|0x0000000083700000, 0x0000000083800000, 0x0000000083800000|100%| O|  |TAMS 0x0000000083700000, 0x0000000083700000| Untracked 
|  26|0x0000000083800000, 0x00000000838fffe0, 0x0000000083900000| 99%| O|  |TAMS 0x00000000838fffe0, 0x0000000083800000| Untracked 
|  27|0x0000000083900000, 0x00000000839ad398, 0x0000000083a00000| 67%| O|  |TAMS 0x00000000839ad398, 0x0000000083900000| Untracked 
|  28|0x0000000083a00000, 0x0000000083b00000, 0x0000000083b00000|100%| O|  |TAMS 0x0000000083b00000, 0x0000000083a00000| Untracked 
|  29|0x0000000083b00000, 0x0000000083bb6418, 0x0000000083c00000| 71%| O|  |TAMS 0x0000000083bb6418, 0x0000000083b00000| Untracked 
|  30|0x0000000083c00000, 0x0000000083cfc5a8, 0x0000000083d00000| 98%| O|  |TAMS 0x0000000083cfc5a8, 0x0000000083c00000| Untracked 
|  31|0x0000000083d00000, 0x0000000083e00000, 0x0000000083e00000|100%| O|  |TAMS 0x0000000083e00000, 0x0000000083d00000| Untracked 
|  32|0x0000000083e00000, 0x0000000083eff3b0, 0x0000000083f00000| 99%| O|  |TAMS 0x0000000083eff3b0, 0x0000000083e00000| Untracked 
|  33|0x0000000083f00000, 0x0000000084000000, 0x0000000084000000|100%| O|  |TAMS 0x0000000084000000, 0x0000000083f00000| Untracked 
|  34|0x0000000084000000, 0x0000000084100000, 0x0000000084100000|100%| O|  |TAMS 0x0000000084100000, 0x0000000084000000| Untracked 
|  35|0x0000000084100000, 0x0000000084200000, 0x0000000084200000|100%| O|  |TAMS 0x000000008410be00, 0x0000000084100000| Untracked 
|  36|0x0000000084200000, 0x0000000084300000, 0x0000000084300000|100%| O|  |TAMS 0x0000000084200000, 0x0000000084200000| Untracked 
|  37|0x0000000084300000, 0x0000000084400000, 0x0000000084400000|100%|HS|  |TAMS 0x0000000084300000, 0x0000000084300000| Complete 
|  38|0x0000000084400000, 0x0000000084500000, 0x0000000084500000|100%| O|  |TAMS 0x0000000084400000, 0x0000000084400000| Untracked 
|  39|0x0000000084500000, 0x0000000084600000, 0x0000000084600000|100%| O|  |TAMS 0x0000000084500000, 0x0000000084500000| Untracked 
|  40|0x0000000084600000, 0x0000000084700000, 0x0000000084700000|100%| O|  |TAMS 0x0000000084600000, 0x0000000084600000| Untracked 
|  41|0x0000000084700000, 0x0000000084800000, 0x0000000084800000|100%| O|  |TAMS 0x0000000084700000, 0x0000000084700000| Untracked 
|  42|0x0000000084800000, 0x0000000084900000, 0x0000000084900000|100%| O|  |TAMS 0x0000000084800000, 0x0000000084800000| Untracked 
|  43|0x0000000084900000, 0x0000000084a00000, 0x0000000084a00000|100%| O|  |TAMS 0x0000000084900000, 0x0000000084900000| Untracked 
|  44|0x0000000084a00000, 0x0000000084b00000, 0x0000000084b00000|100%| O|  |TAMS 0x0000000084a00000, 0x0000000084a00000| Untracked 
|  45|0x0000000084b00000, 0x0000000084c00000, 0x0000000084c00000|100%| O|  |TAMS 0x0000000084b00000, 0x0000000084b00000| Untracked 
|  46|0x0000000084c00000, 0x0000000084d00000, 0x0000000084d00000|100%| O|  |TAMS 0x0000000084c00000, 0x0000000084c00000| Untracked 
|  47|0x0000000084d00000, 0x0000000084e00000, 0x0000000084e00000|100%| O|  |TAMS 0x0000000084d00000, 0x0000000084d00000| Untracked 
|  48|0x0000000084e00000, 0x0000000084f00000, 0x0000000084f00000|100%| O|  |TAMS 0x0000000084e00000, 0x0000000084e00000| Untracked 
|  49|0x0000000084f00000, 0x0000000085000000, 0x0000000085000000|100%| O|  |TAMS 0x0000000084f00000, 0x0000000084f00000| Untracked 
|  50|0x0000000085000000, 0x0000000085100000, 0x0000000085100000|100%| O|  |TAMS 0x0000000085000000, 0x0000000085000000| Untracked 
|  51|0x0000000085100000, 0x0000000085200000, 0x0000000085200000|100%| O|  |TAMS 0x0000000085100000, 0x0000000085100000| Untracked 
|  52|0x0000000085200000, 0x0000000085300000, 0x0000000085300000|100%| O|  |TAMS 0x0000000085200000, 0x0000000085200000| Untracked 
|  53|0x0000000085300000, 0x000000008536e000, 0x0000000085400000| 42%| O|  |TAMS 0x0000000085300000, 0x0000000085300000| Untracked 
|  54|0x0000000085400000, 0x0000000085400000, 0x0000000085500000|  0%| F|  |TAMS 0x0000000085400000, 0x0000000085400000| Untracked 
|  55|0x0000000085500000, 0x0000000085500000, 0x0000000085600000|  0%| F|  |TAMS 0x0000000085500000, 0x0000000085500000| Untracked 
|  56|0x0000000085600000, 0x0000000085600000, 0x0000000085700000|  0%| F|  |TAMS 0x0000000085600000, 0x0000000085600000| Untracked 
|  57|0x0000000085700000, 0x0000000085700000, 0x0000000085800000|  0%| F|  |TAMS 0x0000000085700000, 0x0000000085700000| Untracked 
|  58|0x0000000085800000, 0x0000000085800000, 0x0000000085900000|  0%| F|  |TAMS 0x0000000085800000, 0x0000000085800000| Untracked 
|  59|0x0000000085900000, 0x0000000085900000, 0x0000000085a00000|  0%| F|  |TAMS 0x0000000085900000, 0x0000000085900000| Untracked 
|  60|0x0000000085a00000, 0x0000000085a00000, 0x0000000085b00000|  0%| F|  |TAMS 0x0000000085a00000, 0x0000000085a00000| Untracked 
|  61|0x0000000085b00000, 0x0000000085b00000, 0x0000000085c00000|  0%| F|  |TAMS 0x0000000085b00000, 0x0000000085b00000| Untracked 
|  62|0x0000000085c00000, 0x0000000085c00000, 0x0000000085d00000|  0%| F|  |TAMS 0x0000000085c00000, 0x0000000085c00000| Untracked 
|  63|0x0000000085d00000, 0x0000000085d00000, 0x0000000085e00000|  0%| F|  |TAMS 0x0000000085d00000, 0x0000000085d00000| Untracked 
|  64|0x0000000085e00000, 0x0000000085e00000, 0x0000000085f00000|  0%| F|  |TAMS 0x0000000085e00000, 0x0000000085e00000| Untracked 
|  65|0x0000000085f00000, 0x0000000085f00000, 0x0000000086000000|  0%| F|  |TAMS 0x0000000085f00000, 0x0000000085f00000| Untracked 
|  66|0x0000000086000000, 0x0000000086000000, 0x0000000086100000|  0%| F|  |TAMS 0x0000000086000000, 0x0000000086000000| Untracked 
|  67|0x0000000086100000, 0x0000000086100000, 0x0000000086200000|  0%| F|  |TAMS 0x0000000086100000, 0x0000000086100000| Untracked 
|  68|0x0000000086200000, 0x0000000086200000, 0x0000000086300000|  0%| F|  |TAMS 0x0000000086200000, 0x0000000086200000| Untracked 
|  69|0x0000000086300000, 0x0000000086300000, 0x0000000086400000|  0%| F|  |TAMS 0x0000000086300000, 0x0000000086300000| Untracked 
|  70|0x0000000086400000, 0x0000000086400000, 0x0000000086500000|  0%| F|  |TAMS 0x0000000086400000, 0x0000000086400000| Untracked 
|  71|0x0000000086500000, 0x0000000086500000, 0x0000000086600000|  0%| F|  |TAMS 0x0000000086500000, 0x0000000086500000| Untracked 
|  72|0x0000000086600000, 0x0000000086700000, 0x0000000086700000|100%| S|CS|TAMS 0x0000000086600000, 0x0000000086600000| Complete 
|  73|0x0000000086700000, 0x0000000086800000, 0x0000000086800000|100%| S|CS|TAMS 0x0000000086700000, 0x0000000086700000| Complete 
|  74|0x0000000086800000, 0x0000000086900000, 0x0000000086900000|100%| S|CS|TAMS 0x0000000086800000, 0x0000000086800000| Complete 
|  75|0x0000000086900000, 0x0000000086a00000, 0x0000000086a00000|100%| S|CS|TAMS 0x0000000086900000, 0x0000000086900000| Complete 
|  76|0x0000000086a00000, 0x0000000086b00000, 0x0000000086b00000|100%| S|CS|TAMS 0x0000000086a00000, 0x0000000086a00000| Complete 
|  77|0x0000000086b00000, 0x0000000086b00000, 0x0000000086c00000|  0%| F|  |TAMS 0x0000000086b00000, 0x0000000086b00000| Untracked 
|  78|0x0000000086c00000, 0x0000000086c00000, 0x0000000086d00000|  0%| F|  |TAMS 0x0000000086c00000, 0x0000000086c00000| Untracked 
|  79|0x0000000086d00000, 0x0000000086d00000, 0x0000000086e00000|  0%| F|  |TAMS 0x0000000086d00000, 0x0000000086d00000| Untracked 
|  80|0x0000000086e00000, 0x0000000086e00000, 0x0000000086f00000|  0%| F|  |TAMS 0x0000000086e00000, 0x0000000086e00000| Untracked 
|  81|0x0000000086f00000, 0x0000000086f00000, 0x0000000087000000|  0%| F|  |TAMS 0x0000000086f00000, 0x0000000086f00000| Untracked 
|  82|0x0000000087000000, 0x0000000087000000, 0x0000000087100000|  0%| F|  |TAMS 0x0000000087000000, 0x0000000087000000| Untracked 
|  83|0x0000000087100000, 0x0000000087100000, 0x0000000087200000|  0%| F|  |TAMS 0x0000000087100000, 0x0000000087100000| Untracked 
|  84|0x0000000087200000, 0x0000000087200000, 0x0000000087300000|  0%| F|  |TAMS 0x0000000087200000, 0x0000000087200000| Untracked 
|  85|0x0000000087300000, 0x0000000087300000, 0x0000000087400000|  0%| F|  |TAMS 0x0000000087300000, 0x0000000087300000| Untracked 
|  86|0x0000000087400000, 0x0000000087400000, 0x0000000087500000|  0%| F|  |TAMS 0x0000000087400000, 0x0000000087400000| Untracked 
|  87|0x0000000087500000, 0x0000000087500000, 0x0000000087600000|  0%| F|  |TAMS 0x0000000087500000, 0x0000000087500000| Untracked 
|  88|0x0000000087600000, 0x0000000087600000, 0x0000000087700000|  0%| F|  |TAMS 0x0000000087600000, 0x0000000087600000| Untracked 
|  89|0x0000000087700000, 0x0000000087700000, 0x0000000087800000|  0%| F|  |TAMS 0x0000000087700000, 0x0000000087700000| Untracked 
|  90|0x0000000087800000, 0x0000000087800000, 0x0000000087900000|  0%| F|  |TAMS 0x0000000087800000, 0x0000000087800000| Untracked 
|  91|0x0000000087900000, 0x0000000087900000, 0x0000000087a00000|  0%| F|  |TAMS 0x0000000087900000, 0x0000000087900000| Untracked 
|  92|0x0000000087a00000, 0x0000000087a00000, 0x0000000087b00000|  0%| F|  |TAMS 0x0000000087a00000, 0x0000000087a00000| Untracked 
|  93|0x0000000087b00000, 0x0000000087b00000, 0x0000000087c00000|  0%| F|  |TAMS 0x0000000087b00000, 0x0000000087b00000| Untracked 
|  94|0x0000000087c00000, 0x0000000087c00000, 0x0000000087d00000|  0%| F|  |TAMS 0x0000000087c00000, 0x0000000087c00000| Untracked 
|  95|0x0000000087d00000, 0x0000000087d00000, 0x0000000087e00000|  0%| F|  |TAMS 0x0000000087d00000, 0x0000000087d00000| Untracked 
|  96|0x0000000087e00000, 0x0000000087e00000, 0x0000000087f00000|  0%| F|  |TAMS 0x0000000087e00000, 0x0000000087e00000| Untracked 
|  97|0x0000000087f00000, 0x0000000087f00000, 0x0000000088000000|  0%| F|  |TAMS 0x0000000087f00000, 0x0000000087f00000| Untracked 
|  98|0x0000000088000000, 0x0000000088000000, 0x0000000088100000|  0%| F|  |TAMS 0x0000000088000000, 0x0000000088000000| Untracked 
|  99|0x0000000088100000, 0x0000000088100000, 0x0000000088200000|  0%| F|  |TAMS 0x0000000088100000, 0x0000000088100000| Untracked 
| 100|0x0000000088200000, 0x0000000088200000, 0x0000000088300000|  0%| F|  |TAMS 0x0000000088200000, 0x0000000088200000| Untracked 
| 101|0x0000000088300000, 0x0000000088300000, 0x0000000088400000|  0%| F|  |TAMS 0x0000000088300000, 0x0000000088300000| Untracked 
| 102|0x0000000088400000, 0x0000000088400000, 0x0000000088500000|  0%| F|  |TAMS 0x0000000088400000, 0x0000000088400000| Untracked 
| 103|0x0000000088500000, 0x0000000088500000, 0x0000000088600000|  0%| F|  |TAMS 0x0000000088500000, 0x0000000088500000| Untracked 
| 104|0x0000000088600000, 0x0000000088600000, 0x0000000088700000|  0%| F|  |TAMS 0x0000000088600000, 0x0000000088600000| Untracked 
| 105|0x0000000088700000, 0x0000000088700000, 0x0000000088800000|  0%| F|  |TAMS 0x0000000088700000, 0x0000000088700000| Untracked 
| 106|0x0000000088800000, 0x0000000088800000, 0x0000000088900000|  0%| F|  |TAMS 0x0000000088800000, 0x0000000088800000| Untracked 

Card table byte_map: [0x00000211eb740000,0x00000211ebb40000] _byte_map_base: 0x00000211eb331000

Marking Bits (Prev, Next): (CMBitMap*) 0x00000211d2cc1580, (CMBitMap*) 0x00000211d2cc1540
 Prev Bits: [0x00000211eded0000, 0x00000211efe58000)
 Next Bits: [0x00000211ebf40000, 0x00000211edec8000)

Polling page: 0x00000211d2a50000

Metaspace:

Usage:
  Non-class:     64.32 MB used.
      Class:      9.43 MB used.
       Both:     73.75 MB used.

Virtual space:
  Non-class space:      128.00 MB reserved,      64.69 MB ( 51%) committed,  2 nodes.
      Class space:        1.00 GB reserved,       9.81 MB ( <1%) committed,  1 nodes.
             Both:        1.12 GB reserved,      74.50 MB (  6%) committed. 

Chunk freelists:
   Non-Class:  15.07 MB
       Class:  6.09 MB
        Both:  21.17 MB

MaxMetaspaceSize: unlimited
CompressedClassSpaceSize: 1.00 GB
Initial GC threshold: 21.00 MB
Current GC threshold: 124.19 MB
CDS: on
MetaspaceReclaimPolicy: balanced
 - commit_granule_bytes: 65536.
 - commit_granule_words: 8192.
 - virtual_space_node_default_size: 8388608.
 - enlarge_chunks_in_place: 1.
 - new_chunks_are_fully_committed: 0.
 - uncommit_free_chunks: 1.
 - use_allocation_guard: 0.
 - handle_deallocations: 1.


Internal statistics:

num_allocs_failed_limit: 6.
num_arena_births: 1130.
num_arena_deaths: 260.
num_vsnodes_births: 3.
num_vsnodes_deaths: 0.
num_space_committed: 1192.
num_space_uncommitted: 0.
num_chunks_returned_to_freelist: 292.
num_chunks_taken_from_freelist: 4282.
num_chunk_merges: 93.
num_chunk_splits: 2852.
num_chunks_enlarged: 2048.
num_inconsistent_stats: 0.

CodeHeap 'non-profiled nmethods': size=120000Kb used=10913Kb max_used=11022Kb free=109086Kb
 bounds [0x00000211e37f0000, 0x00000211e42c0000, 0x00000211ead20000]
CodeHeap 'profiled nmethods': size=120000Kb used=18195Kb max_used=21065Kb free=101804Kb
 bounds [0x00000211dbd20000, 0x00000211dd1c0000, 0x00000211e3250000]
CodeHeap 'non-nmethods': size=5760Kb used=1341Kb max_used=1436Kb free=4418Kb
 bounds [0x00000211e3250000, 0x00000211e34c0000, 0x00000211e37f0000]
 total_blobs=11061 nmethods=10390 adapters=582
 compilation: enabled
              stopped_count=0, restarted_count=0
 full_count=0

Compilation events (20 events):
Event: 6228.503 Thread 0x00000211f2471f10 13608       4       nonapi.io.github.classgraph.concurrency.SingletonMap$SingletonHolder::<init> (5 bytes)
Event: 6228.507 Thread 0x00000211f2471f10 nmethod 13608 0x00000211e40d3710 code [0x00000211e40d38a0, 0x00000211e40d3bb8]
Event: 6228.509 Thread 0x00000211f2471f10 13609       4       java.util.ComparableTimSort::countRunAndMakeAscending (123 bytes)
Event: 6228.524 Thread 0x00000211f2471f10 nmethod 13609 0x00000211e38cd790 code [0x00000211e38cd960, 0x00000211e38ce378]
Event: 6228.534 Thread 0x00000211f2471f10 13610   !   4       nonapi.io.github.classgraph.fastzipfilereader.LogicalZipFile::getManifestValue (335 bytes)
Event: 6228.573 Thread 0x00000211f2471f10 nmethod 13610 0x00000211e3b23a90 code [0x00000211e3b23ca0, 0x00000211e3b25038]
Event: 6228.609 Thread 0x00000211f2471f10 13611       4       nonapi.io.github.classgraph.fileslice.Slice::hashCode (64 bytes)
Event: 6228.610 Thread 0x00000211f2471f10 nmethod 13611 0x00000211e4166210 code [0x00000211e4166380, 0x00000211e4166458]
Event: 6228.610 Thread 0x00000211f2471f10 13612       4       nonapi.io.github.classgraph.fileslice.FileSlice::hashCode (5 bytes)
Event: 6228.611 Thread 0x00000211f2471f10 nmethod 13612 0x00000211e417f190 code [0x00000211e417f300, 0x00000211e417f3d8]
Event: 6228.637 Thread 0x00000211f2471f10 13613       4       jdk.internal.misc.Unsafe::weakCompareAndSetReference (11 bytes)
Event: 6228.639 Thread 0x00000211f2471f10 nmethod 13613 0x00000211e4280a90 code [0x00000211e4280c00, 0x00000211e4280d58]
Event: 6228.760 Thread 0x00000211f2476db0 13614       3       java.net.URI::toURL (5 bytes)
Event: 6228.760 Thread 0x00000211f2476db0 nmethod 13614 0x00000211dbdaea90 code [0x00000211dbdaec20, 0x00000211dbdaed48]
Event: 6228.762 Thread 0x00000211f2476db0 13615       3       org.webjars.WebJarAssetLocator::lambda$webJarResources$0 (26 bytes)
Event: 6228.763 Thread 0x00000211f2476db0 nmethod 13615 0x00000211dbdf2d90 code [0x00000211dbdf3000, 0x00000211dbdf3c98]
Event: 6228.763 Thread 0x00000211f2471f10 13616       4       io.github.classgraph.PotentiallyUnmodifiableList$1::next (10 bytes)
Event: 6228.764 Thread 0x00000211f2471f10 nmethod 13616 0x00000211e4229610 code [0x00000211e4229780, 0x00000211e4229818]
Event: 6228.775 Thread 0x00000211f2476db0 13617       3       java.util.concurrent.ConcurrentHashMap$CollectionView::toArray (145 bytes)
Event: 6228.776 Thread 0x00000211f2476db0 nmethod 13617 0x00000211dbf16390 code [0x00000211dbf16600, 0x00000211dbf17258]

GC Heap History (20 events):
Event: 6220.487 GC heap after
{Heap after GC invocations=85 (full 2):
 garbage-first heap   total 138240K, used 83995K [0x0000000081e00000, 0x0000000100000000)
  region size 1024K, 3 young (3072K), 3 survivors (3072K)
 Metaspace       used 74805K, committed 75584K, reserved 1179648K
  class space    used 9599K, committed 9984K, reserved 1048576K
}
Event: 6220.502 GC heap before
{Heap before GC invocations=85 (full 2):
 garbage-first heap   total 138240K, used 86043K [0x0000000081e00000, 0x0000000100000000)
  region size 1024K, 6 young (6144K), 3 survivors (3072K)
 Metaspace       used 74805K, committed 75584K, reserved 1179648K
  class space    used 9599K, committed 9984K, reserved 1048576K
}
Event: 6220.505 GC heap after
{Heap after GC invocations=86 (full 2):
 garbage-first heap   total 138240K, used 83419K [0x0000000081e00000, 0x0000000100000000)
  region size 1024K, 1 young (1024K), 1 survivors (1024K)
 Metaspace       used 74805K, committed 75584K, reserved 1179648K
  class space    used 9599K, committed 9984K, reserved 1048576K
}
Event: 6220.588 GC heap before
{Heap before GC invocations=86 (full 2):
 garbage-first heap   total 138240K, used 104923K [0x0000000081e00000, 0x0000000100000000)
  region size 1024K, 23 young (23552K), 1 survivors (1024K)
 Metaspace       used 74806K, committed 75584K, reserved 1179648K
  class space    used 9599K, committed 9984K, reserved 1048576K
}
Event: 6220.597 GC heap after
{Heap after GC invocations=87 (full 2):
 garbage-first heap   total 279552K, used 89819K [0x0000000081e00000, 0x0000000100000000)
  region size 1024K, 3 young (3072K), 3 survivors (3072K)
 Metaspace       used 74806K, committed 75584K, reserved 1179648K
  class space    used 9599K, committed 9984K, reserved 1048576K
}
Event: 6224.490 GC heap before
{Heap before GC invocations=87 (full 2):
 garbage-first heap   total 279552K, used 156379K [0x0000000081e00000, 0x0000000100000000)
  region size 1024K, 69 young (70656K), 3 survivors (3072K)
 Metaspace       used 74898K, committed 75712K, reserved 1179648K
  class space    used 9607K, committed 9984K, reserved 1048576K
}
Event: 6224.592 GC heap after
{Heap after GC invocations=88 (full 3):
 garbage-first heap   total 109568K, used 31385K [0x0000000081e00000, 0x0000000100000000)
  region size 1024K, 0 young (0K), 0 survivors (0K)
 Metaspace       used 74882K, committed 75712K, reserved 1179648K
  class space    used 9604K, committed 9984K, reserved 1048576K
}
Event: 6225.462 GC heap before
{Heap before GC invocations=88 (full 3):
 garbage-first heap   total 109568K, used 68249K [0x0000000081e00000, 0x0000000100000000)
  region size 1024K, 37 young (37888K), 0 survivors (0K)
 Metaspace       used 75111K, committed 75904K, reserved 1179648K
  class space    used 9628K, committed 9984K, reserved 1048576K
}
Event: 6225.469 GC heap after
{Heap after GC invocations=89 (full 3):
 garbage-first heap   total 109568K, used 34848K [0x0000000081e00000, 0x0000000100000000)
  region size 1024K, 4 young (4096K), 4 survivors (4096K)
 Metaspace       used 75111K, committed 75904K, reserved 1179648K
  class space    used 9628K, committed 9984K, reserved 1048576K
}
Event: 6226.767 GC heap before
{Heap before GC invocations=90 (full 3):
 garbage-first heap   total 109568K, used 72736K [0x0000000081e00000, 0x0000000100000000)
  region size 1024K, 41 young (41984K), 4 survivors (4096K)
 Metaspace       used 75399K, committed 76224K, reserved 1179648K
  class space    used 9643K, committed 10048K, reserved 1048576K
}
Event: 6226.773 GC heap after
{Heap after GC invocations=91 (full 3):
 garbage-first heap   total 109568K, used 37169K [0x0000000081e00000, 0x0000000100000000)
  region size 1024K, 3 young (3072K), 3 survivors (3072K)
 Metaspace       used 75399K, committed 76224K, reserved 1179648K
  class space    used 9643K, committed 10048K, reserved 1048576K
}
Event: 6227.176 GC heap before
{Heap before GC invocations=91 (full 3):
 garbage-first heap   total 109568K, used 68913K [0x0000000081e00000, 0x0000000100000000)
  region size 1024K, 35 young (35840K), 3 survivors (3072K)
 Metaspace       used 75506K, committed 76288K, reserved 1179648K
  class space    used 9654K, committed 10048K, reserved 1048576K
}
Event: 6227.181 GC heap after
{Heap after GC invocations=92 (full 3):
 garbage-first heap   total 109568K, used 38600K [0x0000000081e00000, 0x0000000100000000)
  region size 1024K, 4 young (4096K), 4 survivors (4096K)
 Metaspace       used 75506K, committed 76288K, reserved 1179648K
  class space    used 9654K, committed 10048K, reserved 1048576K
}
Event: 6227.659 GC heap before
{Heap before GC invocations=93 (full 3):
 garbage-first heap   total 109568K, used 79560K [0x0000000081e00000, 0x0000000100000000)
  region size 1024K, 43 young (44032K), 4 survivors (4096K)
 Metaspace       used 75507K, committed 76288K, reserved 1179648K
  class space    used 9654K, committed 10048K, reserved 1048576K
}
Event: 6227.664 GC heap after
{Heap after GC invocations=94 (full 3):
 garbage-first heap   total 109568K, used 39828K [0x0000000081e00000, 0x0000000100000000)
  region size 1024K, 2 young (2048K), 2 survivors (2048K)
 Metaspace       used 75507K, committed 76288K, reserved 1179648K
  class space    used 9654K, committed 10048K, reserved 1048576K
}
Event: 6227.668 GC heap before
{Heap before GC invocations=94 (full 3):
 garbage-first heap   total 109568K, used 42900K [0x0000000081e00000, 0x0000000100000000)
  region size 1024K, 5 young (5120K), 2 survivors (2048K)
 Metaspace       used 75507K, committed 76288K, reserved 1179648K
  class space    used 9654K, committed 10048K, reserved 1048576K
}
Event: 6227.682 GC heap after
{Heap after GC invocations=95 (full 3):
 garbage-first heap   total 109568K, used 39543K [0x0000000081e00000, 0x0000000100000000)
  region size 1024K, 1 young (1024K), 1 survivors (1024K)
 Metaspace       used 75507K, committed 76288K, reserved 1179648K
  class space    used 9654K, committed 10048K, reserved 1048576K
}
Event: 6228.492 GC heap before
{Heap before GC invocations=95 (full 3):
 garbage-first heap   total 109568K, used 82551K [0x0000000081e00000, 0x0000000100000000)
  region size 1024K, 44 young (45056K), 1 survivors (1024K)
 Metaspace       used 75510K, committed 76288K, reserved 1179648K
  class space    used 9654K, committed 10048K, reserved 1048576K
}
Event: 6228.503 GC heap after
{Heap after GC invocations=96 (full 3):
 garbage-first heap   total 109568K, used 50368K [0x0000000081e00000, 0x0000000100000000)
  region size 1024K, 6 young (6144K), 6 survivors (6144K)
 Metaspace       used 75510K, committed 76288K, reserved 1179648K
  class space    used 9654K, committed 10048K, reserved 1048576K
}
Event: 6228.833 GC heap before
{Heap before GC invocations=96 (full 3):
 garbage-first heap   total 109568K, used 80064K [0x0000000081e00000, 0x0000000100000000)
  region size 1024K, 36 young (36864K), 6 survivors (6144K)
 Metaspace       used 75520K, committed 76288K, reserved 1179648K
  class space    used 9656K, committed 10048K, reserved 1048576K
}

Deoptimization events (20 events):
Event: 6226.721 Thread 0x00000211fc3faca0 Uncommon trap: trap_request=0xffffffde fr.pc=0x00000211e4294604 relative=0x00000000000001e4
Event: 6226.721 Thread 0x00000211fc3faca0 Uncommon trap: reason=class_check action=maybe_recompile pc=0x00000211e4294604 method=java.util.Optional.filter(Ljava/util/function/Predicate;)Ljava/util/Optional; @ 19 c2
Event: 6226.721 Thread 0x00000211fc3faca0 DEOPT PACKING pc=0x00000211e4294604 sp=0x00000041968fbaf0
Event: 6226.721 Thread 0x00000211fc3faca0 DEOPT UNPACKING pc=0x00000211e32a23a3 sp=0x00000041968fba98 mode 2
Event: 6226.766 Thread 0x00000211fc3faca0 Uncommon trap: trap_request=0xffffffde fr.pc=0x00000211e429b8bc relative=0x00000000000004fc
Event: 6226.766 Thread 0x00000211fc3faca0 Uncommon trap: reason=class_check action=maybe_recompile pc=0x00000211e429b8bc method=org.springframework.data.util.Streamable.stream()Ljava/util/stream/Stream; @ 1 c2
Event: 6226.766 Thread 0x00000211fc3faca0 DEOPT PACKING pc=0x00000211e429b8bc sp=0x00000041968fb900
Event: 6226.766 Thread 0x00000211fc3faca0 DEOPT UNPACKING pc=0x00000211e32a23a3 sp=0x00000041968fb8e0 mode 2
Event: 6226.766 Thread 0x00000211fc3faca0 Uncommon trap: trap_request=0xffffffde fr.pc=0x00000211e429b8bc relative=0x00000000000004fc
Event: 6226.766 Thread 0x00000211fc3faca0 Uncommon trap: reason=class_check action=maybe_recompile pc=0x00000211e429b8bc method=org.springframework.data.util.Streamable.stream()Ljava/util/stream/Stream; @ 1 c2
Event: 6226.766 Thread 0x00000211fc3faca0 DEOPT PACKING pc=0x00000211e429b8bc sp=0x00000041968fb790
Event: 6226.766 Thread 0x00000211fc3faca0 DEOPT UNPACKING pc=0x00000211e32a23a3 sp=0x00000041968fb770 mode 2
Event: 6226.766 Thread 0x00000211fc3faca0 Uncommon trap: trap_request=0xffffffde fr.pc=0x00000211e429b8bc relative=0x00000000000004fc
Event: 6226.766 Thread 0x00000211fc3faca0 Uncommon trap: reason=class_check action=maybe_recompile pc=0x00000211e429b8bc method=org.springframework.data.util.Streamable.stream()Ljava/util/stream/Stream; @ 1 c2
Event: 6226.766 Thread 0x00000211fc3faca0 DEOPT PACKING pc=0x00000211e429b8bc sp=0x00000041968fb7a0
Event: 6226.766 Thread 0x00000211fc3faca0 DEOPT UNPACKING pc=0x00000211e32a23a3 sp=0x00000041968fb780 mode 2
Event: 6226.767 Thread 0x00000211fc3faca0 Uncommon trap: trap_request=0xffffffde fr.pc=0x00000211e429b8bc relative=0x00000000000004fc
Event: 6226.767 Thread 0x00000211fc3faca0 Uncommon trap: reason=class_check action=maybe_recompile pc=0x00000211e429b8bc method=org.springframework.data.util.Streamable.stream()Ljava/util/stream/Stream; @ 1 c2
Event: 6226.767 Thread 0x00000211fc3faca0 DEOPT PACKING pc=0x00000211e429b8bc sp=0x00000041968fb810
Event: 6226.767 Thread 0x00000211fc3faca0 DEOPT UNPACKING pc=0x00000211e32a23a3 sp=0x00000041968fb7f0 mode 2

Classes unloaded (20 events):
Event: 6220.315 Thread 0x00000211f24522c0 Unloading class 0x000002118194cc00 'java/lang/invoke/LambdaForm$MH+0x000002118194cc00'
Event: 6220.315 Thread 0x00000211f24522c0 Unloading class 0x000002118194c800 'java/lang/invoke/LambdaForm$MH+0x000002118194c800'
Event: 6220.315 Thread 0x00000211f24522c0 Unloading class 0x0000021181760000 'java/lang/invoke/LambdaForm$MH+0x0000021181760000'
Event: 6220.315 Thread 0x00000211f24522c0 Unloading class 0x0000021181426400 'java/lang/invoke/LambdaForm$MH+0x0000021181426400'
Event: 6220.315 Thread 0x00000211f24522c0 Unloading class 0x0000021181426000 'java/lang/invoke/LambdaForm$MH+0x0000021181426000'
Event: 6220.315 Thread 0x00000211f24522c0 Unloading class 0x0000021181425c00 'java/lang/invoke/LambdaForm$MH+0x0000021181425c00'
Event: 6220.315 Thread 0x00000211f24522c0 Unloading class 0x0000021181425800 'java/lang/invoke/LambdaForm$MH+0x0000021181425800'
Event: 6220.315 Thread 0x00000211f24522c0 Unloading class 0x0000021181425400 'java/lang/invoke/LambdaForm$MH+0x0000021181425400'
Event: 6220.315 Thread 0x00000211f24522c0 Unloading class 0x0000021181425000 'java/lang/invoke/LambdaForm$MH+0x0000021181425000'
Event: 6220.315 Thread 0x00000211f24522c0 Unloading class 0x0000021181424c00 'java/lang/invoke/LambdaForm$MH+0x0000021181424c00'
Event: 6220.315 Thread 0x00000211f24522c0 Unloading class 0x0000021181424800 'java/lang/invoke/LambdaForm$MH+0x0000021181424800'
Event: 6220.315 Thread 0x00000211f24522c0 Unloading class 0x0000021181424400 'java/lang/invoke/LambdaForm$MH+0x0000021181424400'
Event: 6220.315 Thread 0x00000211f24522c0 Unloading class 0x0000021181424000 'java/lang/invoke/LambdaForm$MH+0x0000021181424000'
Event: 6220.315 Thread 0x00000211f24522c0 Unloading class 0x0000021181333400 'java/lang/invoke/LambdaForm$MH+0x0000021181333400'
Event: 6224.512 Thread 0x00000211f24522c0 Unloading class 0x00000211819b4c00 'org/apache/catalina/loader/JdbcLeakPrevention'
Event: 6224.512 Thread 0x00000211f24522c0 Unloading class 0x0000021181999000 'org/apache/catalina/loader/JdbcLeakPrevention'
Event: 6224.512 Thread 0x00000211f24522c0 Unloading class 0x0000021181981c00 'org/apache/catalina/loader/JdbcLeakPrevention'
Event: 6224.512 Thread 0x00000211f24522c0 Unloading class 0x0000021181971000 'org/apache/catalina/loader/JdbcLeakPrevention'
Event: 6224.512 Thread 0x00000211f24522c0 Unloading class 0x000002118195a800 'org/apache/catalina/loader/JdbcLeakPrevention'
Event: 6224.512 Thread 0x00000211f24522c0 Unloading class 0x0000021181438800 'org/apache/catalina/loader/JdbcLeakPrevention'

Classes redefined (0 events):
No events

Internal exceptions (20 events):
Event: 6228.804 Thread 0x00000211fc3f6ad0 Exception <a 'sun/nio/fs/WindowsException'{0x0000000086bcd628}> (0x0000000086bcd628) 
thrown [s\open\src\hotspot\share\prims\jni.cpp, line 516]
Event: 6228.804 Thread 0x00000211fc3f6ad0 Exception <a 'sun/nio/fs/WindowsException'{0x0000000086bcd968}> (0x0000000086bcd968) 
thrown [s\open\src\hotspot\share\prims\jni.cpp, line 516]
Event: 6228.804 Thread 0x00000211fc3f6ad0 Exception <a 'sun/nio/fs/WindowsException'{0x0000000086bce310}> (0x0000000086bce310) 
thrown [s\open\src\hotspot\share\prims\jni.cpp, line 516]
Event: 6228.804 Thread 0x00000211fc3f6ad0 Exception <a 'sun/nio/fs/WindowsException'{0x0000000086bce688}> (0x0000000086bce688) 
thrown [s\open\src\hotspot\share\prims\jni.cpp, line 516]
Event: 6228.804 Thread 0x00000211fc3f6ad0 Exception <a 'sun/nio/fs/WindowsException'{0x0000000086bcf008}> (0x0000000086bcf008) 
thrown [s\open\src\hotspot\share\prims\jni.cpp, line 516]
Event: 6228.804 Thread 0x00000211fc3f6ad0 Exception <a 'sun/nio/fs/WindowsException'{0x0000000086bcf350}> (0x0000000086bcf350) 
thrown [s\open\src\hotspot\share\prims\jni.cpp, line 516]
Event: 6228.804 Thread 0x00000211fc3f6ad0 Exception <a 'sun/nio/fs/WindowsException'{0x0000000086bcfca8}> (0x0000000086bcfca8) 
thrown [s\open\src\hotspot\share\prims\jni.cpp, line 516]
Event: 6228.804 Thread 0x00000211fc3f6ad0 Exception <a 'sun/nio/fs/WindowsException'{0x0000000086bcffb8}> (0x0000000086bcffb8) 
thrown [s\open\src\hotspot\share\prims\jni.cpp, line 516]
Event: 6228.804 Thread 0x00000211fc3f6ad0 Exception <a 'sun/nio/fs/WindowsException'{0x0000000086bd0bb0}> (0x0000000086bd0bb0) 
thrown [s\open\src\hotspot\share\prims\jni.cpp, line 516]
Event: 6228.805 Thread 0x00000211fc3f6ad0 Exception <a 'sun/nio/fs/WindowsException'{0x0000000086bd0ed8}> (0x0000000086bd0ed8) 
thrown [s\open\src\hotspot\share\prims\jni.cpp, line 516]
Event: 6228.805 Thread 0x00000211fc3f6ad0 Exception <a 'sun/nio/fs/WindowsException'{0x0000000086bd1830}> (0x0000000086bd1830) 
thrown [s\open\src\hotspot\share\prims\jni.cpp, line 516]
Event: 6228.805 Thread 0x00000211fc3f6ad0 Exception <a 'sun/nio/fs/WindowsException'{0x0000000086bd1b48}> (0x0000000086bd1b48) 
thrown [s\open\src\hotspot\share\prims\jni.cpp, line 516]
Event: 6228.805 Thread 0x00000211fc3f6ad0 Exception <a 'sun/nio/fs/WindowsException'{0x0000000086bd24b0}> (0x0000000086bd24b0) 
thrown [s\open\src\hotspot\share\prims\jni.cpp, line 516]
Event: 6228.805 Thread 0x00000211fc3f6ad0 Exception <a 'sun/nio/fs/WindowsException'{0x0000000086bd27d8}> (0x0000000086bd27d8) 
thrown [s\open\src\hotspot\share\prims\jni.cpp, line 516]
Event: 6228.805 Thread 0x00000211fc3f6ad0 Exception <a 'sun/nio/fs/WindowsException'{0x0000000086bd3158}> (0x0000000086bd3158) 
thrown [s\open\src\hotspot\share\prims\jni.cpp, line 516]
Event: 6228.805 Thread 0x00000211fc3f6ad0 Exception <a 'sun/nio/fs/WindowsException'{0x0000000086bd34a0}> (0x0000000086bd34a0) 
thrown [s\open\src\hotspot\share\prims\jni.cpp, line 516]
Event: 6228.805 Thread 0x00000211fc3f6ad0 Exception <a 'sun/nio/fs/WindowsException'{0x0000000086bd3e38}> (0x0000000086bd3e38) 
thrown [s\open\src\hotspot\share\prims\jni.cpp, line 516]
Event: 6228.805 Thread 0x00000211fc3f6ad0 Exception <a 'sun/nio/fs/WindowsException'{0x0000000086bd4198}> (0x0000000086bd4198) 
thrown [s\open\src\hotspot\share\prims\jni.cpp, line 516]
Event: 6228.805 Thread 0x00000211fc3f6ad0 Exception <a 'sun/nio/fs/WindowsException'{0x0000000086bd4b28}> (0x0000000086bd4b28) 
thrown [s\open\src\hotspot\share\prims\jni.cpp, line 516]
Event: 6228.805 Thread 0x00000211fc3f6ad0 Exception <a 'sun/nio/fs/WindowsException'{0x0000000086bd4e80}> (0x0000000086bd4e80) 
thrown [s\open\src\hotspot\share\prims\jni.cpp, line 516]

VM Operations (20 events):
Event: 6226.986 Executing VM operation: HandshakeAllThreads done
Event: 6227.176 Executing VM operation: G1TryInitiateConcMark
Event: 6227.185 Executing VM operation: G1TryInitiateConcMark done
Event: 6227.287 Executing VM operation: G1Concurrent
Event: 6227.338 Executing VM operation: G1Concurrent done
Event: 6227.387 Executing VM operation: G1Concurrent
Event: 6227.387 Executing VM operation: G1Concurrent done
Event: 6227.449 Executing VM operation: HandshakeAllThreads
Event: 6227.449 Executing VM operation: HandshakeAllThreads done
Event: 6227.659 Executing VM operation: G1CollectForAllocation
Event: 6227.664 Executing VM operation: G1CollectForAllocation done
Event: 6227.668 Executing VM operation: G1CollectForAllocation
Event: 6227.682 Executing VM operation: G1CollectForAllocation done
Event: 6228.486 Executing VM operation: G1CollectForAllocation
Event: 6228.486 Executing VM operation: G1CollectForAllocation done
Event: 6228.492 Executing VM operation: G1CollectForAllocation
Event: 6228.503 Executing VM operation: G1CollectForAllocation done
Event: 6228.573 Executing VM operation: HandshakeAllThreads
Event: 6228.573 Executing VM operation: HandshakeAllThreads done
Event: 6228.817 Executing VM operation: G1CollectForAllocation

Events (20 events):
Event: 6228.767 Thread 0x00000211fc3f4250 Thread added: 0x00000211fc3f4250
Event: 6228.767 Thread 0x00000211fc3f3d40 Thread added: 0x00000211fc3f3d40
Event: 6228.767 Thread 0x00000211fc3f4760 Thread added: 0x00000211fc3f4760
Event: 6228.767 Thread 0x00000211fc3f8e40 Thread added: 0x00000211fc3f8e40
Event: 6228.774 Thread 0x00000211fc3f4760 Thread exited: 0x00000211fc3f4760
Event: 6228.774 Thread 0x00000211fc3f3d40 Thread exited: 0x00000211fc3f3d40
Event: 6228.774 Thread 0x00000211fc3f60b0 Thread exited: 0x00000211fc3f60b0
Event: 6228.774 Thread 0x00000211fc3f8e40 Thread exited: 0x00000211fc3f8e40
Event: 6228.774 Thread 0x00000211fc3f7a00 Thread exited: 0x00000211fc3f7a00
Event: 6228.774 Thread 0x00000211fc3f4c70 Thread exited: 0x00000211fc3f4c70
Event: 6228.774 Thread 0x00000211fc3f4250 Thread exited: 0x00000211fc3f4250
Event: 6228.775 Thread 0x00000211fc3fb1b0 Thread exited: 0x00000211fc3fb1b0
Event: 6228.788 Thread 0x00000211fc3f6ad0 Thread added: 0x00000211fc3f6ad0
Event: 6228.801 Thread 0x00000211fc3f3d40 Thread added: 0x00000211fc3f3d40
Event: 6228.801 Thread 0x00000211fc3fb6c0 Thread added: 0x00000211fc3fb6c0
Event: 6228.802 Thread 0x00000211fc3fb1b0 Thread added: 0x00000211fc3fb1b0
Event: 6228.802 Thread 0x00000211fc3f4250 Thread added: 0x00000211fc3f4250
Event: 6228.802 Thread 0x00000211fc3f74f0 Thread added: 0x00000211fc3f74f0
Event: 6228.802 Thread 0x00000211fc3f4760 Thread added: 0x00000211fc3f4760
Event: 6228.802 Thread 0x00000211fc3f4c70 Thread added: 0x00000211fc3f4c70


Dynamic libraries:
0x00007ff74a860000 - 0x00007ff74a870000 	C:\Program Files\Java\jdk-17\bin\java.exe
0x00007ffd9f530000 - 0x00007ffd9f728000 	C:\Windows\SYSTEM32\ntdll.dll
0x00007ffd9eec0000 - 0x00007ffd9ef7d000 	C:\Windows\System32\KERNEL32.DLL
0x00007ffd9cf70000 - 0x00007ffd9d266000 	C:\Windows\System32\KERNELBASE.dll
0x00007ffd9ce10000 - 0x00007ffd9cf10000 	C:\Windows\System32\ucrtbase.dll
0x00007ffd95090000 - 0x00007ffd950a9000 	C:\Program Files\Java\jdk-17\bin\jli.dll
0x00007ffd9e0b0000 - 0x00007ffd9e160000 	C:\Windows\System32\ADVAPI32.dll
0x00007ffd9f450000 - 0x00007ffd9f4ee000 	C:\Windows\System32\msvcrt.dll
0x00007ffd9f210000 - 0x00007ffd9f2b0000 	C:\Windows\System32\sechost.dll
0x00007ffd95070000 - 0x00007ffd9508b000 	C:\Program Files\Java\jdk-17\bin\VCRUNTIME140.dll
0x00007ffd9f000000 - 0x00007ffd9f123000 	C:\Windows\System32\RPCRT4.dll
0x00007ffd9cf40000 - 0x00007ffd9cf67000 	C:\Windows\System32\bcrypt.dll
0x00007ffd9d560000 - 0x00007ffd9d6ff000 	C:\Windows\System32\USER32.dll
0x00007ffd9cf10000 - 0x00007ffd9cf32000 	C:\Windows\System32\win32u.dll
0x00007ffd9f130000 - 0x00007ffd9f15b000 	C:\Windows\System32\GDI32.dll
0x00007ffd9ccf0000 - 0x00007ffd9ce07000 	C:\Windows\System32\gdi32full.dll
0x00007ffd89450000 - 0x00007ffd896ea000 	C:\Windows\WinSxS\amd64_microsoft.windows.common-controls_6595b64144ccf1df_6.0.19041.4355_none_60b8b9eb71f62e16\COMCTL32.dll
0x00007ffd9cbe0000 - 0x00007ffd9cc7d000 	C:\Windows\System32\msvcp_win.dll
0x00007ffd95b40000 - 0x00007ffd95b4a000 	C:\Windows\SYSTEM32\VERSION.dll
0x00007ffd9e5e0000 - 0x00007ffd9e612000 	C:\Windows\System32\IMM32.DLL
0x00007ffd966b0000 - 0x00007ffd966bc000 	C:\Program Files\Java\jdk-17\bin\vcruntime140_1.dll
0x00007ffd94b20000 - 0x00007ffd94bae000 	C:\Program Files\Java\jdk-17\bin\msvcp140.dll
0x00007ffd102b0000 - 0x00007ffd10e8f000 	C:\Program Files\Java\jdk-17\bin\server\jvm.dll
0x00007ffd9d930000 - 0x00007ffd9d938000 	C:\Windows\System32\PSAPI.DLL
0x00007ffd805c0000 - 0x00007ffd805c9000 	C:\Windows\SYSTEM32\WSOCK32.dll
0x00007ffd9e4c0000 - 0x00007ffd9e52b000 	C:\Windows\System32\WS2_32.dll
0x00007ffd884b0000 - 0x00007ffd884d7000 	C:\Windows\SYSTEM32\WINMM.dll
0x00007ffd9b440000 - 0x00007ffd9b452000 	C:\Windows\SYSTEM32\kernel.appcore.dll
0x00007ffd966a0000 - 0x00007ffd966aa000 	C:\Program Files\Java\jdk-17\bin\jimage.dll
0x00007ffd9b0f0000 - 0x00007ffd9b2d4000 	C:\Windows\SYSTEM32\DBGHELP.DLL
0x00007ffd701d0000 - 0x00007ffd70204000 	C:\Windows\SYSTEM32\dbgcore.DLL
0x00007ffd9d2c0000 - 0x00007ffd9d342000 	C:\Windows\System32\bcryptPrimitives.dll
0x00007ffd8ca90000 - 0x00007ffd8ca9e000 	C:\Program Files\Java\jdk-17\bin\instrument.dll
0x00007ffd96670000 - 0x00007ffd96695000 	C:\Program Files\Java\jdk-17\bin\java.dll
0x00007ffd4f0f0000 - 0x00007ffd4f1c7000 	C:\Program Files\Java\jdk-17\bin\jsvml.dll
0x00007ffd9d940000 - 0x00007ffd9e0ab000 	C:\Windows\System32\SHELL32.dll
0x00007ffd9a880000 - 0x00007ffd9b01d000 	C:\Windows\SYSTEM32\windows.storage.dll
0x00007ffd9e160000 - 0x00007ffd9e4b3000 	C:\Windows\System32\combase.dll
0x00007ffd9c600000 - 0x00007ffd9c62e000 	C:\Windows\SYSTEM32\Wldp.dll
0x00007ffd9e970000 - 0x00007ffd9ea3d000 	C:\Windows\System32\OLEAUT32.dll
0x00007ffd9e530000 - 0x00007ffd9e5dd000 	C:\Windows\System32\SHCORE.dll
0x00007ffd9efa0000 - 0x00007ffd9eff5000 	C:\Windows\System32\shlwapi.dll
0x00007ffd9cb10000 - 0x00007ffd9cb34000 	C:\Windows\SYSTEM32\profapi.dll
0x00007ffd6a3f0000 - 0x00007ffd6a408000 	C:\Program Files\Java\jdk-17\bin\zip.dll
0x00007ffd950c0000 - 0x00007ffd950d9000 	C:\Program Files\Java\jdk-17\bin\net.dll
0x00007ffd8c860000 - 0x00007ffd8c96a000 	C:\Windows\SYSTEM32\WINHTTP.dll
0x00007ffd9c360000 - 0x00007ffd9c3ca000 	C:\Windows\system32\mswsock.dll
0x00007ffd94b00000 - 0x00007ffd94b16000 	C:\Program Files\Java\jdk-17\bin\nio.dll
0x00007ffd87a80000 - 0x00007ffd87a9a000 	C:\Program Files\JetBrains\IntelliJ IDEA Community Edition 2024.1.1\bin\breakgen64.dll
0x00007ffd892d0000 - 0x00007ffd892da000 	C:\Program Files\Java\jdk-17\bin\management.dll
0x00007ffd88620000 - 0x00007ffd8862b000 	C:\Program Files\Java\jdk-17\bin\management_ext.dll
0x00007ffd94af0000 - 0x00007ffd94b00000 	C:\Program Files\Java\jdk-17\bin\verify.dll
0x00007ffd9c560000 - 0x00007ffd9c578000 	C:\Windows\SYSTEM32\CRYPTSP.dll
0x00007ffd9bc10000 - 0x00007ffd9bc44000 	C:\Windows\system32\rsaenh.dll
0x00007ffd9ca80000 - 0x00007ffd9caae000 	C:\Windows\SYSTEM32\USERENV.dll
0x00007ffd9c550000 - 0x00007ffd9c55c000 	C:\Windows\SYSTEM32\CRYPTBASE.dll
0x00007ffd9bff0000 - 0x00007ffd9c02b000 	C:\Windows\SYSTEM32\IPHLPAPI.DLL
0x00007ffd9f440000 - 0x00007ffd9f448000 	C:\Windows\System32\NSI.dll
0x00007ffd924a0000 - 0x00007ffd924b7000 	C:\Windows\SYSTEM32\dhcpcsvc6.DLL
0x00007ffd92790000 - 0x00007ffd927ad000 	C:\Windows\SYSTEM32\dhcpcsvc.DLL
0x00007ffd9c040000 - 0x00007ffd9c10b000 	C:\Windows\SYSTEM32\DNSAPI.dll
0x00007ffd98470000 - 0x00007ffd9847e000 	C:\Program Files\Java\jdk-17\bin\sunmscapi.dll
0x00007ffd9d350000 - 0x00007ffd9d4ae000 	C:\Windows\System32\CRYPT32.dll
0x00007ffd9c670000 - 0x00007ffd9c699000 	C:\Windows\SYSTEM32\ncrypt.dll
0x00007ffd9c630000 - 0x00007ffd9c66b000 	C:\Windows\SYSTEM32\NTASN1.dll
0x00007ffd944c0000 - 0x00007ffd944ca000 	C:\Windows\System32\rasadhlp.dll
0x00007ffd87640000 - 0x00007ffd876c0000 	C:\Windows\System32\fwpuclnt.dll
0x00007ffd97b60000 - 0x00007ffd97b67000 	C:\Windows\system32\wshunix.dll

dbghelp: loaded successfully - version: 4.0.5 - missing functions: none
symbol engine: initialized successfully - sym options: 0x614 - pdb path: .;C:\Program Files\Java\jdk-17\bin;C:\Windows\SYSTEM32;C:\Windows\WinSxS\amd64_microsoft.windows.common-controls_6595b64144ccf1df_6.0.19041.4355_none_60b8b9eb71f62e16;C:\Program Files\Java\jdk-17\bin\server;C:\Program Files\JetBrains\IntelliJ IDEA Community Edition 2024.1.1\bin

VM Arguments:
jvm_args: -javaagent:C:\Program Files\JetBrains\IntelliJ IDEA Community Edition 2024.1.1\lib\idea_rt.jar=55528:C:\Program Files\JetBrains\IntelliJ IDEA Community Edition 2024.1.1\bin -Dfile.encoding=UTF-8 
java_command: com.ims.app.InventoryManagementSystemApplication
java_class_path (initial): C:\Users\ELITEBOOK\Desktop\SamTech\InventoryManagementSystem\target\classes;C:\Users\ELITEBOOK\.m2\repository\org\springdoc\springdoc-openapi-starter-webmvc-ui\2.0.0\springdoc-openapi-starter-webmvc-ui-2.0.0.jar;C:\Users\ELITEBOOK\.m2\repository\org\springdoc\springdoc-openapi-starter-webmvc-api\2.0.0\springdoc-openapi-starter-webmvc-api-2.0.0.jar;C:\Users\ELITEBOOK\.m2\repository\org\springdoc\springdoc-openapi-starter-common\2.0.0\springdoc-openapi-starter-common-2.0.0.jar;C:\Users\ELITEBOOK\.m2\repository\io\swagger\core\v3\swagger-core-jakarta\2.2.7\swagger-core-jakarta-2.2.7.jar;C:\Users\ELITEBOOK\.m2\repository\io\swagger\core\v3\swagger-annotations-jakarta\2.2.7\swagger-annotations-jakarta-2.2.7.jar;C:\Users\ELITEBOOK\.m2\repository\io\swagger\core\v3\swagger-models-jakarta\2.2.7\swagger-models-jakarta-2.2.7.jar;C:\Users\ELITEBOOK\.m2\repository\com\fasterxml\jackson\dataformat\jackson-dataformat-yaml\2.14.1\jackson-dataformat-yaml-2.14.1.jar;C:\Users\ELITEBOOK\.m2\repository\org\webjars\swagger-ui\4.15.5\swagger-ui-4.15.5.jar;C:\Users\ELITEBOOK\.m2\repository\org\webjars\webjars-locator-core\0.52\webjars-locator-core-0.52.jar;C:\Users\ELITEBOOK\.m2\repository\org\slf4j\slf4j-api\2.0.4\slf4j-api-2.0.4.jar;C:\Users\ELITEBOOK\.m2\repository\io\github\classgraph\classgraph\4.8.149\classgraph-4.8.149.jar;C:\Users\ELITEBOOK\.m2\repository\io\jsonwebtoken\jjwt-api\0.11.5\jjwt-api-0.11.5.jar;C:\Users\ELITEBOOK\.m2\repository\io\jsonwebtoken\jjwt-impl\0.11.5\jjwt-impl-0.11.5.jar;C:\Users\ELITEBOOK\.m2\repository\org\hibernate\validator\hibernate-validator\7.0.1.Final\hibernate-validator-7.0.1.Final.jar;C:\Users\ELITEBOOK\.m2\repository\jakarta\validation\jakarta.validation-api\3.0.2\jakarta.validation-api-3.0.2.jar;C:\Users\ELITEBOOK\.m2\repository\org\jboss\logging\jboss-logging\3.5.0.Final\jboss-logging-3.5.0.Final.jar;C:\Users\ELITEBOOK\.m2\repository\com\fasterxml\classmate\1.5.1\classmate-1.5.1.jar;C:\Users\ELITEBOOK\.m2\repository\i
Launcher Type: SUN_STANDARD

[Global flags]
     intx CICompilerCount                          = 3                                         {product} {ergonomic}
     uint ConcGCThreads                            = 1                                         {product} {ergonomic}
     uint G1ConcRefinementThreads                  = 4                                         {product} {ergonomic}
   size_t G1HeapRegionSize                         = 1048576                                   {product} {ergonomic}
    uintx GCDrainStackTargetSize                   = 64                                        {product} {ergonomic}
   size_t InitialHeapSize                          = 134217728                                 {product} {ergonomic}
   size_t MarkStackSize                            = 4194304                                   {product} {ergonomic}
   size_t MaxHeapSize                              = 2116026368                                {product} {ergonomic}
   size_t MaxNewSize                               = 1268776960                                {product} {ergonomic}
   size_t MinHeapDeltaBytes                        = 1048576                                   {product} {ergonomic}
   size_t MinHeapSize                              = 8388608                                   {product} {ergonomic}
    uintx NonNMethodCodeHeapSize                   = 5832780                                {pd product} {ergonomic}
    uintx NonProfiledCodeHeapSize                  = 122912730                              {pd product} {ergonomic}
    uintx ProfiledCodeHeapSize                     = 122912730                              {pd product} {ergonomic}
    uintx ReservedCodeCacheSize                    = 251658240                              {pd product} {ergonomic}
     bool SegmentedCodeCache                       = true                                      {product} {ergonomic}
   size_t SoftMaxHeapSize                          = 2116026368                             {manageable} {ergonomic}
     bool UseCompressedClassPointers               = true                           {product lp64_product} {ergonomic}
     bool UseCompressedOops                        = true                           {product lp64_product} {ergonomic}
     bool UseG1GC                                  = true                                      {product} {ergonomic}
     bool UseLargePagesIndividualAllocation        = false                                  {pd product} {ergonomic}

Logging:
Log output configuration:
 #0: stdout all=warning uptime,level,tags
 #1: stderr all=off uptime,level,tags

Environment Variables:
PATH=C:\OraHome_1\bin;C:\OraHome_1\jre\1.4.2\bin\client;C:\OraHome_1\jre\1.4.2\bin;C:\DevSuiteHome_1\jdk\jre\bin\classic;C:\DevSuiteHome_1\jdk\jre\bin;C:\DevSuiteHome_1\jdk\jre\bin\client;C:\DevSuiteHome_1\jlib;C:\DevSuiteHome_1\bin;C:\DevSuiteHome_1\jre\1.4.2\bin\client;C:\DevSuiteHome_1\jre\1.4.2\bin;C:\app\ELITEBOOK\product\21c\dbhomeXE\bin;C:\Program Files\Common Files\Oracle\Java\javapath;C:\Program Files (x86)\Common Files\Oracle\Java\javapath;C:\Windows\system32;C:\Windows;C:\Windows\System32\Wbem;C:\Windows\System32\WindowsPowerShell\v1.0\;C:\Windows\System32\OpenSSH\;C:\Program Files (x86)\apache-maven-3.9.6\bin;C:\Program Files (x86)\gradle-8.5\bin;C:\Program Files\PuTTY\;C:\Program Files\Git\cmd;C:\Users\ELITEBOOK\AppData\Local\Programs\Python\Python39\Scripts\;C:\Users\ELITEBOOK\AppData\Local\Programs\Python\Python39\;C:\Users\ELITEBOOK\AppData\Local\Microsoft\WindowsApps;C:\Program Files\JetBrains\IntelliJ IDEA 2023.3.3\bin;;C:\Users\ELITEBOOK\AppData\Local\GitHubDesktop\bin;C:\Users\ELITEBOOK\AppData\Local\Programs\Microsoft VS Code\bin;C:\Program Files\JetBrains\IntelliJ IDEA Community Edition 2024.1.1\bin;;C:\xampp\mysql\bin;
USERNAME=ELITEBOOK
OS=Windows_NT
PROCESSOR_IDENTIFIER=Intel64 Family 6 Model 78 Stepping 3, GenuineIntel



---------------  S Y S T E M  ---------------

OS:
 Windows 10 , 64 bit Build 19041 (10.0.19041.3636)
OS uptime: 1 days 6:28 hours

CPU: total 4 (initial active 4) (2 cores per cpu, 2 threads per core) family 6 model 78 stepping 3 microcode 0xdc, cx8, cmov, fxsr, ht, mmx, 3dnowpref, sse, sse2, sse3, ssse3, sse4.1, sse4.2, popcnt, lzcnt, tsc, tscinvbit, avx, avx2, aes, erms, clmul, bmi1, bmi2, rtm, adx, fma, vzeroupper, clflush, clflushopt

Memory: 4k page, system-wide physical 8067M (1535M free)
TotalPageFile size 10067M (AvailPageFile size 35M)
current process WorkingSet (physical memory assigned to process): 327M, peak: 416M
current process commit charge ("private bytes"): 368M, peak: 549M

vm_info: Java HotSpot(TM) 64-Bit Server VM (17.0.10+11-LTS-240) for windows-amd64 JRE (17.0.10+11-LTS-240), built on Dec 19 2023 21:47:25 by "mach5one" with MS VC++ 17.1 (VS2022)

END.
