#
# There is insufficient memory for the Java Runtime Environment to continue.
# Native memory allocation (malloc) failed to allocate 487824 bytes for Chunk::new
# Possible reasons:
#   The system is out of physical RAM or swap space
#   The process is running with CompressedOops enabled, and the Java Heap may be blocking the growth of the native heap
# Possible solutions:
#   Reduce memory load on the system
#   Increase physical memory or swap space
#   Check if swap backing store is full
#   Decrease Java heap size (-Xmx/-Xms)
#   Decrease number of Java threads
#   Decrease Java thread stack sizes (-Xss)
#   Set larger code cache with -XX:ReservedCodeCacheSize=
#   JVM is running with Unscaled Compressed Oops mode in which the Java heap is
#     placed in the first 4GB address space. The Java Heap base address is the
#     maximum limit for the native heap growth. Please use -XX:HeapBaseMinAddress
#     to set the Java Heap base and to place the Java Heap above 4GB virtual address.
# This output file may be truncated or incomplete.
#
#  Out of Memory Error (arena.cpp:189), pid=14116, tid=9504
#
# JRE version: Java(TM) SE Runtime Environment (17.0.10+11) (build 17.0.10+11-LTS-240)
# Java VM: Java HotSpot(TM) 64-Bit Server VM (17.0.10+11-LTS-240, mixed mode, sharing, tiered, compressed oops, compressed class ptrs, g1 gc, windows-amd64)
# No core dump will be written. Minidumps are not enabled by default on client versions of Windows
#

---------------  S U M M A R Y ------------

Command Line: -javaagent:C:\Program Files\JetBrains\IntelliJ IDEA Community Edition 2024.1.1\lib\idea_rt.jar=54536:C:\Program Files\JetBrains\IntelliJ IDEA Community Edition 2024.1.1\bin -Dfile.encoding=UTF-8 com.ims.app.InventoryManagementSystemApplication

Host: Intel(R) Core(TM) i7-6600U CPU @ 2.60GHz, 4 cores, 7G,  Windows 10 , 64 bit Build 19041 (10.0.19041.3636)
Time: Thu May 16 11:23:48 2024 E. Africa Standard Time elapsed time: 695.915083 seconds (0d 0h 11m 35s)

---------------  T H R E A D  ---------------

Current thread (0x0000022ed4dd2970):  JavaThread "C2 CompilerThread0" daemon [_thread_in_native, id=9504, stack(0x0000003124900000,0x0000003124a00000)]


Current CompileTask:
C2: 695915 5231       4       org.springframework.boot.devtools.filewatch.DirectorySnapshot::collectFiles (99 bytes)

Stack: [0x0000003124900000,0x0000003124a00000]
Native frames: (J=compiled Java code, j=interpreted, Vv=VM code, C=native code)
V  [jvm.dll+0x677a5a]
V  [jvm.dll+0x7d8b2d]
V  [jvm.dll+0x7da48e]
V  [jvm.dll+0x7daaf3]
V  [jvm.dll+0x2455ff]
V  [jvm.dll+0xaaafb]
V  [jvm.dll+0xab09c]
V  [jvm.dll+0x11d5c4]
V  [jvm.dll+0x60b6f3]
V  [jvm.dll+0x609db4]
V  [jvm.dll+0x2177ce]
V  [jvm.dll+0x216d81]
V  [jvm.dll+0x1a3410]
V  [jvm.dll+0x226aeb]
V  [jvm.dll+0x224cab]
V  [jvm.dll+0x78e45c]
V  [jvm.dll+0x78888a]
V  [jvm.dll+0x676935]
C  [ucrtbase.dll+0x21bb2]
C  [KERNEL32.DLL+0x17344]
C  [ntdll.dll+0x526b1]


---------------  P R O C E S S  ---------------

Threads class SMR info:
_java_thread_list=0x0000022f1a0801a0, length=32, elements={
0x0000022ed4db39c0, 0x0000022ed4db4ef0, 0x0000022ed4dc7d30, 0x0000022ed4dc9610,
0x0000022ed4dcc790, 0x0000022ed4dcde10, 0x0000022ed4dd2970, 0x0000022ed4df4690,
0x0000022ed4e08730, 0x0000022f1a0a6480, 0x0000022f1a0a73b0, 0x0000022f1a0a7dd0,
0x0000022f1a0a78c0, 0x0000022f1a0a82e0, 0x0000022f1a0a87f0, 0x0000022f1a0a8d00,
0x0000022f1a0a9720, 0x0000022f1bc1a4d0, 0x0000022f1bc14ec0, 0x0000022f1bc16d20,
0x0000022f1bc153d0, 0x0000022f1bc18160, 0x0000022f1bc13f90, 0x0000022f1bc13a80,
0x0000022f1bc158e0, 0x0000022f1bc15df0, 0x0000022f1bc16300, 0x0000022f1bc13060,
0x0000022f1bc16810, 0x0000022f1bc13570, 0x0000022f1bc17c50, 0x0000022f1bc149b0
}

Java Threads: ( => current thread )
  0x0000022ed4db39c0 JavaThread "Reference Handler" daemon [_thread_blocked, id=7824, stack(0x0000003124300000,0x0000003124400000)]
  0x0000022ed4db4ef0 JavaThread "Finalizer" daemon [_thread_blocked, id=9672, stack(0x0000003124400000,0x0000003124500000)]
  0x0000022ed4dc7d30 JavaThread "Signal Dispatcher" daemon [_thread_blocked, id=2692, stack(0x0000003124500000,0x0000003124600000)]
  0x0000022ed4dc9610 JavaThread "Attach Listener" daemon [_thread_blocked, id=9856, stack(0x0000003124600000,0x0000003124700000)]
  0x0000022ed4dcc790 JavaThread "Service Thread" daemon [_thread_blocked, id=13064, stack(0x0000003124700000,0x0000003124800000)]
  0x0000022ed4dcde10 JavaThread "Monitor Deflation Thread" daemon [_thread_blocked, id=8500, stack(0x0000003124800000,0x0000003124900000)]
=>0x0000022ed4dd2970 JavaThread "C2 CompilerThread0" daemon [_thread_in_native, id=9504, stack(0x0000003124900000,0x0000003124a00000)]
  0x0000022ed4df4690 JavaThread "C1 CompilerThread0" daemon [_thread_blocked, id=9548, stack(0x0000003124a00000,0x0000003124b00000)]
  0x0000022ed4e08730 JavaThread "Sweeper thread" daemon [_thread_blocked, id=8556, stack(0x0000003124b00000,0x0000003124c00000)]
  0x0000022f1a0a6480 JavaThread "Common-Cleaner" daemon [_thread_blocked, id=11624, stack(0x0000003124c00000,0x0000003124d00000)]
  0x0000022f1a0a73b0 JavaThread "Monitor Ctrl-Break" daemon [_thread_in_native, id=8640, stack(0x0000003124d00000,0x0000003124e00000)]
  0x0000022f1a0a7dd0 JavaThread "Notification Thread" daemon [_thread_blocked, id=9324, stack(0x0000003124e00000,0x0000003124f00000)]
  0x0000022f1a0a78c0 JavaThread "Catalina-utility-1" [_thread_blocked, id=9612, stack(0x0000003125800000,0x0000003125900000)]
  0x0000022f1a0a82e0 JavaThread "Catalina-utility-2" [_thread_blocked, id=14484, stack(0x0000003125900000,0x0000003125a00000)]
  0x0000022f1a0a87f0 JavaThread "container-0" [_thread_blocked, id=14736, stack(0x0000003125a00000,0x0000003125b00000)]
  0x0000022f1a0a8d00 JavaThread "mysql-cj-abandoned-connection-cleanup" daemon [_thread_blocked, id=9404, stack(0x0000003125b00000,0x0000003125c00000)]
  0x0000022f1a0a9720 JavaThread "HikariPool-1 housekeeper" daemon [_thread_blocked, id=12716, stack(0x0000003125d00000,0x0000003125e00000)]
  0x0000022f1bc1a4d0 JavaThread "File Watcher" daemon [_thread_blocked, id=12952, stack(0x0000003125f00000,0x0000003126000000)]
  0x0000022f1bc14ec0 JavaThread "Live Reload Server" daemon [_thread_in_native, id=4300, stack(0x0000003126100000,0x0000003126200000)]
  0x0000022f1bc16d20 JavaThread "http-nio-8081-exec-1" daemon [_thread_blocked, id=12036, stack(0x0000003126000000,0x0000003126100000)]
  0x0000022f1bc153d0 JavaThread "http-nio-8081-exec-2" daemon [_thread_blocked, id=15268, stack(0x0000003126200000,0x0000003126300000)]
  0x0000022f1bc18160 JavaThread "http-nio-8081-exec-3" daemon [_thread_blocked, id=2312, stack(0x0000003126300000,0x0000003126400000)]
  0x0000022f1bc13f90 JavaThread "http-nio-8081-exec-4" daemon [_thread_blocked, id=13068, stack(0x0000003126400000,0x0000003126500000)]
  0x0000022f1bc13a80 JavaThread "http-nio-8081-exec-5" daemon [_thread_blocked, id=4060, stack(0x0000003126500000,0x0000003126600000)]
  0x0000022f1bc158e0 JavaThread "http-nio-8081-exec-6" daemon [_thread_blocked, id=4508, stack(0x0000003126600000,0x0000003126700000)]
  0x0000022f1bc15df0 JavaThread "http-nio-8081-exec-7" daemon [_thread_blocked, id=13148, stack(0x0000003126700000,0x0000003126800000)]
  0x0000022f1bc16300 JavaThread "http-nio-8081-exec-8" daemon [_thread_blocked, id=9944, stack(0x0000003126800000,0x0000003126900000)]
  0x0000022f1bc13060 JavaThread "http-nio-8081-exec-9" daemon [_thread_blocked, id=11988, stack(0x0000003126900000,0x0000003126a00000)]
  0x0000022f1bc16810 JavaThread "http-nio-8081-exec-10" daemon [_thread_blocked, id=8956, stack(0x0000003126a00000,0x0000003126b00000)]
  0x0000022f1bc13570 JavaThread "http-nio-8081-Poller" daemon [_thread_in_native, id=14232, stack(0x0000003126b00000,0x0000003126c00000)]
  0x0000022f1bc17c50 JavaThread "http-nio-8081-Acceptor" daemon [_thread_in_native, id=11404, stack(0x0000003126c00000,0x0000003126d00000)]
  0x0000022f1bc149b0 JavaThread "DestroyJavaVM" [_thread_blocked, id=11440, stack(0x0000003123c00000,0x0000003123d00000)]

Other Threads:
  0x0000022ed4dae700 VMThread "VM Thread" [stack: 0x0000003124200000,0x0000003124300000] [id=7772]
  0x0000022f1a365a90 WatcherThread [stack: 0x0000003124f00000,0x0000003125000000] [id=1872]
  0x0000022eb75aa780 GCTaskThread "GC Thread#0" [stack: 0x0000003123d00000,0x0000003123e00000] [id=3496]
  0x0000022f1ade5ad0 GCTaskThread "GC Thread#1" [stack: 0x0000003125100000,0x0000003125200000] [id=9060]
  0x0000022f1ade5d90 GCTaskThread "GC Thread#2" [stack: 0x0000003125200000,0x0000003125300000] [id=14900]
  0x0000022f1abdef40 GCTaskThread "GC Thread#3" [stack: 0x0000003125300000,0x0000003125400000] [id=12780]
  0x0000022eb75bc230 ConcurrentGCThread "G1 Main Marker" [stack: 0x0000003123e00000,0x0000003123f00000] [id=9228]
  0x0000022eb75bd2f0 ConcurrentGCThread "G1 Conc#0" [stack: 0x0000003123f00000,0x0000003124000000] [id=5628]
  0x0000022eb7614790 ConcurrentGCThread "G1 Refine#0" [stack: 0x0000003124000000,0x0000003124100000] [id=13372]
  0x0000022f1abdf200 ConcurrentGCThread "G1 Refine#1" [stack: 0x0000003125400000,0x0000003125500000] [id=9464]
  0x0000022f1c4a8fd0 ConcurrentGCThread "G1 Refine#2" [stack: 0x0000003125700000,0x0000003125800000] [id=10500]
  0x0000022ed4c70200 ConcurrentGCThread "G1 Service" [stack: 0x0000003124100000,0x0000003124200000] [id=3960]

Threads with active compile tasks:
C2 CompilerThread0   695999 5231       4       org.springframework.boot.devtools.filewatch.DirectorySnapshot::collectFiles (99 bytes)

VM state: not at safepoint (normal execution)

VM Mutex/Monitor currently owned by a thread: None

Heap address: 0x0000000081e00000, size: 2018 MB, Compressed Oops mode: 32-bit

CDS archive(s) mapped at: [0x0000022ed5000000-0x0000022ed5bd0000-0x0000022ed5bd0000), size 12386304, SharedBaseAddress: 0x0000022ed5000000, ArchiveRelocationMode: 1.
Compressed class space mapped at: 0x0000022ed6000000-0x0000022f16000000, reserved size: 1073741824
Narrow klass base: 0x0000022ed5000000, Narrow klass shift: 0, Narrow klass range: 0x100000000

GC Precious Log:
 CPUs: 4 total, 4 available
 Memory: 8067M
 Large Page Support: Disabled
 NUMA Support: Disabled
 Compressed Oops: Enabled (32-bit)
 Heap Region Size: 1M
 Heap Min Capacity: 8M
 Heap Initial Capacity: 128M
 Heap Max Capacity: 2018M
 Pre-touch: Disabled
 Parallel Workers: 4
 Concurrent Workers: 1
 Concurrent Refinement Workers: 4
 Periodic GC: Disabled

Heap:
 garbage-first heap   total 58368K, used 34988K [0x0000000081e00000, 0x0000000100000000)
  region size 1024K, 11 young (11264K), 2 survivors (2048K)
 Metaspace       used 59601K, committed 60160K, reserved 1114112K
  class space    used 8061K, committed 8320K, reserved 1048576K

Heap Regions: E=young(eden), S=young(survivor), O=old, HS=humongous(starts), HC=humongous(continues), CS=collection set, F=free, OA=open archive, CA=closed archive, TAMS=top-at-mark-start (previous, next)
|   0|0x0000000081e00000, 0x0000000081f00000, 0x0000000081f00000|100%|HS|  |TAMS 0x0000000081f00000, 0x0000000081e00000| Complete 
|   1|0x0000000081f00000, 0x0000000082000000, 0x0000000082000000|100%| O|  |TAMS 0x0000000082000000, 0x0000000081f00000| Untracked 
|   2|0x0000000082000000, 0x0000000082100000, 0x0000000082100000|100%| O|  |TAMS 0x0000000082100000, 0x0000000082000000| Untracked 
|   3|0x0000000082100000, 0x0000000082200000, 0x0000000082200000|100%| O|  |TAMS 0x0000000082200000, 0x0000000082100000| Untracked 
|   4|0x0000000082200000, 0x0000000082300000, 0x0000000082300000|100%| O|  |TAMS 0x0000000082200000, 0x0000000082200000| Untracked 
|   5|0x0000000082300000, 0x0000000082400000, 0x0000000082400000|100%| O|  |TAMS 0x0000000082400000, 0x0000000082300000| Untracked 
|   6|0x0000000082400000, 0x0000000082500000, 0x0000000082500000|100%| O|  |TAMS 0x0000000082500000, 0x0000000082400000| Untracked 
|   7|0x0000000082500000, 0x0000000082600000, 0x0000000082600000|100%| O|  |TAMS 0x0000000082600000, 0x0000000082500000| Untracked 
|   8|0x0000000082600000, 0x00000000826fa600, 0x0000000082700000| 97%| O|  |TAMS 0x00000000826fa600, 0x0000000082600000| Untracked 
|   9|0x0000000082700000, 0x0000000082800000, 0x0000000082800000|100%| O|  |TAMS 0x0000000082800000, 0x0000000082700000| Untracked 
|  10|0x0000000082800000, 0x0000000082900000, 0x0000000082900000|100%| O|  |TAMS 0x0000000082900000, 0x0000000082800000| Untracked 
|  11|0x0000000082900000, 0x0000000082a00000, 0x0000000082a00000|100%| O|  |TAMS 0x0000000082a00000, 0x0000000082900000| Untracked 
|  12|0x0000000082a00000, 0x0000000082b00000, 0x0000000082b00000|100%| O|  |TAMS 0x0000000082b00000, 0x0000000082a00000| Untracked 
|  13|0x0000000082b00000, 0x0000000082c00000, 0x0000000082c00000|100%| O|  |TAMS 0x0000000082c00000, 0x0000000082b00000| Untracked 
|  14|0x0000000082c00000, 0x0000000082d00000, 0x0000000082d00000|100%| O|  |TAMS 0x0000000082d00000, 0x0000000082c00000| Untracked 
|  15|0x0000000082d00000, 0x0000000082e00000, 0x0000000082e00000|100%| O|  |TAMS 0x0000000082d00000, 0x0000000082d00000| Untracked 
|  16|0x0000000082e00000, 0x0000000082f00000, 0x0000000082f00000|100%| O|  |TAMS 0x0000000082e00000, 0x0000000082e00000| Untracked 
|  17|0x0000000082f00000, 0x0000000083000000, 0x0000000083000000|100%| O|  |TAMS 0x0000000082f00000, 0x0000000082f00000| Untracked 
|  18|0x0000000083000000, 0x0000000083100000, 0x0000000083100000|100%| O|  |TAMS 0x0000000083000000, 0x0000000083000000| Untracked 
|  19|0x0000000083100000, 0x0000000083200000, 0x0000000083200000|100%| O|  |TAMS 0x0000000083100000, 0x0000000083100000| Untracked 
|  20|0x0000000083200000, 0x0000000083300000, 0x0000000083300000|100%| O|  |TAMS 0x0000000083208200, 0x0000000083200000| Untracked 
|  21|0x0000000083300000, 0x0000000083400000, 0x0000000083400000|100%| O|  |TAMS 0x0000000083300000, 0x0000000083300000| Untracked 
|  22|0x0000000083400000, 0x0000000083500000, 0x0000000083500000|100%| O|  |TAMS 0x0000000083400000, 0x0000000083400000| Untracked 
|  23|0x0000000083500000, 0x0000000083600000, 0x0000000083600000|100%| O|  |TAMS 0x0000000083500000, 0x0000000083500000| Untracked 
|  24|0x0000000083600000, 0x000000008365b400, 0x0000000083700000| 35%| O|  |TAMS 0x0000000083600000, 0x0000000083600000| Untracked 
|  25|0x0000000083700000, 0x0000000083700000, 0x0000000083800000|  0%| F|  |TAMS 0x0000000083700000, 0x0000000083700000| Untracked 
|  26|0x0000000083800000, 0x0000000083800000, 0x0000000083900000|  0%| F|  |TAMS 0x0000000083800000, 0x0000000083800000| Untracked 
|  27|0x0000000083900000, 0x0000000083900000, 0x0000000083a00000|  0%| F|  |TAMS 0x0000000083900000, 0x0000000083900000| Untracked 
|  28|0x0000000083a00000, 0x0000000083a00000, 0x0000000083b00000|  0%| F|  |TAMS 0x0000000083a00000, 0x0000000083a00000| Untracked 
|  29|0x0000000083b00000, 0x0000000083b00000, 0x0000000083c00000|  0%| F|  |TAMS 0x0000000083b00000, 0x0000000083b00000| Untracked 
|  30|0x0000000083c00000, 0x0000000083c00000, 0x0000000083d00000|  0%| F|  |TAMS 0x0000000083c00000, 0x0000000083c00000| Untracked 
|  31|0x0000000083d00000, 0x0000000083d00000, 0x0000000083e00000|  0%| F|  |TAMS 0x0000000083d00000, 0x0000000083d00000| Untracked 
|  32|0x0000000083e00000, 0x0000000083e00000, 0x0000000083f00000|  0%| F|  |TAMS 0x0000000083e00000, 0x0000000083e00000| Untracked 
|  33|0x0000000083f00000, 0x0000000083f00000, 0x0000000084000000|  0%| F|  |TAMS 0x0000000083f00000, 0x0000000083f00000| Untracked 
|  34|0x0000000084000000, 0x0000000084000000, 0x0000000084100000|  0%| F|  |TAMS 0x0000000084000000, 0x0000000084000000| Untracked 
|  35|0x0000000084100000, 0x00000000841d5890, 0x0000000084200000| 83%| S|CS|TAMS 0x0000000084100000, 0x0000000084100000| Complete 
|  36|0x0000000084200000, 0x0000000084300000, 0x0000000084300000|100%| S|CS|TAMS 0x0000000084200000, 0x0000000084200000| Complete 
|  37|0x0000000084300000, 0x0000000084300000, 0x0000000084400000|  0%| F|  |TAMS 0x0000000084300000, 0x0000000084300000| Untracked 
|  38|0x0000000084400000, 0x0000000084400000, 0x0000000084500000|  0%| F|  |TAMS 0x0000000084400000, 0x0000000084400000| Untracked 
|  39|0x0000000084500000, 0x0000000084500000, 0x0000000084600000|  0%| F|  |TAMS 0x0000000084500000, 0x0000000084500000| Untracked 
|  40|0x0000000084600000, 0x0000000084600000, 0x0000000084700000|  0%| F|  |TAMS 0x0000000084600000, 0x0000000084600000| Untracked 
|  41|0x0000000084700000, 0x0000000084700000, 0x0000000084800000|  0%| F|  |TAMS 0x0000000084700000, 0x0000000084700000| Untracked 
|  42|0x0000000084800000, 0x0000000084800000, 0x0000000084900000|  0%| F|  |TAMS 0x0000000084800000, 0x0000000084800000| Untracked 
|  43|0x0000000084900000, 0x0000000084900000, 0x0000000084a00000|  0%| F|  |TAMS 0x0000000084900000, 0x0000000084900000| Untracked 
|  44|0x0000000084a00000, 0x0000000084a00000, 0x0000000084b00000|  0%| F|  |TAMS 0x0000000084a00000, 0x0000000084a00000| Untracked 
|  45|0x0000000084b00000, 0x0000000084b00000, 0x0000000084c00000|  0%| F|  |TAMS 0x0000000084b00000, 0x0000000084b00000| Untracked 
|  46|0x0000000084c00000, 0x0000000084c00000, 0x0000000084d00000|  0%| F|  |TAMS 0x0000000084c00000, 0x0000000084c00000| Untracked 
|  47|0x0000000084d00000, 0x0000000084d00000, 0x0000000084e00000|  0%| F|  |TAMS 0x0000000084d00000, 0x0000000084d00000| Untracked 
|  48|0x0000000084e00000, 0x0000000084ee3548, 0x0000000084f00000| 88%| E|  |TAMS 0x0000000084e00000, 0x0000000084e00000| Complete 
|  49|0x0000000084f00000, 0x0000000085000000, 0x0000000085000000|100%| E|CS|TAMS 0x0000000084f00000, 0x0000000084f00000| Complete 
|  50|0x0000000085000000, 0x0000000085100000, 0x0000000085100000|100%| E|CS|TAMS 0x0000000085000000, 0x0000000085000000| Complete 
|  51|0x0000000085100000, 0x0000000085200000, 0x0000000085200000|100%| E|CS|TAMS 0x0000000085100000, 0x0000000085100000| Complete 
| 109|0x0000000088b00000, 0x0000000088c00000, 0x0000000088c00000|100%| E|CS|TAMS 0x0000000088b00000, 0x0000000088b00000| Complete 
| 110|0x0000000088c00000, 0x0000000088d00000, 0x0000000088d00000|100%| E|CS|TAMS 0x0000000088c00000, 0x0000000088c00000| Complete 
| 111|0x0000000088d00000, 0x0000000088e00000, 0x0000000088e00000|100%| E|CS|TAMS 0x0000000088d00000, 0x0000000088d00000| Complete 
| 112|0x0000000088e00000, 0x0000000088f00000, 0x0000000088f00000|100%| E|CS|TAMS 0x0000000088e00000, 0x0000000088e00000| Complete 
| 127|0x0000000089d00000, 0x0000000089e00000, 0x0000000089e00000|100%| E|CS|TAMS 0x0000000089d00000, 0x0000000089d00000| Complete 

Card table byte_map: [0x0000022ece200000,0x0000022ece600000] _byte_map_base: 0x0000022ecddf1000

Marking Bits (Prev, Next): (CMBitMap*) 0x0000022eb75abcc0, (CMBitMap*) 0x0000022eb75abd00
 Prev Bits: [0x0000022ecea00000, 0x0000022ed0988000)
 Next Bits: [0x0000022ed0990000, 0x0000022ed2918000)

Polling page: 0x0000022eb6d20000

Metaspace:

Usage:
  Non-class:     50.33 MB used.
      Class:      7.87 MB used.
       Both:     58.20 MB used.

Virtual space:
  Non-class space:       64.00 MB reserved,      50.62 MB ( 79%) committed,  1 nodes.
      Class space:        1.00 GB reserved,       8.12 MB ( <1%) committed,  1 nodes.
             Both:        1.06 GB reserved,      58.75 MB (  5%) committed. 

Chunk freelists:
   Non-Class:  13.23 MB
       Class:  7.84 MB
        Both:  21.08 MB

MaxMetaspaceSize: unlimited
CompressedClassSpaceSize: 1.00 GB
Initial GC threshold: 21.00 MB
Current GC threshold: 58.88 MB
CDS: on
MetaspaceReclaimPolicy: balanced
 - commit_granule_bytes: 65536.
 - commit_granule_words: 8192.
 - virtual_space_node_default_size: 8388608.
 - enlarge_chunks_in_place: 1.
 - new_chunks_are_fully_committed: 0.
 - uncommit_free_chunks: 1.
 - use_allocation_guard: 0.
 - handle_deallocations: 1.


Internal statistics:

num_allocs_failed_limit: 6.
num_arena_births: 710.
num_arena_deaths: 0.
num_vsnodes_births: 2.
num_vsnodes_deaths: 0.
num_space_committed: 940.
num_space_uncommitted: 0.
num_chunks_returned_to_freelist: 6.
num_chunks_taken_from_freelist: 2855.
num_chunk_merges: 6.
num_chunk_splits: 2099.
num_chunks_enlarged: 1663.
num_inconsistent_stats: 0.

CodeHeap 'non-profiled nmethods': size=120000Kb used=2723Kb max_used=3292Kb free=117277Kb
 bounds [0x0000022ec68d0000, 0x0000022ec6c10000, 0x0000022ecde00000]
CodeHeap 'profiled nmethods': size=120000Kb used=8342Kb max_used=10296Kb free=111657Kb
 bounds [0x0000022ebee00000, 0x0000022ebf810000, 0x0000022ec6330000]
CodeHeap 'non-nmethods': size=5760Kb used=1319Kb max_used=1400Kb free=4441Kb
 bounds [0x0000022ec6330000, 0x0000022ec65a0000, 0x0000022ec68d0000]
 total_blobs=5103 nmethods=4455 adapters=560
 compilation: enabled
              stopped_count=0, restarted_count=0
 full_count=0

Compilation events (20 events):
Event: 545.202 Thread 0x0000022ed4df4690 nmethod 5221 0x0000022ebf5a8d10 code [0x0000022ebf5a8ec0, 0x0000022ebf5a90d8]
Event: 565.213 Thread 0x0000022ed4df4690 5222   !   3       org.apache.catalina.core.ContainerBase::findChildren (34 bytes)
Event: 565.215 Thread 0x0000022ed4df4690 nmethod 5222 0x0000022ebf230410 code [0x0000022ebf2305e0, 0x0000022ebf230b18]
Event: 579.500 Thread 0x0000022ed4dd2970 5223       4       java.util.concurrent.locks.AbstractQueuedSynchronizer$Node::setPrevRelaxed (12 bytes)
Event: 579.502 Thread 0x0000022ed4dd2970 nmethod 5223 0x0000022ec69d3610 code [0x0000022ec69d3780, 0x0000022ec69d38d8]
Event: 579.502 Thread 0x0000022ed4dd2970 5224       4       java.util.concurrent.locks.AbstractQueuedSynchronizer::casTail (13 bytes)
Event: 579.504 Thread 0x0000022ed4dd2970 nmethod 5224 0x0000022ec69d3090 code [0x0000022ec69d3200, 0x0000022ec69d3378]
Event: 611.257 Thread 0x0000022ed4dd2970 5225       4       java.util.Collections$UnmodifiableCollection::iterator (9 bytes)
Event: 611.260 Thread 0x0000022ed4dd2970 nmethod 5225 0x0000022ec6917190 code [0x0000022ec6917320, 0x0000022ec6917518]
Event: 635.276 Thread 0x0000022ed4df4690 5226   !   3       org.apache.catalina.core.ContainerBase::getRealmInternal (38 bytes)
Event: 635.277 Thread 0x0000022ed4df4690 nmethod 5226 0x0000022ebf749a10 code [0x0000022ebf749c40, 0x0000022ebf74a368]
Event: 635.277 Thread 0x0000022ed4df4690 5227       3       org.apache.catalina.core.StandardPipeline::getFirst (17 bytes)
Event: 635.278 Thread 0x0000022ed4df4690 nmethod 5227 0x0000022ebf65d490 code [0x0000022ebf65d620, 0x0000022ebf65d798]
Event: 645.285 Thread 0x0000022ed4df4690 5228   !   3       org.apache.catalina.core.ContainerBase::getClusterInternal (38 bytes)
Event: 645.288 Thread 0x0000022ed4df4690 nmethod 5228 0x0000022ebf77a110 code [0x0000022ebf77a340, 0x0000022ebf77aa68]
Event: 645.288 Thread 0x0000022ed4df4690 5229       3       org.apache.catalina.webresources.Cache$$Lambda$1352/0x0000022ed67f0cc0::applyAsLong (8 bytes)
Event: 645.288 Thread 0x0000022ed4df4690 nmethod 5229 0x0000022ebf3d1110 code [0x0000022ebf3d12c0, 0x0000022ebf3d14f8]
Event: 645.288 Thread 0x0000022ed4df4690 5230       3       java.util.TreeSet::iterator (15 bytes)
Event: 645.289 Thread 0x0000022ed4df4690 nmethod 5230 0x0000022ebf4e3110 code [0x0000022ebf4e32c0, 0x0000022ebf4e3558]
Event: 695.717 Thread 0x0000022ed4dd2970 5231       4       org.springframework.boot.devtools.filewatch.DirectorySnapshot::collectFiles (99 bytes)

GC Heap History (20 events):
Event: 4.139 GC heap before
{Heap before GC invocations=7 (full 0):
 garbage-first heap   total 48128K, used 16817K [0x0000000081e00000, 0x0000000100000000)
  region size 1024K, 5 young (5120K), 4 survivors (4096K)
 Metaspace       used 25319K, committed 25728K, reserved 1114112K
  class space    used 3255K, committed 3456K, reserved 1048576K
}
Event: 4.149 GC heap after
{Heap after GC invocations=8 (full 0):
 garbage-first heap   total 48128K, used 16066K [0x0000000081e00000, 0x0000000100000000)
  region size 1024K, 1 young (1024K), 1 survivors (1024K)
 Metaspace       used 25319K, committed 25728K, reserved 1114112K
  class space    used 3255K, committed 3456K, reserved 1048576K
}
Event: 4.732 GC heap before
{Heap before GC invocations=8 (full 0):
 garbage-first heap   total 48128K, used 33474K [0x0000000081e00000, 0x0000000100000000)
  region size 1024K, 18 young (18432K), 1 survivors (1024K)
 Metaspace       used 28549K, committed 28992K, reserved 1114112K
  class space    used 3635K, committed 3840K, reserved 1048576K
}
Event: 4.736 GC heap after
{Heap after GC invocations=9 (full 0):
 garbage-first heap   total 48128K, used 16829K [0x0000000081e00000, 0x0000000100000000)
  region size 1024K, 2 young (2048K), 2 survivors (2048K)
 Metaspace       used 28549K, committed 28992K, reserved 1114112K
  class space    used 3635K, committed 3840K, reserved 1048576K
}
Event: 5.302 GC heap before
{Heap before GC invocations=9 (full 0):
 garbage-first heap   total 48128K, used 34237K [0x0000000081e00000, 0x0000000100000000)
  region size 1024K, 19 young (19456K), 2 survivors (2048K)
 Metaspace       used 32354K, committed 32832K, reserved 1114112K
  class space    used 4190K, committed 4416K, reserved 1048576K
}
Event: 5.306 GC heap after
{Heap after GC invocations=10 (full 0):
 garbage-first heap   total 48128K, used 17606K [0x0000000081e00000, 0x0000000100000000)
  region size 1024K, 3 young (3072K), 3 survivors (3072K)
 Metaspace       used 32354K, committed 32832K, reserved 1114112K
  class space    used 4190K, committed 4416K, reserved 1048576K
}
Event: 5.666 GC heap before
{Heap before GC invocations=10 (full 0):
 garbage-first heap   total 48128K, used 28870K [0x0000000081e00000, 0x0000000100000000)
  region size 1024K, 16 young (16384K), 3 survivors (3072K)
 Metaspace       used 35562K, committed 35968K, reserved 1114112K
  class space    used 4663K, committed 4864K, reserved 1048576K
}
Event: 5.670 GC heap after
{Heap after GC invocations=11 (full 0):
 garbage-first heap   total 48128K, used 18520K [0x0000000081e00000, 0x0000000100000000)
  region size 1024K, 2 young (2048K), 2 survivors (2048K)
 Metaspace       used 35562K, committed 35968K, reserved 1114112K
  class space    used 4663K, committed 4864K, reserved 1048576K
}
Event: 6.299 GC heap before
{Heap before GC invocations=12 (full 0):
 garbage-first heap   total 48128K, used 36952K [0x0000000081e00000, 0x0000000100000000)
  region size 1024K, 20 young (20480K), 2 survivors (2048K)
 Metaspace       used 40638K, committed 41152K, reserved 1114112K
  class space    used 5342K, committed 5568K, reserved 1048576K
}
Event: 6.304 GC heap after
{Heap after GC invocations=13 (full 0):
 garbage-first heap   total 48128K, used 20431K [0x0000000081e00000, 0x0000000100000000)
  region size 1024K, 3 young (3072K), 3 survivors (3072K)
 Metaspace       used 40638K, committed 41152K, reserved 1114112K
  class space    used 5342K, committed 5568K, reserved 1048576K
}
Event: 6.329 GC heap before
{Heap before GC invocations=13 (full 0):
 garbage-first heap   total 48128K, used 20431K [0x0000000081e00000, 0x0000000100000000)
  region size 1024K, 4 young (4096K), 3 survivors (3072K)
 Metaspace       used 40806K, committed 41280K, reserved 1114112K
  class space    used 5364K, committed 5568K, reserved 1048576K
}
Event: 6.333 GC heap after
{Heap after GC invocations=14 (full 0):
 garbage-first heap   total 58368K, used 20592K [0x0000000081e00000, 0x0000000100000000)
  region size 1024K, 1 young (1024K), 1 survivors (1024K)
 Metaspace       used 40806K, committed 41280K, reserved 1114112K
  class space    used 5364K, committed 5568K, reserved 1048576K
}
Event: 6.923 GC heap before
{Heap before GC invocations=14 (full 0):
 garbage-first heap   total 58368K, used 43120K [0x0000000081e00000, 0x0000000100000000)
  region size 1024K, 24 young (24576K), 1 survivors (1024K)
 Metaspace       used 47655K, committed 48192K, reserved 1114112K
  class space    used 6406K, committed 6656K, reserved 1048576K
}
Event: 6.927 GC heap after
{Heap after GC invocations=15 (full 0):
 garbage-first heap   total 58368K, used 21314K [0x0000000081e00000, 0x0000000100000000)
  region size 1024K, 2 young (2048K), 2 survivors (2048K)
 Metaspace       used 47655K, committed 48192K, reserved 1114112K
  class space    used 6406K, committed 6656K, reserved 1048576K
}
Event: 7.579 GC heap before
{Heap before GC invocations=15 (full 0):
 garbage-first heap   total 58368K, used 43842K [0x0000000081e00000, 0x0000000100000000)
  region size 1024K, 25 young (25600K), 2 survivors (2048K)
 Metaspace       used 52581K, committed 53056K, reserved 1114112K
  class space    used 7169K, committed 7424K, reserved 1048576K
}
Event: 7.591 GC heap after
{Heap after GC invocations=16 (full 0):
 garbage-first heap   total 58368K, used 22859K [0x0000000081e00000, 0x0000000100000000)
  region size 1024K, 3 young (3072K), 3 survivors (3072K)
 Metaspace       used 52581K, committed 53056K, reserved 1114112K
  class space    used 7169K, committed 7424K, reserved 1048576K
}
Event: 8.145 GC heap before
{Heap before GC invocations=16 (full 0):
 garbage-first heap   total 58368K, used 45387K [0x0000000081e00000, 0x0000000100000000)
  region size 1024K, 25 young (25600K), 3 survivors (3072K)
 Metaspace       used 55956K, committed 56448K, reserved 1114112K
  class space    used 7553K, committed 7808K, reserved 1048576K
}
Event: 8.153 GC heap after
{Heap after GC invocations=17 (full 0):
 garbage-first heap   total 58368K, used 25284K [0x0000000081e00000, 0x0000000100000000)
  region size 1024K, 4 young (4096K), 4 survivors (4096K)
 Metaspace       used 55956K, committed 56448K, reserved 1114112K
  class space    used 7553K, committed 7808K, reserved 1048576K
}
Event: 49.355 GC heap before
{Heap before GC invocations=17 (full 0):
 garbage-first heap   total 58368K, used 45764K [0x0000000081e00000, 0x0000000100000000)
  region size 1024K, 24 young (24576K), 4 survivors (4096K)
 Metaspace       used 59478K, committed 60032K, reserved 1114112K
  class space    used 8060K, committed 8320K, reserved 1048576K
}
Event: 49.376 GC heap after
{Heap after GC invocations=18 (full 0):
 garbage-first heap   total 58368K, used 26796K [0x0000000081e00000, 0x0000000100000000)
  region size 1024K, 2 young (2048K), 2 survivors (2048K)
 Metaspace       used 59478K, committed 60032K, reserved 1114112K
  class space    used 8060K, committed 8320K, reserved 1048576K
}

Deoptimization events (20 events):
Event: 8.449 Thread 0x0000022f1a0a6ea0 DEOPT PACKING pc=0x0000022ec694b4e0 sp=0x00000031256fe780
Event: 8.449 Thread 0x0000022f1a0a6ea0 DEOPT UNPACKING pc=0x0000022ec63823a3 sp=0x00000031256fe710 mode 2
Event: 8.451 Thread 0x0000022f1a0a6ea0 Uncommon trap: trap_request=0xffffff54 fr.pc=0x0000022ec6966814 relative=0x0000000000000254
Event: 8.451 Thread 0x0000022f1a0a6ea0 Uncommon trap: reason=speculate_null_assert action=make_not_entrant pc=0x0000022ec6966814 method=org.springframework.util.ConcurrentReferenceHashMap$Segment.restructureIfNecessary(Z)V @ 41 c2
Event: 8.452 Thread 0x0000022f1a0a6ea0 DEOPT PACKING pc=0x0000022ec6966814 sp=0x00000031256fe470
Event: 8.452 Thread 0x0000022f1a0a6ea0 DEOPT UNPACKING pc=0x0000022ec63823a3 sp=0x00000031256fe448 mode 2
Event: 8.498 Thread 0x0000022f1a0a6ea0 DEOPT PACKING pc=0x0000022ebf7f7046 sp=0x00000031256fe280
Event: 8.498 Thread 0x0000022f1a0a6ea0 DEOPT UNPACKING pc=0x0000022ec6382b43 sp=0x00000031256fd758 mode 0
Event: 9.727 Thread 0x0000022f1a0a8d00 Uncommon trap: trap_request=0xffffff45 fr.pc=0x0000022ec6ab6c98 relative=0x00000000000020b8
Event: 9.727 Thread 0x0000022f1a0a8d00 Uncommon trap: reason=unstable_if action=reinterpret pc=0x0000022ec6ab6c98 method=java.net.URL.<init>(Ljava/net/URL;Ljava/lang/String;Ljava/net/URLStreamHandler;)V @ 57 c2
Event: 9.727 Thread 0x0000022f1a0a8d00 DEOPT PACKING pc=0x0000022ec6ab6c98 sp=0x0000003125bff1b0
Event: 9.727 Thread 0x0000022f1a0a8d00 DEOPT UNPACKING pc=0x0000022ec63823a3 sp=0x0000003125bff170 mode 2
Event: 16.911 Thread 0x0000022f1bc16d20 Uncommon trap: trap_request=0xffffff45 fr.pc=0x0000022ec6b1f4b8 relative=0x0000000000000298
Event: 16.911 Thread 0x0000022f1bc16d20 Uncommon trap: reason=unstable_if action=reinterpret pc=0x0000022ec6b1f4b8 method=java.lang.invoke.MethodType.equals(Ljava/lang/Object;)Z @ 11 c2
Event: 16.911 Thread 0x0000022f1bc16d20 DEOPT PACKING pc=0x0000022ec6b1f4b8 sp=0x00000031260fdfc0
Event: 16.911 Thread 0x0000022f1bc16d20 DEOPT UNPACKING pc=0x0000022ec63823a3 sp=0x00000031260fdf88 mode 2
Event: 16.911 Thread 0x0000022f1bc16d20 Uncommon trap: trap_request=0xffffff54 fr.pc=0x0000022ec6afbe14 relative=0x0000000000002c74
Event: 16.911 Thread 0x0000022f1bc16d20 Uncommon trap: reason=speculate_null_assert action=make_not_entrant pc=0x0000022ec6afbe14 method=java.lang.invoke.MethodType$ConcurrentWeakInternSet.add(Ljava/lang/Object;)Ljava/lang/Object; @ 47 c2
Event: 16.911 Thread 0x0000022f1bc16d20 DEOPT PACKING pc=0x0000022ec6afbe14 sp=0x00000031260fe1c0
Event: 16.911 Thread 0x0000022f1bc16d20 DEOPT UNPACKING pc=0x0000022ec63823a3 sp=0x00000031260fe158 mode 2

Classes unloaded (0 events):
No events

Classes redefined (0 events):
No events

Internal exceptions (20 events):
Event: 7.242 Thread 0x0000022f1a0a6ea0 Exception <a 'java/lang/NoSuchMethodError'{0x0000000084a25458}: 'java.lang.Object java.lang.invoke.DirectMethodHandle$Holder.newInvokeSpecial(java.lang.Object, java.lang.Object, java.lang.Object, java.lang.Object, java.lang.Object, java.lang.Object, java.lang.Object, int)'> (0x0000000084a25458) 
thrown [s\open\src\hotspot\share\interpreter\linkResolver.cpp, line 759]
Event: 7.242 Thread 0x0000022f1a0a6ea0 Exception <a 'java/lang/NoSuchMethodError'{0x0000000084a2a6f8}: 'java.lang.Object java.lang.invoke.DirectMethodHandle$Holder.invokeSpecial(java.lang.Object, java.lang.Object, java.lang.Object, java.lang.Object, java.lang.Object, java.lang.Object, java.lang.Object, java.lang.Object, int)'> (0x0000000084a2a6f8) 
thrown [s\open\src\hotspot\share\interpreter\linkResolver.cpp, line 759]
Event: 7.242 Thread 0x0000022f1a0a6ea0 Exception <a 'java/lang/NoSuchMethodError'{0x0000000084a2f1c0}: 'java.lang.Object java.lang.invoke.Invokers$Holder.linkToTargetMethod(java.lang.Object, java.lang.Object, java.lang.Object, java.lang.Object, java.lang.Object, java.lang.Object, int, java.lang.Object)'> (0x0000000084a2f1c0) 
thrown [s\open\src\hotspot\share\interpreter\linkResolver.cpp, line 759]
Event: 7.262 Thread 0x0000022f1a0a6ea0 Exception <a 'java/lang/NoSuchMethodError'{0x0000000084902bc0}: 'void java.lang.invoke.DirectMethodHandle$Holder.invokeInterface(java.lang.Object, java.lang.Object)'> (0x0000000084902bc0) 
thrown [s\open\src\hotspot\share\interpreter\linkResolver.cpp, line 759]
Event: 7.704 Thread 0x0000022f1a0a6ea0 Exception <a 'sun/nio/fs/WindowsException'{0x0000000088c80328}> (0x0000000088c80328) 
thrown [s\open\src\hotspot\share\prims\jni.cpp, line 516]
Event: 7.747 Thread 0x0000022f1a0a6ea0 Exception <a 'java/lang/IncompatibleClassChangeError'{0x0000000085124da8}: Found class java.lang.Object, but interface was expected> (0x0000000085124da8) 
thrown [s\open\src\hotspot\share\interpreter\linkResolver.cpp, line 826]
Event: 7.774 Thread 0x0000022f1a0a6ea0 Exception <a 'java/lang/IncompatibleClassChangeError'{0x00000000850d2930}: Found class java.lang.Object, but interface was expected> (0x00000000850d2930) 
thrown [s\open\src\hotspot\share\interpreter\linkResolver.cpp, line 826]
Event: 7.829 Thread 0x0000022f1a0a6ea0 Exception <a 'java/lang/NoSuchMethodError'{0x0000000084e89c68}: 'void java.lang.invoke.DirectMethodHandle$Holder.invokeVirtual(java.lang.Object, java.lang.Object, long)'> (0x0000000084e89c68) 
thrown [s\open\src\hotspot\share\interpreter\linkResolver.cpp, line 759]
Event: 7.915 Thread 0x0000022f1a0a6ea0 Exception <a 'java/lang/NoSuchMethodError'{0x0000000084a0ebe0}: 'int java.lang.invoke.DirectMethodHandle$Holder.invokeStaticInit(java.lang.Object, java.lang.Object, java.lang.Object, java.lang.Object)'> (0x0000000084a0ebe0) 
thrown [s\open\src\hotspot\share\interpreter\linkResolver.cpp, line 759]
Event: 7.987 Thread 0x0000022f1a0a6ea0 Exception <a 'java/lang/IncompatibleClassChangeError'{0x0000000084882460}: Found class java.lang.Object, but interface was expected> (0x0000000084882460) 
thrown [s\open\src\hotspot\share\interpreter\linkResolver.cpp, line 826]
Event: 8.040 Thread 0x0000022f1a0a6ea0 Implicit null exception at 0x0000022ec6a0f0c0 to 0x0000022ec6a0f2cc
Event: 8.063 Thread 0x0000022f1a0a6ea0 Exception <a 'java/lang/IncompatibleClassChangeError'{0x00000000844a25f8}: Found class java.lang.Object, but interface was expected> (0x00000000844a25f8) 
thrown [s\open\src\hotspot\share\interpreter\linkResolver.cpp, line 826]
Event: 8.102 Thread 0x0000022f1a0a6ea0 Exception <a 'java/lang/IncompatibleClassChangeError'{0x0000000084205f78}: Found class java.lang.Object, but interface was expected> (0x0000000084205f78) 
thrown [s\open\src\hotspot\share\interpreter\linkResolver.cpp, line 826]
Event: 8.290 Thread 0x0000022f1a0a6ea0 Exception <a 'java/lang/IncompatibleClassChangeError'{0x0000000088b68608}: Found class java.lang.Object, but interface was expected> (0x0000000088b68608) 
thrown [s\open\src\hotspot\share\interpreter\linkResolver.cpp, line 826]
Event: 8.453 Thread 0x0000022f1a0a6ea0 Exception <a 'java/lang/NoSuchMethodError'{0x0000000084cbf9f0}: 'java.lang.Object java.lang.invoke.DirectMethodHandle$Holder.newInvokeSpecial(java.lang.Object, java.lang.Object, int, java.lang.Object, java.lang.Object)'> (0x0000000084cbf9f0) 
thrown [s\open\src\hotspot\share\interpreter\linkResolver.cpp, line 759]
Event: 8.454 Thread 0x0000022f1a0a6ea0 Exception <a 'java/lang/NoSuchMethodError'{0x0000000084ccb068}: 'java.lang.Object java.lang.invoke.DirectMethodHandle$Holder.invokeSpecial(java.lang.Object, java.lang.Object, int, java.lang.Object, int, java.lang.Object)'> (0x0000000084ccb068) 
thrown [s\open\src\hotspot\share\interpreter\linkResolver.cpp, line 759]
Event: 8.455 Thread 0x0000022f1a0a6ea0 Exception <a 'java/lang/NoSuchMethodError'{0x0000000084cd3118}: 'java.lang.Object java.lang.invoke.DirectMethodHandle$Holder.newInvokeSpecial(java.lang.Object, java.lang.Object, int, java.lang.Object, int)'> (0x0000000084cd3118) 
thrown [s\open\src\hotspot\share\interpreter\linkResolver.cpp, line 759]
Event: 8.455 Thread 0x0000022f1a0a6ea0 Exception <a 'java/lang/NoSuchMethodError'{0x0000000084cd7218}: 'java.lang.Object java.lang.invoke.DirectMethodHandle$Holder.invokeSpecial(java.lang.Object, java.lang.Object, java.lang.Object, int, java.lang.Object, int)'> (0x0000000084cd7218) 
thrown [s\open\src\hotspot\share\interpreter\linkResolver.cpp, line 759]
Event: 16.975 Thread 0x0000022f1bc16d20 Exception <a 'java/lang/NoSuchMethodError'{0x000000008476c8a0}: 'java.lang.Object java.lang.invoke.DirectMethodHandle$Holder.invokeSpecial(java.lang.Object, java.lang.Object, java.lang.Object, java.lang.Object, java.lang.Object, long)'> (0x000000008476c8a0) 
thrown [s\open\src\hotspot\share\interpreter\linkResolver.cpp, line 759]
Event: 16.975 Thread 0x0000022f1bc16d20 Exception <a 'java/lang/NoSuchMethodError'{0x00000000847702e0}: 'java.lang.Object java.lang.invoke.Invokers$Holder.linkToTargetMethod(java.lang.Object, java.lang.Object, java.lang.Object, long, java.lang.Object)'> (0x00000000847702e0) 
thrown [s\open\src\hotspot\share\interpreter\linkResolver.cpp, line 759]

VM Operations (20 events):
Event: 272.235 Executing VM operation: Cleanup
Event: 272.235 Executing VM operation: Cleanup done
Event: 306.480 Executing VM operation: Cleanup
Event: 306.480 Executing VM operation: Cleanup done
Event: 307.494 Executing VM operation: Cleanup
Event: 307.494 Executing VM operation: Cleanup done
Event: 404.335 Executing VM operation: Cleanup
Event: 404.335 Executing VM operation: Cleanup done
Event: 435.560 Executing VM operation: Cleanup
Event: 435.560 Executing VM operation: Cleanup done
Event: 455.715 Executing VM operation: Cleanup
Event: 455.715 Executing VM operation: Cleanup done
Event: 475.897 Executing VM operation: Cleanup
Event: 475.897 Executing VM operation: Cleanup done
Event: 546.441 Executing VM operation: Cleanup
Event: 546.441 Executing VM operation: Cleanup done
Event: 612.998 Executing VM operation: Cleanup
Event: 612.998 Executing VM operation: Cleanup done
Event: 655.318 Executing VM operation: Cleanup
Event: 655.318 Executing VM operation: Cleanup done

Events (20 events):
Event: 17.240 Thread 0x0000022ed4e08730 flushing nmethod 0x0000022ebf7baf90
Event: 17.240 Thread 0x0000022ed4e08730 flushing nmethod 0x0000022ebf7c7290
Event: 17.240 Thread 0x0000022ed4e08730 flushing nmethod 0x0000022ebf7f3810
Event: 17.240 Thread 0x0000022ed4e08730 flushing nmethod 0x0000022ebf7f3c90
Event: 17.240 Thread 0x0000022ed4e08730 flushing nmethod 0x0000022ebf7f4610
Event: 17.240 Thread 0x0000022ed4e08730 flushing nmethod 0x0000022ebf7f4c10
Event: 17.240 Thread 0x0000022ed4e08730 flushing nmethod 0x0000022ebf7f6b90
Event: 17.240 loading class java/time/format/DateTimeFormatterBuilder$ZoneTextPrinterParser
Event: 17.240 loading class java/time/format/DateTimeFormatterBuilder$ZoneTextPrinterParser done
Event: 17.241 loading class java/time/format/DateTimeFormatterBuilder$ReducedPrinterParser
Event: 17.241 loading class java/time/format/DateTimeFormatterBuilder$ReducedPrinterParser done
Event: 17.250 loading class java/util/OptionalLong
Event: 17.250 loading class java/util/OptionalLong done
Event: 17.250 loading class java/util/OptionalDouble
Event: 17.251 loading class java/util/OptionalDouble done
Event: 17.252 loading class java/util/stream/LongStream
Event: 17.252 loading class java/util/stream/LongStream done
Event: 17.252 loading class java/util/stream/DoubleStream
Event: 17.255 loading class java/util/stream/DoubleStream done
Event: 19.283 Thread 0x0000022f1b893a00 Thread exited: 0x0000022f1b893a00


Dynamic libraries:
0x00007ff7a40c0000 - 0x00007ff7a40d0000 	C:\Program Files\Java\jdk-17\bin\java.exe
0x00007ffd5c030000 - 0x00007ffd5c228000 	C:\Windows\SYSTEM32\ntdll.dll
0x00007ffd5b440000 - 0x00007ffd5b4fd000 	C:\Windows\System32\KERNEL32.DLL
0x00007ffd598f0000 - 0x00007ffd59be6000 	C:\Windows\System32\KERNELBASE.dll
0x00007ffd597c0000 - 0x00007ffd598c0000 	C:\Windows\System32\ucrtbase.dll
0x00007ffd52f70000 - 0x00007ffd52f89000 	C:\Program Files\Java\jdk-17\bin\jli.dll
0x00007ffd5bd00000 - 0x00007ffd5bdb0000 	C:\Windows\System32\ADVAPI32.dll
0x00007ffd5a0c0000 - 0x00007ffd5a15e000 	C:\Windows\System32\msvcrt.dll
0x00007ffd52d40000 - 0x00007ffd52d5b000 	C:\Program Files\Java\jdk-17\bin\VCRUNTIME140.dll
0x00007ffd5a500000 - 0x00007ffd5a5a0000 	C:\Windows\System32\sechost.dll
0x00007ffd5a160000 - 0x00007ffd5a283000 	C:\Windows\System32\RPCRT4.dll
0x00007ffd598c0000 - 0x00007ffd598e7000 	C:\Windows\System32\bcrypt.dll
0x00007ffd5a360000 - 0x00007ffd5a4ff000 	C:\Windows\System32\USER32.dll
0x00007ffd59bf0000 - 0x00007ffd59c12000 	C:\Windows\System32\win32u.dll
0x00007ffd5b500000 - 0x00007ffd5b52b000 	C:\Windows\System32\GDI32.dll
0x00007ffd59cd0000 - 0x00007ffd59de7000 	C:\Windows\System32\gdi32full.dll
0x00007ffd59fc0000 - 0x00007ffd5a05d000 	C:\Windows\System32\msvcp_win.dll
0x00007ffd449a0000 - 0x00007ffd44c3a000 	C:\Windows\WinSxS\amd64_microsoft.windows.common-controls_6595b64144ccf1df_6.0.19041.3636_none_60b6a03d71f818d5\COMCTL32.dll
0x00007ffd50700000 - 0x00007ffd5070a000 	C:\Windows\SYSTEM32\VERSION.dll
0x00007ffd5ab70000 - 0x00007ffd5aba2000 	C:\Windows\System32\IMM32.DLL
0x00007ffd532d0000 - 0x00007ffd532dc000 	C:\Program Files\Java\jdk-17\bin\vcruntime140_1.dll
0x00007ffd4f080000 - 0x00007ffd4f10e000 	C:\Program Files\Java\jdk-17\bin\msvcp140.dll
0x00007ffd13290000 - 0x00007ffd13e6f000 	C:\Program Files\Java\jdk-17\bin\server\jvm.dll
0x00007ffd5a700000 - 0x00007ffd5a708000 	C:\Windows\System32\PSAPI.DLL
0x00007ffd3aa50000 - 0x00007ffd3aa59000 	C:\Windows\SYSTEM32\WSOCK32.dll
0x00007ffd5ab00000 - 0x00007ffd5ab6b000 	C:\Windows\System32\WS2_32.dll
0x00007ffd44710000 - 0x00007ffd44737000 	C:\Windows\SYSTEM32\WINMM.dll
0x00007ffd57f00000 - 0x00007ffd57f12000 	C:\Windows\SYSTEM32\kernel.appcore.dll
0x00007ffd53260000 - 0x00007ffd5326a000 	C:\Program Files\Java\jdk-17\bin\jimage.dll
0x00007ffd572c0000 - 0x00007ffd574a4000 	C:\Windows\SYSTEM32\DBGHELP.DLL
0x00007ffd2ccc0000 - 0x00007ffd2ccf4000 	C:\Windows\SYSTEM32\dbgcore.DLL
0x00007ffd59730000 - 0x00007ffd597b2000 	C:\Windows\System32\bcryptPrimitives.dll
0x00007ffd52d30000 - 0x00007ffd52d3e000 	C:\Program Files\Java\jdk-17\bin\instrument.dll
0x00007ffd52000000 - 0x00007ffd52025000 	C:\Program Files\Java\jdk-17\bin\java.dll
0x00007ffd2def0000 - 0x00007ffd2dfc7000 	C:\Program Files\Java\jdk-17\bin\jsvml.dll
0x00007ffd5acd0000 - 0x00007ffd5b43b000 	C:\Windows\System32\SHELL32.dll
0x00007ffd57750000 - 0x00007ffd57eee000 	C:\Windows\SYSTEM32\windows.storage.dll
0x00007ffd5b9a0000 - 0x00007ffd5bcf3000 	C:\Windows\System32\combase.dll
0x00007ffd59110000 - 0x00007ffd5913e000 	C:\Windows\SYSTEM32\Wldp.dll
0x00007ffd5a290000 - 0x00007ffd5a35d000 	C:\Windows\System32\OLEAUT32.dll
0x00007ffd5a5a0000 - 0x00007ffd5a64d000 	C:\Windows\System32\SHCORE.dll
0x00007ffd5a710000 - 0x00007ffd5a765000 	C:\Windows\System32\shlwapi.dll
0x00007ffd59610000 - 0x00007ffd59633000 	C:\Windows\SYSTEM32\profapi.dll
0x00007ffd51140000 - 0x00007ffd51158000 	C:\Program Files\Java\jdk-17\bin\zip.dll
0x00007ffd512d0000 - 0x00007ffd512e9000 	C:\Program Files\Java\jdk-17\bin\net.dll
0x00007ffd4ebd0000 - 0x00007ffd4ecda000 	C:\Windows\SYSTEM32\WINHTTP.dll
0x00007ffd58e70000 - 0x00007ffd58eda000 	C:\Windows\system32\mswsock.dll
0x00007ffd51240000 - 0x00007ffd51256000 	C:\Program Files\Java\jdk-17\bin\nio.dll
0x00007ffd50ff0000 - 0x00007ffd5100a000 	C:\Program Files\JetBrains\IntelliJ IDEA Community Edition 2024.1.1\bin\breakgen64.dll
0x00007ffd52d20000 - 0x00007ffd52d2a000 	C:\Program Files\Java\jdk-17\bin\management.dll
0x00007ffd52b70000 - 0x00007ffd52b7b000 	C:\Program Files\Java\jdk-17\bin\management_ext.dll
0x00007ffd52aa0000 - 0x00007ffd52aae000 	C:\Program Files\Java\jdk-17\bin\sunmscapi.dll
0x00007ffd59df0000 - 0x00007ffd59f4e000 	C:\Windows\System32\CRYPT32.dll
0x00007ffd59180000 - 0x00007ffd591a8000 	C:\Windows\SYSTEM32\ncrypt.dll
0x00007ffd59140000 - 0x00007ffd5917b000 	C:\Windows\SYSTEM32\NTASN1.dll
0x00007ffd59070000 - 0x00007ffd59088000 	C:\Windows\SYSTEM32\CRYPTSP.dll
0x00007ffd58720000 - 0x00007ffd58754000 	C:\Windows\system32\rsaenh.dll
0x00007ffd595d0000 - 0x00007ffd595fe000 	C:\Windows\SYSTEM32\USERENV.dll
0x00007ffd59060000 - 0x00007ffd5906c000 	C:\Windows\SYSTEM32\CRYPTBASE.dll
0x00007ffd58b00000 - 0x00007ffd58b3b000 	C:\Windows\SYSTEM32\IPHLPAPI.DLL
0x00007ffd5bfe0000 - 0x00007ffd5bfe8000 	C:\Windows\System32\NSI.dll
0x00007ffd4ef90000 - 0x00007ffd4efa7000 	C:\Windows\SYSTEM32\dhcpcsvc6.DLL
0x00007ffd4fdb0000 - 0x00007ffd4fdcd000 	C:\Windows\SYSTEM32\dhcpcsvc.DLL
0x00007ffd58b50000 - 0x00007ffd58c1b000 	C:\Windows\SYSTEM32\DNSAPI.dll
0x00007ffd51ff0000 - 0x00007ffd52000000 	C:\Program Files\Java\jdk-17\bin\verify.dll
0x00007ffd509b0000 - 0x00007ffd509ba000 	C:\Windows\System32\rasadhlp.dll
0x00007ffd45d50000 - 0x00007ffd45dd0000 	C:\Windows\System32\fwpuclnt.dll
0x00007ffd51ea0000 - 0x00007ffd51ea7000 	C:\Windows\system32\wshunix.dll

dbghelp: loaded successfully - version: 4.0.5 - missing functions: none
symbol engine: initialized successfully - sym options: 0x614 - pdb path: .;C:\Program Files\Java\jdk-17\bin;C:\Windows\SYSTEM32;C:\Windows\WinSxS\amd64_microsoft.windows.common-controls_6595b64144ccf1df_6.0.19041.3636_none_60b6a03d71f818d5;C:\Program Files\Java\jdk-17\bin\server;C:\Program Files\JetBrains\IntelliJ IDEA Community Edition 2024.1.1\bin

VM Arguments:
jvm_args: -javaagent:C:\Program Files\JetBrains\IntelliJ IDEA Community Edition 2024.1.1\lib\idea_rt.jar=54536:C:\Program Files\JetBrains\IntelliJ IDEA Community Edition 2024.1.1\bin -Dfile.encoding=UTF-8 
java_command: com.ims.app.InventoryManagementSystemApplication
java_class_path (initial): C:\Users\ELITEBOOK\Desktop\SamTech\InventoryManagementSystem\target\classes;C:\Users\ELITEBOOK\.m2\repository\org\springframework\boot\spring-boot-starter-data-jpa\3.2.5\spring-boot-starter-data-jpa-3.2.5.jar;C:\Users\ELITEBOOK\.m2\repository\org\springframework\boot\spring-boot-starter-aop\3.2.5\spring-boot-starter-aop-3.2.5.jar;C:\Users\ELITEBOOK\.m2\repository\org\springframework\spring-aop\6.1.6\spring-aop-6.1.6.jar;C:\Users\ELITEBOOK\.m2\repository\org\aspectj\aspectjweaver\1.9.22\aspectjweaver-1.9.22.jar;C:\Users\ELITEBOOK\.m2\repository\org\springframework\boot\spring-boot-starter-jdbc\3.2.5\spring-boot-starter-jdbc-3.2.5.jar;C:\Users\ELITEBOOK\.m2\repository\com\zaxxer\HikariCP\5.0.1\HikariCP-5.0.1.jar;C:\Users\ELITEBOOK\.m2\repository\org\springframework\spring-jdbc\6.1.6\spring-jdbc-6.1.6.jar;C:\Users\ELITEBOOK\.m2\repository\org\hibernate\orm\hibernate-core\6.4.4.Final\hibernate-core-6.4.4.Final.jar;C:\Users\ELITEBOOK\.m2\repository\jakarta\persistence\jakarta.persistence-api\3.1.0\jakarta.persistence-api-3.1.0.jar;C:\Users\ELITEBOOK\.m2\repository\jakarta\transaction\jakarta.transaction-api\2.0.1\jakarta.transaction-api-2.0.1.jar;C:\Users\ELITEBOOK\.m2\repository\org\jboss\logging\jboss-logging\3.5.3.Final\jboss-logging-3.5.3.Final.jar;C:\Users\ELITEBOOK\.m2\repository\org\hibernate\common\hibernate-commons-annotations\6.0.6.Final\hibernate-commons-annotations-6.0.6.Final.jar;C:\Users\ELITEBOOK\.m2\repository\io\smallrye\jandex\3.1.2\jandex-3.1.2.jar;C:\Users\ELITEBOOK\.m2\repository\com\fasterxml\classmate\1.6.0\classmate-1.6.0.jar;C:\Users\ELITEBOOK\.m2\repository\net\bytebuddy\byte-buddy\1.14.13\byte-buddy-1.14.13.jar;C:\Users\ELITEBOOK\.m2\repository\org\glassfish\jaxb\jaxb-runtime\4.0.5\jaxb-runtime-4.0.5.jar;C:\Users\ELITEBOOK\.m2\repository\org\glassfish\jaxb\jaxb-core\4.0.5\jaxb-core-4.0.5.jar;C:\Users\ELITEBOOK\.m2\repository\org\eclipse\angus\angus-activation\2.0.2\angus-activation-2.0.2.jar;C:\Users\ELITEBOOK\.m2\r
Launcher Type: SUN_STANDARD

[Global flags]
     intx CICompilerCount                          = 3                                         {product} {ergonomic}
     uint ConcGCThreads                            = 1                                         {product} {ergonomic}
     uint G1ConcRefinementThreads                  = 4                                         {product} {ergonomic}
   size_t G1HeapRegionSize                         = 1048576                                   {product} {ergonomic}
    uintx GCDrainStackTargetSize                   = 64                                        {product} {ergonomic}
   size_t InitialHeapSize                          = 134217728                                 {product} {ergonomic}
   size_t MarkStackSize                            = 4194304                                   {product} {ergonomic}
   size_t MaxHeapSize                              = 2116026368                                {product} {ergonomic}
   size_t MaxNewSize                               = 1268776960                                {product} {ergonomic}
   size_t MinHeapDeltaBytes                        = 1048576                                   {product} {ergonomic}
   size_t MinHeapSize                              = 8388608                                   {product} {ergonomic}
    uintx NonNMethodCodeHeapSize                   = 5832780                                {pd product} {ergonomic}
    uintx NonProfiledCodeHeapSize                  = 122912730                              {pd product} {ergonomic}
    uintx ProfiledCodeHeapSize                     = 122912730                              {pd product} {ergonomic}
    uintx ReservedCodeCacheSize                    = 251658240                              {pd product} {ergonomic}
     bool SegmentedCodeCache                       = true                                      {product} {ergonomic}
   size_t SoftMaxHeapSize                          = 2116026368                             {manageable} {ergonomic}
     bool UseCompressedClassPointers               = true                           {product lp64_product} {ergonomic}
     bool UseCompressedOops                        = true                           {product lp64_product} {ergonomic}
     bool UseG1GC                                  = true                                      {product} {ergonomic}
     bool UseLargePagesIndividualAllocation        = false                                  {pd product} {ergonomic}

Logging:
Log output configuration:
 #0: stdout all=warning uptime,level,tags
 #1: stderr all=off uptime,level,tags

Environment Variables:
PATH=C:\OraHome_1\bin;C:\OraHome_1\jre\1.4.2\bin\client;C:\OraHome_1\jre\1.4.2\bin;C:\DevSuiteHome_1\jdk\jre\bin\classic;C:\DevSuiteHome_1\jdk\jre\bin;C:\DevSuiteHome_1\jdk\jre\bin\client;C:\DevSuiteHome_1\jlib;C:\DevSuiteHome_1\bin;C:\DevSuiteHome_1\jre\1.4.2\bin\client;C:\DevSuiteHome_1\jre\1.4.2\bin;C:\app\ELITEBOOK\product\21c\dbhomeXE\bin;C:\Program Files\Common Files\Oracle\Java\javapath;C:\Program Files (x86)\Common Files\Oracle\Java\javapath;C:\Windows\system32;C:\Windows;C:\Windows\System32\Wbem;C:\Windows\System32\WindowsPowerShell\v1.0\;C:\Windows\System32\OpenSSH\;C:\Program Files (x86)\apache-maven-3.9.6\bin;C:\Program Files (x86)\gradle-8.5\bin;C:\Program Files\PuTTY\;C:\Program Files\Git\cmd;C:\Users\ELITEBOOK\AppData\Local\Programs\Python\Python39\Scripts\;C:\Users\ELITEBOOK\AppData\Local\Programs\Python\Python39\;C:\Users\ELITEBOOK\AppData\Local\Microsoft\WindowsApps;C:\Program Files\JetBrains\IntelliJ IDEA 2023.3.3\bin;;C:\Users\ELITEBOOK\AppData\Local\GitHubDesktop\bin;C:\Users\ELITEBOOK\AppData\Local\Programs\Microsoft VS Code\bin;C:\Program Files\JetBrains\IntelliJ IDEA Community Edition 2024.1.1\bin;;C:\xampp\mysql\bin;
USERNAME=ELITEBOOK
OS=Windows_NT
PROCESSOR_IDENTIFIER=Intel64 Family 6 Model 78 Stepping 3, GenuineIntel



---------------  S Y S T E M  ---------------

OS:
 Windows 10 , 64 bit Build 19041 (10.0.19041.3636)
OS uptime: 0 days 21:09 hours

CPU: total 4 (initial active 4) (2 cores per cpu, 2 threads per core) family 6 model 78 stepping 3 microcode 0xdc, cx8, cmov, fxsr, ht, mmx, 3dnowpref, sse, sse2, sse3, ssse3, sse4.1, sse4.2, popcnt, lzcnt, tsc, tscinvbit, avx, avx2, aes, erms, clmul, bmi1, bmi2, rtm, adx, fma, vzeroupper, clflush, clflushopt

Memory: 4k page, system-wide physical 8067M (930M free)
TotalPageFile size 9602M (AvailPageFile size 4M)
current process WorkingSet (physical memory assigned to process): 211M, peak: 241M
current process commit charge ("private bytes"): 241M, peak: 271M

vm_info: Java HotSpot(TM) 64-Bit Server VM (17.0.10+11-LTS-240) for windows-amd64 JRE (17.0.10+11-LTS-240), built on Dec 19 2023 21:47:25 by "mach5one" with MS VC++ 17.1 (VS2022)

END.
