#
# There is insufficient memory for the Java Runtime Environment to continue.
# Native memory allocation (malloc) failed to allocate 32744 bytes for ChunkPool::allocate
# Possible reasons:
#   The system is out of physical RAM or swap space
#   The process is running with CompressedOops enabled, and the Java Heap may be blocking the growth of the native heap
# Possible solutions:
#   Reduce memory load on the system
#   Increase physical memory or swap space
#   Check if swap backing store is full
#   Decrease Java heap size (-Xmx/-Xms)
#   Decrease number of Java threads
#   Decrease Java thread stack sizes (-Xss)
#   Set larger code cache with -XX:ReservedCodeCacheSize=
#   JVM is running with Unscaled Compressed Oops mode in which the Java heap is
#     placed in the first 4GB address space. The Java Heap base address is the
#     maximum limit for the native heap growth. Please use -XX:HeapBaseMinAddress
#     to set the Java Heap base and to place the Java Heap above 4GB virtual address.
# This output file may be truncated or incomplete.
#
#  Out of Memory Error (arena.cpp:78), pid=8136, tid=8940
#
# JRE version: Java(TM) SE Runtime Environment (17.0.10+11) (build 17.0.10+11-LTS-240)
# Java VM: Java HotSpot(TM) 64-Bit Server VM (17.0.10+11-LTS-240, mixed mode, sharing, tiered, compressed oops, compressed class ptrs, g1 gc, windows-amd64)
# No core dump will be written. Minidumps are not enabled by default on client versions of Windows
#

---------------  S U M M A R Y ------------

Command Line: -javaagent:C:\Program Files\JetBrains\IntelliJ IDEA Community Edition 2024.1.1\lib\idea_rt.jar=54967:C:\Program Files\JetBrains\IntelliJ IDEA Community Edition 2024.1.1\bin -Dfile.encoding=UTF-8 com.ims.app.InventoryManagementSystemApplication

Host: Intel(R) Core(TM) i7-6600U CPU @ 2.60GHz, 4 cores, 7G,  Windows 10 , 64 bit Build 19041 (10.0.19041.3636)
Time: Thu May 16 11:44:27 2024 E. Africa Standard Time elapsed time: 78.381937 seconds (0d 0h 1m 18s)

---------------  T H R E A D  ---------------

Current thread (0x000001c83acf99a0):  JavaThread "C2 CompilerThread1" daemon [_thread_in_native, id=8940, stack(0x00000016c0900000,0x00000016c0a00000)]


Current CompileTask:
C2:  78382 5081       4       org.springframework.core.annotation.AnnotationsScanner::scan (21 bytes)

Stack: [0x00000016c0900000,0x00000016c0a00000]
Native frames: (J=compiled Java code, j=interpreted, Vv=VM code, C=native code)
V  [jvm.dll+0x677a5a]
V  [jvm.dll+0x7d8b2d]
V  [jvm.dll+0x7da48e]
V  [jvm.dll+0x7daaf3]
V  [jvm.dll+0x2455ff]
V  [jvm.dll+0xaad50]
V  [jvm.dll+0xab09c]
V  [jvm.dll+0x11d4f5]
V  [jvm.dll+0x6a14e7]
V  [jvm.dll+0x1bb497]
V  [jvm.dll+0x217aa7]
V  [jvm.dll+0x216d81]
V  [jvm.dll+0x1a3410]
V  [jvm.dll+0x226aeb]
V  [jvm.dll+0x224cab]
V  [jvm.dll+0x78e45c]
V  [jvm.dll+0x78888a]
V  [jvm.dll+0x676935]
C  [ucrtbase.dll+0x21bb2]
C  [KERNEL32.DLL+0x17344]
C  [ntdll.dll+0x526b1]


---------------  P R O C E S S  ---------------

Threads class SMR info:
_java_thread_list=0x000001c80445c1f0, length=33, elements={
0x000001c83a9b44e0, 0x000001c83a9b5880, 0x000001c83a9c86f0, 0x000001c83a9ca1d0,
0x000001c83a9ccec0, 0x000001c83a9cdba0, 0x000001c83a9ce7a0, 0x000001c83a9d2660,
0x000001c83a9e1390, 0x000001c83a9e27d0, 0x000001c83a9df530, 0x000001c83a9e18a0,
0x000001c83a9e22c0, 0x000001c83a9df020, 0x000001c83a9e0460, 0x000001c83a9dfa40,
0x000001c803187060, 0x000001c8031884a0, 0x000001c803185710, 0x000001c803187a80,
0x000001c803186130, 0x000001c803187f90, 0x000001c803187570, 0x000001c803186640,
0x000001c803186b50, 0x000001c8039df4e0, 0x000001c8039dae00, 0x000001c8039db820,
0x000001c8039defd0, 0x000001c8039d8fa0, 0x000001c8039dc240, 0x000001c8039da3e0,
0x000001c83acf99a0
}

Java Threads: ( => current thread )
  0x000001c83a9b44e0 JavaThread "Reference Handler" daemon [_thread_blocked, id=10852, stack(0x00000016c1300000,0x00000016c1400000)]
  0x000001c83a9b5880 JavaThread "Finalizer" daemon [_thread_blocked, id=10264, stack(0x00000016c1400000,0x00000016c1500000)]
  0x000001c83a9c86f0 JavaThread "Signal Dispatcher" daemon [_thread_blocked, id=12688, stack(0x00000016c1500000,0x00000016c1600000)]
  0x000001c83a9ca1d0 JavaThread "Attach Listener" daemon [_thread_blocked, id=6600, stack(0x00000016c1600000,0x00000016c1700000)]
  0x000001c83a9ccec0 JavaThread "Service Thread" daemon [_thread_blocked, id=2332, stack(0x00000016c1700000,0x00000016c1800000)]
  0x000001c83a9cdba0 JavaThread "Monitor Deflation Thread" daemon [_thread_blocked, id=4068, stack(0x00000016c1800000,0x00000016c1900000)]
  0x000001c83a9ce7a0 JavaThread "C2 CompilerThread0" daemon [_thread_in_native, id=12424, stack(0x00000016c1900000,0x00000016c1a00000)]
  0x000001c83a9d2660 JavaThread "C1 CompilerThread0" daemon [_thread_blocked, id=14732, stack(0x00000016c1a00000,0x00000016c1b00000)]
  0x000001c83a9e1390 JavaThread "Sweeper thread" daemon [_thread_blocked, id=5816, stack(0x00000016c1b00000,0x00000016c1c00000)]
  0x000001c83a9e27d0 JavaThread "Common-Cleaner" daemon [_thread_blocked, id=1892, stack(0x00000016c1c00000,0x00000016c1d00000)]
  0x000001c83a9df530 JavaThread "Monitor Ctrl-Break" daemon [_thread_in_native, id=5912, stack(0x00000016c1e00000,0x00000016c1f00000)]
  0x000001c83a9e18a0 JavaThread "Notification Thread" daemon [_thread_blocked, id=1596, stack(0x00000016c1f00000,0x00000016c2000000)]
  0x000001c83a9e22c0 JavaThread "Catalina-utility-1" [_thread_blocked, id=13552, stack(0x00000016c2600000,0x00000016c2700000)]
  0x000001c83a9df020 JavaThread "Catalina-utility-2" [_thread_blocked, id=13852, stack(0x00000016c2700000,0x00000016c2800000)]
  0x000001c83a9e0460 JavaThread "container-0" [_thread_blocked, id=1128, stack(0x00000016c2800000,0x00000016c2900000)]
  0x000001c83a9dfa40 JavaThread "mysql-cj-abandoned-connection-cleanup" daemon [_thread_blocked, id=13568, stack(0x00000016c2900000,0x00000016c2a00000)]
  0x000001c803187060 JavaThread "HikariPool-1 housekeeper" daemon [_thread_blocked, id=14364, stack(0x00000016c2b00000,0x00000016c2c00000)]
  0x000001c8031884a0 JavaThread "File Watcher" daemon [_thread_blocked, id=8076, stack(0x00000016c2d00000,0x00000016c2e00000)]
  0x000001c803185710 JavaThread "Live Reload Server" daemon [_thread_in_native, id=12296, stack(0x00000016c2f00000,0x00000016c3000000)]
  0x000001c803187a80 JavaThread "http-nio-8081-exec-1" daemon [_thread_blocked, id=12980, stack(0x00000016c2e00000,0x00000016c2f00000)]
  0x000001c803186130 JavaThread "http-nio-8081-exec-2" daemon [_thread_blocked, id=11076, stack(0x00000016c3000000,0x00000016c3100000)]
  0x000001c803187f90 JavaThread "http-nio-8081-exec-3" daemon [_thread_blocked, id=6652, stack(0x00000016c3100000,0x00000016c3200000)]
  0x000001c803187570 JavaThread "http-nio-8081-exec-4" daemon [_thread_blocked, id=10244, stack(0x00000016c3200000,0x00000016c3300000)]
  0x000001c803186640 JavaThread "http-nio-8081-exec-5" daemon [_thread_blocked, id=15240, stack(0x00000016c3300000,0x00000016c3400000)]
  0x000001c803186b50 JavaThread "http-nio-8081-exec-6" daemon [_thread_blocked, id=8692, stack(0x00000016c3400000,0x00000016c3500000)]
  0x000001c8039df4e0 JavaThread "http-nio-8081-exec-7" daemon [_thread_blocked, id=14160, stack(0x00000016c3500000,0x00000016c3600000)]
  0x000001c8039dae00 JavaThread "http-nio-8081-exec-8" daemon [_thread_blocked, id=13592, stack(0x00000016c3600000,0x00000016c3700000)]
  0x000001c8039db820 JavaThread "http-nio-8081-exec-9" daemon [_thread_blocked, id=7228, stack(0x00000016c3700000,0x00000016c3800000)]
  0x000001c8039defd0 JavaThread "http-nio-8081-exec-10" daemon [_thread_blocked, id=9292, stack(0x00000016c3800000,0x00000016c3900000)]
  0x000001c8039d8fa0 JavaThread "http-nio-8081-Poller" daemon [_thread_in_native, id=3548, stack(0x00000016c3900000,0x00000016c3a00000)]
  0x000001c8039dc240 JavaThread "http-nio-8081-Acceptor" daemon [_thread_in_native, id=12144, stack(0x00000016c3a00000,0x00000016c3b00000)]
  0x000001c8039da3e0 JavaThread "DestroyJavaVM" [_thread_blocked, id=14032, stack(0x00000016c0c00000,0x00000016c0d00000)]
=>0x000001c83acf99a0 JavaThread "C2 CompilerThread1" daemon [_thread_in_native, id=8940, stack(0x00000016c0900000,0x00000016c0a00000)]

Other Threads:
  0x000001c83a9af9c0 VMThread "VM Thread" [stack: 0x00000016c1200000,0x00000016c1300000] [id=14040]
  0x000001c83a9b9310 WatcherThread [stack: 0x00000016c2000000,0x00000016c2100000] [id=15148]
  0x000001c81d1a8a30 GCTaskThread "GC Thread#0" [stack: 0x00000016c0d00000,0x00000016c0e00000] [id=7380]
  0x000001c8003502c0 GCTaskThread "GC Thread#1" [stack: 0x00000016c2100000,0x00000016c2200000] [id=14948]
  0x000001c8007fdd60 GCTaskThread "GC Thread#2" [stack: 0x00000016c2200000,0x00000016c2300000] [id=9392]
  0x000001c800623850 GCTaskThread "GC Thread#3" [stack: 0x00000016c2300000,0x00000016c2400000] [id=9288]
  0x000001c81d1ba8e0 ConcurrentGCThread "G1 Main Marker" [stack: 0x00000016c0e00000,0x00000016c0f00000] [id=12340]
  0x000001c81d1bb9a0 ConcurrentGCThread "G1 Conc#0" [stack: 0x00000016c0f00000,0x00000016c1000000] [id=11220]
  0x000001c81d2139a0 ConcurrentGCThread "G1 Refine#0" [stack: 0x00000016c1000000,0x00000016c1100000] [id=14452]
  0x000001c83a8714a0 ConcurrentGCThread "G1 Service" [stack: 0x00000016c1100000,0x00000016c1200000] [id=2188]

Threads with active compile tasks:
C2 CompilerThread0    78434 5078       4       org.springframework.core.ResolvableType::hasGenerics (14 bytes)
C2 CompilerThread1    78434 5081       4       org.springframework.core.annotation.AnnotationsScanner::scan (21 bytes)

VM state: not at safepoint (normal execution)

VM Mutex/Monitor currently owned by a thread: None

Heap address: 0x0000000081e00000, size: 2018 MB, Compressed Oops mode: 32-bit

CDS archive(s) mapped at: [0x000001c83b000000-0x000001c83bbd0000-0x000001c83bbd0000), size 12386304, SharedBaseAddress: 0x000001c83b000000, ArchiveRelocationMode: 1.
Compressed class space mapped at: 0x000001c83c000000-0x000001c87c000000, reserved size: 1073741824
Narrow klass base: 0x000001c83b000000, Narrow klass shift: 0, Narrow klass range: 0x100000000

GC Precious Log:
 CPUs: 4 total, 4 available
 Memory: 8067M
 Large Page Support: Disabled
 NUMA Support: Disabled
 Compressed Oops: Enabled (32-bit)
 Heap Region Size: 1M
 Heap Min Capacity: 8M
 Heap Initial Capacity: 128M
 Heap Max Capacity: 2018M
 Pre-touch: Disabled
 Parallel Workers: 4
 Concurrent Workers: 1
 Concurrent Refinement Workers: 4
 Periodic GC: Disabled

Heap:
 garbage-first heap   total 78848K, used 28079K [0x0000000081e00000, 0x0000000100000000)
  region size 1024K, 3 young (3072K), 1 survivors (1024K)
 Metaspace       used 59971K, committed 60544K, reserved 1114112K
  class space    used 8134K, committed 8384K, reserved 1048576K

Heap Regions: E=young(eden), S=young(survivor), O=old, HS=humongous(starts), HC=humongous(continues), CS=collection set, F=free, OA=open archive, CA=closed archive, TAMS=top-at-mark-start (previous, next)
|   0|0x0000000081e00000, 0x0000000081f00000, 0x0000000081f00000|100%|HS|  |TAMS 0x0000000081f00000, 0x0000000081e00000| Complete 
|   1|0x0000000081f00000, 0x0000000082000000, 0x0000000082000000|100%| O|  |TAMS 0x0000000082000000, 0x0000000081f00000| Untracked 
|   2|0x0000000082000000, 0x0000000082100000, 0x0000000082100000|100%| O|  |TAMS 0x0000000082100000, 0x0000000082000000| Untracked 
|   3|0x0000000082100000, 0x0000000082200000, 0x0000000082200000|100%| O|  |TAMS 0x0000000082200000, 0x0000000082100000| Untracked 
|   4|0x0000000082200000, 0x0000000082300000, 0x0000000082300000|100%| O|  |TAMS 0x0000000082300000, 0x0000000082200000| Untracked 
|   5|0x0000000082300000, 0x0000000082400000, 0x0000000082400000|100%| O|  |TAMS 0x0000000082400000, 0x0000000082300000| Untracked 
|   6|0x0000000082400000, 0x0000000082500000, 0x0000000082500000|100%| O|  |TAMS 0x0000000082500000, 0x0000000082400000| Untracked 
|   7|0x0000000082500000, 0x0000000082600000, 0x0000000082600000|100%| O|  |TAMS 0x0000000082600000, 0x0000000082500000| Untracked 
|   8|0x0000000082600000, 0x0000000082700000, 0x0000000082700000|100%| O|  |TAMS 0x0000000082700000, 0x0000000082600000| Untracked 
|   9|0x0000000082700000, 0x0000000082800000, 0x0000000082800000|100%| O|  |TAMS 0x0000000082800000, 0x0000000082700000| Untracked 
|  10|0x0000000082800000, 0x0000000082900000, 0x0000000082900000|100%| O|  |TAMS 0x0000000082900000, 0x0000000082800000| Untracked 
|  11|0x0000000082900000, 0x0000000082a00000, 0x0000000082a00000|100%| O|  |TAMS 0x0000000082a00000, 0x0000000082900000| Untracked 
|  12|0x0000000082a00000, 0x0000000082b00000, 0x0000000082b00000|100%| O|  |TAMS 0x0000000082b00000, 0x0000000082a00000| Untracked 
|  13|0x0000000082b00000, 0x0000000082c00000, 0x0000000082c00000|100%| O|  |TAMS 0x0000000082c00000, 0x0000000082b00000| Untracked 
|  14|0x0000000082c00000, 0x0000000082d00000, 0x0000000082d00000|100%| O|  |TAMS 0x0000000082d00000, 0x0000000082c00000| Untracked 
|  15|0x0000000082d00000, 0x0000000082e00000, 0x0000000082e00000|100%| O|  |TAMS 0x0000000082e00000, 0x0000000082d00000| Untracked 
|  16|0x0000000082e00000, 0x0000000082f00000, 0x0000000082f00000|100%| O|  |TAMS 0x0000000082f00000, 0x0000000082e00000| Untracked 
|  17|0x0000000082f00000, 0x0000000083000000, 0x0000000083000000|100%| O|  |TAMS 0x0000000083000000, 0x0000000082f00000| Untracked 
|  18|0x0000000083000000, 0x0000000083100000, 0x0000000083100000|100%| O|  |TAMS 0x0000000083100000, 0x0000000083000000| Untracked 
|  19|0x0000000083100000, 0x0000000083200000, 0x0000000083200000|100%| O|  |TAMS 0x0000000083200000, 0x0000000083100000| Untracked 
|  20|0x0000000083200000, 0x0000000083300000, 0x0000000083300000|100%| O|  |TAMS 0x0000000083300000, 0x0000000083200000| Untracked 
|  21|0x0000000083300000, 0x0000000083400000, 0x0000000083400000|100%| O|  |TAMS 0x0000000083400000, 0x0000000083300000| Untracked 
|  22|0x0000000083400000, 0x0000000083500000, 0x0000000083500000|100%| O|  |TAMS 0x0000000083409c00, 0x0000000083400000| Untracked 
|  23|0x0000000083500000, 0x0000000083600000, 0x0000000083600000|100%| O|  |TAMS 0x0000000083500000, 0x0000000083500000| Untracked 
|  24|0x0000000083600000, 0x0000000083700000, 0x0000000083700000|100%| O|  |TAMS 0x0000000083600000, 0x0000000083600000| Untracked 
|  25|0x0000000083700000, 0x0000000083700000, 0x0000000083800000|  0%| F|  |TAMS 0x0000000083700000, 0x0000000083700000| Untracked 
|  26|0x0000000083800000, 0x0000000083800000, 0x0000000083900000|  0%| F|  |TAMS 0x0000000083800000, 0x0000000083800000| Untracked 
|  27|0x0000000083900000, 0x0000000083900000, 0x0000000083a00000|  0%| F|  |TAMS 0x0000000083900000, 0x0000000083900000| Untracked 
|  28|0x0000000083a00000, 0x0000000083a00000, 0x0000000083b00000|  0%| F|  |TAMS 0x0000000083a00000, 0x0000000083a00000| Untracked 
|  29|0x0000000083b00000, 0x0000000083b00000, 0x0000000083c00000|  0%| F|  |TAMS 0x0000000083b00000, 0x0000000083b00000| Untracked 
|  30|0x0000000083c00000, 0x0000000083c00000, 0x0000000083d00000|  0%| F|  |TAMS 0x0000000083c00000, 0x0000000083c00000| Untracked 
|  31|0x0000000083d00000, 0x0000000083d00000, 0x0000000083e00000|  0%| F|  |TAMS 0x0000000083d00000, 0x0000000083d00000| Untracked 
|  32|0x0000000083e00000, 0x0000000083e00000, 0x0000000083f00000|  0%| F|  |TAMS 0x0000000083e00000, 0x0000000083e00000| Untracked 
|  33|0x0000000083f00000, 0x0000000083f00000, 0x0000000084000000|  0%| F|  |TAMS 0x0000000083f00000, 0x0000000083f00000| Untracked 
|  34|0x0000000084000000, 0x0000000084000000, 0x0000000084100000|  0%| F|  |TAMS 0x0000000084000000, 0x0000000084000000| Untracked 
|  35|0x0000000084100000, 0x0000000084100000, 0x0000000084200000|  0%| F|  |TAMS 0x0000000084100000, 0x0000000084100000| Untracked 
|  36|0x0000000084200000, 0x0000000084200000, 0x0000000084300000|  0%| F|  |TAMS 0x0000000084200000, 0x0000000084200000| Untracked 
|  37|0x0000000084300000, 0x0000000084300000, 0x0000000084400000|  0%| F|  |TAMS 0x0000000084300000, 0x0000000084300000| Untracked 
|  38|0x0000000084400000, 0x0000000084400000, 0x0000000084500000|  0%| F|  |TAMS 0x0000000084400000, 0x0000000084400000| Untracked 
|  39|0x0000000084500000, 0x0000000084500000, 0x0000000084600000|  0%| F|  |TAMS 0x0000000084500000, 0x0000000084500000| Untracked 
|  40|0x0000000084600000, 0x0000000084600000, 0x0000000084700000|  0%| F|  |TAMS 0x0000000084600000, 0x0000000084600000| Untracked 
|  41|0x0000000084700000, 0x0000000084700000, 0x0000000084800000|  0%| F|  |TAMS 0x0000000084700000, 0x0000000084700000| Untracked 
|  42|0x0000000084800000, 0x0000000084800000, 0x0000000084900000|  0%| F|  |TAMS 0x0000000084800000, 0x0000000084800000| Untracked 
|  43|0x0000000084900000, 0x0000000084900000, 0x0000000084a00000|  0%| F|  |TAMS 0x0000000084900000, 0x0000000084900000| Untracked 
|  44|0x0000000084a00000, 0x0000000084a00000, 0x0000000084b00000|  0%| F|  |TAMS 0x0000000084a00000, 0x0000000084a00000| Untracked 
|  45|0x0000000084b00000, 0x0000000084b00000, 0x0000000084c00000|  0%| F|  |TAMS 0x0000000084b00000, 0x0000000084b00000| Untracked 
|  46|0x0000000084c00000, 0x0000000084c00000, 0x0000000084d00000|  0%| F|  |TAMS 0x0000000084c00000, 0x0000000084c00000| Untracked 
|  47|0x0000000084d00000, 0x0000000084d00000, 0x0000000084e00000|  0%| F|  |TAMS 0x0000000084d00000, 0x0000000084d00000| Untracked 
|  48|0x0000000084e00000, 0x0000000084e00000, 0x0000000084f00000|  0%| F|  |TAMS 0x0000000084e00000, 0x0000000084e00000| Untracked 
|  49|0x0000000084f00000, 0x0000000084f00000, 0x0000000085000000|  0%| F|  |TAMS 0x0000000084f00000, 0x0000000084f00000| Untracked 
|  50|0x0000000085000000, 0x0000000085000000, 0x0000000085100000|  0%| F|  |TAMS 0x0000000085000000, 0x0000000085000000| Untracked 
|  51|0x0000000085100000, 0x0000000085100000, 0x0000000085200000|  0%| F|  |TAMS 0x0000000085100000, 0x0000000085100000| Untracked 
|  52|0x0000000085200000, 0x0000000085200000, 0x0000000085300000|  0%| F|  |TAMS 0x0000000085200000, 0x0000000085200000| Untracked 
|  53|0x0000000085300000, 0x0000000085300000, 0x0000000085400000|  0%| F|  |TAMS 0x0000000085300000, 0x0000000085300000| Untracked 
|  54|0x0000000085400000, 0x0000000085400000, 0x0000000085500000|  0%| F|  |TAMS 0x0000000085400000, 0x0000000085400000| Untracked 
|  55|0x0000000085500000, 0x0000000085500000, 0x0000000085600000|  0%| F|  |TAMS 0x0000000085500000, 0x0000000085500000| Untracked 
|  56|0x0000000085600000, 0x0000000085600000, 0x0000000085700000|  0%| F|  |TAMS 0x0000000085600000, 0x0000000085600000| Untracked 
|  57|0x0000000085700000, 0x0000000085700000, 0x0000000085800000|  0%| F|  |TAMS 0x0000000085700000, 0x0000000085700000| Untracked 
|  58|0x0000000085800000, 0x0000000085800000, 0x0000000085900000|  0%| F|  |TAMS 0x0000000085800000, 0x0000000085800000| Untracked 
|  59|0x0000000085900000, 0x0000000085900000, 0x0000000085a00000|  0%| F|  |TAMS 0x0000000085900000, 0x0000000085900000| Untracked 
|  60|0x0000000085a00000, 0x0000000085a00000, 0x0000000085b00000|  0%| F|  |TAMS 0x0000000085a00000, 0x0000000085a00000| Untracked 
|  61|0x0000000085b00000, 0x0000000085b00000, 0x0000000085c00000|  0%| F|  |TAMS 0x0000000085b00000, 0x0000000085b00000| Untracked 
|  62|0x0000000085c00000, 0x0000000085c00000, 0x0000000085d00000|  0%| F|  |TAMS 0x0000000085c00000, 0x0000000085c00000| Untracked 
|  63|0x0000000085d00000, 0x0000000085d00000, 0x0000000085e00000|  0%| F|  |TAMS 0x0000000085d00000, 0x0000000085d00000| Untracked 
|  64|0x0000000085e00000, 0x0000000085e00000, 0x0000000085f00000|  0%| F|  |TAMS 0x0000000085e00000, 0x0000000085e00000| Untracked 
|  65|0x0000000085f00000, 0x0000000085f00000, 0x0000000086000000|  0%| F|  |TAMS 0x0000000085f00000, 0x0000000085f00000| Untracked 
|  66|0x0000000086000000, 0x0000000086000000, 0x0000000086100000|  0%| F|  |TAMS 0x0000000086000000, 0x0000000086000000| Untracked 
|  67|0x0000000086100000, 0x0000000086100000, 0x0000000086200000|  0%| F|  |TAMS 0x0000000086100000, 0x0000000086100000| Untracked 
|  68|0x0000000086200000, 0x0000000086200000, 0x0000000086300000|  0%| F|  |TAMS 0x0000000086200000, 0x0000000086200000| Untracked 
|  69|0x0000000086300000, 0x0000000086300000, 0x0000000086400000|  0%| F|  |TAMS 0x0000000086300000, 0x0000000086300000| Untracked 
|  70|0x0000000086400000, 0x0000000086400000, 0x0000000086500000|  0%| F|  |TAMS 0x0000000086400000, 0x0000000086400000| Untracked 
|  71|0x0000000086500000, 0x0000000086500000, 0x0000000086600000|  0%| F|  |TAMS 0x0000000086500000, 0x0000000086500000| Untracked 
|  72|0x0000000086600000, 0x0000000086600000, 0x0000000086700000|  0%| F|  |TAMS 0x0000000086600000, 0x0000000086600000| Untracked 
|  73|0x0000000086700000, 0x000000008676bd00, 0x0000000086800000| 42%| S|CS|TAMS 0x0000000086700000, 0x0000000086700000| Complete 
|  74|0x0000000086800000, 0x000000008682e960, 0x0000000086900000| 18%| E|  |TAMS 0x0000000086800000, 0x0000000086800000| Complete 
| 127|0x0000000089d00000, 0x0000000089e00000, 0x0000000089e00000|100%| E|CS|TAMS 0x0000000089d00000, 0x0000000089d00000| Complete 
|2017|0x00000000fff00000, 0x0000000100000000, 0x0000000100000000|100%| O|  |TAMS 0x0000000100000000, 0x00000000fff00000| Untracked 

Card table byte_map: [0x000001c833e00000,0x000001c834200000] _byte_map_base: 0x000001c8339f1000

Marking Bits (Prev, Next): (CMBitMap*) 0x000001c81d1aa3b0, (CMBitMap*) 0x000001c81d1aa370
 Prev Bits: [0x000001c836590000, 0x000001c838518000)
 Next Bits: [0x000001c834600000, 0x000001c836588000)

Polling page: 0x000001c81b020000

Metaspace:

Usage:
  Non-class:     50.62 MB used.
      Class:      7.94 MB used.
       Both:     58.57 MB used.

Virtual space:
  Non-class space:       64.00 MB reserved,      50.94 MB ( 80%) committed,  1 nodes.
      Class space:        1.00 GB reserved,       8.19 MB ( <1%) committed,  1 nodes.
             Both:        1.06 GB reserved,      59.12 MB (  5%) committed. 

Chunk freelists:
   Non-Class:  12.39 MB
       Class:  7.77 MB
        Both:  20.16 MB

MaxMetaspaceSize: unlimited
CompressedClassSpaceSize: 1.00 GB
Initial GC threshold: 21.00 MB
Current GC threshold: 98.56 MB
CDS: on
MetaspaceReclaimPolicy: balanced
 - commit_granule_bytes: 65536.
 - commit_granule_words: 8192.
 - virtual_space_node_default_size: 8388608.
 - enlarge_chunks_in_place: 1.
 - new_chunks_are_fully_committed: 0.
 - uncommit_free_chunks: 1.
 - use_allocation_guard: 0.
 - handle_deallocations: 1.


Internal statistics:

num_allocs_failed_limit: 9.
num_arena_births: 712.
num_arena_deaths: 0.
num_vsnodes_births: 2.
num_vsnodes_deaths: 0.
num_space_committed: 946.
num_space_uncommitted: 0.
num_chunks_returned_to_freelist: 9.
num_chunks_taken_from_freelist: 2886.
num_chunk_merges: 9.
num_chunk_splits: 2122.
num_chunks_enlarged: 1671.
num_inconsistent_stats: 0.

CodeHeap 'non-profiled nmethods': size=120000Kb used=2733Kb max_used=3305Kb free=117266Kb
 bounds [0x000001c82c4d0000, 0x000001c82c810000, 0x000001c833a00000]
CodeHeap 'profiled nmethods': size=120000Kb used=7743Kb max_used=10239Kb free=112256Kb
 bounds [0x000001c824a00000, 0x000001c825400000, 0x000001c82bf30000]
CodeHeap 'non-nmethods': size=5760Kb used=1318Kb max_used=1435Kb free=4441Kb
 bounds [0x000001c82bf30000, 0x000001c82c1a0000, 0x000001c82c4d0000]
 total_blobs=4932 nmethods=4282 adapters=562
 compilation: enabled
              stopped_count=0, restarted_count=0
 full_count=0

Compilation events (20 events):
Event: 77.665 Thread 0x000001c83a9d2660 5105       3       java.util.concurrent.atomic.AtomicLongArray::lazySet (13 bytes)
Event: 77.665 Thread 0x000001c83a9d2660 nmethod 5105 0x000001c824a02190 code [0x000001c824a023a0, 0x000001c824a02bb8]
Event: 77.669 Thread 0x000001c83a9d2660 5107       3       com.fasterxml.jackson.databind.AnnotationIntrospector::_findAnnotation (6 bytes)
Event: 77.670 Thread 0x000001c83a9d2660 nmethod 5107 0x000001c824a04190 code [0x000001c824a04340, 0x000001c824a04528]
Event: 77.670 Thread 0x000001c83a9d2660 5108       3       com.fasterxml.jackson.databind.introspect.AnnotatedMember::getAnnotation (18 bytes)
Event: 77.670 Thread 0x000001c83a9d2660 nmethod 5108 0x000001c824a23790 code [0x000001c824a23960, 0x000001c824a23d68]
Event: 77.670 Thread 0x000001c83a9d2660 5109       3       java.util.concurrent.atomic.AtomicReferenceArray::get (12 bytes)
Event: 77.671 Thread 0x000001c83a9d2660 nmethod 5109 0x000001c824a24810 code [0x000001c824a24aa0, 0x000001c824a258c8]
Event: 77.678 Thread 0x000001c83acf99a0 nmethod 5082 0x000001c82c546110 code [0x000001c82c546380, 0x000001c82c547e50]
Event: 77.678 Thread 0x000001c83acf99a0 5106   !   4       java.lang.reflect.Executable::declaredAnnotations (85 bytes)
Event: 77.691 Thread 0x000001c83a9d2660 5110       1       com.fasterxml.jackson.databind.type.TypeBase::getBindings (5 bytes)
Event: 77.691 Thread 0x000001c83a9d2660 nmethod 5110 0x000001c82c4e8a90 code [0x000001c82c4e8c20, 0x000001c82c4e8cf8]
Event: 77.691 Thread 0x000001c83a9d2660 5111       1       com.fasterxml.jackson.databind.JavaType::getReferencedType (2 bytes)
Event: 77.691 Thread 0x000001c83a9d2660 nmethod 5111 0x000001c82c526510 code [0x000001c82c5266a0, 0x000001c82c526778]
Event: 77.694 Thread 0x000001c83a9d2660 5112       3       com.fasterxml.jackson.databind.util.internal.PrivateMaxEntriesMap::readBufferIndex (7 bytes)
Event: 77.694 Thread 0x000001c83a9d2660 nmethod 5112 0x000001c824a03390 code [0x000001c824a03520, 0x000001c824a03618]
Event: 77.839 Thread 0x000001c83acf99a0 nmethod 5106 0x000001c82c5f4e90 code [0x000001c82c5f5200, 0x000001c82c5f8a78]
Event: 77.840 Thread 0x000001c83acf99a0 5081       4       org.springframework.core.annotation.AnnotationsScanner::scan (21 bytes)
Event: 77.854 Thread 0x000001c83a9ce7a0 nmethod 5075 0x000001c82c594010 code [0x000001c82c594700, 0x000001c82c59c508]
Event: 77.855 Thread 0x000001c83a9ce7a0 5091       4       org.springframework.core.annotation.AnnotationsScanner::process (55 bytes)

GC Heap History (20 events):
Event: 4.572 GC heap before
{Heap before GC invocations=5 (full 0):
 garbage-first heap   total 48128K, used 37861K [0x0000000081e00000, 0x0000000100000000)
  region size 1024K, 32 young (32768K), 7 survivors (7168K)
 Metaspace       used 25346K, committed 25792K, reserved 1114112K
  class space    used 3266K, committed 3456K, reserved 1048576K
}
Event: 4.588 GC heap after
{Heap after GC invocations=6 (full 0):
 garbage-first heap   total 49152K, used 15775K [0x0000000081e00000, 0x0000000100000000)
  region size 1024K, 7 young (7168K), 7 survivors (7168K)
 Metaspace       used 25346K, committed 25792K, reserved 1114112K
  class space    used 3266K, committed 3456K, reserved 1048576K
}
Event: 5.201 GC heap before
{Heap before GC invocations=6 (full 0):
 garbage-first heap   total 49152K, used 33183K [0x0000000081e00000, 0x0000000100000000)
  region size 1024K, 25 young (25600K), 7 survivors (7168K)
 Metaspace       used 28550K, committed 28992K, reserved 1114112K
  class space    used 3639K, committed 3840K, reserved 1048576K
}
Event: 5.211 GC heap after
{Heap after GC invocations=7 (full 0):
 garbage-first heap   total 49152K, used 17201K [0x0000000081e00000, 0x0000000100000000)
  region size 1024K, 2 young (2048K), 2 survivors (2048K)
 Metaspace       used 28550K, committed 28992K, reserved 1114112K
  class space    used 3639K, committed 3840K, reserved 1048576K
}
Event: 5.935 GC heap before
{Heap before GC invocations=7 (full 0):
 garbage-first heap   total 49152K, used 33585K [0x0000000081e00000, 0x0000000100000000)
  region size 1024K, 19 young (19456K), 2 survivors (2048K)
 Metaspace       used 32698K, committed 33216K, reserved 1114112K
  class space    used 4244K, committed 4480K, reserved 1048576K
}
Event: 5.940 GC heap after
{Heap after GC invocations=8 (full 0):
 garbage-first heap   total 49152K, used 17984K [0x0000000081e00000, 0x0000000100000000)
  region size 1024K, 3 young (3072K), 3 survivors (3072K)
 Metaspace       used 32698K, committed 33216K, reserved 1114112K
  class space    used 4244K, committed 4480K, reserved 1048576K
}
Event: 6.339 GC heap before
{Heap before GC invocations=8 (full 0):
 garbage-first heap   total 49152K, used 28224K [0x0000000081e00000, 0x0000000100000000)
  region size 1024K, 14 young (14336K), 3 survivors (3072K)
 Metaspace       used 35563K, committed 35968K, reserved 1114112K
  class space    used 4655K, committed 4864K, reserved 1048576K
}
Event: 6.344 GC heap after
{Heap after GC invocations=9 (full 0):
 garbage-first heap   total 49152K, used 18796K [0x0000000081e00000, 0x0000000100000000)
  region size 1024K, 2 young (2048K), 2 survivors (2048K)
 Metaspace       used 35563K, committed 35968K, reserved 1114112K
  class space    used 4655K, committed 4864K, reserved 1048576K
}
Event: 7.009 GC heap before
{Heap before GC invocations=10 (full 0):
 garbage-first heap   total 49152K, used 37228K [0x0000000081e00000, 0x0000000100000000)
  region size 1024K, 20 young (20480K), 2 survivors (2048K)
 Metaspace       used 40575K, committed 41088K, reserved 1114112K
  class space    used 5337K, committed 5568K, reserved 1048576K
}
Event: 7.014 GC heap after
{Heap after GC invocations=11 (full 0):
 garbage-first heap   total 49152K, used 20542K [0x0000000081e00000, 0x0000000100000000)
  region size 1024K, 3 young (3072K), 3 survivors (3072K)
 Metaspace       used 40575K, committed 41088K, reserved 1114112K
  class space    used 5337K, committed 5568K, reserved 1048576K
}
Event: 7.041 GC heap before
{Heap before GC invocations=11 (full 0):
 garbage-first heap   total 49152K, used 21566K [0x0000000081e00000, 0x0000000100000000)
  region size 1024K, 4 young (4096K), 3 survivors (3072K)
 Metaspace       used 40770K, committed 41280K, reserved 1114112K
  class space    used 5366K, committed 5568K, reserved 1048576K
}
Event: 7.047 GC heap after
{Heap after GC invocations=12 (full 0):
 garbage-first heap   total 49152K, used 20717K [0x0000000081e00000, 0x0000000100000000)
  region size 1024K, 1 young (1024K), 1 survivors (1024K)
 Metaspace       used 40770K, committed 41280K, reserved 1114112K
  class space    used 5366K, committed 5568K, reserved 1048576K
}
Event: 7.475 GC heap before
{Heap before GC invocations=12 (full 0):
 garbage-first heap   total 49152K, used 36077K [0x0000000081e00000, 0x0000000100000000)
  region size 1024K, 17 young (17408K), 1 survivors (1024K)
 Metaspace       used 45384K, committed 45888K, reserved 1114112K
  class space    used 6038K, committed 6272K, reserved 1048576K
}
Event: 7.478 GC heap after
{Heap after GC invocations=13 (full 0):
 garbage-first heap   total 78848K, used 21095K [0x0000000081e00000, 0x0000000100000000)
  region size 1024K, 1 young (1024K), 1 survivors (1024K)
 Metaspace       used 45384K, committed 45888K, reserved 1114112K
  class space    used 6038K, committed 6272K, reserved 1048576K
}
Event: 8.616 GC heap before
{Heap before GC invocations=13 (full 0):
 garbage-first heap   total 78848K, used 60007K [0x0000000081e00000, 0x0000000100000000)
  region size 1024K, 39 young (39936K), 1 survivors (1024K)
 Metaspace       used 53471K, committed 54016K, reserved 1114112K
  class space    used 7294K, committed 7552K, reserved 1048576K
}
Event: 8.623 GC heap after
{Heap after GC invocations=14 (full 0):
 garbage-first heap   total 78848K, used 23769K [0x0000000081e00000, 0x0000000100000000)
  region size 1024K, 4 young (4096K), 4 survivors (4096K)
 Metaspace       used 53471K, committed 54016K, reserved 1114112K
  class space    used 7294K, committed 7552K, reserved 1048576K
}
Event: 77.494 GC heap before
{Heap before GC invocations=14 (full 0):
 garbage-first heap   total 78848K, used 60633K [0x0000000081e00000, 0x0000000100000000)
  region size 1024K, 40 young (40960K), 4 survivors (4096K)
 Metaspace       used 59295K, committed 59904K, reserved 1114112K
  class space    used 8046K, committed 8320K, reserved 1048576K
}
Event: 77.509 GC heap after
{Heap after GC invocations=15 (full 0):
 garbage-first heap   total 78848K, used 26663K [0x0000000081e00000, 0x0000000100000000)
  region size 1024K, 3 young (3072K), 3 survivors (3072K)
 Metaspace       used 59295K, committed 59904K, reserved 1114112K
  class space    used 8046K, committed 8320K, reserved 1048576K
}
Event: 77.600 GC heap before
{Heap before GC invocations=15 (full 0):
 garbage-first heap   total 78848K, used 27687K [0x0000000081e00000, 0x0000000100000000)
  region size 1024K, 5 young (5120K), 3 survivors (3072K)
 Metaspace       used 59735K, committed 60288K, reserved 1114112K
  class space    used 8103K, committed 8384K, reserved 1048576K
}
Event: 77.607 GC heap after
{Heap after GC invocations=16 (full 0):
 garbage-first heap   total 78848K, used 27055K [0x0000000081e00000, 0x0000000100000000)
  region size 1024K, 1 young (1024K), 1 survivors (1024K)
 Metaspace       used 59735K, committed 60288K, reserved 1114112K
  class space    used 8103K, committed 8384K, reserved 1048576K
}

Deoptimization events (20 events):
Event: 9.277 Thread 0x000001c83a9e0970 Uncommon trap: trap_request=0xffffff54 fr.pc=0x000001c82c5673a4 relative=0x0000000000000364
Event: 9.277 Thread 0x000001c83a9e0970 Uncommon trap: reason=speculate_null_assert action=make_not_entrant pc=0x000001c82c5673a4 method=org.springframework.util.ConcurrentReferenceHashMap$Segment.restructureIfNecessary(Z)V @ 41 c2
Event: 9.277 Thread 0x000001c83a9e0970 DEOPT PACKING pc=0x000001c82c5673a4 sp=0x00000016c25fe0e0
Event: 9.277 Thread 0x000001c83a9e0970 DEOPT UNPACKING pc=0x000001c82bf823a3 sp=0x00000016c25fe0a8 mode 2
Event: 9.328 Thread 0x000001c83a9e0970 DEOPT PACKING pc=0x000001c8253d6bc6 sp=0x00000016c25fdee0
Event: 9.328 Thread 0x000001c83a9e0970 DEOPT UNPACKING pc=0x000001c82bf82b43 sp=0x00000016c25fd3b8 mode 0
Event: 9.337 Thread 0x000001c83a9e0970 DEOPT PACKING pc=0x000001c824c441a3 sp=0x00000016c25fd040
Event: 9.337 Thread 0x000001c83a9e0970 DEOPT UNPACKING pc=0x000001c82bf82b43 sp=0x00000016c25fc4b0 mode 0
Event: 10.189 Thread 0x000001c83a9dfa40 Uncommon trap: trap_request=0xffffff45 fr.pc=0x000001c82c6ab188 relative=0x0000000000002028
Event: 10.189 Thread 0x000001c83a9dfa40 Uncommon trap: reason=unstable_if action=reinterpret pc=0x000001c82c6ab188 method=java.net.URL.<init>(Ljava/net/URL;Ljava/lang/String;Ljava/net/URLStreamHandler;)V @ 57 c2
Event: 10.189 Thread 0x000001c83a9dfa40 DEOPT PACKING pc=0x000001c82c6ab188 sp=0x00000016c29ff140
Event: 10.189 Thread 0x000001c83a9dfa40 DEOPT UNPACKING pc=0x000001c82bf823a3 sp=0x00000016c29ff100 mode 2
Event: 77.248 Thread 0x000001c803186130 Uncommon trap: trap_request=0xffffff54 fr.pc=0x000001c82c622ed4 relative=0x00000000000051b4
Event: 77.248 Thread 0x000001c803186130 Uncommon trap: reason=speculate_null_assert action=make_not_entrant pc=0x000001c82c622ed4 method=java.lang.invoke.MethodType$ConcurrentWeakInternSet.add(Ljava/lang/Object;)Ljava/lang/Object; @ 47 c2
Event: 77.248 Thread 0x000001c803186130 DEOPT PACKING pc=0x000001c82c622ed4 sp=0x00000016c30fe6e0
Event: 77.249 Thread 0x000001c803186130 DEOPT UNPACKING pc=0x000001c82bf823a3 sp=0x00000016c30fe678 mode 2
Event: 77.643 Thread 0x000001c803187a80 Uncommon trap: trap_request=0xffffff45 fr.pc=0x000001c82c5bb6b8 relative=0x0000000000000378
Event: 77.643 Thread 0x000001c803187a80 Uncommon trap: reason=unstable_if action=reinterpret pc=0x000001c82c5bb6b8 method=java.util.HashMap.getNode(Ljava/lang/Object;)Ljava/util/HashMap$Node; @ 66 c2
Event: 77.643 Thread 0x000001c803187a80 DEOPT PACKING pc=0x000001c82c5bb6b8 sp=0x00000016c2efc920
Event: 77.644 Thread 0x000001c803187a80 DEOPT UNPACKING pc=0x000001c82bf823a3 sp=0x00000016c2efc840 mode 2

Classes unloaded (0 events):
No events

Classes redefined (0 events):
No events

Internal exceptions (20 events):
Event: 8.061 Thread 0x000001c83a9e0970 Exception <a 'java/lang/NoSuchMethodError'{0x00000000856b73f0}: 'java.lang.Object java.lang.invoke.DirectMethodHandle$Holder.invokeSpecial(java.lang.Object, java.lang.Object, java.lang.Object, java.lang.Object, java.lang.Object, java.lang.Object, java.lang.Object, java.lang.Object, int)'> (0x00000000856b73f0) 
thrown [s\open\src\hotspot\share\interpreter\linkResolver.cpp, line 759]
Event: 8.061 Thread 0x000001c83a9e0970 Exception <a 'java/lang/NoSuchMethodError'{0x00000000856bbeb8}: 'java.lang.Object java.lang.invoke.Invokers$Holder.linkToTargetMethod(java.lang.Object, java.lang.Object, java.lang.Object, java.lang.Object, java.lang.Object, java.lang.Object, int, java.lang.Object)'> (0x00000000856bbeb8) 
thrown [s\open\src\hotspot\share\interpreter\linkResolver.cpp, line 759]
Event: 8.083 Thread 0x000001c83a9e0970 Exception <a 'java/lang/NoSuchMethodError'{0x0000000085591570}: 'void java.lang.invoke.DirectMethodHandle$Holder.invokeInterface(java.lang.Object, java.lang.Object)'> (0x0000000085591570) 
thrown [s\open\src\hotspot\share\interpreter\linkResolver.cpp, line 759]
Event: 8.516 Thread 0x000001c83a9e0970 Exception <a 'sun/nio/fs/WindowsException'{0x00000000848af330}> (0x00000000848af330) 
thrown [s\open\src\hotspot\share\prims\jni.cpp, line 516]
Event: 8.563 Thread 0x000001c83a9e0970 Exception <a 'java/lang/IncompatibleClassChangeError'{0x0000000084655908}: Found class java.lang.Object, but interface was expected> (0x0000000084655908) 
thrown [s\open\src\hotspot\share\interpreter\linkResolver.cpp, line 826]
Event: 8.590 Thread 0x000001c83a9e0970 Exception <a 'java/lang/IncompatibleClassChangeError'{0x00000000844019c8}: Found class java.lang.Object, but interface was expected> (0x00000000844019c8) 
thrown [s\open\src\hotspot\share\interpreter\linkResolver.cpp, line 826]
Event: 8.653 Thread 0x000001c83a9e0970 Exception <a 'java/lang/NoSuchMethodError'{0x0000000089db9a80}: 'void java.lang.invoke.DirectMethodHandle$Holder.invokeVirtual(java.lang.Object, java.lang.Object, long)'> (0x0000000089db9a80) 
thrown [s\open\src\hotspot\share\interpreter\linkResolver.cpp, line 759]
Event: 8.736 Thread 0x000001c83a9e0970 Exception <a 'java/lang/NoSuchMethodError'{0x0000000086537b50}: 'int java.lang.invoke.DirectMethodHandle$Holder.invokeStaticInit(java.lang.Object, java.lang.Object, java.lang.Object, java.lang.Object)'> (0x0000000086537b50) 
thrown [s\open\src\hotspot\share\interpreter\linkResolver.cpp, line 759]
Event: 8.804 Thread 0x000001c83a9e0970 Exception <a 'java/lang/IncompatibleClassChangeError'{0x00000000863a4050}: Found class java.lang.Object, but interface was expected> (0x00000000863a4050) 
thrown [s\open\src\hotspot\share\interpreter\linkResolver.cpp, line 826]
Event: 8.878 Thread 0x000001c83a9e0970 Implicit null exception at 0x000001c82c606e40 to 0x000001c82c607044
Event: 8.903 Thread 0x000001c83a9e0970 Exception <a 'java/lang/IncompatibleClassChangeError'{0x0000000085fb2568}: Found class java.lang.Object, but interface was expected> (0x0000000085fb2568) 
thrown [s\open\src\hotspot\share\interpreter\linkResolver.cpp, line 826]
Event: 8.942 Thread 0x000001c83a9e0970 Exception <a 'java/lang/IncompatibleClassChangeError'{0x0000000085d18fa0}: Found class java.lang.Object, but interface was expected> (0x0000000085d18fa0) 
thrown [s\open\src\hotspot\share\interpreter\linkResolver.cpp, line 826]
Event: 9.125 Thread 0x000001c83a9e0970 Exception <a 'java/lang/IncompatibleClassChangeError'{0x0000000085778f70}: Found class java.lang.Object, but interface was expected> (0x0000000085778f70) 
thrown [s\open\src\hotspot\share\interpreter\linkResolver.cpp, line 826]
Event: 9.279 Thread 0x000001c83a9e0970 Exception <a 'java/lang/NoSuchMethodError'{0x00000000851f8a58}: 'java.lang.Object java.lang.invoke.DirectMethodHandle$Holder.newInvokeSpecial(java.lang.Object, java.lang.Object, int, java.lang.Object, java.lang.Object)'> (0x00000000851f8a58) 
thrown [s\open\src\hotspot\share\interpreter\linkResolver.cpp, line 759]
Event: 9.281 Thread 0x000001c83a9e0970 Exception <a 'java/lang/NoSuchMethodError'{0x0000000085004848}: 'java.lang.Object java.lang.invoke.DirectMethodHandle$Holder.invokeSpecial(java.lang.Object, java.lang.Object, int, java.lang.Object, int, java.lang.Object)'> (0x0000000085004848) 
thrown [s\open\src\hotspot\share\interpreter\linkResolver.cpp, line 759]
Event: 9.281 Thread 0x000001c83a9e0970 Exception <a 'java/lang/NoSuchMethodError'{0x000000008500c8f8}: 'java.lang.Object java.lang.invoke.DirectMethodHandle$Holder.newInvokeSpecial(java.lang.Object, java.lang.Object, int, java.lang.Object, int)'> (0x000000008500c8f8) 
thrown [s\open\src\hotspot\share\interpreter\linkResolver.cpp, line 759]
Event: 9.282 Thread 0x000001c83a9e0970 Exception <a 'java/lang/NoSuchMethodError'{0x00000000850109f8}: 'java.lang.Object java.lang.invoke.DirectMethodHandle$Holder.invokeSpecial(java.lang.Object, java.lang.Object, java.lang.Object, int, java.lang.Object, int)'> (0x00000000850109f8) 
thrown [s\open\src\hotspot\share\interpreter\linkResolver.cpp, line 759]
Event: 77.328 Thread 0x000001c803187a80 Exception <a 'java/lang/NoSuchMethodError'{0x000000008499b3c8}: 'java.lang.Object java.lang.invoke.DirectMethodHandle$Holder.invokeSpecial(java.lang.Object, java.lang.Object, java.lang.Object, java.lang.Object, java.lang.Object, long)'> (0x000000008499b3c8) 
thrown [s\open\src\hotspot\share\interpreter\linkResolver.cpp, line 759]
Event: 77.328 Thread 0x000001c803187a80 Exception <a 'java/lang/NoSuchMethodError'{0x000000008499ee08}: 'java.lang.Object java.lang.invoke.Invokers$Holder.linkToTargetMethod(java.lang.Object, java.lang.Object, java.lang.Object, long, java.lang.Object)'> (0x000000008499ee08) 
thrown [s\open\src\hotspot\share\interpreter\linkResolver.cpp, line 759]
Event: 77.426 Thread 0x000001c803187a80 Exception <a 'java/lang/NoSuchMethodError'{0x000000008476fc38}: 'java.lang.Object java.lang.invoke.DirectMethodHandle$Holder.invokeStatic(java.lang.Object, int, int)'> (0x000000008476fc38) 
thrown [s\open\src\hotspot\share\interpreter\linkResolver.cpp, line 759]

VM Operations (20 events):
Event: 77.493 Executing VM operation: HandshakeAllThreads
Event: 77.493 Executing VM operation: HandshakeAllThreads done
Event: 77.494 Executing VM operation: G1CollectForAllocation
Event: 77.509 Executing VM operation: G1CollectForAllocation done
Event: 77.523 Executing VM operation: HandshakeAllThreads
Event: 77.523 Executing VM operation: HandshakeAllThreads done
Event: 77.600 Executing VM operation: CollectForMetadataAllocation
Event: 77.607 Executing VM operation: CollectForMetadataAllocation done
Event: 77.622 Executing VM operation: HandshakeAllThreads
Event: 77.622 Executing VM operation: HandshakeAllThreads done
Event: 77.622 Executing VM operation: HandshakeAllThreads
Event: 77.622 Executing VM operation: HandshakeAllThreads done
Event: 77.643 Executing VM operation: HandshakeAllThreads
Event: 77.645 Executing VM operation: HandshakeAllThreads done
Event: 77.677 Executing VM operation: HandshakeAllThreads
Event: 77.678 Executing VM operation: HandshakeAllThreads done
Event: 77.682 Executing VM operation: G1Concurrent
Event: 77.687 Executing VM operation: G1Concurrent done
Event: 77.724 Executing VM operation: G1Concurrent
Event: 77.724 Executing VM operation: G1Concurrent done

Events (20 events):
Event: 77.690 Thread 0x000001c83a9e1390 flushing nmethod 0x000001c82534b890
Event: 77.690 Thread 0x000001c83a9e1390 flushing nmethod 0x000001c82534be90
Event: 77.690 Thread 0x000001c83a9e1390 flushing nmethod 0x000001c82534d990
Event: 77.690 Thread 0x000001c83a9e1390 flushing nmethod 0x000001c82534df90
Event: 77.690 Thread 0x000001c83a9e1390 flushing nmethod 0x000001c825350790
Event: 77.690 Thread 0x000001c83a9e1390 flushing nmethod 0x000001c825350c10
Event: 77.690 Thread 0x000001c83a9e1390 flushing nmethod 0x000001c825351010
Event: 77.690 Thread 0x000001c83a9e1390 flushing nmethod 0x000001c825351810
Event: 77.690 Thread 0x000001c83a9e1390 flushing nmethod 0x000001c825351b90
Event: 77.690 Thread 0x000001c83a9e1390 flushing nmethod 0x000001c825351f90
Event: 77.690 Thread 0x000001c83a9e1390 flushing nmethod 0x000001c825390c90
Event: 77.690 Thread 0x000001c83a9e1390 flushing nmethod 0x000001c825391490
Event: 77.690 Thread 0x000001c83a9e1390 flushing nmethod 0x000001c825391990
Event: 77.690 Thread 0x000001c83a9e1390 flushing nmethod 0x000001c825392f90
Event: 77.690 Thread 0x000001c83a9e1390 flushing nmethod 0x000001c82539eb10
Event: 77.691 Thread 0x000001c83a9e1390 flushing nmethod 0x000001c8253d4590
Event: 77.691 Thread 0x000001c83a9e1390 flushing nmethod 0x000001c8253d4a10
Event: 77.691 Thread 0x000001c83a9e1390 flushing nmethod 0x000001c8253d5810
Event: 77.691 Thread 0x000001c83a9e1390 flushing nmethod 0x000001c8253d6710
Event: 77.691 Thread 0x000001c83a9e1390 flushing nmethod 0x000001c8253dd590


Dynamic libraries:
0x00007ff7a40c0000 - 0x00007ff7a40d0000 	C:\Program Files\Java\jdk-17\bin\java.exe
0x00007ffd5c030000 - 0x00007ffd5c228000 	C:\Windows\SYSTEM32\ntdll.dll
0x00007ffd5b440000 - 0x00007ffd5b4fd000 	C:\Windows\System32\KERNEL32.DLL
0x00007ffd598f0000 - 0x00007ffd59be6000 	C:\Windows\System32\KERNELBASE.dll
0x00007ffd597c0000 - 0x00007ffd598c0000 	C:\Windows\System32\ucrtbase.dll
0x00007ffd52f70000 - 0x00007ffd52f89000 	C:\Program Files\Java\jdk-17\bin\jli.dll
0x00007ffd54d90000 - 0x00007ffd54dab000 	C:\Program Files\Java\jdk-17\bin\VCRUNTIME140.dll
0x00007ffd5bd00000 - 0x00007ffd5bdb0000 	C:\Windows\System32\ADVAPI32.dll
0x00007ffd5a0c0000 - 0x00007ffd5a15e000 	C:\Windows\System32\msvcrt.dll
0x00007ffd5a500000 - 0x00007ffd5a5a0000 	C:\Windows\System32\sechost.dll
0x00007ffd5a160000 - 0x00007ffd5a283000 	C:\Windows\System32\RPCRT4.dll
0x00007ffd598c0000 - 0x00007ffd598e7000 	C:\Windows\System32\bcrypt.dll
0x00007ffd5a360000 - 0x00007ffd5a4ff000 	C:\Windows\System32\USER32.dll
0x00007ffd59bf0000 - 0x00007ffd59c12000 	C:\Windows\System32\win32u.dll
0x00007ffd5b500000 - 0x00007ffd5b52b000 	C:\Windows\System32\GDI32.dll
0x00007ffd449a0000 - 0x00007ffd44c3a000 	C:\Windows\WinSxS\amd64_microsoft.windows.common-controls_6595b64144ccf1df_6.0.19041.3636_none_60b6a03d71f818d5\COMCTL32.dll
0x00007ffd59cd0000 - 0x00007ffd59de7000 	C:\Windows\System32\gdi32full.dll
0x00007ffd59fc0000 - 0x00007ffd5a05d000 	C:\Windows\System32\msvcp_win.dll
0x00007ffd50700000 - 0x00007ffd5070a000 	C:\Windows\SYSTEM32\VERSION.dll
0x00007ffd5ab70000 - 0x00007ffd5aba2000 	C:\Windows\System32\IMM32.DLL
0x00007ffd532d0000 - 0x00007ffd532dc000 	C:\Program Files\Java\jdk-17\bin\vcruntime140_1.dll
0x00007ffd4ff70000 - 0x00007ffd4fffe000 	C:\Program Files\Java\jdk-17\bin\msvcp140.dll
0x00007ffd13290000 - 0x00007ffd13e6f000 	C:\Program Files\Java\jdk-17\bin\server\jvm.dll
0x00007ffd5a700000 - 0x00007ffd5a708000 	C:\Windows\System32\PSAPI.DLL
0x00007ffd44710000 - 0x00007ffd44737000 	C:\Windows\SYSTEM32\WINMM.dll
0x00007ffd3aa50000 - 0x00007ffd3aa59000 	C:\Windows\SYSTEM32\WSOCK32.dll
0x00007ffd5ab00000 - 0x00007ffd5ab6b000 	C:\Windows\System32\WS2_32.dll
0x00007ffd57f00000 - 0x00007ffd57f12000 	C:\Windows\SYSTEM32\kernel.appcore.dll
0x00007ffd53260000 - 0x00007ffd5326a000 	C:\Program Files\Java\jdk-17\bin\jimage.dll
0x00007ffd572c0000 - 0x00007ffd574a4000 	C:\Windows\SYSTEM32\DBGHELP.DLL
0x00007ffd2ccc0000 - 0x00007ffd2ccf4000 	C:\Windows\SYSTEM32\dbgcore.DLL
0x00007ffd59730000 - 0x00007ffd597b2000 	C:\Windows\System32\bcryptPrimitives.dll
0x00007ffd52d40000 - 0x00007ffd52d4e000 	C:\Program Files\Java\jdk-17\bin\instrument.dll
0x00007ffd52d50000 - 0x00007ffd52d75000 	C:\Program Files\Java\jdk-17\bin\java.dll
0x00007ffd2def0000 - 0x00007ffd2dfc7000 	C:\Program Files\Java\jdk-17\bin\jsvml.dll
0x00007ffd5acd0000 - 0x00007ffd5b43b000 	C:\Windows\System32\SHELL32.dll
0x00007ffd57750000 - 0x00007ffd57eee000 	C:\Windows\SYSTEM32\windows.storage.dll
0x00007ffd5b9a0000 - 0x00007ffd5bcf3000 	C:\Windows\System32\combase.dll
0x00007ffd59110000 - 0x00007ffd5913e000 	C:\Windows\SYSTEM32\Wldp.dll
0x00007ffd5a290000 - 0x00007ffd5a35d000 	C:\Windows\System32\OLEAUT32.dll
0x00007ffd5a5a0000 - 0x00007ffd5a64d000 	C:\Windows\System32\SHCORE.dll
0x00007ffd5a710000 - 0x00007ffd5a765000 	C:\Windows\System32\shlwapi.dll
0x00007ffd59610000 - 0x00007ffd59633000 	C:\Windows\SYSTEM32\profapi.dll
0x00007ffd51ff0000 - 0x00007ffd52008000 	C:\Program Files\Java\jdk-17\bin\zip.dll
0x00007ffd52d20000 - 0x00007ffd52d39000 	C:\Program Files\Java\jdk-17\bin\net.dll
0x00007ffd4ebd0000 - 0x00007ffd4ecda000 	C:\Windows\SYSTEM32\WINHTTP.dll
0x00007ffd58e70000 - 0x00007ffd58eda000 	C:\Windows\system32\mswsock.dll
0x00007ffd52010000 - 0x00007ffd52026000 	C:\Program Files\Java\jdk-17\bin\nio.dll
0x00007ffd512d0000 - 0x00007ffd512ea000 	C:\Program Files\JetBrains\IntelliJ IDEA Community Edition 2024.1.1\bin\breakgen64.dll
0x00007ffd52cc0000 - 0x00007ffd52cca000 	C:\Program Files\Java\jdk-17\bin\management.dll
0x00007ffd52c50000 - 0x00007ffd52c5b000 	C:\Program Files\Java\jdk-17\bin\management_ext.dll
0x00007ffd52b70000 - 0x00007ffd52b7e000 	C:\Program Files\Java\jdk-17\bin\sunmscapi.dll
0x00007ffd59df0000 - 0x00007ffd59f4e000 	C:\Windows\System32\CRYPT32.dll
0x00007ffd59180000 - 0x00007ffd591a8000 	C:\Windows\SYSTEM32\ncrypt.dll
0x00007ffd59140000 - 0x00007ffd5917b000 	C:\Windows\SYSTEM32\NTASN1.dll
0x00007ffd59070000 - 0x00007ffd59088000 	C:\Windows\SYSTEM32\CRYPTSP.dll
0x00007ffd58720000 - 0x00007ffd58754000 	C:\Windows\system32\rsaenh.dll
0x00007ffd595d0000 - 0x00007ffd595fe000 	C:\Windows\SYSTEM32\USERENV.dll
0x00007ffd59060000 - 0x00007ffd5906c000 	C:\Windows\SYSTEM32\CRYPTBASE.dll
0x00007ffd58b00000 - 0x00007ffd58b3b000 	C:\Windows\SYSTEM32\IPHLPAPI.DLL
0x00007ffd5bfe0000 - 0x00007ffd5bfe8000 	C:\Windows\System32\NSI.dll
0x00007ffd4ef90000 - 0x00007ffd4efa7000 	C:\Windows\SYSTEM32\dhcpcsvc6.DLL
0x00007ffd4fdb0000 - 0x00007ffd4fdcd000 	C:\Windows\SYSTEM32\dhcpcsvc.DLL
0x00007ffd58b50000 - 0x00007ffd58c1b000 	C:\Windows\SYSTEM32\DNSAPI.dll
0x00007ffd52aa0000 - 0x00007ffd52ab0000 	C:\Program Files\Java\jdk-17\bin\verify.dll
0x00007ffd509b0000 - 0x00007ffd509ba000 	C:\Windows\System32\rasadhlp.dll
0x00007ffd45d50000 - 0x00007ffd45dd0000 	C:\Windows\System32\fwpuclnt.dll
0x00007ffd51ea0000 - 0x00007ffd51ea7000 	C:\Windows\system32\wshunix.dll

dbghelp: loaded successfully - version: 4.0.5 - missing functions: none
symbol engine: initialized successfully - sym options: 0x614 - pdb path: .;C:\Program Files\Java\jdk-17\bin;C:\Windows\SYSTEM32;C:\Windows\WinSxS\amd64_microsoft.windows.common-controls_6595b64144ccf1df_6.0.19041.3636_none_60b6a03d71f818d5;C:\Program Files\Java\jdk-17\bin\server;C:\Program Files\JetBrains\IntelliJ IDEA Community Edition 2024.1.1\bin

VM Arguments:
jvm_args: -javaagent:C:\Program Files\JetBrains\IntelliJ IDEA Community Edition 2024.1.1\lib\idea_rt.jar=54967:C:\Program Files\JetBrains\IntelliJ IDEA Community Edition 2024.1.1\bin -Dfile.encoding=UTF-8 
java_command: com.ims.app.InventoryManagementSystemApplication
java_class_path (initial): C:\Users\ELITEBOOK\Desktop\SamTech\InventoryManagementSystem\target\classes;C:\Users\ELITEBOOK\.m2\repository\org\springframework\boot\spring-boot-starter-data-jpa\3.2.5\spring-boot-starter-data-jpa-3.2.5.jar;C:\Users\ELITEBOOK\.m2\repository\org\springframework\boot\spring-boot-starter-aop\3.2.5\spring-boot-starter-aop-3.2.5.jar;C:\Users\ELITEBOOK\.m2\repository\org\springframework\spring-aop\6.1.6\spring-aop-6.1.6.jar;C:\Users\ELITEBOOK\.m2\repository\org\aspectj\aspectjweaver\1.9.22\aspectjweaver-1.9.22.jar;C:\Users\ELITEBOOK\.m2\repository\org\springframework\boot\spring-boot-starter-jdbc\3.2.5\spring-boot-starter-jdbc-3.2.5.jar;C:\Users\ELITEBOOK\.m2\repository\com\zaxxer\HikariCP\5.0.1\HikariCP-5.0.1.jar;C:\Users\ELITEBOOK\.m2\repository\org\springframework\spring-jdbc\6.1.6\spring-jdbc-6.1.6.jar;C:\Users\ELITEBOOK\.m2\repository\org\hibernate\orm\hibernate-core\6.4.4.Final\hibernate-core-6.4.4.Final.jar;C:\Users\ELITEBOOK\.m2\repository\jakarta\persistence\jakarta.persistence-api\3.1.0\jakarta.persistence-api-3.1.0.jar;C:\Users\ELITEBOOK\.m2\repository\jakarta\transaction\jakarta.transaction-api\2.0.1\jakarta.transaction-api-2.0.1.jar;C:\Users\ELITEBOOK\.m2\repository\org\jboss\logging\jboss-logging\3.5.3.Final\jboss-logging-3.5.3.Final.jar;C:\Users\ELITEBOOK\.m2\repository\org\hibernate\common\hibernate-commons-annotations\6.0.6.Final\hibernate-commons-annotations-6.0.6.Final.jar;C:\Users\ELITEBOOK\.m2\repository\io\smallrye\jandex\3.1.2\jandex-3.1.2.jar;C:\Users\ELITEBOOK\.m2\repository\com\fasterxml\classmate\1.6.0\classmate-1.6.0.jar;C:\Users\ELITEBOOK\.m2\repository\net\bytebuddy\byte-buddy\1.14.13\byte-buddy-1.14.13.jar;C:\Users\ELITEBOOK\.m2\repository\org\glassfish\jaxb\jaxb-runtime\4.0.5\jaxb-runtime-4.0.5.jar;C:\Users\ELITEBOOK\.m2\repository\org\glassfish\jaxb\jaxb-core\4.0.5\jaxb-core-4.0.5.jar;C:\Users\ELITEBOOK\.m2\repository\org\eclipse\angus\angus-activation\2.0.2\angus-activation-2.0.2.jar;C:\Users\ELITEBOOK\.m2\r
Launcher Type: SUN_STANDARD

[Global flags]
     intx CICompilerCount                          = 3                                         {product} {ergonomic}
     uint ConcGCThreads                            = 1                                         {product} {ergonomic}
     uint G1ConcRefinementThreads                  = 4                                         {product} {ergonomic}
   size_t G1HeapRegionSize                         = 1048576                                   {product} {ergonomic}
    uintx GCDrainStackTargetSize                   = 64                                        {product} {ergonomic}
   size_t InitialHeapSize                          = 134217728                                 {product} {ergonomic}
   size_t MarkStackSize                            = 4194304                                   {product} {ergonomic}
   size_t MaxHeapSize                              = 2116026368                                {product} {ergonomic}
   size_t MaxNewSize                               = 1268776960                                {product} {ergonomic}
   size_t MinHeapDeltaBytes                        = 1048576                                   {product} {ergonomic}
   size_t MinHeapSize                              = 8388608                                   {product} {ergonomic}
    uintx NonNMethodCodeHeapSize                   = 5832780                                {pd product} {ergonomic}
    uintx NonProfiledCodeHeapSize                  = 122912730                              {pd product} {ergonomic}
    uintx ProfiledCodeHeapSize                     = 122912730                              {pd product} {ergonomic}
    uintx ReservedCodeCacheSize                    = 251658240                              {pd product} {ergonomic}
     bool SegmentedCodeCache                       = true                                      {product} {ergonomic}
   size_t SoftMaxHeapSize                          = 2116026368                             {manageable} {ergonomic}
     bool UseCompressedClassPointers               = true                           {product lp64_product} {ergonomic}
     bool UseCompressedOops                        = true                           {product lp64_product} {ergonomic}
     bool UseG1GC                                  = true                                      {product} {ergonomic}
     bool UseLargePagesIndividualAllocation        = false                                  {pd product} {ergonomic}

Logging:
Log output configuration:
 #0: stdout all=warning uptime,level,tags
 #1: stderr all=off uptime,level,tags

Environment Variables:
PATH=C:\OraHome_1\bin;C:\OraHome_1\jre\1.4.2\bin\client;C:\OraHome_1\jre\1.4.2\bin;C:\DevSuiteHome_1\jdk\jre\bin\classic;C:\DevSuiteHome_1\jdk\jre\bin;C:\DevSuiteHome_1\jdk\jre\bin\client;C:\DevSuiteHome_1\jlib;C:\DevSuiteHome_1\bin;C:\DevSuiteHome_1\jre\1.4.2\bin\client;C:\DevSuiteHome_1\jre\1.4.2\bin;C:\app\ELITEBOOK\product\21c\dbhomeXE\bin;C:\Program Files\Common Files\Oracle\Java\javapath;C:\Program Files (x86)\Common Files\Oracle\Java\javapath;C:\Windows\system32;C:\Windows;C:\Windows\System32\Wbem;C:\Windows\System32\WindowsPowerShell\v1.0\;C:\Windows\System32\OpenSSH\;C:\Program Files (x86)\apache-maven-3.9.6\bin;C:\Program Files (x86)\gradle-8.5\bin;C:\Program Files\PuTTY\;C:\Program Files\Git\cmd;C:\Users\ELITEBOOK\AppData\Local\Programs\Python\Python39\Scripts\;C:\Users\ELITEBOOK\AppData\Local\Programs\Python\Python39\;C:\Users\ELITEBOOK\AppData\Local\Microsoft\WindowsApps;C:\Program Files\JetBrains\IntelliJ IDEA 2023.3.3\bin;;C:\Users\ELITEBOOK\AppData\Local\GitHubDesktop\bin;C:\Users\ELITEBOOK\AppData\Local\Programs\Microsoft VS Code\bin;C:\Program Files\JetBrains\IntelliJ IDEA Community Edition 2024.1.1\bin;;C:\xampp\mysql\bin;
USERNAME=ELITEBOOK
OS=Windows_NT
PROCESSOR_IDENTIFIER=Intel64 Family 6 Model 78 Stepping 3, GenuineIntel



---------------  S Y S T E M  ---------------

OS:
 Windows 10 , 64 bit Build 19041 (10.0.19041.3636)
OS uptime: 0 days 21:29 hours

CPU: total 4 (initial active 4) (2 cores per cpu, 2 threads per core) family 6 model 78 stepping 3 microcode 0xdc, cx8, cmov, fxsr, ht, mmx, 3dnowpref, sse, sse2, sse3, ssse3, sse4.1, sse4.2, popcnt, lzcnt, tsc, tscinvbit, avx, avx2, aes, erms, clmul, bmi1, bmi2, rtm, adx, fma, vzeroupper, clflush, clflushopt

Memory: 4k page, system-wide physical 8067M (1327M free)
TotalPageFile size 9602M (AvailPageFile size 5M)
current process WorkingSet (physical memory assigned to process): 277M, peak: 280M
current process commit charge ("private bytes"): 308M, peak: 311M

vm_info: Java HotSpot(TM) 64-Bit Server VM (17.0.10+11-LTS-240) for windows-amd64 JRE (17.0.10+11-LTS-240), built on Dec 19 2023 21:47:25 by "mach5one" with MS VC++ 17.1 (VS2022)

END.
