#
# There is insufficient memory for the Java Runtime Environment to continue.
# Native memory allocation (malloc) failed to allocate 267360 bytes for Chunk::new
# Possible reasons:
#   The system is out of physical RAM or swap space
#   The process is running with CompressedOops enabled, and the Java Heap may be blocking the growth of the native heap
# Possible solutions:
#   Reduce memory load on the system
#   Increase physical memory or swap space
#   Check if swap backing store is full
#   Decrease Java heap size (-Xmx/-Xms)
#   Decrease number of Java threads
#   Decrease Java thread stack sizes (-Xss)
#   Set larger code cache with -XX:ReservedCodeCacheSize=
#   JVM is running with Unscaled Compressed Oops mode in which the Java heap is
#     placed in the first 4GB address space. The Java Heap base address is the
#     maximum limit for the native heap growth. Please use -XX:HeapBaseMinAddress
#     to set the Java Heap base and to place the Java Heap above 4GB virtual address.
# This output file may be truncated or incomplete.
#
#  Out of Memory Error (arena.cpp:189), pid=6640, tid=7164
#
# JRE version: Java(TM) SE Runtime Environment (17.0.10+11) (build 17.0.10+11-LTS-240)
# Java VM: Java HotSpot(TM) 64-Bit Server VM (17.0.10+11-LTS-240, mixed mode, sharing, tiered, compressed oops, compressed class ptrs, g1 gc, windows-amd64)
# No core dump will be written. Minidumps are not enabled by default on client versions of Windows
#

---------------  S U M M A R Y ------------

Command Line: -javaagent:C:\Program Files\JetBrains\IntelliJ IDEA Community Edition 2024.1.1\lib\idea_rt.jar=50576:C:\Program Files\JetBrains\IntelliJ IDEA Community Edition 2024.1.1\bin -Dfile.encoding=UTF-8 com.ims.app.InventoryManagementSystemApplication

Host: Intel(R) Core(TM) i7-6600U CPU @ 2.60GHz, 4 cores, 7G,  Windows 10 , 64 bit Build 19041 (10.0.19041.3636)
Time: Wed May 29 14:57:32 2024 E. Africa Standard Time elapsed time: 122.359593 seconds (0d 0h 2m 2s)

---------------  T H R E A D  ---------------

Current thread (0x0000023bb4643390):  JavaThread "C2 CompilerThread1" daemon [_thread_in_native, id=7164, stack(0x000000b880900000,0x000000b880a00000)]


Current CompileTask:
C2: 122359 6653       4       java.util.Properties$LineReader::readLine (584 bytes)

Stack: [0x000000b880900000,0x000000b880a00000]
Native frames: (J=compiled Java code, j=interpreted, Vv=VM code, C=native code)
V  [jvm.dll+0x677a5a]
V  [jvm.dll+0x7d8b2d]
V  [jvm.dll+0x7da48e]
V  [jvm.dll+0x7daaf3]
V  [jvm.dll+0x2455ff]
V  [jvm.dll+0xaaafb]
V  [jvm.dll+0xab09c]
V  [jvm.dll+0x361bae]
V  [jvm.dll+0x1bb1da]
V  [jvm.dll+0x217aa7]
V  [jvm.dll+0x216d81]
V  [jvm.dll+0x1a3410]
V  [jvm.dll+0x226aeb]
V  [jvm.dll+0x224cab]
V  [jvm.dll+0x78e45c]
V  [jvm.dll+0x78888a]
V  [jvm.dll+0x676935]
C  [ucrtbase.dll+0x21bb2]
C  [KERNEL32.DLL+0x17344]
C  [ntdll.dll+0x526b1]


---------------  P R O C E S S  ---------------

Threads class SMR info:
_java_thread_list=0x0000023bb4cfe950, length=33, elements={
0x0000023bb4248230, 0x0000023bb4248fc0, 0x0000023bb4258510, 0x0000023bb425aef0,
0x0000023bb425cfe0, 0x0000023bb425f8c0, 0x0000023bb42604c0, 0x0000023bb42646d0,
0x0000023bb4264fe0, 0x0000023bb4230670, 0x0000023bb466fb50, 0x0000023bb4670030,
0x0000023bfb734eb0, 0x0000023bfb733f80, 0x0000023bfb87cf60, 0x0000023bfb87b100,
0x0000023bfb87fcf0, 0x0000023bfb880200, 0x0000023bfb880710, 0x0000023bfb881130,
0x0000023bfb882060, 0x0000023bfb880c20, 0x0000023bfb882570, 0x0000023bfb882a80,
0x0000023bfb881640, 0x0000023bfb87edc0, 0x0000023bfb881b50, 0x0000023bfb87ca50,
0x0000023bfb87b610, 0x0000023bfb87bb20, 0x0000023bfb87c030, 0x0000023bfb87de90,
0x0000023bb4643390
}

Java Threads: ( => current thread )
  0x0000023bb4248230 JavaThread "Reference Handler" daemon [_thread_blocked, id=12564, stack(0x000000b8ff600000,0x000000b8ff700000)]
  0x0000023bb4248fc0 JavaThread "Finalizer" daemon [_thread_blocked, id=7272, stack(0x000000b8ff700000,0x000000b8ff800000)]
  0x0000023bb4258510 JavaThread "Signal Dispatcher" daemon [_thread_blocked, id=13236, stack(0x000000b8ff900000,0x000000b8ffa00000)]
  0x0000023bb425aef0 JavaThread "Attach Listener" daemon [_thread_blocked, id=12228, stack(0x000000b8ffa00000,0x000000b8ffb00000)]
  0x0000023bb425cfe0 JavaThread "Service Thread" daemon [_thread_blocked, id=7648, stack(0x000000b8ffb00000,0x000000b8ffc00000)]
  0x0000023bb425f8c0 JavaThread "Monitor Deflation Thread" daemon [_thread_blocked, id=7340, stack(0x000000b8ffc00000,0x000000b8ffd00000)]
  0x0000023bb42604c0 JavaThread "C2 CompilerThread0" daemon [_thread_in_native, id=9128, stack(0x000000b8ffd00000,0x000000b8ffe00000)]
  0x0000023bb42646d0 JavaThread "C1 CompilerThread0" daemon [_thread_blocked, id=9992, stack(0x000000b8ffe00000,0x000000b8fff00000)]
  0x0000023bb4264fe0 JavaThread "Sweeper thread" daemon [_thread_blocked, id=1568, stack(0x000000b8fff00000,0x000000b900000000)]
  0x0000023bb4230670 JavaThread "Common-Cleaner" daemon [_thread_blocked, id=9864, stack(0x000000b880000000,0x000000b880100000)]
  0x0000023bb466fb50 JavaThread "Monitor Ctrl-Break" daemon [_thread_in_native, id=9304, stack(0x000000b880200000,0x000000b880300000)]
  0x0000023bb4670030 JavaThread "Notification Thread" daemon [_thread_blocked, id=9352, stack(0x000000b880300000,0x000000b880400000)]
  0x0000023bfb734eb0 JavaThread "mysql-cj-abandoned-connection-cleanup" daemon [_thread_blocked, id=12672, stack(0x000000b880b00000,0x000000b880c00000)]
  0x0000023bfb733f80 JavaThread "HikariPool-1 housekeeper" daemon [_thread_blocked, id=9588, stack(0x000000b880d00000,0x000000b880e00000)]
  0x0000023bfb87cf60 JavaThread "Catalina-utility-1" [_thread_blocked, id=10996, stack(0x000000b880f00000,0x000000b881000000)]
  0x0000023bfb87b100 JavaThread "Catalina-utility-2" [_thread_blocked, id=1964, stack(0x000000b881000000,0x000000b881100000)]
  0x0000023bfb87fcf0 JavaThread "container-0" [_thread_blocked, id=6896, stack(0x000000b881100000,0x000000b881200000)]
  0x0000023bfb880200 JavaThread "File Watcher" daemon [_thread_blocked, id=10120, stack(0x000000b880e00000,0x000000b880f00000)]
  0x0000023bfb880710 JavaThread "Live Reload Server" daemon [_thread_in_native, id=10108, stack(0x000000b881300000,0x000000b881400000)]
  0x0000023bfb881130 JavaThread "http-nio-8081-exec-1" daemon [_thread_in_vm, id=8540, stack(0x000000b881200000,0x000000b881300000)]
  0x0000023bfb882060 JavaThread "http-nio-8081-exec-2" daemon [_thread_blocked, id=6124, stack(0x000000b881400000,0x000000b881500000)]
  0x0000023bfb880c20 JavaThread "http-nio-8081-exec-3" daemon [_thread_blocked, id=6768, stack(0x000000b881500000,0x000000b881600000)]
  0x0000023bfb882570 JavaThread "http-nio-8081-exec-4" daemon [_thread_blocked, id=5332, stack(0x000000b881600000,0x000000b881700000)]
  0x0000023bfb882a80 JavaThread "http-nio-8081-exec-5" daemon [_thread_blocked, id=1140, stack(0x000000b881700000,0x000000b881800000)]
  0x0000023bfb881640 JavaThread "http-nio-8081-exec-6" daemon [_thread_blocked, id=2244, stack(0x000000b881800000,0x000000b881900000)]
  0x0000023bfb87edc0 JavaThread "http-nio-8081-exec-7" daemon [_thread_blocked, id=7344, stack(0x000000b881900000,0x000000b881a00000)]
  0x0000023bfb881b50 JavaThread "http-nio-8081-exec-8" daemon [_thread_blocked, id=10652, stack(0x000000b881a00000,0x000000b881b00000)]
  0x0000023bfb87ca50 JavaThread "http-nio-8081-exec-9" daemon [_thread_blocked, id=11320, stack(0x000000b881b00000,0x000000b881c00000)]
  0x0000023bfb87b610 JavaThread "http-nio-8081-exec-10" daemon [_thread_blocked, id=8760, stack(0x000000b881c00000,0x000000b881d00000)]
  0x0000023bfb87bb20 JavaThread "http-nio-8081-Poller" daemon [_thread_in_native, id=8288, stack(0x000000b881d00000,0x000000b881e00000)]
  0x0000023bfb87c030 JavaThread "http-nio-8081-Acceptor" daemon [_thread_in_native, id=11872, stack(0x000000b881e00000,0x000000b881f00000)]
  0x0000023bfb87de90 JavaThread "DestroyJavaVM" [_thread_blocked, id=8532, stack(0x000000b8fef00000,0x000000b8ff000000)]
=>0x0000023bb4643390 JavaThread "C2 CompilerThread1" daemon [_thread_in_native, id=7164, stack(0x000000b880900000,0x000000b880a00000)]

Other Threads:
  0x0000023bb4242a50 VMThread "VM Thread" [stack: 0x000000b8ff500000,0x000000b8ff600000] [id=6460]
  0x0000023bb4732920 WatcherThread [stack: 0x000000b880400000,0x000000b880500000] [id=9372]
  0x0000023b94adf930 GCTaskThread "GC Thread#0" [stack: 0x000000b8ff000000,0x000000b8ff100000] [id=6752]
  0x0000023bb4c5cd00 GCTaskThread "GC Thread#1" [stack: 0x000000b880500000,0x000000b880600000] [id=9348]
  0x0000023bb4c55ba0 GCTaskThread "GC Thread#2" [stack: 0x000000b880600000,0x000000b880700000] [id=9320]
  0x0000023bb4e8bc30 GCTaskThread "GC Thread#3" [stack: 0x000000b880700000,0x000000b880800000] [id=12396]
  0x0000023b94af13e0 ConcurrentGCThread "G1 Main Marker" [stack: 0x000000b8ff100000,0x000000b8ff200000] [id=9208]
  0x0000023b94af1d00 ConcurrentGCThread "G1 Conc#0" [stack: 0x000000b8ff200000,0x000000b8ff300000] [id=6312]
  0x0000023bb41004a0 ConcurrentGCThread "G1 Refine#0" [stack: 0x000000b8ff300000,0x000000b8ff400000] [id=4008]
  0x0000023bfa62ab90 ConcurrentGCThread "G1 Refine#1" [stack: 0x000000b880a00000,0x000000b880b00000] [id=10172]
  0x0000023bb4101df0 ConcurrentGCThread "G1 Service" [stack: 0x000000b8ff400000,0x000000b8ff500000] [id=6780]

Threads with active compile tasks:
C2 CompilerThread0   122398 6652       4       java.lang.ClassLoader::postDefineClass (39 bytes)
C2 CompilerThread1   122398 6653       4       java.util.Properties$LineReader::readLine (584 bytes)

VM state: not at safepoint (normal execution)

VM Mutex/Monitor currently owned by a thread:  ([mutex/lock_event])
[0x0000023b94a7fc80] Metaspace_lock - owner thread: 0x0000023bfb881130

Heap address: 0x0000000081e00000, size: 2018 MB, Compressed Oops mode: 32-bit

CDS archive(s) mapped at: [0x0000023bb5000000-0x0000023bb5bd0000-0x0000023bb5bd0000), size 12386304, SharedBaseAddress: 0x0000023bb5000000, ArchiveRelocationMode: 1.
Compressed class space mapped at: 0x0000023bb6000000-0x0000023bf6000000, reserved size: 1073741824
Narrow klass base: 0x0000023bb5000000, Narrow klass shift: 0, Narrow klass range: 0x100000000

GC Precious Log:
 CPUs: 4 total, 4 available
 Memory: 8067M
 Large Page Support: Disabled
 NUMA Support: Disabled
 Compressed Oops: Enabled (32-bit)
 Heap Region Size: 1M
 Heap Min Capacity: 8M
 Heap Initial Capacity: 128M
 Heap Max Capacity: 2018M
 Pre-touch: Disabled
 Parallel Workers: 4
 Concurrent Workers: 1
 Concurrent Refinement Workers: 4
 Periodic GC: Disabled

Heap:
 garbage-first heap   total 141312K, used 95232K [0x0000000081e00000, 0x0000000100000000)
  region size 1024K, 29 young (29696K), 6 survivors (6144K)
 Metaspace       used 66068K, committed 66560K, reserved 1114112K
  class space    used 8912K, committed 9152K, reserved 1048576K

Heap Regions: E=young(eden), S=young(survivor), O=old, HS=humongous(starts), HC=humongous(continues), CS=collection set, F=free, OA=open archive, CA=closed archive, TAMS=top-at-mark-start (previous, next)
|   0|0x0000000081e00000, 0x0000000081f00000, 0x0000000081f00000|100%|HS|  |TAMS 0x0000000081f00000, 0x0000000081e00000| Complete 
|   1|0x0000000081f00000, 0x0000000082000000, 0x0000000082000000|100%| O|  |TAMS 0x0000000082000000, 0x0000000081f00000| Untracked 
|   2|0x0000000082000000, 0x0000000082100000, 0x0000000082100000|100%| O|  |TAMS 0x0000000082100000, 0x0000000082000000| Untracked 
|   3|0x0000000082100000, 0x0000000082200000, 0x0000000082200000|100%| O|  |TAMS 0x0000000082200000, 0x0000000082100000| Untracked 
|   4|0x0000000082200000, 0x0000000082300000, 0x0000000082300000|100%| O|  |TAMS 0x0000000082300000, 0x0000000082200000| Untracked 
|   5|0x0000000082300000, 0x0000000082400000, 0x0000000082400000|100%| O|  |TAMS 0x0000000082400000, 0x0000000082300000| Untracked 
|   6|0x0000000082400000, 0x0000000082500000, 0x0000000082500000|100%| O|  |TAMS 0x0000000082500000, 0x0000000082400000| Untracked 
|   7|0x0000000082500000, 0x0000000082600000, 0x0000000082600000|100%| O|  |TAMS 0x0000000082600000, 0x0000000082500000| Untracked 
|   8|0x0000000082600000, 0x0000000082700000, 0x0000000082700000|100%| O|  |TAMS 0x0000000082700000, 0x0000000082600000| Untracked 
|   9|0x0000000082700000, 0x0000000082800000, 0x0000000082800000|100%| O|  |TAMS 0x0000000082800000, 0x0000000082700000| Untracked 
|  10|0x0000000082800000, 0x0000000082900000, 0x0000000082900000|100%| O|  |TAMS 0x0000000082900000, 0x0000000082800000| Untracked 
|  11|0x0000000082900000, 0x0000000082a00000, 0x0000000082a00000|100%| O|  |TAMS 0x0000000082a00000, 0x0000000082900000| Untracked 
|  12|0x0000000082a00000, 0x0000000082b00000, 0x0000000082b00000|100%| O|  |TAMS 0x0000000082b00000, 0x0000000082a00000| Untracked 
|  13|0x0000000082b00000, 0x0000000082c00000, 0x0000000082c00000|100%| O|  |TAMS 0x0000000082c00000, 0x0000000082b00000| Untracked 
|  14|0x0000000082c00000, 0x0000000082d00000, 0x0000000082d00000|100%| O|  |TAMS 0x0000000082d00000, 0x0000000082c00000| Untracked 
|  15|0x0000000082d00000, 0x0000000082e00000, 0x0000000082e00000|100%| O|  |TAMS 0x0000000082d00000, 0x0000000082d00000| Untracked 
|  16|0x0000000082e00000, 0x0000000082f00000, 0x0000000082f00000|100%| O|  |TAMS 0x0000000082f00000, 0x0000000082e00000| Untracked 
|  17|0x0000000082f00000, 0x0000000083000000, 0x0000000083000000|100%| O|  |TAMS 0x0000000083000000, 0x0000000082f00000| Untracked 
|  18|0x0000000083000000, 0x0000000083100000, 0x0000000083100000|100%| O|  |TAMS 0x0000000083000000, 0x0000000083000000| Untracked 
|  19|0x0000000083100000, 0x0000000083200000, 0x0000000083200000|100%| O|  |TAMS 0x0000000083200000, 0x0000000083100000| Untracked 
|  20|0x0000000083200000, 0x0000000083300000, 0x0000000083300000|100%| O|  |TAMS 0x0000000083300000, 0x0000000083200000| Untracked 
|  21|0x0000000083300000, 0x0000000083400000, 0x0000000083400000|100%| O|  |TAMS 0x0000000083400000, 0x0000000083300000| Untracked 
|  22|0x0000000083400000, 0x0000000083500000, 0x0000000083500000|100%| O|  |TAMS 0x0000000083441800, 0x0000000083400000| Untracked 
|  23|0x0000000083500000, 0x0000000083600000, 0x0000000083600000|100%| O|  |TAMS 0x0000000083500000, 0x0000000083500000| Untracked 
|  24|0x0000000083600000, 0x0000000083700000, 0x0000000083700000|100%| O|  |TAMS 0x0000000083600000, 0x0000000083600000| Untracked 
|  25|0x0000000083700000, 0x0000000083800000, 0x0000000083800000|100%| O|  |TAMS 0x0000000083700000, 0x0000000083700000| Untracked 
|  26|0x0000000083800000, 0x0000000083900000, 0x0000000083900000|100%| O|  |TAMS 0x0000000083800000, 0x0000000083800000| Untracked 
|  27|0x0000000083900000, 0x0000000083a00000, 0x0000000083a00000|100%| O|  |TAMS 0x0000000083900000, 0x0000000083900000| Untracked 
|  28|0x0000000083a00000, 0x0000000083b00000, 0x0000000083b00000|100%| O|  |TAMS 0x0000000083a00000, 0x0000000083a00000| Untracked 
|  29|0x0000000083b00000, 0x0000000083c00000, 0x0000000083c00000|100%| O|  |TAMS 0x0000000083b00000, 0x0000000083b00000| Untracked 
|  30|0x0000000083c00000, 0x0000000083d00000, 0x0000000083d00000|100%| O|  |TAMS 0x0000000083c00000, 0x0000000083c00000| Untracked 
|  31|0x0000000083d00000, 0x0000000083e00000, 0x0000000083e00000|100%| O|  |TAMS 0x0000000083d00000, 0x0000000083d00000| Untracked 
|  32|0x0000000083e00000, 0x0000000083f00000, 0x0000000083f00000|100%| O|  |TAMS 0x0000000083e00000, 0x0000000083e00000| Untracked 
|  33|0x0000000083f00000, 0x0000000084000000, 0x0000000084000000|100%| O|  |TAMS 0x0000000083f00000, 0x0000000083f00000| Untracked 
|  34|0x0000000084000000, 0x0000000084100000, 0x0000000084100000|100%| O|  |TAMS 0x0000000084000000, 0x0000000084000000| Untracked 
|  35|0x0000000084100000, 0x0000000084200000, 0x0000000084200000|100%| O|  |TAMS 0x0000000084100000, 0x0000000084100000| Untracked 
|  36|0x0000000084200000, 0x0000000084300000, 0x0000000084300000|100%| O|  |TAMS 0x0000000084200000, 0x0000000084200000| Untracked 
|  37|0x0000000084300000, 0x0000000084400000, 0x0000000084400000|100%| O|  |TAMS 0x0000000084300000, 0x0000000084300000| Untracked 
|  38|0x0000000084400000, 0x0000000084500000, 0x0000000084500000|100%| O|  |TAMS 0x0000000084400000, 0x0000000084400000| Untracked 
|  39|0x0000000084500000, 0x0000000084600000, 0x0000000084600000|100%| O|  |TAMS 0x0000000084500000, 0x0000000084500000| Untracked 
|  40|0x0000000084600000, 0x0000000084700000, 0x0000000084700000|100%| O|  |TAMS 0x0000000084600000, 0x0000000084600000| Untracked 
|  41|0x0000000084700000, 0x0000000084800000, 0x0000000084800000|100%| O|  |TAMS 0x0000000084700000, 0x0000000084700000| Untracked 
|  42|0x0000000084800000, 0x0000000084900000, 0x0000000084900000|100%| O|  |TAMS 0x0000000084800000, 0x0000000084800000| Untracked 
|  43|0x0000000084900000, 0x0000000084a00000, 0x0000000084a00000|100%| O|  |TAMS 0x0000000084900000, 0x0000000084900000| Untracked 
|  44|0x0000000084a00000, 0x0000000084b00000, 0x0000000084b00000|100%| O|  |TAMS 0x0000000084a00000, 0x0000000084a00000| Untracked 
|  45|0x0000000084b00000, 0x0000000084c00000, 0x0000000084c00000|100%| O|  |TAMS 0x0000000084b00000, 0x0000000084b00000| Untracked 
|  46|0x0000000084c00000, 0x0000000084d00000, 0x0000000084d00000|100%| O|  |TAMS 0x0000000084c00000, 0x0000000084c00000| Untracked 
|  47|0x0000000084d00000, 0x0000000084e00000, 0x0000000084e00000|100%| O|  |TAMS 0x0000000084d00000, 0x0000000084d00000| Untracked 
|  48|0x0000000084e00000, 0x0000000084f00000, 0x0000000084f00000|100%| O|  |TAMS 0x0000000084e00000, 0x0000000084e00000| Untracked 
|  49|0x0000000084f00000, 0x0000000085000000, 0x0000000085000000|100%| O|  |TAMS 0x0000000084f00000, 0x0000000084f00000| Untracked 
|  50|0x0000000085000000, 0x0000000085100000, 0x0000000085100000|100%| O|  |TAMS 0x0000000085000000, 0x0000000085000000| Untracked 
|  51|0x0000000085100000, 0x0000000085200000, 0x0000000085200000|100%| O|  |TAMS 0x0000000085100000, 0x0000000085100000| Untracked 
|  52|0x0000000085200000, 0x0000000085300000, 0x0000000085300000|100%| O|  |TAMS 0x0000000085200000, 0x0000000085200000| Untracked 
|  53|0x0000000085300000, 0x0000000085400000, 0x0000000085400000|100%| O|  |TAMS 0x0000000085300000, 0x0000000085300000| Untracked 
|  54|0x0000000085400000, 0x0000000085500000, 0x0000000085500000|100%| O|  |TAMS 0x0000000085400000, 0x0000000085400000| Untracked 
|  55|0x0000000085500000, 0x0000000085600000, 0x0000000085600000|100%| O|  |TAMS 0x0000000085500000, 0x0000000085500000| Untracked 
|  56|0x0000000085600000, 0x0000000085700000, 0x0000000085700000|100%| O|  |TAMS 0x0000000085600000, 0x0000000085600000| Untracked 
|  57|0x0000000085700000, 0x0000000085800000, 0x0000000085800000|100%| O|  |TAMS 0x0000000085700000, 0x0000000085700000| Untracked 
|  58|0x0000000085800000, 0x0000000085900000, 0x0000000085900000|100%| O|  |TAMS 0x0000000085800000, 0x0000000085800000| Untracked 
|  59|0x0000000085900000, 0x0000000085a00000, 0x0000000085a00000|100%| O|  |TAMS 0x0000000085900000, 0x0000000085900000| Untracked 
|  60|0x0000000085a00000, 0x0000000085b00000, 0x0000000085b00000|100%| O|  |TAMS 0x0000000085a00000, 0x0000000085a00000| Untracked 
|  61|0x0000000085b00000, 0x0000000085c00000, 0x0000000085c00000|100%| O|  |TAMS 0x0000000085b00000, 0x0000000085b00000| Untracked 
|  62|0x0000000085c00000, 0x0000000085d00000, 0x0000000085d00000|100%| O|  |TAMS 0x0000000085c00000, 0x0000000085c00000| Untracked 
|  63|0x0000000085d00000, 0x0000000085e00000, 0x0000000085e00000|100%| O|  |TAMS 0x0000000085d00000, 0x0000000085d00000| Untracked 
|  64|0x0000000085e00000, 0x0000000085f00000, 0x0000000085f00000|100%| O|  |TAMS 0x0000000085e00000, 0x0000000085e00000| Untracked 
|  65|0x0000000085f00000, 0x0000000086000000, 0x0000000086000000|100%| O|  |TAMS 0x0000000085f00000, 0x0000000085f00000| Untracked 
|  66|0x0000000086000000, 0x0000000086000000, 0x0000000086100000|  0%| F|  |TAMS 0x0000000086000000, 0x0000000086000000| Untracked 
|  67|0x0000000086100000, 0x0000000086100000, 0x0000000086200000|  0%| F|  |TAMS 0x0000000086100000, 0x0000000086100000| Untracked 
|  68|0x0000000086200000, 0x0000000086200000, 0x0000000086300000|  0%| F|  |TAMS 0x0000000086200000, 0x0000000086200000| Untracked 
|  69|0x0000000086300000, 0x0000000086300000, 0x0000000086400000|  0%| F|  |TAMS 0x0000000086300000, 0x0000000086300000| Untracked 
|  70|0x0000000086400000, 0x0000000086400000, 0x0000000086500000|  0%| F|  |TAMS 0x0000000086400000, 0x0000000086400000| Untracked 
|  71|0x0000000086500000, 0x0000000086500000, 0x0000000086600000|  0%| F|  |TAMS 0x0000000086500000, 0x0000000086500000| Untracked 
|  72|0x0000000086600000, 0x0000000086600000, 0x0000000086700000|  0%| F|  |TAMS 0x0000000086600000, 0x0000000086600000| Untracked 
|  73|0x0000000086700000, 0x0000000086700000, 0x0000000086800000|  0%| F|  |TAMS 0x0000000086700000, 0x0000000086700000| Untracked 
|  74|0x0000000086800000, 0x0000000086800000, 0x0000000086900000|  0%| F|  |TAMS 0x0000000086800000, 0x0000000086800000| Untracked 
|  75|0x0000000086900000, 0x0000000086900000, 0x0000000086a00000|  0%| F|  |TAMS 0x0000000086900000, 0x0000000086900000| Untracked 
|  76|0x0000000086a00000, 0x0000000086a00000, 0x0000000086b00000|  0%| F|  |TAMS 0x0000000086a00000, 0x0000000086a00000| Untracked 
|  77|0x0000000086b00000, 0x0000000086b00000, 0x0000000086c00000|  0%| F|  |TAMS 0x0000000086b00000, 0x0000000086b00000| Untracked 
|  78|0x0000000086c00000, 0x0000000086c00000, 0x0000000086d00000|  0%| F|  |TAMS 0x0000000086c00000, 0x0000000086c00000| Untracked 
|  79|0x0000000086d00000, 0x0000000086d00000, 0x0000000086e00000|  0%| F|  |TAMS 0x0000000086d00000, 0x0000000086d00000| Untracked 
|  80|0x0000000086e00000, 0x0000000086e00000, 0x0000000086f00000|  0%| F|  |TAMS 0x0000000086e00000, 0x0000000086e00000| Untracked 
|  81|0x0000000086f00000, 0x0000000086f00000, 0x0000000087000000|  0%| F|  |TAMS 0x0000000086f00000, 0x0000000086f00000| Untracked 
|  82|0x0000000087000000, 0x0000000087000000, 0x0000000087100000|  0%| F|  |TAMS 0x0000000087000000, 0x0000000087000000| Untracked 
|  83|0x0000000087100000, 0x0000000087100000, 0x0000000087200000|  0%| F|  |TAMS 0x0000000087100000, 0x0000000087100000| Untracked 
|  84|0x0000000087200000, 0x0000000087200000, 0x0000000087300000|  0%| F|  |TAMS 0x0000000087200000, 0x0000000087200000| Untracked 
|  85|0x0000000087300000, 0x0000000087300000, 0x0000000087400000|  0%| F|  |TAMS 0x0000000087300000, 0x0000000087300000| Untracked 
|  86|0x0000000087400000, 0x0000000087400000, 0x0000000087500000|  0%| F|  |TAMS 0x0000000087400000, 0x0000000087400000| Untracked 
|  87|0x0000000087500000, 0x0000000087500000, 0x0000000087600000|  0%| F|  |TAMS 0x0000000087500000, 0x0000000087500000| Untracked 
|  88|0x0000000087600000, 0x0000000087600000, 0x0000000087700000|  0%| F|  |TAMS 0x0000000087600000, 0x0000000087600000| Untracked 
|  89|0x0000000087700000, 0x0000000087700000, 0x0000000087800000|  0%| F|  |TAMS 0x0000000087700000, 0x0000000087700000| Untracked 
|  90|0x0000000087800000, 0x0000000087800000, 0x0000000087900000|  0%| F|  |TAMS 0x0000000087800000, 0x0000000087800000| Untracked 
|  91|0x0000000087900000, 0x0000000087900000, 0x0000000087a00000|  0%| F|  |TAMS 0x0000000087900000, 0x0000000087900000| Untracked 
|  92|0x0000000087a00000, 0x0000000087a00000, 0x0000000087b00000|  0%| F|  |TAMS 0x0000000087a00000, 0x0000000087a00000| Untracked 
|  93|0x0000000087b00000, 0x0000000087b00000, 0x0000000087c00000|  0%| F|  |TAMS 0x0000000087b00000, 0x0000000087b00000| Untracked 
|  94|0x0000000087c00000, 0x0000000087c00000, 0x0000000087d00000|  0%| F|  |TAMS 0x0000000087c00000, 0x0000000087c00000| Untracked 
|  95|0x0000000087d00000, 0x0000000087d00000, 0x0000000087e00000|  0%| F|  |TAMS 0x0000000087d00000, 0x0000000087d00000| Untracked 
|  96|0x0000000087e00000, 0x0000000087e00000, 0x0000000087f00000|  0%| F|  |TAMS 0x0000000087e00000, 0x0000000087e00000| Untracked 
|  97|0x0000000087f00000, 0x0000000088000000, 0x0000000088000000|100%| S|CS|TAMS 0x0000000087f00000, 0x0000000087f00000| Complete 
|  98|0x0000000088000000, 0x0000000088100000, 0x0000000088100000|100%| S|CS|TAMS 0x0000000088000000, 0x0000000088000000| Complete 
|  99|0x0000000088100000, 0x0000000088200000, 0x0000000088200000|100%| S|CS|TAMS 0x0000000088100000, 0x0000000088100000| Complete 
| 100|0x0000000088200000, 0x0000000088300000, 0x0000000088300000|100%| S|CS|TAMS 0x0000000088200000, 0x0000000088200000| Complete 
| 101|0x0000000088300000, 0x0000000088400000, 0x0000000088400000|100%| S|CS|TAMS 0x0000000088300000, 0x0000000088300000| Complete 
| 102|0x0000000088400000, 0x0000000088500000, 0x0000000088500000|100%| S|CS|TAMS 0x0000000088400000, 0x0000000088400000| Complete 
| 103|0x0000000088500000, 0x0000000088500000, 0x0000000088600000|  0%| F|  |TAMS 0x0000000088500000, 0x0000000088500000| Untracked 
| 104|0x0000000088600000, 0x0000000088600000, 0x0000000088700000|  0%| F|  |TAMS 0x0000000088600000, 0x0000000088600000| Untracked 
| 105|0x0000000088700000, 0x0000000088700000, 0x0000000088800000|  0%| F|  |TAMS 0x0000000088700000, 0x0000000088700000| Untracked 
| 106|0x0000000088800000, 0x0000000088800000, 0x0000000088900000|  0%| F|  |TAMS 0x0000000088800000, 0x0000000088800000| Untracked 
| 107|0x0000000088900000, 0x0000000088900000, 0x0000000088a00000|  0%| F|  |TAMS 0x0000000088900000, 0x0000000088900000| Untracked 
| 108|0x0000000088a00000, 0x0000000088a00000, 0x0000000088b00000|  0%| F|  |TAMS 0x0000000088a00000, 0x0000000088a00000| Untracked 
| 109|0x0000000088b00000, 0x0000000088b00000, 0x0000000088c00000|  0%| F|  |TAMS 0x0000000088b00000, 0x0000000088b00000| Untracked 
| 110|0x0000000088c00000, 0x0000000088c00000, 0x0000000088d00000|  0%| F|  |TAMS 0x0000000088c00000, 0x0000000088c00000| Untracked 
| 111|0x0000000088d00000, 0x0000000088d00000, 0x0000000088e00000|  0%| F|  |TAMS 0x0000000088d00000, 0x0000000088d00000| Untracked 
| 112|0x0000000088e00000, 0x0000000088e00000, 0x0000000088f00000|  0%| F|  |TAMS 0x0000000088e00000, 0x0000000088e00000| Untracked 
| 113|0x0000000088f00000, 0x0000000088f00000, 0x0000000089000000|  0%| F|  |TAMS 0x0000000088f00000, 0x0000000088f00000| Untracked 
| 114|0x0000000089000000, 0x0000000089000000, 0x0000000089100000|  0%| F|  |TAMS 0x0000000089000000, 0x0000000089000000| Untracked 
| 115|0x0000000089100000, 0x000000008911e670, 0x0000000089200000| 11%| E|  |TAMS 0x0000000089100000, 0x0000000089100000| Complete 
| 116|0x0000000089200000, 0x0000000089300000, 0x0000000089300000|100%| E|  |TAMS 0x0000000089200000, 0x0000000089200000| Complete 
| 117|0x0000000089300000, 0x0000000089400000, 0x0000000089400000|100%| E|CS|TAMS 0x0000000089300000, 0x0000000089300000| Complete 
| 118|0x0000000089400000, 0x0000000089500000, 0x0000000089500000|100%| E|CS|TAMS 0x0000000089400000, 0x0000000089400000| Complete 
| 119|0x0000000089500000, 0x0000000089600000, 0x0000000089600000|100%| E|CS|TAMS 0x0000000089500000, 0x0000000089500000| Complete 
| 120|0x0000000089600000, 0x0000000089700000, 0x0000000089700000|100%| E|CS|TAMS 0x0000000089600000, 0x0000000089600000| Complete 
| 121|0x0000000089700000, 0x0000000089800000, 0x0000000089800000|100%| E|CS|TAMS 0x0000000089700000, 0x0000000089700000| Complete 
| 122|0x0000000089800000, 0x0000000089900000, 0x0000000089900000|100%| E|CS|TAMS 0x0000000089800000, 0x0000000089800000| Complete 
| 123|0x0000000089900000, 0x0000000089a00000, 0x0000000089a00000|100%| E|CS|TAMS 0x0000000089900000, 0x0000000089900000| Complete 
| 124|0x0000000089a00000, 0x0000000089b00000, 0x0000000089b00000|100%| E|CS|TAMS 0x0000000089a00000, 0x0000000089a00000| Complete 
| 125|0x0000000089b00000, 0x0000000089c00000, 0x0000000089c00000|100%| E|CS|TAMS 0x0000000089b00000, 0x0000000089b00000| Complete 
| 126|0x0000000089c00000, 0x0000000089d00000, 0x0000000089d00000|100%| E|CS|TAMS 0x0000000089c00000, 0x0000000089c00000| Complete 
| 127|0x0000000089d00000, 0x0000000089e00000, 0x0000000089e00000|100%| E|CS|TAMS 0x0000000089d00000, 0x0000000089d00000| Complete 
| 128|0x0000000089e00000, 0x0000000089f00000, 0x0000000089f00000|100%| E|CS|TAMS 0x0000000089e00000, 0x0000000089e00000| Complete 
| 129|0x0000000089f00000, 0x000000008a000000, 0x000000008a000000|100%| E|CS|TAMS 0x0000000089f00000, 0x0000000089f00000| Complete 
| 130|0x000000008a000000, 0x000000008a100000, 0x000000008a100000|100%| E|CS|TAMS 0x000000008a000000, 0x000000008a000000| Complete 
| 131|0x000000008a100000, 0x000000008a200000, 0x000000008a200000|100%| E|CS|TAMS 0x000000008a100000, 0x000000008a100000| Complete 
| 132|0x000000008a200000, 0x000000008a300000, 0x000000008a300000|100%| E|CS|TAMS 0x000000008a200000, 0x000000008a200000| Complete 
| 133|0x000000008a300000, 0x000000008a400000, 0x000000008a400000|100%| E|CS|TAMS 0x000000008a300000, 0x000000008a300000| Complete 
| 134|0x000000008a400000, 0x000000008a500000, 0x000000008a500000|100%| E|CS|TAMS 0x000000008a400000, 0x000000008a400000| Complete 
| 135|0x000000008a500000, 0x000000008a600000, 0x000000008a600000|100%| E|CS|TAMS 0x000000008a500000, 0x000000008a500000| Complete 
| 136|0x000000008a600000, 0x000000008a700000, 0x000000008a700000|100%| E|CS|TAMS 0x000000008a600000, 0x000000008a600000| Complete 
| 137|0x000000008a700000, 0x000000008a800000, 0x000000008a800000|100%| E|CS|TAMS 0x000000008a700000, 0x000000008a700000| Complete 

Card table byte_map: [0x0000023bad530000,0x0000023bad930000] _byte_map_base: 0x0000023bad121000

Marking Bits (Prev, Next): (CMBitMap*) 0x0000023b94ae0eb0, (CMBitMap*) 0x0000023b94ae0e70
 Prev Bits: [0x0000023bafcc0000, 0x0000023bb1c48000)
 Next Bits: [0x0000023badd30000, 0x0000023bafcb8000)

Polling page: 0x0000023b9dae0000

Metaspace:

Usage:
  Non-class:     55.82 MB used.
      Class:      8.70 MB used.
       Both:     64.52 MB used.

Virtual space:
  Non-class space:       64.00 MB reserved,      56.06 MB ( 88%) committed,  1 nodes.
      Class space:        1.00 GB reserved,       8.94 MB ( <1%) committed,  1 nodes.
             Both:        1.06 GB reserved,      65.00 MB (  6%) committed. 

Chunk freelists:
   Non-Class:  7.55 MB
       Class:  7.07 MB
        Both:  14.61 MB

MaxMetaspaceSize: unlimited
CompressedClassSpaceSize: 1.00 GB
Initial GC threshold: 21.00 MB
Current GC threshold: 81.88 MB
CDS: on
MetaspaceReclaimPolicy: balanced
 - commit_granule_bytes: 65536.
 - commit_granule_words: 8192.
 - virtual_space_node_default_size: 8388608.
 - enlarge_chunks_in_place: 1.
 - new_chunks_are_fully_committed: 0.
 - uncommit_free_chunks: 1.
 - use_allocation_guard: 0.
 - handle_deallocations: 1.


Internal statistics:

num_allocs_failed_limit: 9.
num_arena_births: 756.
num_arena_deaths: 0.
num_vsnodes_births: 2.
num_vsnodes_deaths: 0.
num_space_committed: 1040.
num_space_uncommitted: 0.
num_chunks_returned_to_freelist: 9.
num_chunks_taken_from_freelist: 3214.
num_chunk_merges: 9.
num_chunk_splits: 2322.
num_chunks_enlarged: 1795.
num_inconsistent_stats: 0.

CodeHeap 'non-profiled nmethods': size=120000Kb used=3724Kb max_used=3725Kb free=116275Kb
 bounds [0x0000023ba55d0000, 0x0000023ba5980000, 0x0000023bacb00000]
CodeHeap 'profiled nmethods': size=120000Kb used=11824Kb max_used=11824Kb free=108175Kb
 bounds [0x0000023b9db00000, 0x0000023b9e690000, 0x0000023ba5030000]
CodeHeap 'non-nmethods': size=5760Kb used=1337Kb max_used=1432Kb free=4422Kb
 bounds [0x0000023ba5030000, 0x0000023ba52a0000, 0x0000023ba55d0000]
 total_blobs=6505 nmethods=5840 adapters=576
 compilation: enabled
              stopped_count=0, restarted_count=0
 full_count=0

Compilation events (20 events):
Event: 122.324 Thread 0x0000023bb42646d0 6655       3       java.lang.invoke.MethodHandles$Lookup$ClassFile::newInstanceNoCheck (11 bytes)
Event: 122.324 Thread 0x0000023bb42646d0 nmethod 6655 0x0000023b9e376890 code [0x0000023b9e376a40, 0x0000023b9e376cf8]
Event: 122.324 Thread 0x0000023bb42646d0 6656       3       java.lang.invoke.InvokerBytecodeGenerator::<init> (12 bytes)
Event: 122.324 Thread 0x0000023bb42646d0 nmethod 6656 0x0000023b9e376410 code [0x0000023b9e3765c0, 0x0000023b9e376758]
Event: 122.324 Thread 0x0000023bb42646d0 6657       3       java.lang.invoke.InvokerBytecodeGenerator::generateCustomizedCodeBytes (44 bytes)
Event: 122.325 Thread 0x0000023bb42646d0 nmethod 6657 0x0000023b9e685d10 code [0x0000023b9e685f20, 0x0000023b9e686358]
Event: 122.325 Thread 0x0000023bb42646d0 6659       3       java.lang.invoke.InvokerBytecodeGenerator::classDataValues (265 bytes)
Event: 122.326 Thread 0x0000023bb42604c0 nmethod 6651 0x0000023ba5899290 code [0x0000023ba5899420, 0x0000023ba5899668]
Event: 122.326 Thread 0x0000023bb42604c0 6652       4       java.lang.ClassLoader::postDefineClass (39 bytes)
Event: 122.327 Thread 0x0000023bb42646d0 nmethod 6659 0x0000023b9e686590 code [0x0000023b9e686a80, 0x0000023b9e68a058]
Event: 122.327 Thread 0x0000023bb42646d0 6661       3       jdk.internal.org.objectweb.asm.AnnotationWriter::putAnnotations (110 bytes)
Event: 122.327 Thread 0x0000023bb42646d0 nmethod 6661 0x0000023b9e68ab90 code [0x0000023b9e68ad80, 0x0000023b9e68b188]
Event: 122.327 Thread 0x0000023bb42646d0 6660   !   3       java.lang.invoke.InvokerBytecodeGenerator::resolveInvokerMember (43 bytes)
Event: 122.328 Thread 0x0000023bb42646d0 nmethod 6660 0x0000023b9e68b410 code [0x0000023b9e68b5e0, 0x0000023b9e68b928]
Event: 122.328 Thread 0x0000023bb42646d0 6665       3       java.nio.MappedByteBuffer::position (6 bytes)
Event: 122.328 Thread 0x0000023bb42646d0 nmethod 6665 0x0000023b9e68ba90 code [0x0000023b9e68bc40, 0x0000023b9e68be48]
Event: 122.333 Thread 0x0000023bb42646d0 6666       3       java.nio.HeapByteBuffer::put (17 bytes)
Event: 122.334 Thread 0x0000023bb42646d0 nmethod 6666 0x0000023b9e68bf90 code [0x0000023b9e68c140, 0x0000023b9e68c318]
Event: 122.334 Thread 0x0000023bb42646d0 6667   !   3       org.apache.tomcat.util.http.parser.HttpParser::isControl (9 bytes)
Event: 122.335 Thread 0x0000023bb42646d0 nmethod 6667 0x0000023b9e68c490 code [0x0000023b9e68c620, 0x0000023b9e68c798]

GC Heap History (20 events):
Event: 8.937 GC heap before
{Heap before GC invocations=16 (full 0):
 garbage-first heap   total 70656K, used 54572K [0x0000000081e00000, 0x0000000100000000)
  region size 1024K, 33 young (33792K), 3 survivors (3072K)
 Metaspace       used 55526K, committed 56000K, reserved 1114112K
  class space    used 7573K, committed 7808K, reserved 1048576K
}
Event: 8.942 GC heap after
{Heap after GC invocations=17 (full 0):
 garbage-first heap   total 70656K, used 25352K [0x0000000081e00000, 0x0000000100000000)
  region size 1024K, 4 young (4096K), 4 survivors (4096K)
 Metaspace       used 55526K, committed 56000K, reserved 1114112K
  class space    used 7573K, committed 7808K, reserved 1048576K
}
Event: 8.977 GC heap before
{Heap before GC invocations=17 (full 0):
 garbage-first heap   total 70656K, used 26376K [0x0000000081e00000, 0x0000000100000000)
  region size 1024K, 5 young (5120K), 4 survivors (4096K)
 Metaspace       used 55652K, committed 56192K, reserved 1114112K
  class space    used 7598K, committed 7872K, reserved 1048576K
}
Event: 8.984 GC heap after
{Heap after GC invocations=18 (full 0):
 garbage-first heap   total 70656K, used 25640K [0x0000000081e00000, 0x0000000100000000)
  region size 1024K, 1 young (1024K), 1 survivors (1024K)
 Metaspace       used 55652K, committed 56192K, reserved 1114112K
  class space    used 7598K, committed 7872K, reserved 1048576K
}
Event: 9.414 GC heap before
{Heap before GC invocations=18 (full 0):
 garbage-first heap   total 70656K, used 56360K [0x0000000081e00000, 0x0000000100000000)
  region size 1024K, 31 young (31744K), 1 survivors (1024K)
 Metaspace       used 57663K, committed 58176K, reserved 1114112K
  class space    used 7868K, committed 8128K, reserved 1048576K
}
Event: 9.418 GC heap after
{Heap after GC invocations=19 (full 0):
 garbage-first heap   total 70656K, used 26453K [0x0000000081e00000, 0x0000000100000000)
  region size 1024K, 2 young (2048K), 2 survivors (2048K)
 Metaspace       used 57663K, committed 58176K, reserved 1114112K
  class space    used 7868K, committed 8128K, reserved 1048576K
}
Event: 9.971 GC heap before
{Heap before GC invocations=19 (full 0):
 garbage-first heap   total 70656K, used 56149K [0x0000000081e00000, 0x0000000100000000)
  region size 1024K, 31 young (31744K), 2 survivors (2048K)
 Metaspace       used 60449K, committed 60992K, reserved 1114112K
  class space    used 8258K, committed 8512K, reserved 1048576K
}
Event: 9.976 GC heap after
{Heap after GC invocations=20 (full 0):
 garbage-first heap   total 70656K, used 28098K [0x0000000081e00000, 0x0000000100000000)
  region size 1024K, 3 young (3072K), 3 survivors (3072K)
 Metaspace       used 60449K, committed 60992K, reserved 1114112K
  class space    used 8258K, committed 8512K, reserved 1048576K
}
Event: 10.502 GC heap before
{Heap before GC invocations=20 (full 0):
 garbage-first heap   total 70656K, used 57794K [0x0000000081e00000, 0x0000000100000000)
  region size 1024K, 31 young (31744K), 3 survivors (3072K)
 Metaspace       used 62243K, committed 62784K, reserved 1114112K
  class space    used 8452K, committed 8704K, reserved 1048576K
}
Event: 10.511 GC heap after
{Heap after GC invocations=21 (full 0):
 garbage-first heap   total 70656K, used 33332K [0x0000000081e00000, 0x0000000100000000)
  region size 1024K, 4 young (4096K), 4 survivors (4096K)
 Metaspace       used 62243K, committed 62784K, reserved 1114112K
  class space    used 8452K, committed 8704K, reserved 1048576K
}
Event: 10.733 GC heap before
{Heap before GC invocations=21 (full 0):
 garbage-first heap   total 70656K, used 54836K [0x0000000081e00000, 0x0000000100000000)
  region size 1024K, 26 young (26624K), 4 survivors (4096K)
 Metaspace       used 62314K, committed 62848K, reserved 1114112K
  class space    used 8453K, committed 8704K, reserved 1048576K
}
Event: 10.742 GC heap after
{Heap after GC invocations=22 (full 0):
 garbage-first heap   total 70656K, used 38404K [0x0000000081e00000, 0x0000000100000000)
  region size 1024K, 4 young (4096K), 4 survivors (4096K)
 Metaspace       used 62314K, committed 62848K, reserved 1114112K
  class space    used 8453K, committed 8704K, reserved 1048576K
}
Event: 10.929 GC heap before
{Heap before GC invocations=22 (full 0):
 garbage-first heap   total 70656K, used 54788K [0x0000000081e00000, 0x0000000100000000)
  region size 1024K, 19 young (19456K), 4 survivors (4096K)
 Metaspace       used 62449K, committed 62976K, reserved 1114112K
  class space    used 8464K, committed 8704K, reserved 1048576K
}
Event: 10.936 GC heap after
{Heap after GC invocations=23 (full 0):
 garbage-first heap   total 141312K, used 43507K [0x0000000081e00000, 0x0000000100000000)
  region size 1024K, 3 young (3072K), 3 survivors (3072K)
 Metaspace       used 62449K, committed 62976K, reserved 1114112K
  class space    used 8464K, committed 8704K, reserved 1048576K
}
Event: 11.361 GC heap before
{Heap before GC invocations=23 (full 0):
 garbage-first heap   total 141312K, used 92659K [0x0000000081e00000, 0x0000000100000000)
  region size 1024K, 50 young (51200K), 3 survivors (3072K)
 Metaspace       used 62564K, committed 63104K, reserved 1114112K
  class space    used 8464K, committed 8704K, reserved 1048576K
}
Event: 11.376 GC heap after
{Heap after GC invocations=24 (full 0):
 garbage-first heap   total 141312K, used 54503K [0x0000000081e00000, 0x0000000100000000)
  region size 1024K, 7 young (7168K), 7 survivors (7168K)
 Metaspace       used 62564K, committed 63104K, reserved 1114112K
  class space    used 8464K, committed 8704K, reserved 1048576K
}
Event: 11.661 GC heap before
{Heap before GC invocations=24 (full 0):
 garbage-first heap   total 141312K, used 96487K [0x0000000081e00000, 0x0000000100000000)
  region size 1024K, 48 young (49152K), 7 survivors (7168K)
 Metaspace       used 62635K, committed 63168K, reserved 1114112K
  class space    used 8471K, committed 8704K, reserved 1048576K
}
Event: 11.676 GC heap after
{Heap after GC invocations=25 (full 0):
 garbage-first heap   total 141312K, used 65875K [0x0000000081e00000, 0x0000000100000000)
  region size 1024K, 6 young (6144K), 6 survivors (6144K)
 Metaspace       used 62635K, committed 63168K, reserved 1114112K
  class space    used 8471K, committed 8704K, reserved 1048576K
}
Event: 12.110 GC heap before
{Heap before GC invocations=25 (full 0):
 garbage-first heap   total 141312K, used 100691K [0x0000000081e00000, 0x0000000100000000)
  region size 1024K, 41 young (41984K), 6 survivors (6144K)
 Metaspace       used 63962K, committed 64448K, reserved 1114112K
  class space    used 8670K, committed 8896K, reserved 1048576K
}
Event: 12.125 GC heap after
{Heap after GC invocations=26 (full 0):
 garbage-first heap   total 141312K, used 73728K [0x0000000081e00000, 0x0000000100000000)
  region size 1024K, 6 young (6144K), 6 survivors (6144K)
 Metaspace       used 63962K, committed 64448K, reserved 1114112K
  class space    used 8670K, committed 8896K, reserved 1048576K
}

Deoptimization events (20 events):
Event: 12.377 Thread 0x0000023bb4cb36f0 DEOPT PACKING pc=0x0000023ba578f94c sp=0x000000b8809fe4d0
Event: 12.377 Thread 0x0000023bb4cb36f0 DEOPT UNPACKING pc=0x0000023ba50823a3 sp=0x000000b8809fe408 mode 2
Event: 12.436 Thread 0x0000023bb4cb36f0 Uncommon trap: trap_request=0xffffffde fr.pc=0x0000023ba58e5cf0 relative=0x00000000000005d0
Event: 12.436 Thread 0x0000023bb4cb36f0 Uncommon trap: reason=class_check action=maybe_recompile pc=0x0000023ba58e5cf0 method=org.springframework.util.ConcurrentReferenceHashMap$ReferenceManager.pollForPurge()Lorg/springframework/util/ConcurrentReferenceHashMap$Reference; @ 7 c2
Event: 12.436 Thread 0x0000023bb4cb36f0 DEOPT PACKING pc=0x0000023ba58e5cf0 sp=0x000000b8809fe330
Event: 12.436 Thread 0x0000023bb4cb36f0 DEOPT UNPACKING pc=0x0000023ba50823a3 sp=0x000000b8809fe2a8 mode 2
Event: 12.436 Thread 0x0000023bb4cb36f0 Uncommon trap: trap_request=0xffffffde fr.pc=0x0000023ba58e5cf0 relative=0x00000000000005d0
Event: 12.436 Thread 0x0000023bb4cb36f0 Uncommon trap: reason=class_check action=maybe_recompile pc=0x0000023ba58e5cf0 method=org.springframework.util.ConcurrentReferenceHashMap$ReferenceManager.pollForPurge()Lorg/springframework/util/ConcurrentReferenceHashMap$Reference; @ 7 c2
Event: 12.436 Thread 0x0000023bb4cb36f0 DEOPT PACKING pc=0x0000023ba58e5cf0 sp=0x000000b8809fe330
Event: 12.436 Thread 0x0000023bb4cb36f0 DEOPT UNPACKING pc=0x0000023ba50823a3 sp=0x000000b8809fe2a8 mode 2
Event: 12.436 Thread 0x0000023bb4cb36f0 Uncommon trap: trap_request=0xffffffde fr.pc=0x0000023ba58e5cf0 relative=0x00000000000005d0
Event: 12.436 Thread 0x0000023bb4cb36f0 Uncommon trap: reason=class_check action=maybe_recompile pc=0x0000023ba58e5cf0 method=org.springframework.util.ConcurrentReferenceHashMap$ReferenceManager.pollForPurge()Lorg/springframework/util/ConcurrentReferenceHashMap$Reference; @ 7 c2
Event: 12.436 Thread 0x0000023bb4cb36f0 DEOPT PACKING pc=0x0000023ba58e5cf0 sp=0x000000b8809fe330
Event: 12.436 Thread 0x0000023bb4cb36f0 DEOPT UNPACKING pc=0x0000023ba50823a3 sp=0x000000b8809fe2a8 mode 2
Event: 12.436 Thread 0x0000023bb4cb36f0 Uncommon trap: trap_request=0xffffffde fr.pc=0x0000023ba58e5cf0 relative=0x00000000000005d0
Event: 12.436 Thread 0x0000023bb4cb36f0 Uncommon trap: reason=class_check action=maybe_recompile pc=0x0000023ba58e5cf0 method=org.springframework.util.ConcurrentReferenceHashMap$ReferenceManager.pollForPurge()Lorg/springframework/util/ConcurrentReferenceHashMap$Reference; @ 7 c2
Event: 12.436 Thread 0x0000023bb4cb36f0 DEOPT PACKING pc=0x0000023ba58e5cf0 sp=0x000000b8809fe330
Event: 12.436 Thread 0x0000023bb4cb36f0 DEOPT UNPACKING pc=0x0000023ba50823a3 sp=0x000000b8809fe2a8 mode 2
Event: 122.294 Thread 0x0000023bfb881130 DEOPT PACKING pc=0x0000023b9e3503b1 sp=0x000000b8812fe160
Event: 122.294 Thread 0x0000023bfb881130 DEOPT UNPACKING pc=0x0000023ba5082b43 sp=0x000000b8812fd650 mode 0

Classes unloaded (0 events):
No events

Classes redefined (0 events):
No events

Internal exceptions (20 events):
Event: 11.564 Thread 0x0000023bfb87bb20 Exception <a 'sun/nio/fs/WindowsException'{0x000000008901f5c0}> (0x000000008901f5c0) 
thrown [s\open\src\hotspot\share\prims\jni.cpp, line 516]
Event: 11.564 Thread 0x0000023bfb87bb20 Exception <a 'sun/nio/fs/WindowsException'{0x000000008901f8d8}> (0x000000008901f8d8) 
thrown [s\open\src\hotspot\share\prims\jni.cpp, line 516]
Event: 11.565 Thread 0x0000023bfb87bb20 Exception <a 'sun/nio/fs/WindowsException'{0x0000000089020240}> (0x0000000089020240) 
thrown [s\open\src\hotspot\share\prims\jni.cpp, line 516]
Event: 11.565 Thread 0x0000023bfb87bb20 Exception <a 'sun/nio/fs/WindowsException'{0x0000000089020568}> (0x0000000089020568) 
thrown [s\open\src\hotspot\share\prims\jni.cpp, line 516]
Event: 11.565 Thread 0x0000023bfb87bb20 Exception <a 'sun/nio/fs/WindowsException'{0x0000000089020ee8}> (0x0000000089020ee8) 
thrown [s\open\src\hotspot\share\prims\jni.cpp, line 516]
Event: 11.566 Thread 0x0000023bfb87bb20 Exception <a 'sun/nio/fs/WindowsException'{0x0000000089021230}> (0x0000000089021230) 
thrown [s\open\src\hotspot\share\prims\jni.cpp, line 516]
Event: 11.567 Thread 0x0000023bfb87bb20 Exception <a 'sun/nio/fs/WindowsException'{0x0000000089021bc8}> (0x0000000089021bc8) 
thrown [s\open\src\hotspot\share\prims\jni.cpp, line 516]
Event: 11.568 Thread 0x0000023bfb87bb20 Exception <a 'sun/nio/fs/WindowsException'{0x0000000089021f28}> (0x0000000089021f28) 
thrown [s\open\src\hotspot\share\prims\jni.cpp, line 516]
Event: 11.568 Thread 0x0000023bfb87bb20 Exception <a 'sun/nio/fs/WindowsException'{0x00000000890228b8}> (0x00000000890228b8) 
thrown [s\open\src\hotspot\share\prims\jni.cpp, line 516]
Event: 11.568 Thread 0x0000023bfb87bb20 Exception <a 'sun/nio/fs/WindowsException'{0x0000000089022c10}> (0x0000000089022c10) 
thrown [s\open\src\hotspot\share\prims\jni.cpp, line 516]
Event: 11.889 Thread 0x0000023bb4cb36f0 Exception <a 'java/lang/NoSuchMethodError'{0x0000000088ea3b10}: 'java.lang.Object java.lang.invoke.DirectMethodHandle$Holder.invokeInterface(java.lang.Object, java.lang.Object, java.lang.Object, java.lang.Object)'> (0x0000000088ea3b10) 
thrown [s\open\src\hotspot\share\interpreter\linkResolver.cpp, line 759]
Event: 11.943 Thread 0x0000023bb4cb36f0 Exception <a 'java/lang/NoSuchMethodError'{0x0000000088cc0020}: 'void java.lang.invoke.DirectMethodHandle$Holder.invokeVirtual(java.lang.Object, java.lang.Object, int)'> (0x0000000088cc0020) 
thrown [s\open\src\hotspot\share\interpreter\linkResolver.cpp, line 759]
Event: 11.946 Thread 0x0000023bb4cb36f0 Exception <a 'java/lang/NoSuchMethodError'{0x0000000088cda9d0}: 'void java.lang.invoke.DirectMethodHandle$Holder.invokeVirtual(java.lang.Object, java.lang.Object, long)'> (0x0000000088cda9d0) 
thrown [s\open\src\hotspot\share\interpreter\linkResolver.cpp, line 759]
Event: 12.047 Thread 0x0000023bb4cb36f0 Exception <a 'java/lang/NoSuchMethodError'{0x0000000088764950}: 'int java.lang.invoke.DirectMethodHandle$Holder.invokeStaticInit(java.lang.Object, java.lang.Object, java.lang.Object, java.lang.Object)'> (0x0000000088764950) 
thrown [s\open\src\hotspot\share\interpreter\linkResolver.cpp, line 759]
Event: 12.380 Thread 0x0000023bb4cb36f0 Exception <a 'java/lang/NoSuchMethodError'{0x0000000089dd33e0}: 'java.lang.Object java.lang.invoke.DirectMethodHandle$Holder.newInvokeSpecial(java.lang.Object, java.lang.Object, int, java.lang.Object, java.lang.Object)'> (0x0000000089dd33e0) 
thrown [s\open\src\hotspot\share\interpreter\linkResolver.cpp, line 759]
Event: 12.381 Thread 0x0000023bb4cb36f0 Exception <a 'java/lang/NoSuchMethodError'{0x0000000089dde770}: 'java.lang.Object java.lang.invoke.DirectMethodHandle$Holder.invokeSpecial(java.lang.Object, java.lang.Object, int, java.lang.Object, int, java.lang.Object)'> (0x0000000089dde770) 
thrown [s\open\src\hotspot\share\interpreter\linkResolver.cpp, line 759]
Event: 12.382 Thread 0x0000023bb4cb36f0 Exception <a 'java/lang/NoSuchMethodError'{0x0000000089de6790}: 'java.lang.Object java.lang.invoke.DirectMethodHandle$Holder.newInvokeSpecial(java.lang.Object, java.lang.Object, int, java.lang.Object, int)'> (0x0000000089de6790) 
thrown [s\open\src\hotspot\share\interpreter\linkResolver.cpp, line 759]
Event: 12.382 Thread 0x0000023bb4cb36f0 Exception <a 'java/lang/NoSuchMethodError'{0x0000000089dea890}: 'java.lang.Object java.lang.invoke.DirectMethodHandle$Holder.invokeSpecial(java.lang.Object, java.lang.Object, java.lang.Object, int, java.lang.Object, int)'> (0x0000000089dea890) 
thrown [s\open\src\hotspot\share\interpreter\linkResolver.cpp, line 759]
Event: 122.326 Thread 0x0000023bfb881130 Exception <a 'java/lang/NoSuchMethodError'{0x000000008924ccd0}: 'java.lang.Object java.lang.invoke.DirectMethodHandle$Holder.invokeSpecial(java.lang.Object, java.lang.Object, java.lang.Object, java.lang.Object, java.lang.Object, long)'> (0x000000008924ccd0) 
thrown [s\open\src\hotspot\share\interpreter\linkResolver.cpp, line 759]
Event: 122.327 Thread 0x0000023bfb881130 Exception <a 'java/lang/NoSuchMethodError'{0x0000000089250710}: 'java.lang.Object java.lang.invoke.Invokers$Holder.linkToTargetMethod(java.lang.Object, java.lang.Object, java.lang.Object, long, java.lang.Object)'> (0x0000000089250710) 
thrown [s\open\src\hotspot\share\interpreter\linkResolver.cpp, line 759]

VM Operations (20 events):
Event: 37.628 Executing VM operation: Cleanup
Event: 37.628 Executing VM operation: Cleanup done
Event: 44.657 Executing VM operation: Cleanup
Event: 44.657 Executing VM operation: Cleanup done
Event: 56.730 Executing VM operation: Cleanup
Event: 56.730 Executing VM operation: Cleanup done
Event: 60.072 Executing VM operation: HandshakeAllThreads
Event: 60.072 Executing VM operation: HandshakeAllThreads done
Event: 71.131 Executing VM operation: Cleanup
Event: 71.131 Executing VM operation: Cleanup done
Event: 77.157 Executing VM operation: Cleanup
Event: 77.158 Executing VM operation: Cleanup done
Event: 78.164 Executing VM operation: Cleanup
Event: 78.164 Executing VM operation: Cleanup done
Event: 112.753 Executing VM operation: HandshakeAllThreads
Event: 112.754 Executing VM operation: HandshakeAllThreads done
Event: 113.764 Executing VM operation: Cleanup
Event: 113.764 Executing VM operation: Cleanup done
Event: 115.780 Executing VM operation: Cleanup
Event: 115.780 Executing VM operation: Cleanup done

Events (20 events):
Event: 122.254 loading class sun/nio/ch/SocketAdaptor done
Event: 122.255 loading class sun/nio/ch/SocketChannelImpl$DefaultOptionsHolder
Event: 122.255 loading class sun/nio/ch/SocketChannelImpl$DefaultOptionsHolder done
Event: 122.256 loading class sun/nio/ch/SelectionKeyImpl
Event: 122.256 loading class java/nio/channels/spi/AbstractSelectionKey
Event: 122.256 loading class java/nio/channels/SelectionKey
Event: 122.257 loading class java/nio/channels/SelectionKey done
Event: 122.257 loading class java/nio/channels/spi/AbstractSelectionKey done
Event: 122.257 loading class sun/nio/ch/SelectionKeyImpl done
Event: 122.257 loading class java/lang/invoke/ConstantBootstraps
Event: 122.257 loading class java/lang/invoke/ConstantBootstraps done
Event: 122.290 Thread 0x0000023bb4643390 Thread added: 0x0000023bb4643390
Event: 122.337 loading class sun/nio/cs/ThreadLocalCoders
Event: 122.337 loading class sun/nio/cs/ThreadLocalCoders done
Event: 122.337 loading class sun/nio/cs/ThreadLocalCoders$1
Event: 122.337 loading class sun/nio/cs/ThreadLocalCoders$Cache
Event: 122.337 loading class sun/nio/cs/ThreadLocalCoders$Cache done
Event: 122.337 loading class sun/nio/cs/ThreadLocalCoders$1 done
Event: 122.338 loading class sun/nio/cs/ThreadLocalCoders$2
Event: 122.338 loading class sun/nio/cs/ThreadLocalCoders$2 done


Dynamic libraries:
0x00007ff71b1c0000 - 0x00007ff71b1d0000 	C:\Program Files\Java\jdk-17\bin\java.exe
0x00007ffbc6210000 - 0x00007ffbc6408000 	C:\Windows\SYSTEM32\ntdll.dll
0x00007ffbc5970000 - 0x00007ffbc5a2d000 	C:\Windows\System32\KERNEL32.DLL
0x00007ffbc3c70000 - 0x00007ffbc3f66000 	C:\Windows\System32\KERNELBASE.dll
0x00007ffbc4060000 - 0x00007ffbc4160000 	C:\Windows\System32\ucrtbase.dll
0x00007ffbbf090000 - 0x00007ffbbf0a9000 	C:\Program Files\Java\jdk-17\bin\jli.dll
0x00007ffbc44f0000 - 0x00007ffbc45a0000 	C:\Windows\System32\ADVAPI32.dll
0x00007ffbc5220000 - 0x00007ffbc52be000 	C:\Windows\System32\msvcrt.dll
0x00007ffbc45a0000 - 0x00007ffbc4640000 	C:\Windows\System32\sechost.dll
0x00007ffbc5a30000 - 0x00007ffbc5b53000 	C:\Windows\System32\RPCRT4.dll
0x00007ffbc4160000 - 0x00007ffbc4187000 	C:\Windows\System32\bcrypt.dll
0x00007ffbc4640000 - 0x00007ffbc47df000 	C:\Windows\System32\USER32.dll
0x00007ffbc3930000 - 0x00007ffbc3952000 	C:\Windows\System32\win32u.dll
0x00007ffbc5b60000 - 0x00007ffbc5b8b000 	C:\Windows\System32\GDI32.dll
0x00007ffbc3b50000 - 0x00007ffbc3c67000 	C:\Windows\System32\gdi32full.dll
0x00007ffbc3fc0000 - 0x00007ffbc405d000 	C:\Windows\System32\msvcp_win.dll
0x00007ffbbf070000 - 0x00007ffbbf08b000 	C:\Program Files\Java\jdk-17\bin\VCRUNTIME140.dll
0x00007ffbae200000 - 0x00007ffbae49a000 	C:\Windows\WinSxS\amd64_microsoft.windows.common-controls_6595b64144ccf1df_6.0.19041.4355_none_60b8b9eb71f62e16\COMCTL32.dll
0x00007ffbba930000 - 0x00007ffbba93a000 	C:\Windows\SYSTEM32\VERSION.dll
0x00007ffbc50b0000 - 0x00007ffbc50e2000 	C:\Windows\System32\IMM32.DLL
0x00007ffbbf060000 - 0x00007ffbbf06c000 	C:\Program Files\Java\jdk-17\bin\vcruntime140_1.dll
0x00007ffbbd120000 - 0x00007ffbbd1ae000 	C:\Program Files\Java\jdk-17\bin\msvcp140.dll
0x00007ffb8fbf0000 - 0x00007ffb907cf000 	C:\Program Files\Java\jdk-17\bin\server\jvm.dll
0x00007ffbc5040000 - 0x00007ffbc5048000 	C:\Windows\System32\PSAPI.DLL
0x00007ffbac220000 - 0x00007ffbac229000 	C:\Windows\SYSTEM32\WSOCK32.dll
0x00007ffbc51b0000 - 0x00007ffbc521b000 	C:\Windows\System32\WS2_32.dll
0x00007ffbadeb0000 - 0x00007ffbaded7000 	C:\Windows\SYSTEM32\WINMM.dll
0x00007ffbc20d0000 - 0x00007ffbc20e2000 	C:\Windows\SYSTEM32\kernel.appcore.dll
0x00007ffbbf040000 - 0x00007ffbbf04a000 	C:\Program Files\Java\jdk-17\bin\jimage.dll
0x00007ffbc14d0000 - 0x00007ffbc16b4000 	C:\Windows\SYSTEM32\DBGHELP.DLL
0x00007ffb96ee0000 - 0x00007ffb96f14000 	C:\Windows\SYSTEM32\dbgcore.DLL
0x00007ffbc3ac0000 - 0x00007ffbc3b42000 	C:\Windows\System32\bcryptPrimitives.dll
0x00007ffbbf020000 - 0x00007ffbbf02e000 	C:\Program Files\Java\jdk-17\bin\instrument.dll
0x00007ffbbdd20000 - 0x00007ffbbdd45000 	C:\Program Files\Java\jdk-17\bin\java.dll
0x00007ffbbbe70000 - 0x00007ffbbbf47000 	C:\Program Files\Java\jdk-17\bin\jsvml.dll
0x00007ffbc47e0000 - 0x00007ffbc4f4b000 	C:\Windows\System32\SHELL32.dll
0x00007ffbc1920000 - 0x00007ffbc20bd000 	C:\Windows\SYSTEM32\windows.storage.dll
0x00007ffbc5cc0000 - 0x00007ffbc6013000 	C:\Windows\System32\combase.dll
0x00007ffbc32e0000 - 0x00007ffbc330e000 	C:\Windows\SYSTEM32\Wldp.dll
0x00007ffbc5840000 - 0x00007ffbc590d000 	C:\Windows\System32\OLEAUT32.dll
0x00007ffbc4320000 - 0x00007ffbc43cd000 	C:\Windows\System32\SHCORE.dll
0x00007ffbc50f0000 - 0x00007ffbc5145000 	C:\Windows\System32\shlwapi.dll
0x00007ffbc37f0000 - 0x00007ffbc3814000 	C:\Windows\SYSTEM32\profapi.dll
0x00007ffbbcac0000 - 0x00007ffbbcad8000 	C:\Program Files\Java\jdk-17\bin\zip.dll
0x00007ffbbd5c0000 - 0x00007ffbbd5d9000 	C:\Program Files\Java\jdk-17\bin\net.dll
0x00007ffbb2ee0000 - 0x00007ffbb2fea000 	C:\Windows\SYSTEM32\WINHTTP.dll
0x00007ffbc3040000 - 0x00007ffbc30aa000 	C:\Windows\system32\mswsock.dll
0x00007ffbbcae0000 - 0x00007ffbbcaf6000 	C:\Program Files\Java\jdk-17\bin\nio.dll
0x00007ffbbcaa0000 - 0x00007ffbbcaba000 	C:\Program Files\JetBrains\IntelliJ IDEA Community Edition 2024.1.1\bin\breakgen64.dll
0x00007ffbbf010000 - 0x00007ffbbf01a000 	C:\Program Files\Java\jdk-17\bin\management.dll
0x00007ffbbd5b0000 - 0x00007ffbbd5bb000 	C:\Program Files\Java\jdk-17\bin\management_ext.dll
0x00007ffbbca80000 - 0x00007ffbbca90000 	C:\Program Files\Java\jdk-17\bin\verify.dll
0x00007ffbc3240000 - 0x00007ffbc3258000 	C:\Windows\SYSTEM32\CRYPTSP.dll
0x00007ffbc28f0000 - 0x00007ffbc2924000 	C:\Windows\system32\rsaenh.dll
0x00007ffbc37a0000 - 0x00007ffbc37ce000 	C:\Windows\SYSTEM32\USERENV.dll
0x00007ffbc3230000 - 0x00007ffbc323c000 	C:\Windows\SYSTEM32\CRYPTBASE.dll
0x00007ffbc2cd0000 - 0x00007ffbc2d0b000 	C:\Windows\SYSTEM32\IPHLPAPI.DLL
0x00007ffbc4f50000 - 0x00007ffbc4f58000 	C:\Windows\System32\NSI.dll
0x00007ffbb3b10000 - 0x00007ffbb3b27000 	C:\Windows\SYSTEM32\dhcpcsvc6.DLL
0x00007ffbb7470000 - 0x00007ffbb748d000 	C:\Windows\SYSTEM32\dhcpcsvc.DLL
0x00007ffbc2d20000 - 0x00007ffbc2deb000 	C:\Windows\SYSTEM32\DNSAPI.dll
0x00007ffbbca90000 - 0x00007ffbbca9e000 	C:\Program Files\Java\jdk-17\bin\sunmscapi.dll
0x00007ffbc3960000 - 0x00007ffbc3abe000 	C:\Windows\System32\CRYPT32.dll
0x00007ffbc3350000 - 0x00007ffbc3379000 	C:\Windows\SYSTEM32\ncrypt.dll
0x00007ffbc3310000 - 0x00007ffbc334b000 	C:\Windows\SYSTEM32\NTASN1.dll
0x00007ffbbaa30000 - 0x00007ffbbaa3a000 	C:\Windows\System32\rasadhlp.dll
0x00007ffbaf450000 - 0x00007ffbaf4d0000 	C:\Windows\System32\fwpuclnt.dll
0x00007ffb9b000000 - 0x00007ffb9b007000 	C:\Windows\system32\wshunix.dll

dbghelp: loaded successfully - version: 4.0.5 - missing functions: none
symbol engine: initialized successfully - sym options: 0x614 - pdb path: .;C:\Program Files\Java\jdk-17\bin;C:\Windows\SYSTEM32;C:\Windows\WinSxS\amd64_microsoft.windows.common-controls_6595b64144ccf1df_6.0.19041.4355_none_60b8b9eb71f62e16;C:\Program Files\Java\jdk-17\bin\server;C:\Program Files\JetBrains\IntelliJ IDEA Community Edition 2024.1.1\bin

VM Arguments:
jvm_args: -javaagent:C:\Program Files\JetBrains\IntelliJ IDEA Community Edition 2024.1.1\lib\idea_rt.jar=50576:C:\Program Files\JetBrains\IntelliJ IDEA Community Edition 2024.1.1\bin -Dfile.encoding=UTF-8 
java_command: com.ims.app.InventoryManagementSystemApplication
java_class_path (initial): C:\Users\ELITEBOOK\Desktop\SamTech\InventoryManagementSystem\target\classes;C:\Users\ELITEBOOK\.m2\repository\org\springdoc\springdoc-openapi-starter-webmvc-ui\2.0.0\springdoc-openapi-starter-webmvc-ui-2.0.0.jar;C:\Users\ELITEBOOK\.m2\repository\org\springdoc\springdoc-openapi-starter-webmvc-api\2.0.0\springdoc-openapi-starter-webmvc-api-2.0.0.jar;C:\Users\ELITEBOOK\.m2\repository\org\springdoc\springdoc-openapi-starter-common\2.0.0\springdoc-openapi-starter-common-2.0.0.jar;C:\Users\ELITEBOOK\.m2\repository\io\swagger\core\v3\swagger-core-jakarta\2.2.7\swagger-core-jakarta-2.2.7.jar;C:\Users\ELITEBOOK\.m2\repository\io\swagger\core\v3\swagger-annotations-jakarta\2.2.7\swagger-annotations-jakarta-2.2.7.jar;C:\Users\ELITEBOOK\.m2\repository\io\swagger\core\v3\swagger-models-jakarta\2.2.7\swagger-models-jakarta-2.2.7.jar;C:\Users\ELITEBOOK\.m2\repository\com\fasterxml\jackson\dataformat\jackson-dataformat-yaml\2.14.1\jackson-dataformat-yaml-2.14.1.jar;C:\Users\ELITEBOOK\.m2\repository\org\webjars\swagger-ui\4.15.5\swagger-ui-4.15.5.jar;C:\Users\ELITEBOOK\.m2\repository\org\webjars\webjars-locator-core\0.52\webjars-locator-core-0.52.jar;C:\Users\ELITEBOOK\.m2\repository\org\slf4j\slf4j-api\2.0.4\slf4j-api-2.0.4.jar;C:\Users\ELITEBOOK\.m2\repository\io\github\classgraph\classgraph\4.8.149\classgraph-4.8.149.jar;C:\Users\ELITEBOOK\.m2\repository\io\jsonwebtoken\jjwt-api\0.11.5\jjwt-api-0.11.5.jar;C:\Users\ELITEBOOK\.m2\repository\io\jsonwebtoken\jjwt-impl\0.11.5\jjwt-impl-0.11.5.jar;C:\Users\ELITEBOOK\.m2\repository\org\hibernate\validator\hibernate-validator\7.0.1.Final\hibernate-validator-7.0.1.Final.jar;C:\Users\ELITEBOOK\.m2\repository\jakarta\validation\jakarta.validation-api\3.0.2\jakarta.validation-api-3.0.2.jar;C:\Users\ELITEBOOK\.m2\repository\org\jboss\logging\jboss-logging\3.5.0.Final\jboss-logging-3.5.0.Final.jar;C:\Users\ELITEBOOK\.m2\repository\com\fasterxml\classmate\1.5.1\classmate-1.5.1.jar;C:\Users\ELITEBOOK\.m2\repository\i
Launcher Type: SUN_STANDARD

[Global flags]
     intx CICompilerCount                          = 3                                         {product} {ergonomic}
     uint ConcGCThreads                            = 1                                         {product} {ergonomic}
     uint G1ConcRefinementThreads                  = 4                                         {product} {ergonomic}
   size_t G1HeapRegionSize                         = 1048576                                   {product} {ergonomic}
    uintx GCDrainStackTargetSize                   = 64                                        {product} {ergonomic}
   size_t InitialHeapSize                          = 134217728                                 {product} {ergonomic}
   size_t MarkStackSize                            = 4194304                                   {product} {ergonomic}
   size_t MaxHeapSize                              = 2116026368                                {product} {ergonomic}
   size_t MaxNewSize                               = 1268776960                                {product} {ergonomic}
   size_t MinHeapDeltaBytes                        = 1048576                                   {product} {ergonomic}
   size_t MinHeapSize                              = 8388608                                   {product} {ergonomic}
    uintx NonNMethodCodeHeapSize                   = 5832780                                {pd product} {ergonomic}
    uintx NonProfiledCodeHeapSize                  = 122912730                              {pd product} {ergonomic}
    uintx ProfiledCodeHeapSize                     = 122912730                              {pd product} {ergonomic}
    uintx ReservedCodeCacheSize                    = 251658240                              {pd product} {ergonomic}
     bool SegmentedCodeCache                       = true                                      {product} {ergonomic}
   size_t SoftMaxHeapSize                          = 2116026368                             {manageable} {ergonomic}
     bool UseCompressedClassPointers               = true                           {product lp64_product} {ergonomic}
     bool UseCompressedOops                        = true                           {product lp64_product} {ergonomic}
     bool UseG1GC                                  = true                                      {product} {ergonomic}
     bool UseLargePagesIndividualAllocation        = false                                  {pd product} {ergonomic}

Logging:
Log output configuration:
 #0: stdout all=warning uptime,level,tags
 #1: stderr all=off uptime,level,tags

Environment Variables:
PATH=C:\OraHome_1\bin;C:\OraHome_1\jre\1.4.2\bin\client;C:\OraHome_1\jre\1.4.2\bin;C:\DevSuiteHome_1\jdk\jre\bin\classic;C:\DevSuiteHome_1\jdk\jre\bin;C:\DevSuiteHome_1\jdk\jre\bin\client;C:\DevSuiteHome_1\jlib;C:\DevSuiteHome_1\bin;C:\DevSuiteHome_1\jre\1.4.2\bin\client;C:\DevSuiteHome_1\jre\1.4.2\bin;C:\app\ELITEBOOK\product\21c\dbhomeXE\bin;C:\Program Files\Common Files\Oracle\Java\javapath;C:\Program Files (x86)\Common Files\Oracle\Java\javapath;C:\Windows\system32;C:\Windows;C:\Windows\System32\Wbem;C:\Windows\System32\WindowsPowerShell\v1.0\;C:\Windows\System32\OpenSSH\;C:\Program Files (x86)\apache-maven-3.9.6\bin;C:\Program Files (x86)\gradle-8.5\bin;C:\Program Files\PuTTY\;C:\Program Files\Git\cmd;C:\Users\ELITEBOOK\AppData\Local\Programs\Python\Python39\Scripts\;C:\Users\ELITEBOOK\AppData\Local\Programs\Python\Python39\;C:\Users\ELITEBOOK\AppData\Local\Microsoft\WindowsApps;C:\Program Files\JetBrains\IntelliJ IDEA 2023.3.3\bin;;C:\Users\ELITEBOOK\AppData\Local\GitHubDesktop\bin;C:\Users\ELITEBOOK\AppData\Local\Programs\Microsoft VS Code\bin;C:\Program Files\JetBrains\IntelliJ IDEA Community Edition 2024.1.1\bin;;C:\xampp\mysql\bin;
USERNAME=ELITEBOOK
OS=Windows_NT
PROCESSOR_IDENTIFIER=Intel64 Family 6 Model 78 Stepping 3, GenuineIntel



---------------  S Y S T E M  ---------------

OS:
 Windows 10 , 64 bit Build 19041 (10.0.19041.3636)
OS uptime: 0 days 0:58 hours

CPU: total 4 (initial active 4) (2 cores per cpu, 2 threads per core) family 6 model 78 stepping 3 microcode 0xdc, cx8, cmov, fxsr, ht, mmx, 3dnowpref, sse, sse2, sse3, ssse3, sse4.1, sse4.2, popcnt, lzcnt, tsc, tscinvbit, avx, avx2, aes, erms, clmul, bmi1, bmi2, rtm, adx, fma, vzeroupper, clflush, clflushopt

Memory: 4k page, system-wide physical 8067M (1304M free)
TotalPageFile size 10067M (AvailPageFile size 5M)
current process WorkingSet (physical memory assigned to process): 288M, peak: 327M
current process commit charge ("private bytes"): 339M, peak: 378M

vm_info: Java HotSpot(TM) 64-Bit Server VM (17.0.10+11-LTS-240) for windows-amd64 JRE (17.0.10+11-LTS-240), built on Dec 19 2023 21:47:25 by "mach5one" with MS VC++ 17.1 (VS2022)

END.
