#
# There is insufficient memory for the Java Runtime Environment to continue.
# Native memory allocation (malloc) failed to allocate 1127296 bytes for Chunk::new
# Possible reasons:
#   The system is out of physical RAM or swap space
#   The process is running with CompressedOops enabled, and the Java Heap may be blocking the growth of the native heap
# Possible solutions:
#   Reduce memory load on the system
#   Increase physical memory or swap space
#   Check if swap backing store is full
#   Decrease Java heap size (-Xmx/-Xms)
#   Decrease number of Java threads
#   Decrease Java thread stack sizes (-Xss)
#   Set larger code cache with -XX:ReservedCodeCacheSize=
#   JVM is running with Unscaled Compressed Oops mode in which the Java heap is
#     placed in the first 4GB address space. The Java Heap base address is the
#     maximum limit for the native heap growth. Please use -XX:HeapBaseMinAddress
#     to set the Java Heap base and to place the Java Heap above 4GB virtual address.
# This output file may be truncated or incomplete.
#
#  Out of Memory Error (arena.cpp:189), pid=7808, tid=276
#
# JRE version: Java(TM) SE Runtime Environment (17.0.10+11) (build 17.0.10+11-LTS-240)
# Java VM: Java HotSpot(TM) 64-Bit Server VM (17.0.10+11-LTS-240, mixed mode, sharing, tiered, compressed oops, compressed class ptrs, g1 gc, windows-amd64)
# No core dump will be written. Minidumps are not enabled by default on client versions of Windows
#

---------------  S U M M A R Y ------------

Command Line: -javaagent:C:\Program Files\JetBrains\IntelliJ IDEA Community Edition 2024.1.1\lib\idea_rt.jar=50460:C:\Program Files\JetBrains\IntelliJ IDEA Community Edition 2024.1.1\bin -Dfile.encoding=UTF-8 com.ims.app.InventoryManagementSystemApplication

Host: Intel(R) Core(TM) i7-6600U CPU @ 2.60GHz, 4 cores, 7G,  Windows 10 , 64 bit Build 19041 (10.0.19041.3636)
Time: Wed May 29 14:55:03 2024 E. Africa Standard Time elapsed time: 153.612144 seconds (0d 0h 2m 33s)

---------------  T H R E A D  ---------------

Current thread (0x000002297cc9d690):  JavaThread "C2 CompilerThread1" daemon [_thread_in_native, id=276, stack(0x000000e085c00000,0x000000e085d00000)]


Current CompileTask:
C2: 153612 6713       4       java.net.URLStreamHandler::parseURL (1201 bytes)

Stack: [0x000000e085c00000,0x000000e085d00000]
Native frames: (J=compiled Java code, j=interpreted, Vv=VM code, C=native code)
V  [jvm.dll+0x677a5a]
V  [jvm.dll+0x7d8b2d]
V  [jvm.dll+0x7da48e]
V  [jvm.dll+0x7daaf3]
V  [jvm.dll+0x2455ff]
V  [jvm.dll+0xaaafb]
V  [jvm.dll+0xab09c]
V  [jvm.dll+0x361bae]
V  [jvm.dll+0x1bb1da]
V  [jvm.dll+0x217aa7]
V  [jvm.dll+0x216d81]
V  [jvm.dll+0x1a3410]
V  [jvm.dll+0x226aeb]
V  [jvm.dll+0x224cab]
V  [jvm.dll+0x78e45c]
V  [jvm.dll+0x78888a]
V  [jvm.dll+0x676935]
C  [ucrtbase.dll+0x21bb2]
C  [KERNEL32.DLL+0x17344]
C  [ntdll.dll+0x526b1]


---------------  P R O C E S S  ---------------

Threads class SMR info:
_java_thread_list=0x0000022900aaf580, length=33, elements={
0x000002293566a940, 0x000002293566b6d0, 0x000002293567a7a0, 0x000002293567c280,
0x000002293567f700, 0x00000229356827b0, 0x0000022935685640, 0x0000022935686e90,
0x00000229356936e0, 0x00000229356545f0, 0x0000022935b58780, 0x0000022935b5ac70,
0x000002297cc5b790, 0x000002297cc59e40, 0x000002297cc5a350, 0x000002297cc5bca0,
0x000002297cc5c1b0, 0x000002297cc5c6c0, 0x000002297cc5d0e0, 0x000002297cc5cbd0,
0x000002297cc5a860, 0x000002297cc59930, 0x000002297f2c6ca0, 0x000002297f2cdc00,
0x000002297f2cae70, 0x000002297f2c71b0, 0x000002297f2c9010, 0x000002297f2c9520,
0x000002297f2cb380, 0x000002297f2c9a30, 0x000002297f2cc7c0, 0x000002297f2cd6f0,
0x000002297cc9d690
}

Java Threads: ( => current thread )
  0x000002293566a940 JavaThread "Reference Handler" daemon [_thread_blocked, id=13180, stack(0x000000e086600000,0x000000e086700000)]
  0x000002293566b6d0 JavaThread "Finalizer" daemon [_thread_blocked, id=2652, stack(0x000000e086700000,0x000000e086800000)]
  0x000002293567a7a0 JavaThread "Signal Dispatcher" daemon [_thread_blocked, id=10976, stack(0x000000e086800000,0x000000e086900000)]
  0x000002293567c280 JavaThread "Attach Listener" daemon [_thread_blocked, id=10304, stack(0x000000e086900000,0x000000e086a00000)]
  0x000002293567f700 JavaThread "Service Thread" daemon [_thread_blocked, id=10084, stack(0x000000e086a00000,0x000000e086b00000)]
  0x00000229356827b0 JavaThread "Monitor Deflation Thread" daemon [_thread_blocked, id=7644, stack(0x000000e086b00000,0x000000e086c00000)]
  0x0000022935685640 JavaThread "C2 CompilerThread0" daemon [_thread_in_native, id=9220, stack(0x000000e086c00000,0x000000e086d00000)]
  0x0000022935686e90 JavaThread "C1 CompilerThread0" daemon [_thread_in_native, id=8244, stack(0x000000e086d00000,0x000000e086e00000)]
  0x00000229356936e0 JavaThread "Sweeper thread" daemon [_thread_blocked, id=7244, stack(0x000000e086e00000,0x000000e086f00000)]
  0x00000229356545f0 JavaThread "Common-Cleaner" daemon [_thread_blocked, id=6180, stack(0x000000e086f00000,0x000000e087000000)]
  0x0000022935b58780 JavaThread "Monitor Ctrl-Break" daemon [_thread_in_native, id=10208, stack(0x000000e087100000,0x000000e087200000)]
  0x0000022935b5ac70 JavaThread "Notification Thread" daemon [_thread_blocked, id=5340, stack(0x000000e087200000,0x000000e087300000)]
  0x000002297cc5b790 JavaThread "mysql-cj-abandoned-connection-cleanup" daemon [_thread_blocked, id=6808, stack(0x000000e087a00000,0x000000e087b00000)]
  0x000002297cc59e40 JavaThread "HikariPool-1 housekeeper" daemon [_thread_blocked, id=5036, stack(0x000000e087c00000,0x000000e087d00000)]
  0x000002297cc5a350 JavaThread "Catalina-utility-1" [_thread_blocked, id=908, stack(0x000000e087e00000,0x000000e087f00000)]
  0x000002297cc5bca0 JavaThread "Catalina-utility-2" [_thread_blocked, id=3060, stack(0x000000e087f00000,0x000000e088000000)]
  0x000002297cc5c1b0 JavaThread "container-0" [_thread_blocked, id=9268, stack(0x000000e088000000,0x000000e088100000)]
  0x000002297cc5c6c0 JavaThread "File Watcher" daemon [_thread_blocked, id=11120, stack(0x000000e087d00000,0x000000e087e00000)]
  0x000002297cc5d0e0 JavaThread "Live Reload Server" daemon [_thread_in_native, id=7248, stack(0x000000e088200000,0x000000e088300000)]
  0x000002297cc5cbd0 JavaThread "http-nio-8081-exec-1" daemon [_thread_in_vm, id=6204, stack(0x000000e088100000,0x000000e088200000)]
  0x000002297cc5a860 JavaThread "http-nio-8081-exec-2" daemon [_thread_blocked, id=10984, stack(0x000000e088300000,0x000000e088400000)]
  0x000002297cc59930 JavaThread "http-nio-8081-exec-3" daemon [_thread_blocked, id=2312, stack(0x000000e088400000,0x000000e088500000)]
  0x000002297f2c6ca0 JavaThread "http-nio-8081-exec-4" daemon [_thread_blocked, id=10080, stack(0x000000e088500000,0x000000e088600000)]
  0x000002297f2cdc00 JavaThread "http-nio-8081-exec-5" daemon [_thread_blocked, id=4012, stack(0x000000e088600000,0x000000e088700000)]
  0x000002297f2cae70 JavaThread "http-nio-8081-exec-6" daemon [_thread_blocked, id=4516, stack(0x000000e088700000,0x000000e088800000)]
  0x000002297f2c71b0 JavaThread "http-nio-8081-exec-7" daemon [_thread_blocked, id=6272, stack(0x000000e088800000,0x000000e088900000)]
  0x000002297f2c9010 JavaThread "http-nio-8081-exec-8" daemon [_thread_blocked, id=12440, stack(0x000000e088900000,0x000000e088a00000)]
  0x000002297f2c9520 JavaThread "http-nio-8081-exec-9" daemon [_thread_blocked, id=11036, stack(0x000000e088a00000,0x000000e088b00000)]
  0x000002297f2cb380 JavaThread "http-nio-8081-exec-10" daemon [_thread_blocked, id=6676, stack(0x000000e088b00000,0x000000e088c00000)]
  0x000002297f2c9a30 JavaThread "http-nio-8081-Poller" daemon [_thread_in_native, id=7492, stack(0x000000e088c00000,0x000000e088d00000)]
  0x000002297f2cc7c0 JavaThread "http-nio-8081-Acceptor" daemon [_thread_in_native, id=12900, stack(0x000000e088d00000,0x000000e088e00000)]
  0x000002297f2cd6f0 JavaThread "DestroyJavaVM" [_thread_blocked, id=6980, stack(0x000000e085f00000,0x000000e086000000)]
=>0x000002297cc9d690 JavaThread "C2 CompilerThread1" daemon [_thread_in_native, id=276, stack(0x000000e085c00000,0x000000e085d00000)]

Other Threads:
  0x0000022935664dc0 VMThread "VM Thread" [stack: 0x000000e086500000,0x000000e086600000] [id=12656]
  0x0000022935a3b370 WatcherThread [stack: 0x000000e087300000,0x000000e087400000] [id=9060]
  0x0000022915ee8cd0 GCTaskThread "GC Thread#0" [stack: 0x000000e086000000,0x000000e086100000] [id=12476]
  0x000002297b359500 GCTaskThread "GC Thread#1" [stack: 0x000000e087400000,0x000000e087500000] [id=1880]
  0x000002297b7003b0 GCTaskThread "GC Thread#2" [stack: 0x000000e087500000,0x000000e087600000] [id=4084]
  0x000002297b837910 GCTaskThread "GC Thread#3" [stack: 0x000000e087600000,0x000000e087700000] [id=9232]
  0x0000022915efa780 ConcurrentGCThread "G1 Main Marker" [stack: 0x000000e086100000,0x000000e086200000] [id=9832]
  0x0000022915efb0a0 ConcurrentGCThread "G1 Conc#0" [stack: 0x000000e086200000,0x000000e086300000] [id=2884]
  0x0000022915f4e110 ConcurrentGCThread "G1 Refine#0" [stack: 0x000000e086300000,0x000000e086400000] [id=8296]
  0x000002297cc6a310 ConcurrentGCThread "G1 Refine#1" [stack: 0x000000e087900000,0x000000e087a00000] [id=4500]
  0x0000022915f4ea50 ConcurrentGCThread "G1 Service" [stack: 0x000000e086400000,0x000000e086500000] [id=7836]

Threads with active compile tasks:
C2 CompilerThread0   153684 6738   !   4       java.lang.reflect.Executable::declaredAnnotations (85 bytes)
C1 CompilerThread0   153684 6784       3       java.lang.StackTraceElement::toString (322 bytes)
C2 CompilerThread1   153684 6713       4       java.net.URLStreamHandler::parseURL (1201 bytes)

VM state: not at safepoint (normal execution)

VM Mutex/Monitor currently owned by a thread: None

OutOfMemory and StackOverflow Exception counts:
OutOfMemoryError java_heap_errors=1
LinkageErrors=119

Heap address: 0x0000000081e00000, size: 2018 MB, Compressed Oops mode: 32-bit

CDS archive(s) mapped at: [0x0000022936000000-0x0000022936bd0000-0x0000022936bd0000), size 12386304, SharedBaseAddress: 0x0000022936000000, ArchiveRelocationMode: 1.
Compressed class space mapped at: 0x0000022937000000-0x0000022977000000, reserved size: 1073741824
Narrow klass base: 0x0000022936000000, Narrow klass shift: 0, Narrow klass range: 0x100000000

GC Precious Log:
 CPUs: 4 total, 4 available
 Memory: 8067M
 Large Page Support: Disabled
 NUMA Support: Disabled
 Compressed Oops: Enabled (32-bit)
 Heap Region Size: 1M
 Heap Min Capacity: 8M
 Heap Initial Capacity: 128M
 Heap Max Capacity: 2018M
 Pre-touch: Disabled
 Parallel Workers: 4
 Concurrent Workers: 1
 Concurrent Refinement Workers: 4
 Periodic GC: Disabled

Heap:
 garbage-first heap   total 184320K, used 69666K [0x0000000081e00000, 0x0000000100000000)
  region size 1024K, 22 young (22528K), 2 survivors (2048K)
 Metaspace       used 67945K, committed 68480K, reserved 1114112K
  class space    used 9179K, committed 9408K, reserved 1048576K

Heap Regions: E=young(eden), S=young(survivor), O=old, HS=humongous(starts), HC=humongous(continues), CS=collection set, F=free, OA=open archive, CA=closed archive, TAMS=top-at-mark-start (previous, next)
|   0|0x0000000081e00000, 0x0000000081f00000, 0x0000000081f00000|100%|HS|  |TAMS 0x0000000081f00000, 0x0000000081e00000| Complete 
|   1|0x0000000081f00000, 0x0000000082000000, 0x0000000082000000|100%| O|  |TAMS 0x0000000082000000, 0x0000000081f00000| Untracked 
|   2|0x0000000082000000, 0x0000000082100000, 0x0000000082100000|100%| O|  |TAMS 0x0000000082100000, 0x0000000082000000| Untracked 
|   3|0x0000000082100000, 0x0000000082200000, 0x0000000082200000|100%| O|  |TAMS 0x0000000082200000, 0x0000000082100000| Untracked 
|   4|0x0000000082200000, 0x0000000082300000, 0x0000000082300000|100%| O|  |TAMS 0x0000000082300000, 0x0000000082200000| Untracked 
|   5|0x0000000082300000, 0x0000000082400000, 0x0000000082400000|100%| O|  |TAMS 0x0000000082400000, 0x0000000082300000| Untracked 
|   6|0x0000000082400000, 0x0000000082500000, 0x0000000082500000|100%| O|  |TAMS 0x0000000082500000, 0x0000000082400000| Untracked 
|   7|0x0000000082500000, 0x0000000082600000, 0x0000000082600000|100%| O|  |TAMS 0x0000000082600000, 0x0000000082500000| Untracked 
|   8|0x0000000082600000, 0x0000000082700000, 0x0000000082700000|100%| O|  |TAMS 0x0000000082700000, 0x0000000082600000| Untracked 
|   9|0x0000000082700000, 0x0000000082800000, 0x0000000082800000|100%| O|  |TAMS 0x0000000082800000, 0x0000000082700000| Untracked 
|  10|0x0000000082800000, 0x0000000082900000, 0x0000000082900000|100%| O|  |TAMS 0x0000000082900000, 0x0000000082800000| Untracked 
|  11|0x0000000082900000, 0x0000000082a00000, 0x0000000082a00000|100%| O|  |TAMS 0x0000000082a00000, 0x0000000082900000| Untracked 
|  12|0x0000000082a00000, 0x0000000082b00000, 0x0000000082b00000|100%| O|  |TAMS 0x0000000082b00000, 0x0000000082a00000| Untracked 
|  13|0x0000000082b00000, 0x0000000082c00000, 0x0000000082c00000|100%| O|  |TAMS 0x0000000082c00000, 0x0000000082b00000| Untracked 
|  14|0x0000000082c00000, 0x0000000082d00000, 0x0000000082d00000|100%| O|  |TAMS 0x0000000082d00000, 0x0000000082c00000| Untracked 
|  15|0x0000000082d00000, 0x0000000082e00000, 0x0000000082e00000|100%| O|  |TAMS 0x0000000082e00000, 0x0000000082d00000| Untracked 
|  16|0x0000000082e00000, 0x0000000082f00000, 0x0000000082f00000|100%| O|  |TAMS 0x0000000082f00000, 0x0000000082e00000| Untracked 
|  17|0x0000000082f00000, 0x0000000083000000, 0x0000000083000000|100%| O|  |TAMS 0x0000000083000000, 0x0000000082f00000| Untracked 
|  18|0x0000000083000000, 0x0000000083100000, 0x0000000083100000|100%| O|  |TAMS 0x0000000083100000, 0x0000000083000000| Untracked 
|  19|0x0000000083100000, 0x0000000083200000, 0x0000000083200000|100%| O|  |TAMS 0x0000000083200000, 0x0000000083100000| Untracked 
|  20|0x0000000083200000, 0x0000000083300000, 0x0000000083300000|100%| O|  |TAMS 0x0000000083300000, 0x0000000083200000| Untracked 
|  21|0x0000000083300000, 0x0000000083400000, 0x0000000083400000|100%| O|  |TAMS 0x0000000083400000, 0x0000000083300000| Untracked 
|  22|0x0000000083400000, 0x0000000083500000, 0x0000000083500000|100%| O|  |TAMS 0x0000000083500000, 0x0000000083400000| Untracked 
|  23|0x0000000083500000, 0x0000000083600000, 0x0000000083600000|100%| O|  |TAMS 0x0000000083600000, 0x0000000083500000| Untracked 
|  24|0x0000000083600000, 0x0000000083700000, 0x0000000083700000|100%| O|  |TAMS 0x0000000083700000, 0x0000000083600000| Untracked 
|  25|0x0000000083700000, 0x0000000083800000, 0x0000000083800000|100%| O|  |TAMS 0x0000000083800000, 0x0000000083700000| Untracked 
|  26|0x0000000083800000, 0x0000000083900000, 0x0000000083900000|100%| O|  |TAMS 0x0000000083900000, 0x0000000083800000| Untracked 
|  27|0x0000000083900000, 0x0000000083a00000, 0x0000000083a00000|100%| O|  |TAMS 0x0000000083a00000, 0x0000000083900000| Untracked 
|  28|0x0000000083a00000, 0x0000000083b00000, 0x0000000083b00000|100%| O|  |TAMS 0x0000000083b00000, 0x0000000083a00000| Untracked 
|  29|0x0000000083b00000, 0x0000000083c00000, 0x0000000083c00000|100%| O|  |TAMS 0x0000000083c00000, 0x0000000083b00000| Untracked 
|  30|0x0000000083c00000, 0x0000000083d00000, 0x0000000083d00000|100%| O|  |TAMS 0x0000000083d00000, 0x0000000083c00000| Untracked 
|  31|0x0000000083d00000, 0x0000000083e00000, 0x0000000083e00000|100%| O|  |TAMS 0x0000000083d00000, 0x0000000083d00000| Untracked 
|  32|0x0000000083e00000, 0x0000000083e68200, 0x0000000083f00000| 40%| O|  |TAMS 0x0000000083e00000, 0x0000000083e00000| Untracked 
|  33|0x0000000083f00000, 0x0000000084000000, 0x0000000084000000|100%| O|  |TAMS 0x0000000083f00000, 0x0000000083f00000| Untracked 
|  34|0x0000000084000000, 0x0000000084100000, 0x0000000084100000|100%| O|  |TAMS 0x0000000084000000, 0x0000000084000000| Untracked 
|  35|0x0000000084100000, 0x0000000084200000, 0x0000000084200000|100%| O|  |TAMS 0x0000000084100000, 0x0000000084100000| Untracked 
|  36|0x0000000084200000, 0x0000000084300000, 0x0000000084300000|100%| O|  |TAMS 0x0000000084200000, 0x0000000084200000| Untracked 
|  37|0x0000000084300000, 0x0000000084400000, 0x0000000084400000|100%| O|  |TAMS 0x0000000084300000, 0x0000000084300000| Untracked 
|  38|0x0000000084400000, 0x0000000084500000, 0x0000000084500000|100%| O|  |TAMS 0x0000000084400000, 0x0000000084400000| Untracked 
|  39|0x0000000084500000, 0x0000000084600000, 0x0000000084600000|100%| O|  |TAMS 0x0000000084500000, 0x0000000084500000| Untracked 
|  40|0x0000000084600000, 0x0000000084700000, 0x0000000084700000|100%| O|  |TAMS 0x0000000084700000, 0x0000000084600000| Untracked 
|  41|0x0000000084700000, 0x0000000084800000, 0x0000000084800000|100%| O|  |TAMS 0x0000000084800000, 0x0000000084700000| Untracked 
|  42|0x0000000084800000, 0x0000000084800000, 0x0000000084900000|  0%| F|  |TAMS 0x0000000084800000, 0x0000000084800000| Untracked 
|  43|0x0000000084900000, 0x0000000084a00000, 0x0000000084a00000|100%| O|  |TAMS 0x0000000084900000, 0x0000000084900000| Untracked 
|  44|0x0000000084a00000, 0x0000000084a49600, 0x0000000084b00000| 28%| O|  |TAMS 0x0000000084a00000, 0x0000000084a00000| Untracked 
|  45|0x0000000084b00000, 0x0000000084c00000, 0x0000000084c00000|100%| O|  |TAMS 0x0000000084c00000, 0x0000000084b00000| Untracked 
|  46|0x0000000084c00000, 0x0000000084c00000, 0x0000000084d00000|  0%| F|  |TAMS 0x0000000084c00000, 0x0000000084c00000| Untracked 
|  47|0x0000000084d00000, 0x0000000084d00000, 0x0000000084e00000|  0%| F|  |TAMS 0x0000000084d00000, 0x0000000084d00000| Untracked 
|  48|0x0000000084e00000, 0x0000000084e00000, 0x0000000084f00000|  0%| F|  |TAMS 0x0000000084e00000, 0x0000000084e00000| Untracked 
|  49|0x0000000084f00000, 0x0000000084f00000, 0x0000000085000000|  0%| F|  |TAMS 0x0000000084f00000, 0x0000000084f00000| Untracked 
|  50|0x0000000085000000, 0x0000000085100000, 0x0000000085100000|100%| O|  |TAMS 0x0000000085100000, 0x0000000085000000| Untracked 
|  51|0x0000000085100000, 0x0000000085200000, 0x0000000085200000|100%| O|  |TAMS 0x0000000085200000, 0x0000000085100000| Untracked 
|  52|0x0000000085200000, 0x0000000085300000, 0x0000000085300000|100%| O|  |TAMS 0x0000000085300000, 0x0000000085200000| Untracked 
|  53|0x0000000085300000, 0x0000000085400000, 0x0000000085400000|100%| O|  |TAMS 0x0000000085400000, 0x0000000085300000| Untracked 
|  54|0x0000000085400000, 0x0000000085500000, 0x0000000085500000|100%| O|  |TAMS 0x00000000854be600, 0x0000000085400000| Untracked 
|  55|0x0000000085500000, 0x0000000085500000, 0x0000000085600000|  0%| F|  |TAMS 0x0000000085500000, 0x0000000085500000| Untracked 
|  56|0x0000000085600000, 0x0000000085600000, 0x0000000085700000|  0%| F|  |TAMS 0x0000000085600000, 0x0000000085600000| Untracked 
|  57|0x0000000085700000, 0x0000000085700000, 0x0000000085800000|  0%| F|  |TAMS 0x0000000085700000, 0x0000000085700000| Untracked 
|  58|0x0000000085800000, 0x0000000085800000, 0x0000000085900000|  0%| F|  |TAMS 0x0000000085800000, 0x0000000085800000| Untracked 
|  59|0x0000000085900000, 0x0000000085900000, 0x0000000085a00000|  0%| F|  |TAMS 0x0000000085900000, 0x0000000085900000| Untracked 
|  60|0x0000000085a00000, 0x0000000085a00000, 0x0000000085b00000|  0%| F|  |TAMS 0x0000000085a00000, 0x0000000085a00000| Untracked 
|  61|0x0000000085b00000, 0x0000000085b00000, 0x0000000085c00000|  0%| F|  |TAMS 0x0000000085b00000, 0x0000000085b00000| Untracked 
|  62|0x0000000085c00000, 0x0000000085c00000, 0x0000000085d00000|  0%| F|  |TAMS 0x0000000085c00000, 0x0000000085c00000| Untracked 
|  63|0x0000000085d00000, 0x0000000085d00000, 0x0000000085e00000|  0%| F|  |TAMS 0x0000000085d00000, 0x0000000085d00000| Untracked 
|  64|0x0000000085e00000, 0x0000000085e00000, 0x0000000085f00000|  0%| F|  |TAMS 0x0000000085e00000, 0x0000000085e00000| Untracked 
|  65|0x0000000085f00000, 0x0000000085f00000, 0x0000000086000000|  0%| F|  |TAMS 0x0000000085f00000, 0x0000000085f00000| Untracked 
|  66|0x0000000086000000, 0x0000000086000000, 0x0000000086100000|  0%| F|  |TAMS 0x0000000086000000, 0x0000000086000000| Untracked 
|  67|0x0000000086100000, 0x0000000086100000, 0x0000000086200000|  0%| F|  |TAMS 0x0000000086100000, 0x0000000086100000| Untracked 
|  68|0x0000000086200000, 0x0000000086200000, 0x0000000086300000|  0%| F|  |TAMS 0x0000000086200000, 0x0000000086200000| Untracked 
|  69|0x0000000086300000, 0x0000000086300000, 0x0000000086400000|  0%| F|  |TAMS 0x0000000086300000, 0x0000000086300000| Untracked 
|  70|0x0000000086400000, 0x0000000086400000, 0x0000000086500000|  0%| F|  |TAMS 0x0000000086400000, 0x0000000086400000| Untracked 
|  71|0x0000000086500000, 0x0000000086500000, 0x0000000086600000|  0%| F|  |TAMS 0x0000000086500000, 0x0000000086500000| Untracked 
|  72|0x0000000086600000, 0x0000000086600000, 0x0000000086700000|  0%| F|  |TAMS 0x0000000086600000, 0x0000000086600000| Untracked 
|  73|0x0000000086700000, 0x0000000086700000, 0x0000000086800000|  0%| F|  |TAMS 0x0000000086700000, 0x0000000086700000| Untracked 
|  74|0x0000000086800000, 0x0000000086800000, 0x0000000086900000|  0%| F|  |TAMS 0x0000000086800000, 0x0000000086800000| Untracked 
|  75|0x0000000086900000, 0x0000000086900000, 0x0000000086a00000|  0%| F|  |TAMS 0x0000000086900000, 0x0000000086900000| Untracked 
|  76|0x0000000086a00000, 0x0000000086a00000, 0x0000000086b00000|  0%| F|  |TAMS 0x0000000086a00000, 0x0000000086a00000| Untracked 
|  77|0x0000000086b00000, 0x0000000086b00000, 0x0000000086c00000|  0%| F|  |TAMS 0x0000000086b00000, 0x0000000086b00000| Untracked 
|  78|0x0000000086c00000, 0x0000000086c00000, 0x0000000086d00000|  0%| F|  |TAMS 0x0000000086c00000, 0x0000000086c00000| Untracked 
|  79|0x0000000086d00000, 0x0000000086d00000, 0x0000000086e00000|  0%| F|  |TAMS 0x0000000086d00000, 0x0000000086d00000| Untracked 
|  80|0x0000000086e00000, 0x0000000086e00000, 0x0000000086f00000|  0%| F|  |TAMS 0x0000000086e00000, 0x0000000086e00000| Untracked 
|  81|0x0000000086f00000, 0x0000000086f00000, 0x0000000087000000|  0%| F|  |TAMS 0x0000000086f00000, 0x0000000086f00000| Untracked 
|  82|0x0000000087000000, 0x0000000087000000, 0x0000000087100000|  0%| F|  |TAMS 0x0000000087000000, 0x0000000087000000| Untracked 
|  83|0x0000000087100000, 0x0000000087100000, 0x0000000087200000|  0%| F|  |TAMS 0x0000000087100000, 0x0000000087100000| Untracked 
|  84|0x0000000087200000, 0x0000000087200000, 0x0000000087300000|  0%| F|  |TAMS 0x0000000087200000, 0x0000000087200000| Untracked 
|  85|0x0000000087300000, 0x0000000087300000, 0x0000000087400000|  0%| F|  |TAMS 0x0000000087300000, 0x0000000087300000| Untracked 
|  86|0x0000000087400000, 0x0000000087400000, 0x0000000087500000|  0%| F|  |TAMS 0x0000000087400000, 0x0000000087400000| Untracked 
|  87|0x0000000087500000, 0x0000000087500000, 0x0000000087600000|  0%| F|  |TAMS 0x0000000087500000, 0x0000000087500000| Untracked 
|  88|0x0000000087600000, 0x0000000087600000, 0x0000000087700000|  0%| F|  |TAMS 0x0000000087600000, 0x0000000087600000| Untracked 
|  89|0x0000000087700000, 0x0000000087700000, 0x0000000087800000|  0%| F|  |TAMS 0x0000000087700000, 0x0000000087700000| Untracked 
|  90|0x0000000087800000, 0x0000000087800000, 0x0000000087900000|  0%| F|  |TAMS 0x0000000087800000, 0x0000000087800000| Untracked 
|  91|0x0000000087900000, 0x0000000087900000, 0x0000000087a00000|  0%| F|  |TAMS 0x0000000087900000, 0x0000000087900000| Untracked 
|  92|0x0000000087a00000, 0x0000000087a00000, 0x0000000087b00000|  0%| F|  |TAMS 0x0000000087a00000, 0x0000000087a00000| Untracked 
|  93|0x0000000087b00000, 0x0000000087b00000, 0x0000000087c00000|  0%| F|  |TAMS 0x0000000087b00000, 0x0000000087b00000| Untracked 
|  94|0x0000000087c00000, 0x0000000087c00000, 0x0000000087d00000|  0%| F|  |TAMS 0x0000000087c00000, 0x0000000087c00000| Untracked 
|  95|0x0000000087d00000, 0x0000000087d00000, 0x0000000087e00000|  0%| F|  |TAMS 0x0000000087d00000, 0x0000000087d00000| Untracked 
|  96|0x0000000087e00000, 0x0000000087e00000, 0x0000000087f00000|  0%| F|  |TAMS 0x0000000087e00000, 0x0000000087e00000| Untracked 
|  97|0x0000000087f00000, 0x0000000087f00000, 0x0000000088000000|  0%| F|  |TAMS 0x0000000087f00000, 0x0000000087f00000| Untracked 
|  98|0x0000000088000000, 0x0000000088000000, 0x0000000088100000|  0%| F|  |TAMS 0x0000000088000000, 0x0000000088000000| Untracked 
|  99|0x0000000088100000, 0x0000000088100000, 0x0000000088200000|  0%| F|  |TAMS 0x0000000088100000, 0x0000000088100000| Untracked 
| 100|0x0000000088200000, 0x0000000088200000, 0x0000000088300000|  0%| F|  |TAMS 0x0000000088200000, 0x0000000088200000| Untracked 
| 101|0x0000000088300000, 0x0000000088300000, 0x0000000088400000|  0%| F|  |TAMS 0x0000000088300000, 0x0000000088300000| Untracked 
| 102|0x0000000088400000, 0x0000000088400000, 0x0000000088500000|  0%| F|  |TAMS 0x0000000088400000, 0x0000000088400000| Untracked 
| 103|0x0000000088500000, 0x0000000088500000, 0x0000000088600000|  0%| F|  |TAMS 0x0000000088500000, 0x0000000088500000| Untracked 
| 104|0x0000000088600000, 0x0000000088600000, 0x0000000088700000|  0%| F|  |TAMS 0x0000000088600000, 0x0000000088600000| Untracked 
| 105|0x0000000088700000, 0x0000000088700000, 0x0000000088800000|  0%| F|  |TAMS 0x0000000088700000, 0x0000000088700000| Untracked 
| 106|0x0000000088800000, 0x0000000088800000, 0x0000000088900000|  0%| F|  |TAMS 0x0000000088800000, 0x0000000088800000| Untracked 
| 107|0x0000000088900000, 0x0000000088900000, 0x0000000088a00000|  0%| F|  |TAMS 0x0000000088900000, 0x0000000088900000| Untracked 
| 108|0x0000000088a00000, 0x0000000088a00000, 0x0000000088b00000|  0%| F|  |TAMS 0x0000000088a00000, 0x0000000088a00000| Untracked 
| 109|0x0000000088b00000, 0x0000000088b00000, 0x0000000088c00000|  0%| F|  |TAMS 0x0000000088b00000, 0x0000000088b00000| Untracked 
| 110|0x0000000088c00000, 0x0000000088c00000, 0x0000000088d00000|  0%| F|  |TAMS 0x0000000088c00000, 0x0000000088c00000| Untracked 
| 111|0x0000000088d00000, 0x0000000088d00000, 0x0000000088e00000|  0%| F|  |TAMS 0x0000000088d00000, 0x0000000088d00000| Untracked 
| 112|0x0000000088e00000, 0x0000000088e00000, 0x0000000088f00000|  0%| F|  |TAMS 0x0000000088e00000, 0x0000000088e00000| Untracked 
| 113|0x0000000088f00000, 0x0000000088f00000, 0x0000000089000000|  0%| F|  |TAMS 0x0000000088f00000, 0x0000000088f00000| Untracked 
| 114|0x0000000089000000, 0x0000000089000000, 0x0000000089100000|  0%| F|  |TAMS 0x0000000089000000, 0x0000000089000000| Untracked 
| 115|0x0000000089100000, 0x0000000089100000, 0x0000000089200000|  0%| F|  |TAMS 0x0000000089100000, 0x0000000089100000| Untracked 
| 116|0x0000000089200000, 0x0000000089200000, 0x0000000089300000|  0%| F|  |TAMS 0x0000000089200000, 0x0000000089200000| Untracked 
| 117|0x0000000089300000, 0x0000000089300000, 0x0000000089400000|  0%| F|  |TAMS 0x0000000089300000, 0x0000000089300000| Untracked 
| 118|0x0000000089400000, 0x0000000089400000, 0x0000000089500000|  0%| F|  |TAMS 0x0000000089400000, 0x0000000089400000| Untracked 
| 119|0x0000000089500000, 0x0000000089500000, 0x0000000089600000|  0%| F|  |TAMS 0x0000000089500000, 0x0000000089500000| Untracked 
| 120|0x0000000089600000, 0x0000000089600000, 0x0000000089700000|  0%| F|  |TAMS 0x0000000089600000, 0x0000000089600000| Untracked 
| 121|0x0000000089700000, 0x0000000089700000, 0x0000000089800000|  0%| F|  |TAMS 0x0000000089700000, 0x0000000089700000| Untracked 
| 122|0x0000000089800000, 0x0000000089800000, 0x0000000089900000|  0%| F|  |TAMS 0x0000000089800000, 0x0000000089800000| Untracked 
| 123|0x0000000089900000, 0x0000000089900000, 0x0000000089a00000|  0%| F|  |TAMS 0x0000000089900000, 0x0000000089900000| Untracked 
| 124|0x0000000089a00000, 0x0000000089a00000, 0x0000000089b00000|  0%| F|  |TAMS 0x0000000089a00000, 0x0000000089a00000| Untracked 
| 125|0x0000000089b00000, 0x0000000089b00000, 0x0000000089c00000|  0%| F|  |TAMS 0x0000000089b00000, 0x0000000089b00000| Untracked 
| 126|0x0000000089c00000, 0x0000000089c00000, 0x0000000089d00000|  0%| F|  |TAMS 0x0000000089c00000, 0x0000000089c00000| Untracked 
| 127|0x0000000089d00000, 0x0000000089d00000, 0x0000000089e00000|  0%| F|  |TAMS 0x0000000089d00000, 0x0000000089d00000| Untracked 
| 128|0x0000000089e00000, 0x0000000089e00000, 0x0000000089f00000|  0%| F|  |TAMS 0x0000000089e00000, 0x0000000089e00000| Untracked 
| 129|0x0000000089f00000, 0x0000000089f00000, 0x000000008a000000|  0%| F|  |TAMS 0x0000000089f00000, 0x0000000089f00000| Untracked 
| 130|0x000000008a000000, 0x000000008a000000, 0x000000008a100000|  0%| F|  |TAMS 0x000000008a000000, 0x000000008a000000| Untracked 
| 131|0x000000008a100000, 0x000000008a100000, 0x000000008a200000|  0%| F|  |TAMS 0x000000008a100000, 0x000000008a100000| Untracked 
| 132|0x000000008a200000, 0x000000008a200000, 0x000000008a300000|  0%| F|  |TAMS 0x000000008a200000, 0x000000008a200000| Untracked 
| 133|0x000000008a300000, 0x000000008a300000, 0x000000008a400000|  0%| F|  |TAMS 0x000000008a300000, 0x000000008a300000| Untracked 
| 134|0x000000008a400000, 0x000000008a400000, 0x000000008a500000|  0%| F|  |TAMS 0x000000008a400000, 0x000000008a400000| Untracked 
| 135|0x000000008a500000, 0x000000008a500000, 0x000000008a600000|  0%| F|  |TAMS 0x000000008a500000, 0x000000008a500000| Untracked 
| 136|0x000000008a600000, 0x000000008a600000, 0x000000008a700000|  0%| F|  |TAMS 0x000000008a600000, 0x000000008a600000| Untracked 
| 137|0x000000008a700000, 0x000000008a700000, 0x000000008a800000|  0%| F|  |TAMS 0x000000008a700000, 0x000000008a700000| Untracked 
| 138|0x000000008a800000, 0x000000008a800000, 0x000000008a900000|  0%| F|  |TAMS 0x000000008a800000, 0x000000008a800000| Untracked 
| 139|0x000000008a900000, 0x000000008a900000, 0x000000008aa00000|  0%| F|  |TAMS 0x000000008a900000, 0x000000008a900000| Untracked 
| 140|0x000000008aa00000, 0x000000008aa00000, 0x000000008ab00000|  0%| F|  |TAMS 0x000000008aa00000, 0x000000008aa00000| Untracked 
| 141|0x000000008ab00000, 0x000000008ab00000, 0x000000008ac00000|  0%| F|  |TAMS 0x000000008ab00000, 0x000000008ab00000| Untracked 
| 142|0x000000008ac00000, 0x000000008ac00000, 0x000000008ad00000|  0%| F|  |TAMS 0x000000008ac00000, 0x000000008ac00000| Untracked 
| 143|0x000000008ad00000, 0x000000008ad00000, 0x000000008ae00000|  0%| F|  |TAMS 0x000000008ad00000, 0x000000008ad00000| Untracked 
| 144|0x000000008ae00000, 0x000000008ae00000, 0x000000008af00000|  0%| F|  |TAMS 0x000000008ae00000, 0x000000008ae00000| Untracked 
| 145|0x000000008af00000, 0x000000008af00000, 0x000000008b000000|  0%| F|  |TAMS 0x000000008af00000, 0x000000008af00000| Untracked 
| 146|0x000000008b000000, 0x000000008b000000, 0x000000008b100000|  0%| F|  |TAMS 0x000000008b000000, 0x000000008b000000| Untracked 
| 147|0x000000008b100000, 0x000000008b100000, 0x000000008b200000|  0%| F|  |TAMS 0x000000008b100000, 0x000000008b100000| Untracked 
| 148|0x000000008b200000, 0x000000008b200000, 0x000000008b300000|  0%| F|  |TAMS 0x000000008b200000, 0x000000008b200000| Untracked 
| 149|0x000000008b300000, 0x000000008b300000, 0x000000008b400000|  0%| F|  |TAMS 0x000000008b300000, 0x000000008b300000| Untracked 
| 150|0x000000008b400000, 0x000000008b400000, 0x000000008b500000|  0%| F|  |TAMS 0x000000008b400000, 0x000000008b400000| Untracked 
| 151|0x000000008b500000, 0x000000008b500000, 0x000000008b600000|  0%| F|  |TAMS 0x000000008b500000, 0x000000008b500000| Untracked 
| 152|0x000000008b600000, 0x000000008b600000, 0x000000008b700000|  0%| F|  |TAMS 0x000000008b600000, 0x000000008b600000| Untracked 
| 153|0x000000008b700000, 0x000000008b700000, 0x000000008b800000|  0%| F|  |TAMS 0x000000008b700000, 0x000000008b700000| Untracked 
| 154|0x000000008b800000, 0x000000008b800000, 0x000000008b900000|  0%| F|  |TAMS 0x000000008b800000, 0x000000008b800000| Untracked 
| 155|0x000000008b900000, 0x000000008b900000, 0x000000008ba00000|  0%| F|  |TAMS 0x000000008b900000, 0x000000008b900000| Untracked 
| 156|0x000000008ba00000, 0x000000008ba00000, 0x000000008bb00000|  0%| F|  |TAMS 0x000000008ba00000, 0x000000008ba00000| Untracked 
| 157|0x000000008bb00000, 0x000000008bb00000, 0x000000008bc00000|  0%| F|  |TAMS 0x000000008bb00000, 0x000000008bb00000| Untracked 
| 158|0x000000008bc00000, 0x000000008bc46d10, 0x000000008bd00000| 27%| E|  |TAMS 0x000000008bc00000, 0x000000008bc00000| Complete 
| 159|0x000000008bd00000, 0x000000008be00000, 0x000000008be00000|100%| E|CS|TAMS 0x000000008bd00000, 0x000000008bd00000| Complete 
| 160|0x000000008be00000, 0x000000008bf00000, 0x000000008bf00000|100%| E|CS|TAMS 0x000000008be00000, 0x000000008be00000| Complete 
| 161|0x000000008bf00000, 0x000000008c000000, 0x000000008c000000|100%| E|  |TAMS 0x000000008bf00000, 0x000000008bf00000| Complete 
| 162|0x000000008c000000, 0x000000008c100000, 0x000000008c100000|100%| E|CS|TAMS 0x000000008c000000, 0x000000008c000000| Complete 
| 163|0x000000008c100000, 0x000000008c200000, 0x000000008c200000|100%| E|CS|TAMS 0x000000008c100000, 0x000000008c100000| Complete 
| 164|0x000000008c200000, 0x000000008c300000, 0x000000008c300000|100%| E|CS|TAMS 0x000000008c200000, 0x000000008c200000| Complete 
| 165|0x000000008c300000, 0x000000008c400000, 0x000000008c400000|100%| E|CS|TAMS 0x000000008c300000, 0x000000008c300000| Complete 
| 166|0x000000008c400000, 0x000000008c500000, 0x000000008c500000|100%| E|CS|TAMS 0x000000008c400000, 0x000000008c400000| Complete 
| 167|0x000000008c500000, 0x000000008c600000, 0x000000008c600000|100%| E|CS|TAMS 0x000000008c500000, 0x000000008c500000| Complete 
| 168|0x000000008c600000, 0x000000008c700000, 0x000000008c700000|100%| E|CS|TAMS 0x000000008c600000, 0x000000008c600000| Complete 
| 169|0x000000008c700000, 0x000000008c800000, 0x000000008c800000|100%| E|CS|TAMS 0x000000008c700000, 0x000000008c700000| Complete 
| 170|0x000000008c800000, 0x000000008c900000, 0x000000008c900000|100%| E|CS|TAMS 0x000000008c800000, 0x000000008c800000| Complete 
| 185|0x000000008d700000, 0x000000008d800000, 0x000000008d800000|100%| E|CS|TAMS 0x000000008d700000, 0x000000008d700000| Complete 
| 186|0x000000008d800000, 0x000000008d900000, 0x000000008d900000|100%| E|CS|TAMS 0x000000008d800000, 0x000000008d800000| Complete 
| 187|0x000000008d900000, 0x000000008da00000, 0x000000008da00000|100%| E|CS|TAMS 0x000000008d900000, 0x000000008d900000| Complete 
| 188|0x000000008da00000, 0x000000008db00000, 0x000000008db00000|100%| E|CS|TAMS 0x000000008da00000, 0x000000008da00000| Complete 
| 189|0x000000008db00000, 0x000000008dc00000, 0x000000008dc00000|100%| E|CS|TAMS 0x000000008db00000, 0x000000008db00000| Complete 
| 190|0x000000008dc00000, 0x000000008dd00000, 0x000000008dd00000|100%| E|CS|TAMS 0x000000008dc00000, 0x000000008dc00000| Complete 
| 191|0x000000008dd00000, 0x000000008dd57318, 0x000000008de00000| 34%| S|CS|TAMS 0x000000008dd00000, 0x000000008dd00000| Complete 
| 192|0x000000008de00000, 0x000000008df00000, 0x000000008df00000|100%| S|CS|TAMS 0x000000008de00000, 0x000000008de00000| Complete 
| 193|0x000000008df00000, 0x000000008e000000, 0x000000008e000000|100%| E|CS|TAMS 0x000000008df00000, 0x000000008df00000| Complete 

Card table byte_map: [0x000002292e950000,0x000002292ed50000] _byte_map_base: 0x000002292e541000

Marking Bits (Prev, Next): (CMBitMap*) 0x0000022915eea250, (CMBitMap*) 0x0000022915eea210
 Prev Bits: [0x00000229310e0000, 0x0000022933068000)
 Next Bits: [0x000002292f150000, 0x00000229310d8000)

Polling page: 0x0000022915f50000

Metaspace:

Usage:
  Non-class:     57.42 MB used.
      Class:      8.97 MB used.
       Both:     66.39 MB used.

Virtual space:
  Non-class space:       64.00 MB reserved,      57.75 MB ( 90%) committed,  1 nodes.
      Class space:        1.00 GB reserved,       9.19 MB ( <1%) committed,  1 nodes.
             Both:        1.06 GB reserved,      66.94 MB (  6%) committed. 

Chunk freelists:
   Non-Class:  6.03 MB
       Class:  6.69 MB
        Both:  12.73 MB

MaxMetaspaceSize: unlimited
CompressedClassSpaceSize: 1.00 GB
Initial GC threshold: 21.00 MB
Current GC threshold: 102.12 MB
CDS: on
MetaspaceReclaimPolicy: balanced
 - commit_granule_bytes: 65536.
 - commit_granule_words: 8192.
 - virtual_space_node_default_size: 8388608.
 - enlarge_chunks_in_place: 1.
 - new_chunks_are_fully_committed: 0.
 - uncommit_free_chunks: 1.
 - use_allocation_guard: 0.
 - handle_deallocations: 1.


Internal statistics:

num_allocs_failed_limit: 9.
num_arena_births: 758.
num_arena_deaths: 0.
num_vsnodes_births: 2.
num_vsnodes_deaths: 0.
num_space_committed: 1071.
num_space_uncommitted: 0.
num_chunks_returned_to_freelist: 9.
num_chunks_taken_from_freelist: 3273.
num_chunk_merges: 9.
num_chunk_splits: 2379.
num_chunks_enlarged: 1855.
num_inconsistent_stats: 0.

CodeHeap 'non-profiled nmethods': size=120000Kb used=4084Kb max_used=4084Kb free=115915Kb
 bounds [0x0000022926a00000, 0x0000022926e00000, 0x000002292df30000]
CodeHeap 'profiled nmethods': size=120000Kb used=12179Kb max_used=12179Kb free=107820Kb
 bounds [0x000002291ef30000, 0x000002291fb20000, 0x0000022926460000]
CodeHeap 'non-nmethods': size=5760Kb used=1337Kb max_used=1414Kb free=4423Kb
 bounds [0x0000022926460000, 0x00000229266d0000, 0x0000022926a00000]
 total_blobs=6642 nmethods=5970 adapters=583
 compilation: enabled
              stopped_count=0, restarted_count=0
 full_count=0

Compilation events (20 events):
Event: 153.503 Thread 0x0000022935686e90 nmethod 6731 0x0000022926dfa410 code [0x0000022926dfa5a0, 0x0000022926dfa678]
Event: 153.509 Thread 0x0000022935686e90 6734       3       java.util.concurrent.atomic.AtomicLongArray::lazySet (13 bytes)
Event: 153.510 Thread 0x0000022935686e90 nmethod 6734 0x000002291fafb610 code [0x000002291fafb820, 0x000002291fafbfb8]
Event: 153.510 Thread 0x0000022935686e90 6735       3       java.lang.invoke.VarHandleGuards::guard_LIJ_V (137 bytes)
Event: 153.512 Thread 0x0000022935685640 6738   !   4       java.lang.reflect.Executable::declaredAnnotations (85 bytes)
Event: 153.516 Thread 0x0000022935686e90 nmethod 6735 0x000002291fafc290 code [0x000002291fafc6e0, 0x000002291faff258]
Event: 153.516 Thread 0x0000022935686e90 6739       3       com.fasterxml.jackson.databind.util.internal.PrivateMaxEntriesMap::readBufferIndex (7 bytes)
Event: 153.516 Thread 0x0000022935686e90 nmethod 6739 0x000002291fafff10 code [0x000002291fb000a0, 0x000002291fb00198]
Event: 153.516 Thread 0x0000022935686e90 6736       3       java.util.concurrent.atomic.AtomicReferenceArray::get (12 bytes)
Event: 153.518 Thread 0x0000022935686e90 nmethod 6736 0x000002291fb00210 code [0x000002291fb004a0, 0x000002291fb012c8]
Event: 153.518 Thread 0x0000022935686e90 6742       3       java.lang.reflect.Executable::sharedGetParameterAnnotations (96 bytes)
Event: 153.520 Thread 0x0000022935686e90 nmethod 6742 0x000002291fb01690 code [0x000002291fb01920, 0x000002291fb02698]
Event: 153.520 Thread 0x0000022935686e90 6740       1       com.fasterxml.jackson.databind.DeserializationContext::getConfig (5 bytes)
Event: 153.520 Thread 0x0000022935686e90 nmethod 6740 0x0000022926dfaa10 code [0x0000022926dfaba0, 0x0000022926dfac78]
Event: 153.520 Thread 0x0000022935686e90 6741       1       com.fasterxml.jackson.databind.util.internal.PrivateMaxEntriesMap$Node::getNext (5 bytes)
Event: 153.521 Thread 0x0000022935686e90 nmethod 6741 0x0000022926dfad10 code [0x0000022926dfaea0, 0x0000022926dfaf78]
Event: 153.591 Thread 0x0000022935686e90 6745   !   3       org.springframework.util.ConcurrentReferenceHashMap$Segment::doTask (179 bytes)
Event: 153.594 Thread 0x0000022935686e90 nmethod 6745 0x000002291fb02b10 code [0x000002291fb02ec0, 0x000002291fb04888]
Event: 153.594 Thread 0x0000022935686e90 6746       3       org.springframework.core.convert.support.GenericConversionService::addConverter (84 bytes)
Event: 153.595 Thread 0x0000022935686e90 nmethod 6746 0x000002291fb05410 code [0x000002291fb05660, 0x000002291fb05ff8]

GC Heap History (20 events):
Event: 10.077 GC heap before
{Heap before GC invocations=22 (full 0):
 garbage-first heap   total 66560K, used 53096K [0x0000000081e00000, 0x0000000100000000)
  region size 1024K, 27 young (27648K), 4 survivors (4096K)
 Metaspace       used 62043K, committed 62528K, reserved 1114112K
  class space    used 8433K, committed 8640K, reserved 1048576K
}
Event: 10.085 GC heap after
{Heap after GC invocations=23 (full 0):
 garbage-first heap   total 66560K, used 33561K [0x0000000081e00000, 0x0000000100000000)
  region size 1024K, 4 young (4096K), 4 survivors (4096K)
 Metaspace       used 62043K, committed 62528K, reserved 1114112K
  class space    used 8433K, committed 8640K, reserved 1048576K
}
Event: 10.253 GC heap before
{Heap before GC invocations=23 (full 0):
 garbage-first heap   total 66560K, used 50969K [0x0000000081e00000, 0x0000000100000000)
  region size 1024K, 22 young (22528K), 4 survivors (4096K)
 Metaspace       used 62123K, committed 62592K, reserved 1114112K
  class space    used 8435K, committed 8640K, reserved 1048576K
}
Event: 10.261 GC heap after
{Heap after GC invocations=24 (full 0):
 garbage-first heap   total 79872K, used 38691K [0x0000000081e00000, 0x0000000100000000)
  region size 1024K, 3 young (3072K), 3 survivors (3072K)
 Metaspace       used 62123K, committed 62592K, reserved 1114112K
  class space    used 8435K, committed 8640K, reserved 1048576K
}
Event: 10.394 GC heap before
{Heap before GC invocations=24 (full 0):
 garbage-first heap   total 79872K, used 47907K [0x0000000081e00000, 0x0000000100000000)
  region size 1024K, 13 young (13312K), 3 survivors (3072K)
 Metaspace       used 62242K, committed 62720K, reserved 1114112K
  class space    used 8447K, committed 8640K, reserved 1048576K
}
Event: 10.400 GC heap after
{Heap after GC invocations=25 (full 0):
 garbage-first heap   total 79872K, used 41776K [0x0000000081e00000, 0x0000000100000000)
  region size 1024K, 3 young (3072K), 3 survivors (3072K)
 Metaspace       used 62242K, committed 62720K, reserved 1114112K
  class space    used 8447K, committed 8640K, reserved 1048576K
}
Event: 10.648 GC heap before
{Heap before GC invocations=26 (full 0):
 garbage-first heap   total 86016K, used 59184K [0x0000000081e00000, 0x0000000100000000)
  region size 1024K, 20 young (20480K), 3 survivors (3072K)
 Metaspace       used 62249K, committed 62720K, reserved 1114112K
  class space    used 8447K, committed 8640K, reserved 1048576K
}
Event: 10.655 GC heap after
{Heap after GC invocations=27 (full 0):
 garbage-first heap   total 86016K, used 45407K [0x0000000081e00000, 0x0000000100000000)
  region size 1024K, 3 young (3072K), 3 survivors (3072K)
 Metaspace       used 62249K, committed 62720K, reserved 1114112K
  class space    used 8447K, committed 8640K, reserved 1048576K
}
Event: 10.766 GC heap before
{Heap before GC invocations=27 (full 0):
 garbage-first heap   total 86016K, used 61791K [0x0000000081e00000, 0x0000000100000000)
  region size 1024K, 20 young (20480K), 3 survivors (3072K)
 Metaspace       used 62264K, committed 62720K, reserved 1114112K
  class space    used 8447K, committed 8640K, reserved 1048576K
}
Event: 10.774 GC heap after
{Heap after GC invocations=28 (full 0):
 garbage-first heap   total 86016K, used 51360K [0x0000000081e00000, 0x0000000100000000)
  region size 1024K, 3 young (3072K), 3 survivors (3072K)
 Metaspace       used 62264K, committed 62720K, reserved 1114112K
  class space    used 8447K, committed 8640K, reserved 1048576K
}
Event: 11.014 GC heap before
{Heap before GC invocations=29 (full 0):
 garbage-first heap   total 92160K, used 65696K [0x0000000081e00000, 0x0000000100000000)
  region size 1024K, 16 young (16384K), 3 survivors (3072K)
 Metaspace       used 62338K, committed 62848K, reserved 1114112K
  class space    used 8447K, committed 8640K, reserved 1048576K
}
Event: 11.019 GC heap after
{Heap after GC invocations=30 (full 0):
 garbage-first heap   total 92160K, used 55296K [0x0000000081e00000, 0x0000000100000000)
  region size 1024K, 2 young (2048K), 2 survivors (2048K)
 Metaspace       used 62338K, committed 62848K, reserved 1114112K
  class space    used 8447K, committed 8640K, reserved 1048576K
}
Event: 11.024 GC heap before
{Heap before GC invocations=30 (full 0):
 garbage-first heap   total 92160K, used 57344K [0x0000000081e00000, 0x0000000100000000)
  region size 1024K, 4 young (4096K), 2 survivors (2048K)
 Metaspace       used 62338K, committed 62848K, reserved 1114112K
  class space    used 8447K, committed 8640K, reserved 1048576K
}
Event: 11.028 GC heap after
{Heap after GC invocations=31 (full 0):
 garbage-first heap   total 92160K, used 48668K [0x0000000081e00000, 0x0000000100000000)
  region size 1024K, 1 young (1024K), 1 survivors (1024K)
 Metaspace       used 62338K, committed 62848K, reserved 1114112K
  class space    used 8447K, committed 8640K, reserved 1048576K
}
Event: 11.135 GC heap before
{Heap before GC invocations=31 (full 0):
 garbage-first heap   total 92160K, used 67100K [0x0000000081e00000, 0x0000000100000000)
  region size 1024K, 20 young (20480K), 1 survivors (1024K)
 Metaspace       used 62345K, committed 62848K, reserved 1114112K
  class space    used 8447K, committed 8640K, reserved 1048576K
}
Event: 11.143 GC heap after
{Heap after GC invocations=32 (full 0):
 garbage-first heap   total 198656K, used 52640K [0x0000000081e00000, 0x0000000100000000)
  region size 1024K, 3 young (3072K), 3 survivors (3072K)
 Metaspace       used 62345K, committed 62848K, reserved 1114112K
  class space    used 8447K, committed 8640K, reserved 1048576K
}
Event: 12.133 GC heap before
{Heap before GC invocations=33 (full 0):
 garbage-first heap   total 184320K, used 124320K [0x0000000081e00000, 0x0000000100000000)
  region size 1024K, 80 young (81920K), 3 survivors (3072K)
 Metaspace       used 64806K, committed 65408K, reserved 1114112K
  class space    used 8772K, committed 9024K, reserved 1048576K
}
Event: 12.146 GC heap after
{Heap after GC invocations=34 (full 0):
 garbage-first heap   total 184320K, used 51217K [0x0000000081e00000, 0x0000000100000000)
  region size 1024K, 9 young (9216K), 9 survivors (9216K)
 Metaspace       used 64806K, committed 65408K, reserved 1114112K
  class space    used 8772K, committed 9024K, reserved 1048576K
}
Event: 17.866 GC heap before
{Heap before GC invocations=34 (full 0):
 garbage-first heap   total 184320K, used 52241K [0x0000000081e00000, 0x0000000100000000)
  region size 1024K, 10 young (10240K), 9 survivors (9216K)
 Metaspace       used 65104K, committed 65728K, reserved 1114112K
  class space    used 8814K, committed 9088K, reserved 1048576K
}
Event: 17.875 GC heap after
{Heap after GC invocations=35 (full 0):
 garbage-first heap   total 184320K, used 51234K [0x0000000081e00000, 0x0000000100000000)
  region size 1024K, 2 young (2048K), 2 survivors (2048K)
 Metaspace       used 65104K, committed 65728K, reserved 1114112K
  class space    used 8814K, committed 9088K, reserved 1048576K
}

Deoptimization events (20 events):
Event: 12.189 Thread 0x000002297b758530 DEOPT PACKING pc=0x0000022926a8f324 sp=0x000000e0878fe3f0
Event: 12.189 Thread 0x000002297b758530 DEOPT UNPACKING pc=0x00000229264b23a3 sp=0x000000e0878fe3b8 mode 2
Event: 152.942 Thread 0x000002297cc5a860 Uncommon trap: trap_request=0xffffff45 fr.pc=0x0000022926ca4b18 relative=0x0000000000000278
Event: 152.942 Thread 0x000002297cc5a860 Uncommon trap: reason=unstable_if action=reinterpret pc=0x0000022926ca4b18 method=java.lang.invoke.MethodType.equals(Ljava/lang/Object;)Z @ 11 c2
Event: 152.942 Thread 0x000002297cc5a860 DEOPT PACKING pc=0x0000022926ca4b18 sp=0x000000e0883fe320
Event: 152.942 Thread 0x000002297cc5a860 DEOPT UNPACKING pc=0x00000229264b23a3 sp=0x000000e0883fe2e8 mode 2
Event: 152.942 Thread 0x000002297cc5a860 Uncommon trap: trap_request=0xffffff54 fr.pc=0x0000022926cb6bf0 relative=0x0000000000001910
Event: 152.942 Thread 0x000002297cc5a860 Uncommon trap: reason=speculate_null_assert action=make_not_entrant pc=0x0000022926cb6bf0 method=java.lang.invoke.MethodType$ConcurrentWeakInternSet.add(Ljava/lang/Object;)Ljava/lang/Object; @ 47 c2
Event: 152.942 Thread 0x000002297cc5a860 DEOPT PACKING pc=0x0000022926cb6bf0 sp=0x000000e0883fe4e0
Event: 152.942 Thread 0x000002297cc5a860 DEOPT UNPACKING pc=0x00000229264b23a3 sp=0x000000e0883fe478 mode 2
Event: 152.958 Thread 0x000002297cc5a860 Uncommon trap: trap_request=0xffffff45 fr.pc=0x0000022926bce688 relative=0x00000000000014a8
Event: 152.958 Thread 0x000002297cc5a860 Uncommon trap: reason=unstable_if action=reinterpret pc=0x0000022926bce688 method=java.util.concurrent.ConcurrentHashMap.putVal(Ljava/lang/Object;Ljava/lang/Object;Z)Ljava/lang/Object; @ 97 c2
Event: 152.958 Thread 0x000002297cc5a860 DEOPT PACKING pc=0x0000022926bce688 sp=0x000000e0883fe4b0
Event: 152.958 Thread 0x000002297cc5a860 DEOPT UNPACKING pc=0x00000229264b23a3 sp=0x000000e0883fe448 mode 2
Event: 152.995 Thread 0x000002297cc5cbd0 DEOPT PACKING pc=0x000002291f787fe6 sp=0x000000e0881fdde0
Event: 152.995 Thread 0x000002297cc5cbd0 DEOPT UNPACKING pc=0x00000229264b2b43 sp=0x000000e0881fd2a8 mode 0
Event: 153.124 Thread 0x000002297cc5cbd0 Uncommon trap: trap_request=0xffffff45 fr.pc=0x0000022926aabcd8 relative=0x00000000000001d8
Event: 153.124 Thread 0x000002297cc5cbd0 Uncommon trap: reason=unstable_if action=reinterpret pc=0x0000022926aabcd8 method=java.lang.String.indexOf(Ljava/lang/String;)I @ 10 c2
Event: 153.124 Thread 0x000002297cc5cbd0 DEOPT PACKING pc=0x0000022926aabcd8 sp=0x000000e0881fdca0
Event: 153.124 Thread 0x000002297cc5cbd0 DEOPT UNPACKING pc=0x00000229264b23a3 sp=0x000000e0881fdc30 mode 2

Classes unloaded (0 events):
No events

Classes redefined (0 events):
No events

Internal exceptions (20 events):
Event: 11.260 Thread 0x000002297cc59930 Exception <a 'sun/nio/fs/WindowsException'{0x000000008c70be30}> (0x000000008c70be30) 
thrown [s\open\src\hotspot\share\prims\jni.cpp, line 516]
Event: 11.260 Thread 0x000002297cc59930 Exception <a 'sun/nio/fs/WindowsException'{0x000000008c70c148}> (0x000000008c70c148) 
thrown [s\open\src\hotspot\share\prims\jni.cpp, line 516]
Event: 11.260 Thread 0x000002297cc59930 Exception <a 'sun/nio/fs/WindowsException'{0x000000008c70cab0}> (0x000000008c70cab0) 
thrown [s\open\src\hotspot\share\prims\jni.cpp, line 516]
Event: 11.260 Thread 0x000002297cc59930 Exception <a 'sun/nio/fs/WindowsException'{0x000000008c70cdd8}> (0x000000008c70cdd8) 
thrown [s\open\src\hotspot\share\prims\jni.cpp, line 516]
Event: 11.260 Thread 0x000002297cc59930 Exception <a 'sun/nio/fs/WindowsException'{0x000000008c70d758}> (0x000000008c70d758) 
thrown [s\open\src\hotspot\share\prims\jni.cpp, line 516]
Event: 11.260 Thread 0x000002297cc59930 Exception <a 'sun/nio/fs/WindowsException'{0x000000008c70daa0}> (0x000000008c70daa0) 
thrown [s\open\src\hotspot\share\prims\jni.cpp, line 516]
Event: 11.260 Thread 0x000002297cc59930 Exception <a 'sun/nio/fs/WindowsException'{0x000000008c70e438}> (0x000000008c70e438) 
thrown [s\open\src\hotspot\share\prims\jni.cpp, line 516]
Event: 11.260 Thread 0x000002297cc59930 Exception <a 'sun/nio/fs/WindowsException'{0x000000008c70e798}> (0x000000008c70e798) 
thrown [s\open\src\hotspot\share\prims\jni.cpp, line 516]
Event: 11.260 Thread 0x000002297cc59930 Exception <a 'sun/nio/fs/WindowsException'{0x000000008c70f128}> (0x000000008c70f128) 
thrown [s\open\src\hotspot\share\prims\jni.cpp, line 516]
Event: 11.260 Thread 0x000002297cc59930 Exception <a 'sun/nio/fs/WindowsException'{0x000000008c70f480}> (0x000000008c70f480) 
thrown [s\open\src\hotspot\share\prims\jni.cpp, line 516]
Event: 11.645 Thread 0x000002297b758530 Exception <a 'java/lang/NoSuchMethodError'{0x0000000089bbea18}: 'java.lang.Object java.lang.invoke.DirectMethodHandle$Holder.invokeInterface(java.lang.Object, java.lang.Object, java.lang.Object, java.lang.Object)'> (0x0000000089bbea18) 
thrown [s\open\src\hotspot\share\interpreter\linkResolver.cpp, line 759]
Event: 11.695 Thread 0x000002297b758530 Exception <a 'java/lang/NoSuchMethodError'{0x00000000899da860}: 'void java.lang.invoke.DirectMethodHandle$Holder.invokeVirtual(java.lang.Object, java.lang.Object, int)'> (0x00000000899da860) 
thrown [s\open\src\hotspot\share\interpreter\linkResolver.cpp, line 759]
Event: 11.698 Thread 0x000002297b758530 Exception <a 'java/lang/NoSuchMethodError'{0x00000000899f5210}: 'void java.lang.invoke.DirectMethodHandle$Holder.invokeVirtual(java.lang.Object, java.lang.Object, long)'> (0x00000000899f5210) 
thrown [s\open\src\hotspot\share\interpreter\linkResolver.cpp, line 759]
Event: 11.808 Thread 0x000002297b758530 Exception <a 'java/lang/NoSuchMethodError'{0x00000000894d25d0}: 'int java.lang.invoke.DirectMethodHandle$Holder.invokeStaticInit(java.lang.Object, java.lang.Object, java.lang.Object, java.lang.Object)'> (0x00000000894d25d0) 
thrown [s\open\src\hotspot\share\interpreter\linkResolver.cpp, line 759]
Event: 12.117 Thread 0x000002297b758530 Exception <a 'java/lang/NoSuchMethodError'{0x00000000886150e8}: 'java.lang.Object java.lang.invoke.DirectMethodHandle$Holder.newInvokeSpecial(java.lang.Object, java.lang.Object, int, java.lang.Object, java.lang.Object)'> (0x00000000886150e8) 
thrown [s\open\src\hotspot\share\interpreter\linkResolver.cpp, line 759]
Event: 12.117 Thread 0x000002297b758530 Exception <a 'java/lang/NoSuchMethodError'{0x0000000088620478}: 'java.lang.Object java.lang.invoke.DirectMethodHandle$Holder.invokeSpecial(java.lang.Object, java.lang.Object, int, java.lang.Object, int, java.lang.Object)'> (0x0000000088620478) 
thrown [s\open\src\hotspot\share\interpreter\linkResolver.cpp, line 759]
Event: 12.118 Thread 0x000002297b758530 Exception <a 'java/lang/NoSuchMethodError'{0x0000000088628498}: 'java.lang.Object java.lang.invoke.DirectMethodHandle$Holder.newInvokeSpecial(java.lang.Object, java.lang.Object, int, java.lang.Object, int)'> (0x0000000088628498) 
thrown [s\open\src\hotspot\share\interpreter\linkResolver.cpp, line 759]
Event: 12.118 Thread 0x000002297b758530 Exception <a 'java/lang/NoSuchMethodError'{0x000000008862c598}: 'java.lang.Object java.lang.invoke.DirectMethodHandle$Holder.invokeSpecial(java.lang.Object, java.lang.Object, java.lang.Object, int, java.lang.Object, int)'> (0x000000008862c598) 
thrown [s\open\src\hotspot\share\interpreter\linkResolver.cpp, line 759]
Event: 153.017 Thread 0x000002297cc5a860 Exception <a 'java/lang/NoSuchMethodError'{0x000000008c687c98}: 'java.lang.Object java.lang.invoke.DirectMethodHandle$Holder.invokeSpecial(java.lang.Object, java.lang.Object, java.lang.Object, java.lang.Object, java.lang.Object, long)'> (0x000000008c687c98) 
thrown [s\open\src\hotspot\share\interpreter\linkResolver.cpp, line 759]
Event: 153.018 Thread 0x000002297cc5a860 Exception <a 'java/lang/NoSuchMethodError'{0x000000008c68b6d8}: 'java.lang.Object java.lang.invoke.Invokers$Holder.linkToTargetMethod(java.lang.Object, java.lang.Object, java.lang.Object, long, java.lang.Object)'> (0x000000008c68b6d8) 
thrown [s\open\src\hotspot\share\interpreter\linkResolver.cpp, line 759]

VM Operations (20 events):
Event: 69.153 Executing VM operation: Cleanup
Event: 69.153 Executing VM operation: Cleanup done
Event: 77.221 Executing VM operation: Cleanup
Event: 77.221 Executing VM operation: Cleanup done
Event: 78.235 Executing VM operation: Cleanup
Event: 78.235 Executing VM operation: Cleanup done
Event: 94.374 Executing VM operation: Cleanup
Event: 94.375 Executing VM operation: Cleanup done
Event: 115.573 Executing VM operation: Cleanup
Event: 115.573 Executing VM operation: Cleanup done
Event: 119.607 Executing VM operation: Cleanup
Event: 119.607 Executing VM operation: Cleanup done
Event: 153.058 Executing VM operation: HandshakeAllThreads
Event: 153.058 Executing VM operation: HandshakeAllThreads done
Event: 153.058 Executing VM operation: Cleanup
Event: 153.058 Executing VM operation: Cleanup done
Event: 153.261 Executing VM operation: HandshakeAllThreads
Event: 153.261 Executing VM operation: HandshakeAllThreads done
Event: 153.357 Executing VM operation: HandshakeAllThreads
Event: 153.357 Executing VM operation: HandshakeAllThreads done

Events (20 events):
Event: 152.940 loading class java/lang/invoke/ConstantBootstraps done
Event: 153.014 Thread 0x000002297cc9d690 Thread added: 0x000002297cc9d690
Event: 153.026 loading class sun/nio/cs/ThreadLocalCoders
Event: 153.026 loading class sun/nio/cs/ThreadLocalCoders done
Event: 153.026 loading class sun/nio/cs/ThreadLocalCoders$1
Event: 153.026 loading class sun/nio/cs/ThreadLocalCoders$Cache
Event: 153.026 loading class sun/nio/cs/ThreadLocalCoders$Cache done
Event: 153.026 loading class sun/nio/cs/ThreadLocalCoders$1 done
Event: 153.026 loading class sun/nio/cs/ThreadLocalCoders$2
Event: 153.027 loading class sun/nio/cs/ThreadLocalCoders$2 done
Event: 153.280 loading class java/time/format/DateTimeFormatterBuilder$ZoneTextPrinterParser
Event: 153.281 loading class java/time/format/DateTimeFormatterBuilder$ZoneTextPrinterParser done
Event: 153.281 loading class java/time/format/DateTimeFormatterBuilder$ReducedPrinterParser
Event: 153.281 loading class java/time/format/DateTimeFormatterBuilder$ReducedPrinterParser done
Event: 153.286 loading class java/io/PushbackInputStream
Event: 153.286 loading class java/io/PushbackInputStream done
Event: 153.309 loading class org/w3c/dom/Node
Event: 153.309 loading class org/w3c/dom/Node done
Event: 153.309 loading class org/w3c/dom/Document
Event: 153.309 loading class org/w3c/dom/Document done


Dynamic libraries:
0x00007ff71b1c0000 - 0x00007ff71b1d0000 	C:\Program Files\Java\jdk-17\bin\java.exe
0x00007ffbc6210000 - 0x00007ffbc6408000 	C:\Windows\SYSTEM32\ntdll.dll
0x00007ffbc5970000 - 0x00007ffbc5a2d000 	C:\Windows\System32\KERNEL32.DLL
0x00007ffbc3c70000 - 0x00007ffbc3f66000 	C:\Windows\System32\KERNELBASE.dll
0x00007ffbc4060000 - 0x00007ffbc4160000 	C:\Windows\System32\ucrtbase.dll
0x00007ffbbf070000 - 0x00007ffbbf089000 	C:\Program Files\Java\jdk-17\bin\jli.dll
0x00007ffbbf090000 - 0x00007ffbbf0ab000 	C:\Program Files\Java\jdk-17\bin\VCRUNTIME140.dll
0x00007ffbc44f0000 - 0x00007ffbc45a0000 	C:\Windows\System32\ADVAPI32.dll
0x00007ffbc5220000 - 0x00007ffbc52be000 	C:\Windows\System32\msvcrt.dll
0x00007ffbc45a0000 - 0x00007ffbc4640000 	C:\Windows\System32\sechost.dll
0x00007ffbc5a30000 - 0x00007ffbc5b53000 	C:\Windows\System32\RPCRT4.dll
0x00007ffbc4160000 - 0x00007ffbc4187000 	C:\Windows\System32\bcrypt.dll
0x00007ffbc4640000 - 0x00007ffbc47df000 	C:\Windows\System32\USER32.dll
0x00007ffbc3930000 - 0x00007ffbc3952000 	C:\Windows\System32\win32u.dll
0x00007ffbc5b60000 - 0x00007ffbc5b8b000 	C:\Windows\System32\GDI32.dll
0x00007ffbc3b50000 - 0x00007ffbc3c67000 	C:\Windows\System32\gdi32full.dll
0x00007ffbc3fc0000 - 0x00007ffbc405d000 	C:\Windows\System32\msvcp_win.dll
0x00007ffbae200000 - 0x00007ffbae49a000 	C:\Windows\WinSxS\amd64_microsoft.windows.common-controls_6595b64144ccf1df_6.0.19041.4355_none_60b8b9eb71f62e16\COMCTL32.dll
0x00007ffbba930000 - 0x00007ffbba93a000 	C:\Windows\SYSTEM32\VERSION.dll
0x00007ffbc50b0000 - 0x00007ffbc50e2000 	C:\Windows\System32\IMM32.DLL
0x00007ffbbf060000 - 0x00007ffbbf06c000 	C:\Program Files\Java\jdk-17\bin\vcruntime140_1.dll
0x00007ffbbd120000 - 0x00007ffbbd1ae000 	C:\Program Files\Java\jdk-17\bin\msvcp140.dll
0x00007ffb8fbf0000 - 0x00007ffb907cf000 	C:\Program Files\Java\jdk-17\bin\server\jvm.dll
0x00007ffbc5040000 - 0x00007ffbc5048000 	C:\Windows\System32\PSAPI.DLL
0x00007ffbadeb0000 - 0x00007ffbaded7000 	C:\Windows\SYSTEM32\WINMM.dll
0x00007ffbac220000 - 0x00007ffbac229000 	C:\Windows\SYSTEM32\WSOCK32.dll
0x00007ffbc51b0000 - 0x00007ffbc521b000 	C:\Windows\System32\WS2_32.dll
0x00007ffbc20d0000 - 0x00007ffbc20e2000 	C:\Windows\SYSTEM32\kernel.appcore.dll
0x00007ffbbf020000 - 0x00007ffbbf02a000 	C:\Program Files\Java\jdk-17\bin\jimage.dll
0x00007ffbc14d0000 - 0x00007ffbc16b4000 	C:\Windows\SYSTEM32\DBGHELP.DLL
0x00007ffb96ee0000 - 0x00007ffb96f14000 	C:\Windows\SYSTEM32\dbgcore.DLL
0x00007ffbc3ac0000 - 0x00007ffbc3b42000 	C:\Windows\System32\bcryptPrimitives.dll
0x00007ffbbf010000 - 0x00007ffbbf01e000 	C:\Program Files\Java\jdk-17\bin\instrument.dll
0x00007ffbbdd20000 - 0x00007ffbbdd45000 	C:\Program Files\Java\jdk-17\bin\java.dll
0x00007ffbbbe70000 - 0x00007ffbbbf47000 	C:\Program Files\Java\jdk-17\bin\jsvml.dll
0x00007ffbc47e0000 - 0x00007ffbc4f4b000 	C:\Windows\System32\SHELL32.dll
0x00007ffbc1920000 - 0x00007ffbc20bd000 	C:\Windows\SYSTEM32\windows.storage.dll
0x00007ffbc5cc0000 - 0x00007ffbc6013000 	C:\Windows\System32\combase.dll
0x00007ffbc32e0000 - 0x00007ffbc330e000 	C:\Windows\SYSTEM32\Wldp.dll
0x00007ffbc5840000 - 0x00007ffbc590d000 	C:\Windows\System32\OLEAUT32.dll
0x00007ffbc4320000 - 0x00007ffbc43cd000 	C:\Windows\System32\SHCORE.dll
0x00007ffbc50f0000 - 0x00007ffbc5145000 	C:\Windows\System32\shlwapi.dll
0x00007ffbc37f0000 - 0x00007ffbc3814000 	C:\Windows\SYSTEM32\profapi.dll
0x00007ffbbcac0000 - 0x00007ffbbcad8000 	C:\Program Files\Java\jdk-17\bin\zip.dll
0x00007ffbbd5c0000 - 0x00007ffbbd5d9000 	C:\Program Files\Java\jdk-17\bin\net.dll
0x00007ffbb2ee0000 - 0x00007ffbb2fea000 	C:\Windows\SYSTEM32\WINHTTP.dll
0x00007ffbc3040000 - 0x00007ffbc30aa000 	C:\Windows\system32\mswsock.dll
0x00007ffbbcae0000 - 0x00007ffbbcaf6000 	C:\Program Files\Java\jdk-17\bin\nio.dll
0x00007ffbbcaa0000 - 0x00007ffbbcaba000 	C:\Program Files\JetBrains\IntelliJ IDEA Community Edition 2024.1.1\bin\breakgen64.dll
0x00007ffbbd5b0000 - 0x00007ffbbd5ba000 	C:\Program Files\Java\jdk-17\bin\management.dll
0x00007ffbbca90000 - 0x00007ffbbca9b000 	C:\Program Files\Java\jdk-17\bin\management_ext.dll
0x00007ffbbca70000 - 0x00007ffbbca80000 	C:\Program Files\Java\jdk-17\bin\verify.dll
0x00007ffbc3240000 - 0x00007ffbc3258000 	C:\Windows\SYSTEM32\CRYPTSP.dll
0x00007ffbc28f0000 - 0x00007ffbc2924000 	C:\Windows\system32\rsaenh.dll
0x00007ffbc37a0000 - 0x00007ffbc37ce000 	C:\Windows\SYSTEM32\USERENV.dll
0x00007ffbc3230000 - 0x00007ffbc323c000 	C:\Windows\SYSTEM32\CRYPTBASE.dll
0x00007ffbc2cd0000 - 0x00007ffbc2d0b000 	C:\Windows\SYSTEM32\IPHLPAPI.DLL
0x00007ffbc4f50000 - 0x00007ffbc4f58000 	C:\Windows\System32\NSI.dll
0x00007ffbb3b10000 - 0x00007ffbb3b27000 	C:\Windows\SYSTEM32\dhcpcsvc6.DLL
0x00007ffbb7470000 - 0x00007ffbb748d000 	C:\Windows\SYSTEM32\dhcpcsvc.DLL
0x00007ffbc2d20000 - 0x00007ffbc2deb000 	C:\Windows\SYSTEM32\DNSAPI.dll
0x00007ffbbca80000 - 0x00007ffbbca8e000 	C:\Program Files\Java\jdk-17\bin\sunmscapi.dll
0x00007ffbc3960000 - 0x00007ffbc3abe000 	C:\Windows\System32\CRYPT32.dll
0x00007ffbc3350000 - 0x00007ffbc3379000 	C:\Windows\SYSTEM32\ncrypt.dll
0x00007ffbc3310000 - 0x00007ffbc334b000 	C:\Windows\SYSTEM32\NTASN1.dll
0x00007ffbbaa30000 - 0x00007ffbbaa3a000 	C:\Windows\System32\rasadhlp.dll
0x00007ffbaf450000 - 0x00007ffbaf4d0000 	C:\Windows\System32\fwpuclnt.dll
0x00007ffb9b000000 - 0x00007ffb9b007000 	C:\Windows\system32\wshunix.dll

dbghelp: loaded successfully - version: 4.0.5 - missing functions: none
symbol engine: initialized successfully - sym options: 0x614 - pdb path: .;C:\Program Files\Java\jdk-17\bin;C:\Windows\SYSTEM32;C:\Windows\WinSxS\amd64_microsoft.windows.common-controls_6595b64144ccf1df_6.0.19041.4355_none_60b8b9eb71f62e16;C:\Program Files\Java\jdk-17\bin\server;C:\Program Files\JetBrains\IntelliJ IDEA Community Edition 2024.1.1\bin

VM Arguments:
jvm_args: -javaagent:C:\Program Files\JetBrains\IntelliJ IDEA Community Edition 2024.1.1\lib\idea_rt.jar=50460:C:\Program Files\JetBrains\IntelliJ IDEA Community Edition 2024.1.1\bin -Dfile.encoding=UTF-8 
java_command: com.ims.app.InventoryManagementSystemApplication
java_class_path (initial): C:\Users\ELITEBOOK\Desktop\SamTech\InventoryManagementSystem\target\classes;C:\Users\ELITEBOOK\.m2\repository\org\springdoc\springdoc-openapi-starter-webmvc-ui\2.0.0\springdoc-openapi-starter-webmvc-ui-2.0.0.jar;C:\Users\ELITEBOOK\.m2\repository\org\springdoc\springdoc-openapi-starter-webmvc-api\2.0.0\springdoc-openapi-starter-webmvc-api-2.0.0.jar;C:\Users\ELITEBOOK\.m2\repository\org\springdoc\springdoc-openapi-starter-common\2.0.0\springdoc-openapi-starter-common-2.0.0.jar;C:\Users\ELITEBOOK\.m2\repository\io\swagger\core\v3\swagger-core-jakarta\2.2.7\swagger-core-jakarta-2.2.7.jar;C:\Users\ELITEBOOK\.m2\repository\io\swagger\core\v3\swagger-annotations-jakarta\2.2.7\swagger-annotations-jakarta-2.2.7.jar;C:\Users\ELITEBOOK\.m2\repository\io\swagger\core\v3\swagger-models-jakarta\2.2.7\swagger-models-jakarta-2.2.7.jar;C:\Users\ELITEBOOK\.m2\repository\com\fasterxml\jackson\dataformat\jackson-dataformat-yaml\2.14.1\jackson-dataformat-yaml-2.14.1.jar;C:\Users\ELITEBOOK\.m2\repository\org\webjars\swagger-ui\4.15.5\swagger-ui-4.15.5.jar;C:\Users\ELITEBOOK\.m2\repository\org\webjars\webjars-locator-core\0.52\webjars-locator-core-0.52.jar;C:\Users\ELITEBOOK\.m2\repository\org\slf4j\slf4j-api\2.0.4\slf4j-api-2.0.4.jar;C:\Users\ELITEBOOK\.m2\repository\io\github\classgraph\classgraph\4.8.149\classgraph-4.8.149.jar;C:\Users\ELITEBOOK\.m2\repository\io\jsonwebtoken\jjwt-api\0.11.5\jjwt-api-0.11.5.jar;C:\Users\ELITEBOOK\.m2\repository\io\jsonwebtoken\jjwt-impl\0.11.5\jjwt-impl-0.11.5.jar;C:\Users\ELITEBOOK\.m2\repository\org\hibernate\validator\hibernate-validator\7.0.1.Final\hibernate-validator-7.0.1.Final.jar;C:\Users\ELITEBOOK\.m2\repository\jakarta\validation\jakarta.validation-api\3.0.2\jakarta.validation-api-3.0.2.jar;C:\Users\ELITEBOOK\.m2\repository\org\jboss\logging\jboss-logging\3.5.0.Final\jboss-logging-3.5.0.Final.jar;C:\Users\ELITEBOOK\.m2\repository\com\fasterxml\classmate\1.5.1\classmate-1.5.1.jar;C:\Users\ELITEBOOK\.m2\repository\i
Launcher Type: SUN_STANDARD

[Global flags]
     intx CICompilerCount                          = 3                                         {product} {ergonomic}
     uint ConcGCThreads                            = 1                                         {product} {ergonomic}
     uint G1ConcRefinementThreads                  = 4                                         {product} {ergonomic}
   size_t G1HeapRegionSize                         = 1048576                                   {product} {ergonomic}
    uintx GCDrainStackTargetSize                   = 64                                        {product} {ergonomic}
   size_t InitialHeapSize                          = 134217728                                 {product} {ergonomic}
   size_t MarkStackSize                            = 4194304                                   {product} {ergonomic}
   size_t MaxHeapSize                              = 2116026368                                {product} {ergonomic}
   size_t MaxNewSize                               = 1268776960                                {product} {ergonomic}
   size_t MinHeapDeltaBytes                        = 1048576                                   {product} {ergonomic}
   size_t MinHeapSize                              = 8388608                                   {product} {ergonomic}
    uintx NonNMethodCodeHeapSize                   = 5832780                                {pd product} {ergonomic}
    uintx NonProfiledCodeHeapSize                  = 122912730                              {pd product} {ergonomic}
    uintx ProfiledCodeHeapSize                     = 122912730                              {pd product} {ergonomic}
    uintx ReservedCodeCacheSize                    = 251658240                              {pd product} {ergonomic}
     bool SegmentedCodeCache                       = true                                      {product} {ergonomic}
   size_t SoftMaxHeapSize                          = 2116026368                             {manageable} {ergonomic}
     bool UseCompressedClassPointers               = true                           {product lp64_product} {ergonomic}
     bool UseCompressedOops                        = true                           {product lp64_product} {ergonomic}
     bool UseG1GC                                  = true                                      {product} {ergonomic}
     bool UseLargePagesIndividualAllocation        = false                                  {pd product} {ergonomic}

Logging:
Log output configuration:
 #0: stdout all=warning uptime,level,tags
 #1: stderr all=off uptime,level,tags

Environment Variables:
PATH=C:\OraHome_1\bin;C:\OraHome_1\jre\1.4.2\bin\client;C:\OraHome_1\jre\1.4.2\bin;C:\DevSuiteHome_1\jdk\jre\bin\classic;C:\DevSuiteHome_1\jdk\jre\bin;C:\DevSuiteHome_1\jdk\jre\bin\client;C:\DevSuiteHome_1\jlib;C:\DevSuiteHome_1\bin;C:\DevSuiteHome_1\jre\1.4.2\bin\client;C:\DevSuiteHome_1\jre\1.4.2\bin;C:\app\ELITEBOOK\product\21c\dbhomeXE\bin;C:\Program Files\Common Files\Oracle\Java\javapath;C:\Program Files (x86)\Common Files\Oracle\Java\javapath;C:\Windows\system32;C:\Windows;C:\Windows\System32\Wbem;C:\Windows\System32\WindowsPowerShell\v1.0\;C:\Windows\System32\OpenSSH\;C:\Program Files (x86)\apache-maven-3.9.6\bin;C:\Program Files (x86)\gradle-8.5\bin;C:\Program Files\PuTTY\;C:\Program Files\Git\cmd;C:\Users\ELITEBOOK\AppData\Local\Programs\Python\Python39\Scripts\;C:\Users\ELITEBOOK\AppData\Local\Programs\Python\Python39\;C:\Users\ELITEBOOK\AppData\Local\Microsoft\WindowsApps;C:\Program Files\JetBrains\IntelliJ IDEA 2023.3.3\bin;;C:\Users\ELITEBOOK\AppData\Local\GitHubDesktop\bin;C:\Users\ELITEBOOK\AppData\Local\Programs\Microsoft VS Code\bin;C:\Program Files\JetBrains\IntelliJ IDEA Community Edition 2024.1.1\bin;;C:\xampp\mysql\bin;
USERNAME=ELITEBOOK
OS=Windows_NT
PROCESSOR_IDENTIFIER=Intel64 Family 6 Model 78 Stepping 3, GenuineIntel



---------------  S Y S T E M  ---------------

OS:
 Windows 10 , 64 bit Build 19041 (10.0.19041.3636)
OS uptime: 0 days 0:56 hours

CPU: total 4 (initial active 4) (2 cores per cpu, 2 threads per core) family 6 model 78 stepping 3 microcode 0xdc, cx8, cmov, fxsr, ht, mmx, 3dnowpref, sse, sse2, sse3, ssse3, sse4.1, sse4.2, popcnt, lzcnt, tsc, tscinvbit, avx, avx2, aes, erms, clmul, bmi1, bmi2, rtm, adx, fma, vzeroupper, clflush, clflushopt

Memory: 4k page, system-wide physical 8067M (1219M free)
TotalPageFile size 10067M (AvailPageFile size 4M)
current process WorkingSet (physical memory assigned to process): 354M, peak: 368M
current process commit charge ("private bytes"): 402M, peak: 425M

vm_info: Java HotSpot(TM) 64-Bit Server VM (17.0.10+11-LTS-240) for windows-amd64 JRE (17.0.10+11-LTS-240), built on Dec 19 2023 21:47:25 by "mach5one" with MS VC++ 17.1 (VS2022)

END.
